2017-12-27 12:48:37 [main] DEBUG o.s.t.w.s.TestDispatcherServlet - Using LocaleResolver [org.springframework.web.servlet.i18n.AcceptHeaderLocaleResolver@3dda8a2e]
2017-12-27 12:48:37 [main] DEBUG o.s.t.w.s.TestDispatcherServlet - Using ThemeResolver [org.springframework.web.servlet.theme.FixedThemeResolver@7c0de229]
2017-12-27 12:48:37 [main] DEBUG o.s.t.w.s.TestDispatcherServlet - Using RequestToViewNameTranslator [org.springframework.web.servlet.view.DefaultRequestToViewNameTranslator@6aa6c17]
2017-12-27 12:48:37 [main] DEBUG o.s.t.w.s.TestDispatcherServlet - Using FlashMapManager [org.springframework.web.servlet.support.SessionFlashMapManager@4756e5cc]
2017-12-27 12:48:37 [main] DEBUG o.s.t.w.s.TestDispatcherServlet - Published WebApplicationContext of servlet '' as ServletContext attribute with name [org.springframework.web.servlet.FrameworkServlet.CONTEXT.]
2017-12-27 12:48:37 [main] INFO  o.s.t.w.s.TestDispatcherServlet - FrameworkServlet '': initialization completed in 22 ms
2017-12-27 12:48:37 [main] DEBUG o.s.t.w.s.TestDispatcherServlet - Servlet '' configured successfully
2017-12-27 12:48:37 [main] DEBUG o.s.t.w.s.TestDispatcherServlet - DispatcherServlet with name '' processing POST request for [/api/authenticate]
2017-12-27 12:48:37 [main] DEBUG o.s.t.w.s.s.StandaloneMockMvcBuilder$StaticRequestMappingHandlerMapping - Looking up handler method for path /api/authenticate
2017-12-27 12:48:37 [main] DEBUG o.s.t.w.s.s.StandaloneMockMvcBuilder$StaticRequestMappingHandlerMapping - Returning handler method [public org.springframework.http.ResponseEntity<com.stackroute.activitystream.model.User> com.stackroute.activitystream.controller.UserAuthController.validate(com.stackroute.activitystream.model.User,javax.servlet.http.HttpSession)]
2017-12-27 12:48:37 [main] DEBUG o.s.w.s.m.m.a.RequestResponseBodyMethodProcessor - Read [class com.stackroute.activitystream.model.User] as "application/json" with [org.springframework.http.converter.json.MappingJackson2HttpMessageConverter@2e349cf2]
2017-12-27 12:48:37 [main] DEBUG o.s.core.annotation.AnnotationUtils - Failed to meta-introspect annotation [interface org.springframework.web.bind.annotation.RequestBody]: java.lang.IllegalArgumentException: Annotation must not be null
2017-12-27 12:48:37 [main] DEBUG o.s.w.s.m.m.a.HttpEntityMethodProcessor - Written [com.stackroute.activitystream.model.User@3dbb3fb7] as "application/json" using [org.springframework.http.converter.json.MappingJackson2HttpMessageConverter@2e349cf2]
2017-12-27 12:48:37 [main] DEBUG o.s.t.w.s.TestDispatcherServlet - Null ModelAndView returned to DispatcherServlet with name '': assuming HandlerAdapter completed request handling
2017-12-27 12:48:37 [main] DEBUG o.s.t.w.s.TestDispatcherServlet - Successfully completed request
2017-12-27 12:48:37 [main] DEBUG c.j.j.internal.path.CompiledPath - Evaluating path: $['username']
2017-12-27 12:48:37 [main] DEBUG c.j.j.internal.path.CompiledPath - Evaluating path: $['password']
2017-12-27 12:48:37 [main] DEBUG o.s.t.w.s.TestDispatcherServlet - DispatcherServlet with name '' processing PUT request for [/api/logout]
2017-12-27 12:48:37 [main] DEBUG o.s.t.w.s.s.StandaloneMockMvcBuilder$StaticRequestMappingHandlerMapping - Looking up handler method for path /api/logout
2017-12-27 12:48:37 [main] DEBUG o.s.t.w.s.s.StandaloneMockMvcBuilder$StaticRequestMappingHandlerMapping - Returning handler method [public org.springframework.http.ResponseEntity<com.stackroute.activitystream.model.User> com.stackroute.activitystream.controller.UserAuthController.logout(javax.servlet.http.HttpSession)]
2017-12-27 12:48:37 [main] DEBUG o.s.t.w.s.TestDispatcherServlet - Null ModelAndView returned to DispatcherServlet with name '': assuming HandlerAdapter completed request handling
2017-12-27 12:48:37 [main] DEBUG o.s.t.w.s.TestDispatcherServlet - Successfully completed request
2017-12-27 12:48:37 [main] DEBUG o.s.t.c.s.AbstractDirtiesContextTestExecutionListener - After test method: context [DefaultTestContext@984de01 testClass = UserAuthControllerTest, testInstance = com.stackroute.activitystream.test.UserAuthControllerTest@20dd5870, testMethod = testLogout@UserAuthControllerTest, testException = [null], mergedContextConfiguration = [WebMergedContextConfiguration@58cda03f testClass = UserAuthControllerTest, locations = '{}', classes = '{class com.stackroute.activitystream.config.ApplicationContextConfig}', contextInitializerClasses = '[]', activeProfiles = '{}', propertySourceLocations = '{}', propertySourceProperties = '{}', contextCustomizers = set[org.springframework.test.context.web.socket.MockServerContainerContextCustomizer@166fa74d], resourceBasePath = 'src/main/webapp', contextLoader = 'org.springframework.test.context.web.WebDelegatingSmartContextLoader', parent = [null]]], class annotated with @DirtiesContext [false] with mode [null], method annotated with @DirtiesContext [false] with mode [null].
2017-12-27 12:48:37 [main] DEBUG o.s.t.c.w.ServletTestExecutionListener - Resetting RequestContextHolder for test context [DefaultTestContext@984de01 testClass = UserAuthControllerTest, testInstance = com.stackroute.activitystream.test.UserAuthControllerTest@20dd5870, testMethod = testLogout@UserAuthControllerTest, testException = [null], mergedContextConfiguration = [WebMergedContextConfiguration@58cda03f testClass = UserAuthControllerTest, locations = '{}', classes = '{class com.stackroute.activitystream.config.ApplicationContextConfig}', contextInitializerClasses = '[]', activeProfiles = '{}', propertySourceLocations = '{}', propertySourceProperties = '{}', contextCustomizers = set[org.springframework.test.context.web.socket.MockServerContainerContextCustomizer@166fa74d], resourceBasePath = 'src/main/webapp', contextLoader = 'org.springframework.test.context.web.WebDelegatingSmartContextLoader', parent = [null]]].
2017-12-27 12:48:37 [main] DEBUG o.s.t.c.s.AbstractDirtiesContextTestExecutionListener - After test class: context [DefaultTestContext@984de01 testClass = UserAuthControllerTest, testInstance = [null], testMethod = [null], testException = [null], mergedContextConfiguration = [WebMergedContextConfiguration@58cda03f testClass = UserAuthControllerTest, locations = '{}', classes = '{class com.stackroute.activitystream.config.ApplicationContextConfig}', contextInitializerClasses = '[]', activeProfiles = '{}', propertySourceLocations = '{}', propertySourceProperties = '{}', contextCustomizers = set[org.springframework.test.context.web.socket.MockServerContainerContextCustomizer@166fa74d], resourceBasePath = 'src/main/webapp', contextLoader = 'org.springframework.test.context.web.WebDelegatingSmartContextLoader', parent = [null]]], class annotated with @DirtiesContext [false] with mode [null].
2017-12-27 12:48:37 [Thread-1] INFO  o.s.w.c.s.GenericWebApplicationContext - Closing org.springframework.web.context.support.GenericWebApplicationContext@47542153: startup date [Wed Dec 27 12:48:16 IST 2017]; root of context hierarchy
2017-12-27 12:48:37 [Thread-1] DEBUG o.s.b.f.s.DefaultListableBeanFactory - Returning cached instance of singleton bean 'lifecycleProcessor'
2017-12-27 12:48:37 [Thread-1] DEBUG o.s.b.f.s.DefaultListableBeanFactory - Destroying singletons in org.springframework.beans.factory.support.DefaultListableBeanFactory@7d8995e: defining beans [org.springframework.context.annotation.internalConfigurationAnnotationProcessor,org.springframework.context.annotation.internalAutowiredAnnotationProcessor,org.springframework.context.annotation.internalRequiredAnnotationProcessor,org.springframework.context.annotation.internalCommonAnnotationProcessor,org.springframework.context.annotation.internalPersistenceAnnotationProcessor,org.springframework.context.event.internalEventListenerProcessor,org.springframework.context.event.internalEventListenerFactory,applicationContextConfig,circleController,messageController,userAuthController,userCircleController,userController,circleDAO,messageDAO,userCircleDAO,userDAO,circle,message,user,userCircle,userTag,org.springframework.web.servlet.config.annotation.DelegatingWebMvcConfiguration,requestMappingHandlerMapping,mvcPathMatcher,mvcUrlPathHelper,mvcContentNegotiationManager,viewControllerHandlerMapping,beanNameHandlerMapping,resourceHandlerMapping,mvcResourceUrlProvider,defaultServletHandlerMapping,requestMappingHandlerAdapter,mvcConversionService,mvcValidator,mvcUriComponentsContributor,httpRequestHandlerAdapter,simpleControllerHandlerAdapter,handlerExceptionResolver,mvcViewResolver,org.springframework.transaction.annotation.ProxyTransactionManagementConfiguration,org.springframework.transaction.config.internalTransactionAdvisor,transactionAttributeSource,transactionInterceptor,org.springframework.transaction.config.internalTransactionalEventListenerFactory,dataSource,sessionFactory,transactionManager,daoLoggingAspect,loggingAspect,org.springframework.aop.config.internalAutoProxyCreator]; root of factory hierarchy
2017-12-27 12:48:37 [Thread-1] DEBUG o.s.b.f.s.DefaultListableBeanFactory - Retrieved dependent beans for bean 'mvcResourceUrlProvider': [requestMappingHandlerMapping]
2017-12-27 12:48:37 [Thread-1] DEBUG o.s.b.f.s.DefaultListableBeanFactory - Retrieved dependent beans for bean 'sessionFactory': [circleDAO, userDAO, messageDAO, userCircleDAO, transactionManager, com.stackroute.activitystream.test.UserTest, com.stackroute.activitystream.test.UserAuthTest]
2017-12-27 12:48:37 [Thread-1] DEBUG o.s.b.f.s.DefaultListableBeanFactory - Retrieved dependent beans for bean 'circleDAO': [circleDAO, circleController, messageDAO, userCircleDAO, userCircleController, com.stackroute.activitystream.test.MessageTest, com.stackroute.activitystream.test.UserCircleTest, com.stackroute.activitystream.test.CircleTest]
2017-12-27 12:48:37 [Thread-1] DEBUG o.s.b.f.s.DefaultListableBeanFactory - Retrieved dependent beans for bean 'messageDAO': [messageController, com.stackroute.activitystream.test.MessageTest]
2017-12-27 12:48:37 [Thread-1] DEBUG o.s.b.f.s.DefaultListableBeanFactory - Retrieved dependent beans for bean 'userCircleDAO': [userCircleController, com.stackroute.activitystream.test.UserCircleTest]
2017-12-27 12:48:37 [Thread-1] DEBUG o.s.b.f.s.DefaultListableBeanFactory - Retrieved dependent beans for bean 'userDAO': [userAuthController, userController, com.stackroute.activitystream.test.UserTest, com.stackroute.activitystream.test.UserAuthTest]
2017-12-27 12:48:37 [Thread-1] DEBUG o.s.b.f.s.DisposableBeanAdapter - Invoking destroy method 'close' on bean with name 'sessionFactory'
2017-12-27 12:48:37 [Thread-1] DEBUG o.h.internal.SessionFactoryImpl - HHH000031: Closing
2017-12-27 12:48:37 [Thread-1] DEBUG o.h.s.i.AbstractServiceRegistryImpl - Implicitly destroying ServiceRegistry on de-registration of all child ServiceRegistries
2017-12-27 12:48:37 [Thread-1] DEBUG o.h.b.r.i.BootstrapServiceRegistryImpl - Implicitly destroying Boot-strap registry on de-registration of all child ServiceRegistries
2017-12-27 12:48:37 [Thread-1] DEBUG o.s.b.f.s.DisposableBeanAdapter - Invoking destroy method 'close' on bean with name 'dataSource'
2017-12-27 12:50:50 [main] DEBUG o.s.t.c.j.SpringJUnit4ClassRunner - SpringJUnit4ClassRunner constructor called with [class com.stackroute.activitystream.test.CircleControllerTest]
2017-12-27 12:50:50 [main] DEBUG o.s.test.context.BootstrapUtils - Instantiating CacheAwareContextLoaderDelegate from class [org.springframework.test.context.cache.DefaultCacheAwareContextLoaderDelegate]
2017-12-27 12:50:50 [main] DEBUG o.s.test.context.BootstrapUtils - Instantiating BootstrapContext using constructor [public org.springframework.test.context.support.DefaultBootstrapContext(java.lang.Class,org.springframework.test.context.CacheAwareContextLoaderDelegate)]
2017-12-27 12:50:50 [main] DEBUG o.s.test.context.BootstrapUtils - Instantiating TestContextBootstrapper for test class [com.stackroute.activitystream.test.CircleControllerTest] from class [org.springframework.test.context.web.WebTestContextBootstrapper]
2017-12-27 12:50:50 [main] DEBUG o.s.t.c.s.AbstractDelegatingSmartContextLoader - Delegating to AnnotationConfigWebContextLoader to process context configuration [ContextConfigurationAttributes@6fdbe764 declaringClass = 'com.stackroute.activitystream.test.CircleControllerTest', classes = '{class com.stackroute.activitystream.config.ApplicationContextConfig}', locations = '{}', inheritLocations = true, initializers = '{}', inheritInitializers = true, name = [null], contextLoaderClass = 'org.springframework.test.context.ContextLoader'].
2017-12-27 12:50:50 [main] DEBUG o.s.t.c.support.ActiveProfilesUtils - Could not find an 'annotation declaring class' for annotation type [org.springframework.test.context.ActiveProfiles] and class [com.stackroute.activitystream.test.CircleControllerTest]
2017-12-27 12:50:50 [main] DEBUG o.s.t.c.w.WebTestContextBootstrapper - @TestExecutionListeners is not present for class [com.stackroute.activitystream.test.CircleControllerTest]: using defaults.
2017-12-27 12:50:50 [main] INFO  o.s.t.c.w.WebTestContextBootstrapper - Loaded default TestExecutionListener class names from location [META-INF/spring.factories]: [org.springframework.test.context.web.ServletTestExecutionListener, org.springframework.test.context.support.DirtiesContextBeforeModesTestExecutionListener, org.springframework.test.context.support.DependencyInjectionTestExecutionListener, org.springframework.test.context.support.DirtiesContextTestExecutionListener, org.springframework.test.context.transaction.TransactionalTestExecutionListener, org.springframework.test.context.jdbc.SqlScriptsTestExecutionListener]
2017-12-27 12:50:50 [main] INFO  o.s.t.c.w.WebTestContextBootstrapper - Using TestExecutionListeners: [org.springframework.test.context.web.ServletTestExecutionListener@792b749c, org.springframework.test.context.support.DirtiesContextBeforeModesTestExecutionListener@23e84203, org.springframework.test.context.support.DependencyInjectionTestExecutionListener@19932c16, org.springframework.test.context.support.DirtiesContextTestExecutionListener@73eb439a, org.springframework.test.context.transaction.TransactionalTestExecutionListener@514646ef, org.springframework.test.context.jdbc.SqlScriptsTestExecutionListener@305ffe9e]
2017-12-27 12:50:50 [main] DEBUG o.s.t.annotation.ProfileValueUtils - Retrieved @ProfileValueSourceConfiguration [null] for test class [com.stackroute.activitystream.test.CircleControllerTest]
2017-12-27 12:50:50 [main] DEBUG o.s.t.annotation.ProfileValueUtils - Retrieved ProfileValueSource type [class org.springframework.test.annotation.SystemProfileValueSource] for class [com.stackroute.activitystream.test.CircleControllerTest]
2017-12-27 12:50:50 [main] DEBUG o.s.t.c.j.SpringJUnit4ClassRunner - SpringJUnit4ClassRunner constructor called with [class com.stackroute.activitystream.test.MessageControllerTest]
2017-12-27 12:50:50 [main] DEBUG o.s.test.context.BootstrapUtils - Instantiating CacheAwareContextLoaderDelegate from class [org.springframework.test.context.cache.DefaultCacheAwareContextLoaderDelegate]
2017-12-27 12:50:50 [main] DEBUG o.s.test.context.BootstrapUtils - Instantiating BootstrapContext using constructor [public org.springframework.test.context.support.DefaultBootstrapContext(java.lang.Class,org.springframework.test.context.CacheAwareContextLoaderDelegate)]
2017-12-27 12:50:50 [main] DEBUG o.s.test.context.BootstrapUtils - Instantiating TestContextBootstrapper for test class [com.stackroute.activitystream.test.MessageControllerTest] from class [org.springframework.test.context.web.WebTestContextBootstrapper]
