2018-01-07 18:27:38 [main] DEBUG o.s.a.a.a.AnnotationAwareAspectJAutoProxyCreator - Creating implicit proxy for bean 'com.stackroute.activitystream.test.MessageTest' with 0 common interceptors and 1 specific interceptors
2018-01-07 18:27:38 [main] DEBUG o.s.aop.framework.CglibAopProxy - Creating CGLIB proxy: target source is SingletonTargetSource for target object [com.stackroute.activitystream.test.MessageTest@5a8b42a3]
2018-01-07 18:27:38 [main] DEBUG o.s.aop.framework.CglibAopProxy - Unable to apply any optimizations to advised method: public void com.stackroute.activitystream.test.MessageTest.setup()
2018-01-07 18:27:38 [main] DEBUG o.s.t.a.AnnotationTransactionAttributeSource - Adding transactional method 'com.stackroute.activitystream.test.MessageTest.teardown' with attribute: PROPAGATION_REQUIRED,ISOLATION_DEFAULT
2018-01-07 18:27:38 [main] DEBUG o.s.aop.framework.CglibAopProxy - Unable to apply any optimizations to advised method: public void com.stackroute.activitystream.test.MessageTest.teardown()
2018-01-07 18:27:38 [main] DEBUG o.s.t.a.AnnotationTransactionAttributeSource - Adding transactional method 'com.stackroute.activitystream.test.MessageTest.testSendMessageToUser' with attribute: PROPAGATION_REQUIRED,ISOLATION_DEFAULT
2018-01-07 18:27:38 [main] DEBUG o.s.aop.framework.CglibAopProxy - Unable to apply any optimizations to advised method: public void com.stackroute.activitystream.test.MessageTest.testSendMessageToUser()
2018-01-07 18:27:38 [main] DEBUG o.s.t.a.AnnotationTransactionAttributeSource - Adding transactional method 'com.stackroute.activitystream.test.MessageTest.testSendMessageToCircle' with attribute: PROPAGATION_REQUIRED,ISOLATION_DEFAULT
2018-01-07 18:27:38 [main] DEBUG o.s.aop.framework.CglibAopProxy - Unable to apply any optimizations to advised method: public void com.stackroute.activitystream.test.MessageTest.testSendMessageToCircle()
2018-01-07 18:27:38 [main] DEBUG o.s.t.a.AnnotationTransactionAttributeSource - Adding transactional method 'com.stackroute.activitystream.test.MessageTest.testSendMessageToCircleInvalidCircleFailure' with attribute: PROPAGATION_REQUIRED,ISOLATION_DEFAULT
2018-01-07 18:27:38 [main] DEBUG o.s.aop.framework.CglibAopProxy - Unable to apply any optimizations to advised method: public void com.stackroute.activitystream.test.MessageTest.testSendMessageToCircleInvalidCircleFailure()
2018-01-07 18:27:38 [main] DEBUG o.s.t.a.AnnotationTransactionAttributeSource - Adding transactional method 'com.stackroute.activitystream.test.MessageTest.testSendMessageToInvalidSenderFailure' with attribute: PROPAGATION_REQUIRED,ISOLATION_DEFAULT
2018-01-07 18:27:38 [main] DEBUG o.s.aop.framework.CglibAopProxy - Unable to apply any optimizations to advised method: public void com.stackroute.activitystream.test.MessageTest.testSendMessageToInvalidSenderFailure()
2018-01-07 18:27:38 [main] DEBUG o.s.t.a.AnnotationTransactionAttributeSource - Adding transactional method 'com.stackroute.activitystream.test.MessageTest.testSendMessageToInvalidReceiverFailure' with attribute: PROPAGATION_REQUIRED,ISOLATION_DEFAULT
2018-01-07 18:27:38 [main] DEBUG o.s.aop.framework.CglibAopProxy - Unable to apply any optimizations to advised method: public void com.stackroute.activitystream.test.MessageTest.testSendMessageToInvalidReceiverFailure()
2018-01-07 18:27:38 [main] DEBUG o.s.t.a.AnnotationTransactionAttributeSource - Adding transactional method 'com.stackroute.activitystream.test.MessageTest.testSendMessageToCircleInvalidSenderFailure' with attribute: PROPAGATION_REQUIRED,ISOLATION_DEFAULT
2018-01-07 18:27:38 [main] DEBUG o.s.aop.framework.CglibAopProxy - Unable to apply any optimizations to advised method: public void com.stackroute.activitystream.test.MessageTest.testSendMessageToCircleInvalidSenderFailure()
2018-01-07 18:27:38 [main] DEBUG o.s.aop.framework.CglibAopProxy - Found 'equals' method: public boolean java.lang.Object.equals(java.lang.Object)
2018-01-07 18:27:38 [main] DEBUG o.s.aop.framework.CglibAopProxy - Unable to apply any optimizations to advised method: public java.lang.String java.lang.Object.toString()
2018-01-07 18:27:38 [main] DEBUG o.s.aop.framework.CglibAopProxy - Found 'hashCode' method: public native int java.lang.Object.hashCode()
2018-01-07 18:27:38 [main] DEBUG o.s.aop.framework.CglibAopProxy - Unable to apply any optimizations to advised method: protected native java.lang.Object java.lang.Object.clone() throws java.lang.CloneNotSupportedException
2018-01-07 18:27:38 [main] DEBUG o.s.aop.framework.CglibAopProxy - Method is declared on Advised interface: public abstract int org.springframework.aop.framework.Advised.indexOf(org.springframework.aop.Advisor)
2018-01-07 18:27:38 [main] DEBUG o.s.aop.framework.CglibAopProxy - Method is declared on Advised interface: public abstract int org.springframework.aop.framework.Advised.indexOf(org.aopalliance.aop.Advice)
2018-01-07 18:27:38 [main] DEBUG o.s.aop.framework.CglibAopProxy - Method is declared on Advised interface: public abstract boolean org.springframework.aop.framework.Advised.isFrozen()
2018-01-07 18:27:38 [main] DEBUG o.s.aop.framework.CglibAopProxy - Method is declared on Advised interface: public abstract org.springframework.aop.Advisor[] org.springframework.aop.framework.Advised.getAdvisors()
2018-01-07 18:27:38 [main] DEBUG o.s.aop.framework.CglibAopProxy - Method is declared on Advised interface: public abstract void org.springframework.aop.framework.Advised.setTargetSource(org.springframework.aop.TargetSource)
2018-01-07 18:27:38 [main] DEBUG o.s.aop.framework.CglibAopProxy - Method is declared on Advised interface: public abstract boolean org.springframework.aop.framework.Advised.removeAdvice(org.aopalliance.aop.Advice)
2018-01-07 18:27:38 [main] DEBUG o.s.aop.framework.CglibAopProxy - Method is declared on Advised interface: public abstract boolean org.springframework.aop.framework.Advised.isPreFiltered()
2018-01-07 18:27:38 [main] DEBUG o.s.aop.framework.CglibAopProxy - Method is declared on Advised interface: public abstract boolean org.springframework.aop.framework.Advised.removeAdvisor(org.springframework.aop.Advisor)
2018-01-07 18:27:38 [main] DEBUG o.s.aop.framework.CglibAopProxy - Method is declared on Advised interface: public abstract void org.springframework.aop.framework.Advised.removeAdvisor(int) throws org.springframework.aop.framework.AopConfigException
2018-01-07 18:27:38 [main] DEBUG o.s.aop.framework.CglibAopProxy - Method is declared on Advised interface: public abstract boolean org.springframework.aop.framework.Advised.replaceAdvisor(org.springframework.aop.Advisor,org.springframework.aop.Advisor) throws org.springframework.aop.framework.AopConfigException
2018-01-07 18:27:38 [main] DEBUG o.s.aop.framework.CglibAopProxy - Method is declared on Advised interface: public abstract void org.springframework.aop.framework.Advised.addAdvisor(org.springframework.aop.Advisor) throws org.springframework.aop.framework.AopConfigException
2018-01-07 18:27:38 [main] DEBUG o.s.aop.framework.CglibAopProxy - Method is declared on Advised interface: public abstract void org.springframework.aop.framework.Advised.addAdvisor(int,org.springframework.aop.Advisor) throws org.springframework.aop.framework.AopConfigException
2018-01-07 18:27:38 [main] DEBUG o.s.aop.framework.CglibAopProxy - Method is declared on Advised interface: public abstract void org.springframework.aop.framework.Advised.addAdvice(int,org.aopalliance.aop.Advice) throws org.springframework.aop.framework.AopConfigException
2018-01-07 18:27:38 [main] DEBUG o.s.aop.framework.CglibAopProxy - Method is declared on Advised interface: public abstract void org.springframework.aop.framework.Advised.addAdvice(org.aopalliance.aop.Advice) throws org.springframework.aop.framework.AopConfigException
2018-01-07 18:27:38 [main] DEBUG o.s.aop.framework.CglibAopProxy - Method is declared on Advised interface: public abstract boolean org.springframework.aop.framework.Advised.isProxyTargetClass()
2018-01-07 18:27:38 [main] DEBUG o.s.aop.framework.CglibAopProxy - Method is declared on Advised interface: public abstract java.lang.Class[] org.springframework.aop.framework.Advised.getProxiedInterfaces()
2018-01-07 18:27:38 [main] DEBUG o.s.aop.framework.CglibAopProxy - Method is declared on Advised interface: public abstract boolean org.springframework.aop.framework.Advised.isInterfaceProxied(java.lang.Class)
2018-01-07 18:27:38 [main] DEBUG o.s.aop.framework.CglibAopProxy - Method is declared on Advised interface: public abstract java.lang.String org.springframework.aop.framework.Advised.toProxyConfigString()
2018-01-07 18:27:38 [main] DEBUG o.s.aop.framework.CglibAopProxy - Method is declared on Advised interface: public abstract void org.springframework.aop.framework.Advised.setExposeProxy(boolean)
2018-01-07 18:27:38 [main] DEBUG o.s.aop.framework.CglibAopProxy - Method is declared on Advised interface: public abstract boolean org.springframework.aop.framework.Advised.isExposeProxy()
2018-01-07 18:27:38 [main] DEBUG o.s.aop.framework.CglibAopProxy - Method is declared on Advised interface: public abstract org.springframework.aop.TargetSource org.springframework.aop.framework.Advised.getTargetSource()
2018-01-07 18:27:38 [main] DEBUG o.s.aop.framework.CglibAopProxy - Method is declared on Advised interface: public abstract void org.springframework.aop.framework.Advised.setPreFiltered(boolean)
2018-01-07 18:27:38 [main] DEBUG o.s.aop.framework.CglibAopProxy - Method is declared on Advised interface: public abstract java.lang.Class org.springframework.aop.TargetClassAware.getTargetClass()
2018-01-07 18:27:38 [main] DEBUG o.s.t.c.s.AbstractDirtiesContextTestExecutionListener - Before test method: context [DefaultTestContext@6fa7ce4 testClass = MessageTest, testInstance = com.stackroute.activitystream.test.MessageTest@5a8b42a3, testMethod = testSendMessageToCircle@MessageTest, testException = [null], mergedContextConfiguration = [WebMergedContextConfiguration@351e86b2 testClass = MessageTest, locations = '{}', classes = '{class com.stackroute.activitystream.config.ApplicationContextConfig}', contextInitializerClasses = '[]', activeProfiles = '{}', propertySourceLocations = '{}', propertySourceProperties = '{}', contextCustomizers = set[org.springframework.test.context.web.socket.MockServerContainerContextCustomizer@76a4ebf2], resourceBasePath = 'src/main/webapp', contextLoader = 'org.springframework.test.context.web.WebDelegatingSmartContextLoader', parent = [null]]], class annotated with @DirtiesContext [false] with mode [null], method annotated with @DirtiesContext [false] with mode [null].
2018-01-07 18:27:38 [main] DEBUG o.s.t.a.AnnotationTransactionAttributeSource - Adding transactional method 'com.stackroute.activitystream.test.MessageTest.testSendMessageToCircle' with attribute: PROPAGATION_REQUIRED,ISOLATION_DEFAULT
2018-01-07 18:27:38 [main] DEBUG o.s.t.c.t.TransactionalTestExecutionListener - Explicit transaction definition [PROPAGATION_REQUIRED,ISOLATION_DEFAULT] found for test context [DefaultTestContext@6fa7ce4 testClass = MessageTest, testInstance = com.stackroute.activitystream.test.MessageTest@5a8b42a3, testMethod = testSendMessageToCircle@MessageTest, testException = [null], mergedContextConfiguration = [WebMergedContextConfiguration@351e86b2 testClass = MessageTest, locations = '{}', classes = '{class com.stackroute.activitystream.config.ApplicationContextConfig}', contextInitializerClasses = '[]', activeProfiles = '{}', propertySourceLocations = '{}', propertySourceProperties = '{}', contextCustomizers = set[org.springframework.test.context.web.socket.MockServerContainerContextCustomizer@76a4ebf2], resourceBasePath = 'src/main/webapp', contextLoader = 'org.springframework.test.context.web.WebDelegatingSmartContextLoader', parent = [null]]]
2018-01-07 18:27:38 [main] DEBUG o.s.t.c.t.TransactionalTestExecutionListener - Retrieved @TransactionConfiguration [null] for test class [com.stackroute.activitystream.test.MessageTest].
2018-01-07 18:27:38 [main] DEBUG o.s.t.c.t.TransactionalTestExecutionListener - Using TransactionConfigurationAttributes [TransactionConfigurationAttributes@7d4da729 transactionManagerName = '', defaultRollback = true] for test class [com.stackroute.activitystream.test.MessageTest].
2018-01-07 18:27:38 [main] DEBUG o.s.t.c.c.DefaultCacheAwareContextLoaderDelegate - Retrieved ApplicationContext from cache with key [[WebMergedContextConfiguration@351e86b2 testClass = MessageTest, locations = '{}', classes = '{class com.stackroute.activitystream.config.ApplicationContextConfig}', contextInitializerClasses = '[]', activeProfiles = '{}', propertySourceLocations = '{}', propertySourceProperties = '{}', contextCustomizers = set[org.springframework.test.context.web.socket.MockServerContainerContextCustomizer@76a4ebf2], resourceBasePath = 'src/main/webapp', contextLoader = 'org.springframework.test.context.web.WebDelegatingSmartContextLoader', parent = [null]]]
2018-01-07 18:27:38 [main] DEBUG o.springframework.test.context.cache - Spring test ApplicationContext cache statistics: [DefaultContextCache@4f235e8e size = 1, maxSize = 32, parentContextCount = 0, hitCount = 68, missCount = 1]
2018-01-07 18:27:38 [main] DEBUG o.s.b.f.s.DefaultListableBeanFactory - Returning cached instance of singleton bean 'transactionManager'
2018-01-07 18:27:38 [main] DEBUG o.s.t.c.t.TransactionalTestExecutionListener - No method-level @Rollback override: using default rollback [true] for test context [DefaultTestContext@6fa7ce4 testClass = MessageTest, testInstance = com.stackroute.activitystream.test.MessageTest@5a8b42a3, testMethod = testSendMessageToCircle@MessageTest, testException = [null], mergedContextConfiguration = [WebMergedContextConfiguration@351e86b2 testClass = MessageTest, locations = '{}', classes = '{class com.stackroute.activitystream.config.ApplicationContextConfig}', contextInitializerClasses = '[]', activeProfiles = '{}', propertySourceLocations = '{}', propertySourceProperties = '{}', contextCustomizers = set[org.springframework.test.context.web.socket.MockServerContainerContextCustomizer@76a4ebf2], resourceBasePath = 'src/main/webapp', contextLoader = 'org.springframework.test.context.web.WebDelegatingSmartContextLoader', parent = [null]]].
2018-01-07 18:27:38 [main] DEBUG o.s.o.h.HibernateTransactionManager - Creating new transaction with name [com.stackroute.activitystream.test.MessageTest.testSendMessageToCircle]: PROPAGATION_REQUIRED,ISOLATION_DEFAULT
2018-01-07 18:27:38 [main] DEBUG o.s.o.h.HibernateTransactionManager - Opened new Session [SessionImpl(PersistenceContext[entityKeys=[],collectionKeys=[]];ActionQueue[insertions=ExecutableList{size=0} updates=ExecutableList{size=0} deletions=ExecutableList{size=0} orphanRemovals=ExecutableList{size=0} collectionCreations=ExecutableList{size=0} collectionRemovals=ExecutableList{size=0} collectionUpdates=ExecutableList{size=0} collectionQueuedOps=ExecutableList{size=0} unresolvedInsertDependencies=null])] for Hibernate transaction
2018-01-07 18:27:38 [main] DEBUG o.s.o.h.HibernateTransactionManager - Preparing JDBC Connection of Hibernate Session [SessionImpl(PersistenceContext[entityKeys=[],collectionKeys=[]];ActionQueue[insertions=ExecutableList{size=0} updates=ExecutableList{size=0} deletions=ExecutableList{size=0} orphanRemovals=ExecutableList{size=0} collectionCreations=ExecutableList{size=0} collectionRemovals=ExecutableList{size=0} collectionUpdates=ExecutableList{size=0} collectionQueuedOps=ExecutableList{size=0} unresolvedInsertDependencies=null])]
2018-01-07 18:27:38 [main] DEBUG o.s.o.h.HibernateTransactionManager - Exposing Hibernate transaction as JDBC transaction [1514901029, URL=jdbc:mysql://localhost:3306/activitystream_step3, UserName=root@localhost, MySQL Connector Java]
2018-01-07 18:27:38 [main] INFO  o.s.t.c.t.TransactionContext - Began transaction (1) for test context [DefaultTestContext@6fa7ce4 testClass = MessageTest, testInstance = com.stackroute.activitystream.test.MessageTest@5a8b42a3, testMethod = testSendMessageToCircle@MessageTest, testException = [null], mergedContextConfiguration = [WebMergedContextConfiguration@351e86b2 testClass = MessageTest, locations = '{}', classes = '{class com.stackroute.activitystream.config.ApplicationContextConfig}', contextInitializerClasses = '[]', activeProfiles = '{}', propertySourceLocations = '{}', propertySourceProperties = '{}', contextCustomizers = set[org.springframework.test.context.web.socket.MockServerContainerContextCustomizer@76a4ebf2], resourceBasePath = 'src/main/webapp', contextLoader = 'org.springframework.test.context.web.WebDelegatingSmartContextLoader', parent = [null]]]; transaction manager [org.springframework.orm.hibernate5.HibernateTransactionManager@58164e9a]; rollback [true]
2018-01-07 18:27:38 [main] DEBUG o.s.b.f.s.DefaultListableBeanFactory - Returning cached instance of singleton bean 'transactionManager'
2018-01-07 18:27:38 [main] DEBUG o.s.o.h.HibernateTransactionManager - Found thread-bound Session [SessionImpl(PersistenceContext[entityKeys=[],collectionKeys=[]];ActionQueue[insertions=ExecutableList{size=0} updates=ExecutableList{size=0} deletions=ExecutableList{size=0} orphanRemovals=ExecutableList{size=0} collectionCreations=ExecutableList{size=0} collectionRemovals=ExecutableList{size=0} collectionUpdates=ExecutableList{size=0} collectionQueuedOps=ExecutableList{size=0} unresolvedInsertDependencies=null])] for Hibernate transaction
2018-01-07 18:27:38 [main] DEBUG o.s.o.h.HibernateTransactionManager - Participating in existing transaction
2018-01-07 18:27:38 [main] DEBUG o.s.b.f.s.DefaultListableBeanFactory - Returning cached instance of singleton bean 'DAOLoggingAspect'
2018-01-07 18:27:38 [main] DEBUG c.s.a.aspect.DAOLoggingAspect - Method Name : get
2018-01-07 18:27:38 [main] DEBUG c.s.a.aspect.DAOLoggingAspect - Method arguments : [john]
2018-01-07 18:27:38 [main] DEBUG o.s.b.f.s.DefaultListableBeanFactory - Returning cached instance of singleton bean 'daoLoggingAspect'
2018-01-07 18:27:38 [main] DEBUG c.s.a.aspect.DAOLoggingAspect - Method Name : get
2018-01-07 18:27:38 [main] DEBUG c.s.a.aspect.DAOLoggingAspect - Method arguments : [john]
2018-01-07 18:27:38 [main] DEBUG o.s.o.h.HibernateTransactionManager - Found thread-bound Session [SessionImpl(PersistenceContext[entityKeys=[],collectionKeys=[]];ActionQueue[insertions=ExecutableList{size=0} updates=ExecutableList{size=0} deletions=ExecutableList{size=0} orphanRemovals=ExecutableList{size=0} collectionCreations=ExecutableList{size=0} collectionRemovals=ExecutableList{size=0} collectionUpdates=ExecutableList{size=0} collectionQueuedOps=ExecutableList{size=0} unresolvedInsertDependencies=null])] for Hibernate transaction
2018-01-07 18:27:38 [main] DEBUG o.s.o.h.HibernateTransactionManager - Participating in existing transaction
2018-01-07 18:27:38 [main] DEBUG c.s.a.aspect.DAOLoggingAspect - Method Name : get
2018-01-07 18:27:38 [main] DEBUG c.s.a.aspect.DAOLoggingAspect - Method arguments : [will]
2018-01-07 18:27:38 [main] DEBUG c.s.a.aspect.DAOLoggingAspect - Method Name : get
2018-01-07 18:27:38 [main] DEBUG c.s.a.aspect.DAOLoggingAspect - Method arguments : [will]
2018-01-07 18:27:38 [main] DEBUG o.s.o.h.HibernateTransactionManager - Found thread-bound Session [SessionImpl(PersistenceContext[entityKeys=[],collectionKeys=[]];ActionQueue[insertions=ExecutableList{size=0} updates=ExecutableList{size=0} deletions=ExecutableList{size=0} orphanRemovals=ExecutableList{size=0} collectionCreations=ExecutableList{size=0} collectionRemovals=ExecutableList{size=0} collectionUpdates=ExecutableList{size=0} collectionQueuedOps=ExecutableList{size=0} unresolvedInsertDependencies=null])] for Hibernate transaction
2018-01-07 18:27:38 [main] DEBUG o.s.o.h.HibernateTransactionManager - Participating in existing transaction
2018-01-07 18:27:38 [main] DEBUG c.s.a.aspect.DAOLoggingAspect - Method Name : get
2018-01-07 18:27:38 [main] DEBUG c.s.a.aspect.DAOLoggingAspect - Method arguments : [Java]
2018-01-07 18:27:38 [main] DEBUG c.s.a.aspect.DAOLoggingAspect - Method Name : get
2018-01-07 18:27:38 [main] DEBUG c.s.a.aspect.DAOLoggingAspect - Method arguments : [Java]
