2018-01-07 18:08:45 [main] DEBUG o.s.c.a.ClassPathBeanDefinitionScanner - Identified candidate component class: file [D:\Training\Activity Stream\assignment-solution-step3\target\classes\com\stackroute\activitystream\aspect\DAOLoggingAspect.class]
2018-01-07 18:08:45 [main] DEBUG o.s.c.a.ClassPathBeanDefinitionScanner - Identified candidate component class: file [D:\Training\Activity Stream\assignment-solution-step3\target\classes\com\stackroute\activitystream\aspect\LoggingAspect.class]
2018-01-07 18:08:46 [main] DEBUG o.s.c.a.ClassPathBeanDefinitionScanner - Identified candidate component class: file [D:\Training\Activity Stream\assignment-solution-step3\target\classes\com\stackroute\activitystream\controller\CircleController.class]
2018-01-07 18:08:46 [main] DEBUG o.s.c.a.ClassPathBeanDefinitionScanner - Identified candidate component class: file [D:\Training\Activity Stream\assignment-solution-step3\target\classes\com\stackroute\activitystream\controller\MessageController.class]
2018-01-07 18:08:46 [main] DEBUG o.s.c.a.ClassPathBeanDefinitionScanner - Identified candidate component class: file [D:\Training\Activity Stream\assignment-solution-step3\target\classes\com\stackroute\activitystream\controller\UserAuthController.class]
2018-01-07 18:08:46 [main] DEBUG o.s.c.a.ClassPathBeanDefinitionScanner - Identified candidate component class: file [D:\Training\Activity Stream\assignment-solution-step3\target\classes\com\stackroute\activitystream\controller\UserCircleController.class]
2018-01-07 18:08:46 [main] DEBUG o.s.c.a.ClassPathBeanDefinitionScanner - Identified candidate component class: file [D:\Training\Activity Stream\assignment-solution-step3\target\classes\com\stackroute\activitystream\controller\UserController.class]
2018-01-07 18:08:46 [main] DEBUG o.s.c.a.ClassPathBeanDefinitionScanner - Identified candidate component class: file [D:\Training\Activity Stream\assignment-solution-step3\target\classes\com\stackroute\activitystream\daoimpl\CircleDAOImpl.class]
2018-01-07 18:08:46 [main] DEBUG o.s.c.a.ClassPathBeanDefinitionScanner - Identified candidate component class: file [D:\Training\Activity Stream\assignment-solution-step3\target\classes\com\stackroute\activitystream\daoimpl\MessageDAOImpl.class]
2018-01-07 18:08:46 [main] DEBUG o.s.c.a.ClassPathBeanDefinitionScanner - Identified candidate component class: file [D:\Training\Activity Stream\assignment-solution-step3\target\classes\com\stackroute\activitystream\daoimpl\UserCircleDAOImpl.class]
2018-01-07 18:08:46 [main] DEBUG o.s.c.a.ClassPathBeanDefinitionScanner - Identified candidate component class: file [D:\Training\Activity Stream\assignment-solution-step3\target\classes\com\stackroute\activitystream\daoimpl\UserDAOImpl.class]
2018-01-07 18:08:46 [main] DEBUG o.s.c.a.ClassPathBeanDefinitionScanner - Identified candidate component class: file [D:\Training\Activity Stream\assignment-solution-step3\target\classes\com\stackroute\activitystream\model\Circle.class]
2018-01-07 18:08:46 [main] DEBUG o.s.c.a.ClassPathBeanDefinitionScanner - Identified candidate component class: file [D:\Training\Activity Stream\assignment-solution-step3\target\classes\com\stackroute\activitystream\model\Message.class]
2018-01-07 18:08:46 [main] DEBUG o.s.c.a.ClassPathBeanDefinitionScanner - Identified candidate component class: file [D:\Training\Activity Stream\assignment-solution-step3\target\classes\com\stackroute\activitystream\model\User.class]
2018-01-07 18:08:46 [main] DEBUG o.s.c.a.ClassPathBeanDefinitionScanner - Identified candidate component class: file [D:\Training\Activity Stream\assignment-solution-step3\target\classes\com\stackroute\activitystream\model\UserCircle.class]
2018-01-07 18:08:46 [main] DEBUG o.s.c.a.ClassPathBeanDefinitionScanner - Identified candidate component class: file [D:\Training\Activity Stream\assignment-solution-step3\target\classes\com\stackroute\activitystream\model\UserTag.class]
2018-01-07 18:08:46 [main] DEBUG o.s.c.a.ConfigurationClassBeanDefinitionReader - Registered bean definition for imported class 'org.springframework.web.servlet.config.annotation.DelegatingWebMvcConfiguration'
2018-01-07 18:08:46 [main] DEBUG o.s.c.a.ConfigurationClassBeanDefinitionReader - Registering bean definition for @Bean method org.springframework.web.servlet.config.annotation.DelegatingWebMvcConfiguration.requestMappingHandlerMapping()
2018-01-07 18:08:46 [main] DEBUG o.s.c.a.ConfigurationClassBeanDefinitionReader - Registering bean definition for @Bean method org.springframework.web.servlet.config.annotation.DelegatingWebMvcConfiguration.mvcPathMatcher()
2018-01-07 18:08:46 [main] DEBUG o.s.c.a.ConfigurationClassBeanDefinitionReader - Registering bean definition for @Bean method org.springframework.web.servlet.config.annotation.DelegatingWebMvcConfiguration.mvcUrlPathHelper()
2018-01-07 18:08:46 [main] DEBUG o.s.c.a.ConfigurationClassBeanDefinitionReader - Registering bean definition for @Bean method org.springframework.web.servlet.config.annotation.DelegatingWebMvcConfiguration.mvcContentNegotiationManager()
2018-01-07 18:08:46 [main] DEBUG o.s.c.a.ConfigurationClassBeanDefinitionReader - Registering bean definition for @Bean method org.springframework.web.servlet.config.annotation.DelegatingWebMvcConfiguration.viewControllerHandlerMapping()
2018-01-07 18:08:46 [main] DEBUG o.s.c.a.ConfigurationClassBeanDefinitionReader - Registering bean definition for @Bean method org.springframework.web.servlet.config.annotation.DelegatingWebMvcConfiguration.beanNameHandlerMapping()
2018-01-07 18:08:46 [main] DEBUG o.s.c.a.ConfigurationClassBeanDefinitionReader - Registering bean definition for @Bean method org.springframework.web.servlet.config.annotation.DelegatingWebMvcConfiguration.resourceHandlerMapping()
2018-01-07 18:08:46 [main] DEBUG o.s.c.a.ConfigurationClassBeanDefinitionReader - Registering bean definition for @Bean method org.springframework.web.servlet.config.annotation.DelegatingWebMvcConfiguration.mvcResourceUrlProvider()
2018-01-07 18:08:46 [main] DEBUG o.s.c.a.ConfigurationClassBeanDefinitionReader - Registering bean definition for @Bean method org.springframework.web.servlet.config.annotation.DelegatingWebMvcConfiguration.defaultServletHandlerMapping()
2018-01-07 18:08:46 [main] DEBUG o.s.c.a.ConfigurationClassBeanDefinitionReader - Registering bean definition for @Bean method org.springframework.web.servlet.config.annotation.DelegatingWebMvcConfiguration.requestMappingHandlerAdapter()
2018-01-07 18:08:46 [main] DEBUG o.s.c.a.ConfigurationClassBeanDefinitionReader - Registering bean definition for @Bean method org.springframework.web.servlet.config.annotation.DelegatingWebMvcConfiguration.mvcConversionService()
2018-01-07 18:08:46 [main] DEBUG o.s.c.a.ConfigurationClassBeanDefinitionReader - Registering bean definition for @Bean method org.springframework.web.servlet.config.annotation.DelegatingWebMvcConfiguration.mvcValidator()
2018-01-07 18:08:46 [main] DEBUG o.s.c.a.ConfigurationClassBeanDefinitionReader - Registering bean definition for @Bean method org.springframework.web.servlet.config.annotation.DelegatingWebMvcConfiguration.mvcUriComponentsContributor()
2018-01-07 18:08:46 [main] DEBUG o.s.c.a.ConfigurationClassBeanDefinitionReader - Registering bean definition for @Bean method org.springframework.web.servlet.config.annotation.DelegatingWebMvcConfiguration.httpRequestHandlerAdapter()
2018-01-07 18:08:46 [main] DEBUG o.s.c.a.ConfigurationClassBeanDefinitionReader - Registering bean definition for @Bean method org.springframework.web.servlet.config.annotation.DelegatingWebMvcConfiguration.simpleControllerHandlerAdapter()
2018-01-07 18:08:46 [main] DEBUG o.s.c.a.ConfigurationClassBeanDefinitionReader - Registering bean definition for @Bean method org.springframework.web.servlet.config.annotation.DelegatingWebMvcConfiguration.handlerExceptionResolver()
2018-01-07 18:08:46 [main] DEBUG o.s.c.a.ConfigurationClassBeanDefinitionReader - Registering bean definition for @Bean method org.springframework.web.servlet.config.annotation.DelegatingWebMvcConfiguration.mvcViewResolver()
2018-01-07 18:08:46 [main] DEBUG o.s.c.a.ConfigurationClassBeanDefinitionReader - Registered bean definition for imported class 'org.springframework.transaction.annotation.ProxyTransactionManagementConfiguration'
2018-01-07 18:08:46 [main] DEBUG o.s.c.a.ConfigurationClassBeanDefinitionReader - Registering bean definition for @Bean method org.springframework.transaction.annotation.ProxyTransactionManagementConfiguration.org.springframework.transaction.config.internalTransactionAdvisor()
2018-01-07 18:08:46 [main] DEBUG o.s.c.a.ConfigurationClassBeanDefinitionReader - Registering bean definition for @Bean method org.springframework.transaction.annotation.ProxyTransactionManagementConfiguration.transactionAttributeSource()
2018-01-07 18:08:46 [main] DEBUG o.s.c.a.ConfigurationClassBeanDefinitionReader - Registering bean definition for @Bean method org.springframework.transaction.annotation.ProxyTransactionManagementConfiguration.transactionInterceptor()
2018-01-07 18:08:46 [main] DEBUG o.s.c.a.ConfigurationClassBeanDefinitionReader - Registering bean definition for @Bean method org.springframework.transaction.annotation.ProxyTransactionManagementConfiguration.org.springframework.transaction.config.internalTransactionalEventListenerFactory()
2018-01-07 18:08:46 [main] DEBUG o.s.c.a.ConfigurationClassBeanDefinitionReader - Registering bean definition for @Bean method com.stackroute.activitystream.config.ApplicationContextConfig.dataSource()
2018-01-07 18:08:46 [main] DEBUG o.s.c.a.ConfigurationClassBeanDefinitionReader - Registering bean definition for @Bean method com.stackroute.activitystream.config.ApplicationContextConfig.sessionFactory()
2018-01-07 18:08:46 [main] DEBUG o.s.c.a.ConfigurationClassBeanDefinitionReader - Registering bean definition for @Bean method com.stackroute.activitystream.config.ApplicationContextConfig.transactionManager()
2018-01-07 18:08:46 [main] DEBUG o.s.c.a.ConfigurationClassBeanDefinitionReader - Registering bean definition for @Bean method com.stackroute.activitystream.config.ApplicationContextConfig.messageDAO()
2018-01-07 18:08:46 [main] INFO  o.s.b.f.s.DefaultListableBeanFactory - Overriding bean definition for bean 'messageDAO' with a different definition: replacing [Generic bean: class [com.stackroute.activitystream.daoimpl.MessageDAOImpl]; scope=singleton; abstract=false; lazyInit=false; autowireMode=0; dependencyCheck=0; autowireCandidate=true; primary=false; factoryBeanName=null; factoryMethodName=null; initMethodName=null; destroyMethodName=null; defined in file [D:\Training\Activity Stream\assignment-solution-step3\target\classes\com\stackroute\activitystream\daoimpl\MessageDAOImpl.class]] with [Root bean: class [null]; scope=; abstract=false; lazyInit=false; autowireMode=3; dependencyCheck=0; autowireCandidate=true; primary=false; factoryBeanName=applicationContextConfig; factoryMethodName=getMessageDAO; initMethodName=null; destroyMethodName=(inferred); defined in com.stackroute.activitystream.config.ApplicationContextConfig]
