2017-12-27 11:58:01 [main] DEBUG o.springframework.test.context.cache - Spring test ApplicationContext cache statistics: [DefaultContextCache@6edcad64 size = 1, maxSize = 32, parentContextCount = 0, hitCount = 125, missCount = 1]
2017-12-27 11:58:01 [main] DEBUG o.s.b.f.annotation.InjectionMetadata - Processing injected element of bean 'com.stackroute.activitystream.test.CircleTest': AutowiredFieldElement for private com.stackroute.activitystream.dao.UserDAO com.stackroute.activitystream.test.CircleTest.userDAO
2017-12-27 11:58:01 [main] DEBUG o.s.core.annotation.AnnotationUtils - Failed to meta-introspect annotation [interface org.springframework.beans.factory.annotation.Autowired]: java.lang.IllegalArgumentException: Annotation must not be null
2017-12-27 11:58:01 [main] DEBUG o.s.b.f.s.DefaultListableBeanFactory - Returning cached instance of singleton bean 'userDAO'
2017-12-27 11:58:01 [main] DEBUG o.s.b.f.annotation.InjectionMetadata - Processing injected element of bean 'com.stackroute.activitystream.test.CircleTest': AutowiredFieldElement for private com.stackroute.activitystream.dao.CircleDAO com.stackroute.activitystream.test.CircleTest.circleDAO
2017-12-27 11:58:01 [main] DEBUG o.s.core.annotation.AnnotationUtils - Failed to meta-introspect annotation [interface org.springframework.beans.factory.annotation.Autowired]: java.lang.IllegalArgumentException: Annotation must not be null
2017-12-27 11:58:01 [main] DEBUG o.s.b.f.s.DefaultListableBeanFactory - Returning cached instance of singleton bean 'circleDAO'
2017-12-27 11:58:01 [main] DEBUG o.s.b.f.annotation.InjectionMetadata - Processing injected element of bean 'com.stackroute.activitystream.test.CircleTest': AutowiredFieldElement for private com.stackroute.activitystream.model.Circle com.stackroute.activitystream.test.CircleTest.circle
2017-12-27 11:58:01 [main] DEBUG o.s.core.annotation.AnnotationUtils - Failed to meta-introspect annotation [interface org.springframework.beans.factory.annotation.Autowired]: java.lang.IllegalArgumentException: Annotation must not be null
2017-12-27 11:58:01 [main] DEBUG o.s.b.f.s.DefaultListableBeanFactory - Returning cached instance of singleton bean 'circle'
2017-12-27 11:58:01 [main] DEBUG o.s.b.f.s.DefaultListableBeanFactory - Returning cached instance of singleton bean 'org.springframework.transaction.config.internalTransactionAdvisor'
2017-12-27 11:58:01 [main] DEBUG o.s.a.f.a.InfrastructureAdvisorAutoProxyCreator - Creating implicit proxy for bean 'com.stackroute.activitystream.test.CircleTest' with 0 common interceptors and 1 specific interceptors
2017-12-27 11:58:01 [main] DEBUG o.s.aop.framework.CglibAopProxy - Creating CGLIB proxy: target source is SingletonTargetSource for target object [com.stackroute.activitystream.test.CircleTest@18c7f6b5]
2017-12-27 11:58:01 [main] DEBUG o.s.t.c.s.AbstractDirtiesContextTestExecutionListener - Before test method: context [DefaultTestContext@25e8e59 testClass = CircleTest, testInstance = com.stackroute.activitystream.test.CircleTest@18c7f6b5, testMethod = testCreateCircleDuplicateFailure@CircleTest, testException = [null], mergedContextConfiguration = [WebMergedContextConfiguration@3a0896b3 testClass = CircleTest, locations = '{}', classes = '{class com.stackroute.activitystream.config.ApplicationContextConfig}', contextInitializerClasses = '[]', activeProfiles = '{}', propertySourceLocations = '{}', propertySourceProperties = '{}', contextCustomizers = set[org.springframework.test.context.web.socket.MockServerContainerContextCustomizer@166fa74d], resourceBasePath = 'src/main/webapp', contextLoader = 'org.springframework.test.context.web.WebDelegatingSmartContextLoader', parent = [null]]], class annotated with @DirtiesContext [false] with mode [null], method annotated with @DirtiesContext [false] with mode [null].
2017-12-27 11:58:01 [main] DEBUG o.s.t.a.AnnotationTransactionAttributeSource - Adding transactional method 'com.stackroute.activitystream.test.CircleTest.testCreateCircleDuplicateFailure' with attribute: PROPAGATION_REQUIRED,ISOLATION_DEFAULT
2017-12-27 11:58:01 [main] DEBUG o.s.t.c.t.TransactionalTestExecutionListener - Explicit transaction definition [PROPAGATION_REQUIRED,ISOLATION_DEFAULT] found for test context [DefaultTestContext@25e8e59 testClass = CircleTest, testInstance = com.stackroute.activitystream.test.CircleTest@18c7f6b5, testMethod = testCreateCircleDuplicateFailure@CircleTest, testException = [null], mergedContextConfiguration = [WebMergedContextConfiguration@3a0896b3 testClass = CircleTest, locations = '{}', classes = '{class com.stackroute.activitystream.config.ApplicationContextConfig}', contextInitializerClasses = '[]', activeProfiles = '{}', propertySourceLocations = '{}', propertySourceProperties = '{}', contextCustomizers = set[org.springframework.test.context.web.socket.MockServerContainerContextCustomizer@166fa74d], resourceBasePath = 'src/main/webapp', contextLoader = 'org.springframework.test.context.web.WebDelegatingSmartContextLoader', parent = [null]]]
2017-12-27 11:58:01 [main] DEBUG o.s.t.c.c.DefaultCacheAwareContextLoaderDelegate - Retrieved ApplicationContext from cache with key [[WebMergedContextConfiguration@3a0896b3 testClass = CircleTest, locations = '{}', classes = '{class com.stackroute.activitystream.config.ApplicationContextConfig}', contextInitializerClasses = '[]', activeProfiles = '{}', propertySourceLocations = '{}', propertySourceProperties = '{}', contextCustomizers = set[org.springframework.test.context.web.socket.MockServerContainerContextCustomizer@166fa74d], resourceBasePath = 'src/main/webapp', contextLoader = 'org.springframework.test.context.web.WebDelegatingSmartContextLoader', parent = [null]]]
2017-12-27 11:58:01 [main] DEBUG o.springframework.test.context.cache - Spring test ApplicationContext cache statistics: [DefaultContextCache@6edcad64 size = 1, maxSize = 32, parentContextCount = 0, hitCount = 126, missCount = 1]
2017-12-27 11:58:01 [main] DEBUG o.s.b.f.s.DefaultListableBeanFactory - Returning cached instance of singleton bean 'transactionManager'
2017-12-27 11:58:01 [main] DEBUG o.s.t.c.t.TransactionalTestExecutionListener - No method-level @Rollback override: using default rollback [true] for test context [DefaultTestContext@25e8e59 testClass = CircleTest, testInstance = com.stackroute.activitystream.test.CircleTest@18c7f6b5, testMethod = testCreateCircleDuplicateFailure@CircleTest, testException = [null], mergedContextConfiguration = [WebMergedContextConfiguration@3a0896b3 testClass = CircleTest, locations = '{}', classes = '{class com.stackroute.activitystream.config.ApplicationContextConfig}', contextInitializerClasses = '[]', activeProfiles = '{}', propertySourceLocations = '{}', propertySourceProperties = '{}', contextCustomizers = set[org.springframework.test.context.web.socket.MockServerContainerContextCustomizer@166fa74d], resourceBasePath = 'src/main/webapp', contextLoader = 'org.springframework.test.context.web.WebDelegatingSmartContextLoader', parent = [null]]].
2017-12-27 11:58:01 [main] DEBUG o.s.o.h.HibernateTransactionManager - Creating new transaction with name [com.stackroute.activitystream.test.CircleTest.testCreateCircleDuplicateFailure]: PROPAGATION_REQUIRED,ISOLATION_DEFAULT
2017-12-27 11:58:01 [main] DEBUG o.s.o.h.HibernateTransactionManager - Opened new Session [SessionImpl(PersistenceContext[entityKeys=[],collectionKeys=[]];ActionQueue[insertions=ExecutableList{size=0} updates=ExecutableList{size=0} deletions=ExecutableList{size=0} orphanRemovals=ExecutableList{size=0} collectionCreations=ExecutableList{size=0} collectionRemovals=ExecutableList{size=0} collectionUpdates=ExecutableList{size=0} collectionQueuedOps=ExecutableList{size=0} unresolvedInsertDependencies=null])] for Hibernate transaction
2017-12-27 11:58:01 [main] DEBUG o.s.o.h.HibernateTransactionManager - Preparing JDBC Connection of Hibernate Session [SessionImpl(PersistenceContext[entityKeys=[],collectionKeys=[]];ActionQueue[insertions=ExecutableList{size=0} updates=ExecutableList{size=0} deletions=ExecutableList{size=0} orphanRemovals=ExecutableList{size=0} collectionCreations=ExecutableList{size=0} collectionRemovals=ExecutableList{size=0} collectionUpdates=ExecutableList{size=0} collectionQueuedOps=ExecutableList{size=0} unresolvedInsertDependencies=null])]
2017-12-27 11:58:01 [main] DEBUG o.h.e.t.internal.TransactionImpl - begin
2017-12-27 11:58:01 [main] DEBUG o.s.o.h.HibernateTransactionManager - Exposing Hibernate transaction as JDBC transaction [1654355983, URL=jdbc:mysql://localhost:3306/activitystream_step3, UserName=root@localhost, MySQL Connector Java]
2017-12-27 11:58:01 [main] INFO  o.s.t.c.t.TransactionContext - Began transaction (1) for test context [DefaultTestContext@25e8e59 testClass = CircleTest, testInstance = com.stackroute.activitystream.test.CircleTest@18c7f6b5, testMethod = testCreateCircleDuplicateFailure@CircleTest, testException = [null], mergedContextConfiguration = [WebMergedContextConfiguration@3a0896b3 testClass = CircleTest, locations = '{}', classes = '{class com.stackroute.activitystream.config.ApplicationContextConfig}', contextInitializerClasses = '[]', activeProfiles = '{}', propertySourceLocations = '{}', propertySourceProperties = '{}', contextCustomizers = set[org.springframework.test.context.web.socket.MockServerContainerContextCustomizer@166fa74d], resourceBasePath = 'src/main/webapp', contextLoader = 'org.springframework.test.context.web.WebDelegatingSmartContextLoader', parent = [null]]]; transaction manager [org.springframework.orm.hibernate5.HibernateTransactionManager@6ede46f6]; rollback [true]
2017-12-27 11:58:01 [main] DEBUG o.s.o.h.HibernateTransactionManager - Found thread-bound Session [SessionImpl(PersistenceContext[entityKeys=[],collectionKeys=[]];ActionQueue[insertions=ExecutableList{size=0} updates=ExecutableList{size=0} deletions=ExecutableList{size=0} orphanRemovals=ExecutableList{size=0} collectionCreations=ExecutableList{size=0} collectionRemovals=ExecutableList{size=0} collectionUpdates=ExecutableList{size=0} collectionQueuedOps=ExecutableList{size=0} unresolvedInsertDependencies=null])] for Hibernate transaction
2017-12-27 11:58:01 [main] DEBUG o.s.o.h.HibernateTransactionManager - Participating in existing transaction
2017-12-27 11:58:01 [main] DEBUG org.hibernate.SQL - select user0_.username as username1_2_, user0_.name as name2_2_, user0_.password as password3_2_ from user user0_ where user0_.username=?
2017-12-27 11:58:01 [main] DEBUG o.s.o.h.HibernateTransactionManager - Found thread-bound Session [SessionImpl(PersistenceContext[entityKeys=[],collectionKeys=[]];ActionQueue[insertions=ExecutableList{size=0} updates=ExecutableList{size=0} deletions=ExecutableList{size=0} orphanRemovals=ExecutableList{size=0} collectionCreations=ExecutableList{size=0} collectionRemovals=ExecutableList{size=0} collectionUpdates=ExecutableList{size=0} collectionQueuedOps=ExecutableList{size=0} unresolvedInsertDependencies=null])] for Hibernate transaction
2017-12-27 11:58:01 [main] DEBUG o.s.o.h.HibernateTransactionManager - Participating in existing transaction
2017-12-27 11:58:01 [main] DEBUG org.hibernate.SQL - select circle0_.circleName as circleNa1_0_, circle0_.createdDate as createdD2_0_, circle0_.creatorId as creatorI3_0_ from circle circle0_ where circle0_.circleName=?
2017-12-27 11:58:01 [main] DEBUG o.s.o.h.HibernateTransactionManager - Found thread-bound Session [SessionImpl(PersistenceContext[entityKeys=[],collectionKeys=[]];ActionQueue[insertions=ExecutableList{size=0} updates=ExecutableList{size=0} deletions=ExecutableList{size=0} orphanRemovals=ExecutableList{size=0} collectionCreations=ExecutableList{size=0} collectionRemovals=ExecutableList{size=0} collectionUpdates=ExecutableList{size=0} collectionQueuedOps=ExecutableList{size=0} unresolvedInsertDependencies=null])] for Hibernate transaction
2017-12-27 11:58:01 [main] DEBUG o.s.o.h.HibernateTransactionManager - Participating in existing transaction
2017-12-27 11:58:01 [main] DEBUG org.hibernate.SQL - select user_.username, user_.name as name2_2_, user_.password as password3_2_ from user user_ where user_.username=?
2017-12-27 11:58:01 [main] DEBUG o.h.r.j.i.ResourceRegistryStandardImpl - HHH000387: ResultSet's statement was not registered
2017-12-27 11:58:01 [main] DEBUG o.h.e.i.AbstractSaveEventListener - Generated identifier: john, using strategy: org.hibernate.id.Assigned
2017-12-27 11:58:01 [main] DEBUG o.h.e.i.AbstractFlushingEventListener - Processing flush-time cascades
2017-12-27 11:58:01 [main] DEBUG o.h.e.i.AbstractFlushingEventListener - Dirty checking collections
2017-12-27 11:58:01 [main] DEBUG o.h.e.i.AbstractFlushingEventListener - Flushed: 1 insertions, 0 updates, 0 deletions to 1 objects
2017-12-27 11:58:01 [main] DEBUG o.h.e.i.AbstractFlushingEventListener - Flushed: 0 (re)creations, 0 updates, 0 removals to 0 collections
2017-12-27 11:58:01 [main] DEBUG o.h.internal.util.EntityPrinter - Listing entities:
2017-12-27 11:58:01 [main] DEBUG o.h.internal.util.EntityPrinter - com.stackroute.activitystream.model.User{password=password, name=John, username=john}
2017-12-27 11:58:01 [main] DEBUG org.hibernate.SQL - insert into user (name, password, username) values (?, ?, ?)
2017-12-27 11:58:01 [main] DEBUG o.s.o.h.HibernateTransactionManager - Found thread-bound Session [SessionImpl(PersistenceContext[entityKeys=[EntityKey[com.stackroute.activitystream.model.User#john]],collectionKeys=[]];ActionQueue[insertions=ExecutableList{size=0} updates=ExecutableList{size=0} deletions=ExecutableList{size=0} orphanRemovals=ExecutableList{size=0} collectionCreations=ExecutableList{size=0} collectionRemovals=ExecutableList{size=0} collectionUpdates=ExecutableList{size=0} collectionQueuedOps=ExecutableList{size=0} unresolvedInsertDependencies=null])] for Hibernate transaction
2017-12-27 11:58:01 [main] DEBUG o.s.o.h.HibernateTransactionManager - Participating in existing transaction
2017-12-27 11:58:01 [main] DEBUG o.s.o.h.HibernateTransactionManager - Found thread-bound Session [SessionImpl(PersistenceContext[entityKeys=[EntityKey[com.stackroute.activitystream.model.User#john]],collectionKeys=[]];ActionQueue[insertions=ExecutableList{size=0} updates=ExecutableList{size=0} deletions=ExecutableList{size=0} orphanRemovals=ExecutableList{size=0} collectionCreations=ExecutableList{size=0} collectionRemovals=ExecutableList{size=0} collectionUpdates=ExecutableList{size=0} collectionQueuedOps=ExecutableList{size=0} unresolvedInsertDependencies=null])] for Hibernate transaction
2017-12-27 11:58:01 [main] DEBUG o.s.o.h.HibernateTransactionManager - Participating in existing transaction
2017-12-27 11:58:01 [main] DEBUG o.h.e.i.AbstractFlushingEventListener - Processing flush-time cascades
2017-12-27 11:58:01 [main] DEBUG o.h.e.i.AbstractFlushingEventListener - Dirty checking collections
2017-12-27 11:58:01 [main] DEBUG o.h.e.i.AbstractFlushingEventListener - Flushed: 0 insertions, 0 updates, 0 deletions to 1 objects
2017-12-27 11:58:01 [main] DEBUG o.h.e.i.AbstractFlushingEventListener - Flushed: 0 (re)creations, 0 updates, 0 removals to 0 collections
2017-12-27 11:58:01 [main] DEBUG o.h.internal.util.EntityPrinter - Listing entities:
2017-12-27 11:58:01 [main] DEBUG o.h.internal.util.EntityPrinter - com.stackroute.activitystream.model.User{password=password, name=John, username=john}
2017-12-27 11:58:01 [main] DEBUG org.hibernate.SQL - select user0_.username as username1_2_, user0_.name as name2_2_, user0_.password as password3_2_ from user user0_ where user0_.username=?
2017-12-27 11:58:01 [main] DEBUG org.hibernate.loader.Loader - Result set row: 0
2017-12-27 11:58:01 [main] DEBUG org.hibernate.loader.Loader - Result row: EntityKey[com.stackroute.activitystream.model.User#john]
2017-12-27 11:58:01 [main] DEBUG o.s.o.h.HibernateTransactionManager - Found thread-bound Session [SessionImpl(PersistenceContext[entityKeys=[EntityKey[com.stackroute.activitystream.model.User#john]],collectionKeys=[]];ActionQueue[insertions=ExecutableList{size=0} updates=ExecutableList{size=0} deletions=ExecutableList{size=0} orphanRemovals=ExecutableList{size=0} collectionCreations=ExecutableList{size=0} collectionRemovals=ExecutableList{size=0} collectionUpdates=ExecutableList{size=0} collectionQueuedOps=ExecutableList{size=0} unresolvedInsertDependencies=null])] for Hibernate transaction
2017-12-27 11:58:01 [main] DEBUG o.s.o.h.HibernateTransactionManager - Participating in existing transaction
2017-12-27 11:58:01 [main] DEBUG o.h.e.i.AbstractFlushingEventListener - Processing flush-time cascades
2017-12-27 11:58:01 [main] DEBUG o.h.e.i.AbstractFlushingEventListener - Dirty checking collections
2017-12-27 11:58:01 [main] DEBUG o.h.e.i.AbstractFlushingEventListener - Flushed: 0 insertions, 0 updates, 0 deletions to 1 objects
2017-12-27 11:58:01 [main] DEBUG o.h.e.i.AbstractFlushingEventListener - Flushed: 0 (re)creations, 0 updates, 0 removals to 0 collections
2017-12-27 11:58:01 [main] DEBUG o.h.internal.util.EntityPrinter - Listing entities:
2017-12-27 11:58:01 [main] DEBUG o.h.internal.util.EntityPrinter - com.stackroute.activitystream.model.User{password=password, name=John, username=john}
2017-12-27 11:58:01 [main] DEBUG org.hibernate.SQL - select circle0_.circleName as circleNa1_0_, circle0_.createdDate as createdD2_0_, circle0_.creatorId as creatorI3_0_ from circle circle0_ where circle0_.circleName=?
2017-12-27 11:58:01 [main] DEBUG o.h.e.i.AbstractSaveEventListener - Generated identifier: Java, using strategy: org.hibernate.id.Assigned
2017-12-27 11:58:01 [main] DEBUG o.h.e.i.AbstractFlushingEventListener - Processing flush-time cascades
2017-12-27 11:58:01 [main] DEBUG o.h.e.i.AbstractFlushingEventListener - Dirty checking collections
2017-12-27 11:58:01 [main] DEBUG o.h.e.i.AbstractFlushingEventListener - Flushed: 1 insertions, 0 updates, 0 deletions to 1 objects
2017-12-27 11:58:01 [main] DEBUG o.h.e.i.AbstractFlushingEventListener - Flushed: 0 (re)creations, 0 updates, 0 removals to 0 collections
2017-12-27 11:58:01 [main] DEBUG o.h.internal.util.EntityPrinter - Listing entities:
2017-12-27 11:58:01 [main] DEBUG o.h.internal.util.EntityPrinter - com.stackroute.activitystream.model.Circle{createdDate=2017-12-27 11:58:01.959, creatorId=John, circleName=Java}
2017-12-27 11:58:01 [main] DEBUG org.hibernate.SQL - insert into circle (createdDate, creatorId, circleName) values (?, ?, ?)
2017-12-27 11:58:01 [main] DEBUG o.s.o.h.HibernateTransactionManager - Found thread-bound Session [SessionImpl(PersistenceContext[entityKeys=[EntityKey[com.stackroute.activitystream.model.Circle#Java]],collectionKeys=[]];ActionQueue[insertions=ExecutableList{size=0} updates=ExecutableList{size=0} deletions=ExecutableList{size=0} orphanRemovals=ExecutableList{size=0} collectionCreations=ExecutableList{size=0} collectionRemovals=ExecutableList{size=0} collectionUpdates=ExecutableList{size=0} collectionQueuedOps=ExecutableList{size=0} unresolvedInsertDependencies=null])] for Hibernate transaction
2017-12-27 11:58:01 [main] DEBUG o.s.o.h.HibernateTransactionManager - Participating in existing transaction
2017-12-27 11:58:01 [main] DEBUG o.s.o.h.HibernateTransactionManager - Found thread-bound Session [SessionImpl(PersistenceContext[entityKeys=[EntityKey[com.stackroute.activitystream.model.Circle#Java]],collectionKeys=[]];ActionQueue[insertions=ExecutableList{size=0} updates=ExecutableList{size=0} deletions=ExecutableList{size=0} orphanRemovals=ExecutableList{size=0} collectionCreations=ExecutableList{size=0} collectionRemovals=ExecutableList{size=0} collectionUpdates=ExecutableList{size=0} collectionQueuedOps=ExecutableList{size=0} unresolvedInsertDependencies=null])] for Hibernate transaction
2017-12-27 11:58:01 [main] DEBUG o.s.o.h.HibernateTransactionManager - Participating in existing transaction
2017-12-27 11:58:01 [main] DEBUG o.h.e.i.AbstractFlushingEventListener - Processing flush-time cascades
2017-12-27 11:58:01 [main] DEBUG o.h.e.i.AbstractFlushingEventListener - Dirty checking collections
2017-12-27 11:58:01 [main] DEBUG o.h.e.i.AbstractFlushingEventListener - Flushed: 0 insertions, 0 updates, 0 deletions to 1 objects
2017-12-27 11:58:01 [main] DEBUG o.h.e.i.AbstractFlushingEventListener - Flushed: 0 (re)creations, 0 updates, 0 removals to 0 collections
2017-12-27 11:58:01 [main] DEBUG o.h.internal.util.EntityPrinter - Listing entities:
2017-12-27 11:58:01 [main] DEBUG o.h.internal.util.EntityPrinter - com.stackroute.activitystream.model.Circle{createdDate=2017-12-27 11:58:01.959, creatorId=John, circleName=Java}
2017-12-27 11:58:01 [main] DEBUG org.hibernate.SQL - select user0_.username as username1_2_, user0_.name as name2_2_, user0_.password as password3_2_ from user user0_ where user0_.username=?
2017-12-27 11:58:01 [main] DEBUG org.hibernate.loader.Loader - Result set row: 0
2017-12-27 11:58:01 [main] DEBUG org.hibernate.loader.Loader - Result row: EntityKey[com.stackroute.activitystream.model.User#john]
2017-12-27 11:58:01 [main] DEBUG o.h.engine.internal.TwoPhaseLoad - Resolving associations for [com.stackroute.activitystream.model.User#john]
2017-12-27 11:58:01 [main] DEBUG o.h.engine.internal.TwoPhaseLoad - Done materializing entity [com.stackroute.activitystream.model.User#john]
2017-12-27 11:58:01 [main] DEBUG o.s.o.h.HibernateTransactionManager - Found thread-bound Session [SessionImpl(PersistenceContext[entityKeys=[EntityKey[com.stackroute.activitystream.model.Circle#Java], EntityKey[com.stackroute.activitystream.model.User#john]],collectionKeys=[]];ActionQueue[insertions=ExecutableList{size=0} updates=ExecutableList{size=0} deletions=ExecutableList{size=0} orphanRemovals=ExecutableList{size=0} collectionCreations=ExecutableList{size=0} collectionRemovals=ExecutableList{size=0} collectionUpdates=ExecutableList{size=0} collectionQueuedOps=ExecutableList{size=0} unresolvedInsertDependencies=null])] for Hibernate transaction
2017-12-27 11:58:01 [main] DEBUG o.s.o.h.HibernateTransactionManager - Participating in existing transaction
2017-12-27 11:58:01 [main] DEBUG o.h.e.i.AbstractFlushingEventListener - Processing flush-time cascades
2017-12-27 11:58:01 [main] DEBUG o.h.e.i.AbstractFlushingEventListener - Dirty checking collections
2017-12-27 11:58:01 [main] DEBUG o.h.e.i.AbstractFlushingEventListener - Flushed: 0 insertions, 0 updates, 0 deletions to 2 objects
2017-12-27 11:58:01 [main] DEBUG o.h.e.i.AbstractFlushingEventListener - Flushed: 0 (re)creations, 0 updates, 0 removals to 0 collections
2017-12-27 11:58:01 [main] DEBUG o.h.internal.util.EntityPrinter - Listing entities:
2017-12-27 11:58:01 [main] DEBUG o.h.internal.util.EntityPrinter - com.stackroute.activitystream.model.Circle{createdDate=2017-12-27 11:58:01.959, creatorId=John, circleName=Java}
2017-12-27 11:58:01 [main] DEBUG o.h.internal.util.EntityPrinter - com.stackroute.activitystream.model.User{password=password, name=John, username=john}
2017-12-27 11:58:01 [main] DEBUG org.hibernate.SQL - select circle0_.circleName as circleNa1_0_, circle0_.createdDate as createdD2_0_, circle0_.creatorId as creatorI3_0_ from circle circle0_ where circle0_.circleName=?
2017-12-27 11:58:01 [main] DEBUG org.hibernate.loader.Loader - Result set row: 0
2017-12-27 11:58:01 [main] DEBUG org.hibernate.loader.Loader - Result row: EntityKey[com.stackroute.activitystream.model.Circle#Java]
2017-12-27 11:58:01 [main] DEBUG o.s.o.h.HibernateTransactionManager - Found thread-bound Session [SessionImpl(PersistenceContext[entityKeys=[EntityKey[com.stackroute.activitystream.model.Circle#Java], EntityKey[com.stackroute.activitystream.model.User#john]],collectionKeys=[]];ActionQueue[insertions=ExecutableList{size=0} updates=ExecutableList{size=0} deletions=ExecutableList{size=0} orphanRemovals=ExecutableList{size=0} collectionCreations=ExecutableList{size=0} collectionRemovals=ExecutableList{size=0} collectionUpdates=ExecutableList{size=0} collectionQueuedOps=ExecutableList{size=0} unresolvedInsertDependencies=null])] for Hibernate transaction
2017-12-27 11:58:01 [main] DEBUG o.s.o.h.HibernateTransactionManager - Participating in existing transaction
2017-12-27 11:58:01 [main] DEBUG org.hibernate.SQL - select circle_.circleName, circle_.createdDate as createdD2_0_, circle_.creatorId as creatorI3_0_ from circle circle_ where circle_.circleName=?
2017-12-27 11:58:01 [main] DEBUG o.h.r.j.i.ResourceRegistryStandardImpl - HHH000387: ResultSet's statement was not registered
2017-12-27 11:58:01 [main] DEBUG o.h.r.t.b.j.i.JdbcResourceLocalTransactionCoordinatorImpl - JDBC transaction marked for rollback-only (exception provided for stack trace)
java.lang.Exception: exception just for purpose of providing stack trace
	at org.hibernate.resource.transaction.backend.jdbc.internal.JdbcResourceLocalTransactionCoordinatorImpl$TransactionDriverControlImpl.markRollbackOnly(JdbcResourceLocalTransactionCoordinatorImpl.java:255)
	at org.hibernate.engine.transaction.internal.TransactionImpl.setRollbackOnly(TransactionImpl.java:143)
	at org.hibernate.Transaction.markRollbackOnly(Transaction.java:68)
	at org.hibernate.internal.AbstractSharedSessionContract.markForRollbackOnly(AbstractSharedSessionContract.java:357)
	at org.hibernate.internal.ExceptionConverterImpl.handlePersistenceException(ExceptionConverterImpl.java:271)
	at org.hibernate.internal.ExceptionConverterImpl.convert(ExceptionConverterImpl.java:117)
	at org.hibernate.internal.ExceptionConverterImpl.convert(ExceptionConverterImpl.java:155)
	at org.hibernate.internal.ExceptionConverterImpl.convert(ExceptionConverterImpl.java:162)
	at org.hibernate.internal.SessionImpl.fireDelete(SessionImpl.java:1002)
	at org.hibernate.internal.SessionImpl.delete(SessionImpl.java:927)
	at com.stackroute.activitystream.daoimpl.CircleDAOImpl.delete(CircleDAOImpl.java:100)
	at sun.reflect.NativeMethodAccessorImpl.invoke0(Native Method)
	at sun.reflect.NativeMethodAccessorImpl.invoke(Unknown Source)
	at sun.reflect.DelegatingMethodAccessorImpl.invoke(Unknown Source)
	at java.lang.reflect.Method.invoke(Unknown Source)
	at org.springframework.aop.support.AopUtils.invokeJoinpointUsingReflection(AopUtils.java:338)
	at org.springframework.aop.framework.ReflectiveMethodInvocation.invokeJoinpoint(ReflectiveMethodInvocation.java:197)
	at org.springframework.aop.framework.ReflectiveMethodInvocation.proceed(ReflectiveMethodInvocation.java:163)
	at org.springframework.transaction.interceptor.TransactionInterceptor$1.proceedWithInvocation(TransactionInterceptor.java:99)
	at org.springframework.transaction.interceptor.TransactionAspectSupport.invokeWithinTransaction(TransactionAspectSupport.java:282)
	at org.springframework.transaction.interceptor.TransactionInterceptor.invoke(TransactionInterceptor.java:96)
	at org.springframework.aop.framework.ReflectiveMethodInvocation.proceed(ReflectiveMethodInvocation.java:185)
	at org.springframework.aop.framework.JdkDynamicAopProxy.invoke(JdkDynamicAopProxy.java:212)
	at com.sun.proxy.$Proxy50.delete(Unknown Source)
	at com.stackroute.activitystream.test.CircleTest.testCreateCircleDuplicateFailure(CircleTest.java:110)
	at sun.reflect.NativeMethodAccessorImpl.invoke0(Native Method)
	at sun.reflect.NativeMethodAccessorImpl.invoke(Unknown Source)
	at sun.reflect.DelegatingMethodAccessorImpl.invoke(Unknown Source)
	at java.lang.reflect.Method.invoke(Unknown Source)
	at org.junit.runners.model.FrameworkMethod$1.runReflectiveCall(FrameworkMethod.java:50)
	at org.junit.internal.runners.model.ReflectiveCallable.run(ReflectiveCallable.java:12)
	at org.junit.runners.model.FrameworkMethod.invokeExplosively(FrameworkMethod.java:47)
	at org.junit.internal.runners.statements.InvokeMethod.evaluate(InvokeMethod.java:17)
	at org.junit.internal.runners.statements.RunBefores.evaluate(RunBefores.java:26)
	at org.springframework.test.context.junit4.statements.RunBeforeTestMethodCallbacks.evaluate(RunBeforeTestMethodCallbacks.java:75)
	at org.junit.internal.runners.statements.RunAfters.evaluate(RunAfters.java:27)
	at org.springframework.test.context.junit4.statements.RunAfterTestMethodCallbacks.evaluate(RunAfterTestMethodCallbacks.java:86)
	at org.springframework.test.context.junit4.statements.SpringRepeat.evaluate(SpringRepeat.java:84)
	at org.junit.runners.ParentRunner.runLeaf(ParentRunner.java:325)
	at org.springframework.test.context.junit4.SpringJUnit4ClassRunner.runChild(SpringJUnit4ClassRunner.java:252)
	at org.springframework.test.context.junit4.SpringJUnit4ClassRunner.runChild(SpringJUnit4ClassRunner.java:94)
	at org.junit.runners.ParentRunner$3.run(ParentRunner.java:290)
	at org.junit.runners.ParentRunner$1.schedule(ParentRunner.java:71)
	at org.junit.runners.ParentRunner.runChildren(ParentRunner.java:288)
	at org.junit.runners.ParentRunner.access$000(ParentRunner.java:58)
	at org.junit.runners.ParentRunner$2.evaluate(ParentRunner.java:268)
	at org.springframework.test.context.junit4.statements.RunBeforeTestClassCallbacks.evaluate(RunBeforeTestClassCallbacks.java:61)
	at org.springframework.test.context.junit4.statements.RunAfterTestClassCallbacks.evaluate(RunAfterTestClassCallbacks.java:70)
	at org.junit.runners.ParentRunner.run(ParentRunner.java:363)
	at org.springframework.test.context.junit4.SpringJUnit4ClassRunner.run(SpringJUnit4ClassRunner.java:191)
	at org.eclipse.jdt.internal.junit4.runner.JUnit4TestReference.run(JUnit4TestReference.java:86)
	at org.eclipse.jdt.internal.junit.runner.TestExecution.run(TestExecution.java:38)
	at org.eclipse.jdt.internal.junit.runner.RemoteTestRunner.runTests(RemoteTestRunner.java:539)
	at org.eclipse.jdt.internal.junit.runner.RemoteTestRunner.runTests(RemoteTestRunner.java:761)
	at org.eclipse.jdt.internal.junit.runner.RemoteTestRunner.run(RemoteTestRunner.java:461)
	at org.eclipse.jdt.internal.junit.runner.RemoteTestRunner.main(RemoteTestRunner.java:207)
2017-12-27 11:58:01 [main] DEBUG o.s.o.h.HibernateTransactionManager - Found thread-bound Session [SessionImpl(PersistenceContext[entityKeys=[EntityKey[com.stackroute.activitystream.model.Circle#Java], EntityKey[com.stackroute.activitystream.model.User#john]],collectionKeys=[]];ActionQueue[insertions=ExecutableList{size=0} updates=ExecutableList{size=0} deletions=ExecutableList{size=0} orphanRemovals=ExecutableList{size=0} collectionCreations=ExecutableList{size=0} collectionRemovals=ExecutableList{size=0} collectionUpdates=ExecutableList{size=0} collectionQueuedOps=ExecutableList{size=0} unresolvedInsertDependencies=null])] for Hibernate transaction
2017-12-27 11:58:01 [main] DEBUG o.s.o.h.HibernateTransactionManager - Participating in existing transaction
2017-12-27 11:58:01 [main] DEBUG o.h.e.i.AbstractFlushingEventListener - Processing flush-time cascades
2017-12-27 11:58:01 [main] DEBUG o.h.e.i.AbstractFlushingEventListener - Dirty checking collections
2017-12-27 11:58:01 [main] DEBUG o.h.e.i.AbstractFlushingEventListener - Flushed: 0 insertions, 0 updates, 0 deletions to 2 objects
2017-12-27 11:58:01 [main] DEBUG o.h.e.i.AbstractFlushingEventListener - Flushed: 0 (re)creations, 0 updates, 0 removals to 0 collections
2017-12-27 11:58:01 [main] DEBUG o.h.internal.util.EntityPrinter - Listing entities:
2017-12-27 11:58:01 [main] DEBUG o.h.internal.util.EntityPrinter - com.stackroute.activitystream.model.Circle{createdDate=2017-12-27 11:58:01.959, creatorId=John, circleName=Java}
2017-12-27 11:58:01 [main] DEBUG o.h.internal.util.EntityPrinter - com.stackroute.activitystream.model.User{password=password, name=John, username=john}
2017-12-27 11:58:01 [main] DEBUG org.hibernate.SQL - select user0_.username as username1_2_, user0_.name as name2_2_, user0_.password as password3_2_ from user user0_ where user0_.username=?
2017-12-27 11:58:02 [main] DEBUG org.hibernate.loader.Loader - Result set row: 0
2017-12-27 11:58:02 [main] DEBUG org.hibernate.loader.Loader - Result row: EntityKey[com.stackroute.activitystream.model.User#john]
2017-12-27 11:58:02 [main] DEBUG o.s.o.h.HibernateTransactionManager - Found thread-bound Session [SessionImpl(PersistenceContext[entityKeys=[EntityKey[com.stackroute.activitystream.model.Circle#Java], EntityKey[com.stackroute.activitystream.model.User#john]],collectionKeys=[]];ActionQueue[insertions=ExecutableList{size=0} updates=ExecutableList{size=0} deletions=ExecutableList{size=0} orphanRemovals=ExecutableList{size=0} collectionCreations=ExecutableList{size=0} collectionRemovals=ExecutableList{size=0} collectionUpdates=ExecutableList{size=0} collectionQueuedOps=ExecutableList{size=0} unresolvedInsertDependencies=null])] for Hibernate transaction
2017-12-27 11:58:02 [main] DEBUG o.s.o.h.HibernateTransactionManager - Participating in existing transaction
2017-12-27 11:58:02 [main] DEBUG o.h.e.i.AbstractFlushingEventListener - Processing flush-time cascades
2017-12-27 11:58:02 [main] DEBUG o.h.e.i.AbstractFlushingEventListener - Dirty checking collections
2017-12-27 11:58:02 [main] DEBUG o.h.e.i.AbstractFlushingEventListener - Flushed: 0 insertions, 0 updates, 0 deletions to 2 objects
2017-12-27 11:58:02 [main] DEBUG o.h.e.i.AbstractFlushingEventListener - Flushed: 0 (re)creations, 0 updates, 0 removals to 0 collections
2017-12-27 11:58:02 [main] DEBUG o.h.internal.util.EntityPrinter - Listing entities:
2017-12-27 11:58:02 [main] DEBUG o.h.internal.util.EntityPrinter - com.stackroute.activitystream.model.Circle{createdDate=2017-12-27 11:58:01.959, creatorId=John, circleName=Java}
2017-12-27 11:58:02 [main] DEBUG o.h.internal.util.EntityPrinter - com.stackroute.activitystream.model.User{password=password, name=John, username=john}
2017-12-27 11:58:02 [main] DEBUG org.hibernate.SQL - select user0_.username as username1_2_, user0_.name as name2_2_, user0_.password as password3_2_ from user user0_ where user0_.username=?
2017-12-27 11:58:02 [main] DEBUG org.hibernate.loader.Loader - Result set row: 0
2017-12-27 11:58:02 [main] DEBUG org.hibernate.loader.Loader - Result row: EntityKey[com.stackroute.activitystream.model.User#john]
2017-12-27 11:58:02 [main] DEBUG o.s.o.h.HibernateTransactionManager - Found thread-bound Session [SessionImpl(PersistenceContext[entityKeys=[EntityKey[com.stackroute.activitystream.model.Circle#Java], EntityKey[com.stackroute.activitystream.model.User#john]],collectionKeys=[]];ActionQueue[insertions=ExecutableList{size=0} updates=ExecutableList{size=0} deletions=ExecutableList{size=0} orphanRemovals=ExecutableList{size=0} collectionCreations=ExecutableList{size=0} collectionRemovals=ExecutableList{size=0} collectionUpdates=ExecutableList{size=0} collectionQueuedOps=ExecutableList{size=0} unresolvedInsertDependencies=null])] for Hibernate transaction
2017-12-27 11:58:02 [main] DEBUG o.s.o.h.HibernateTransactionManager - Participating in existing transaction
2017-12-27 11:58:02 [main] DEBUG o.s.o.h.HibernateTransactionManager - Found thread-bound Session [SessionImpl(PersistenceContext[entityKeys=[EntityKey[com.stackroute.activitystream.model.Circle#Java], EntityKey[com.stackroute.activitystream.model.User#john]],collectionKeys=[]];ActionQueue[insertions=ExecutableList{size=0} updates=ExecutableList{size=0} deletions=ExecutableList{size=1} orphanRemovals=ExecutableList{size=0} collectionCreations=ExecutableList{size=0} collectionRemovals=ExecutableList{size=0} collectionUpdates=ExecutableList{size=0} collectionQueuedOps=ExecutableList{size=0} unresolvedInsertDependencies=null])] for Hibernate transaction
2017-12-27 11:58:02 [main] DEBUG o.s.o.h.HibernateTransactionManager - Participating in existing transaction
2017-12-27 11:58:02 [main] DEBUG o.h.e.i.AbstractFlushingEventListener - Processing flush-time cascades
2017-12-27 11:58:02 [main] DEBUG o.h.e.i.AbstractFlushingEventListener - Dirty checking collections
2017-12-27 11:58:02 [main] DEBUG o.h.e.i.AbstractFlushingEventListener - Flushed: 0 insertions, 0 updates, 1 deletions to 2 objects
2017-12-27 11:58:02 [main] DEBUG o.h.e.i.AbstractFlushingEventListener - Flushed: 0 (re)creations, 0 updates, 0 removals to 0 collections
2017-12-27 11:58:02 [main] DEBUG o.h.internal.util.EntityPrinter - Listing entities:
2017-12-27 11:58:02 [main] DEBUG o.h.internal.util.EntityPrinter - com.stackroute.activitystream.model.Circle{createdDate=2017-12-27 11:58:01.959, creatorId=John, circleName=Java}
2017-12-27 11:58:02 [main] DEBUG o.h.internal.util.EntityPrinter - com.stackroute.activitystream.model.User{password=password, name=John, username=john}
2017-12-27 11:58:02 [main] DEBUG org.hibernate.SQL - select circle0_.circleName as circleNa1_0_, circle0_.createdDate as createdD2_0_, circle0_.creatorId as creatorI3_0_ from circle circle0_ where circle0_.circleName=?
2017-12-27 11:58:02 [main] DEBUG org.hibernate.loader.Loader - Result set row: 0
2017-12-27 11:58:02 [main] DEBUG org.hibernate.loader.Loader - Result row: EntityKey[com.stackroute.activitystream.model.Circle#Java]
2017-12-27 11:58:02 [main] DEBUG o.s.o.h.HibernateTransactionManager - Found thread-bound Session [SessionImpl(PersistenceContext[entityKeys=[EntityKey[com.stackroute.activitystream.model.Circle#Java], EntityKey[com.stackroute.activitystream.model.User#john]],collectionKeys=[]];ActionQueue[insertions=ExecutableList{size=0} updates=ExecutableList{size=0} deletions=ExecutableList{size=1} orphanRemovals=ExecutableList{size=0} collectionCreations=ExecutableList{size=0} collectionRemovals=ExecutableList{size=0} collectionUpdates=ExecutableList{size=0} collectionQueuedOps=ExecutableList{size=0} unresolvedInsertDependencies=null])] for Hibernate transaction
2017-12-27 11:58:02 [main] DEBUG o.s.o.h.HibernateTransactionManager - Participating in existing transaction
2017-12-27 11:58:02 [main] DEBUG o.h.e.i.AbstractFlushingEventListener - Processing flush-time cascades
2017-12-27 11:58:02 [main] DEBUG o.h.e.i.AbstractFlushingEventListener - Dirty checking collections
2017-12-27 11:58:02 [main] DEBUG o.h.e.i.AbstractFlushingEventListener - Flushed: 0 insertions, 0 updates, 1 deletions to 2 objects
2017-12-27 11:58:02 [main] DEBUG o.h.e.i.AbstractFlushingEventListener - Flushed: 0 (re)creations, 0 updates, 0 removals to 0 collections
2017-12-27 11:58:02 [main] DEBUG o.h.internal.util.EntityPrinter - Listing entities:
2017-12-27 11:58:02 [main] DEBUG o.h.internal.util.EntityPrinter - com.stackroute.activitystream.model.Circle{createdDate=2017-12-27 11:58:01.959, creatorId=John, circleName=Java}
2017-12-27 11:58:02 [main] DEBUG o.h.internal.util.EntityPrinter - com.stackroute.activitystream.model.User{password=password, name=John, username=john}
2017-12-27 11:58:02 [main] DEBUG org.hibernate.SQL - select circle0_.circleName as circleNa1_0_, circle0_.createdDate as createdD2_0_, circle0_.creatorId as creatorI3_0_ from circle circle0_ where circle0_.circleName=?
2017-12-27 11:58:02 [main] DEBUG org.hibernate.loader.Loader - Result set row: 0
2017-12-27 11:58:02 [main] DEBUG org.hibernate.loader.Loader - Result row: EntityKey[com.stackroute.activitystream.model.Circle#Java]
2017-12-27 11:58:02 [main] DEBUG o.s.o.h.HibernateTransactionManager - Found thread-bound Session [SessionImpl(PersistenceContext[entityKeys=[EntityKey[com.stackroute.activitystream.model.Circle#Java], EntityKey[com.stackroute.activitystream.model.User#john]],collectionKeys=[]];ActionQueue[insertions=ExecutableList{size=0} updates=ExecutableList{size=0} deletions=ExecutableList{size=1} orphanRemovals=ExecutableList{size=0} collectionCreations=ExecutableList{size=0} collectionRemovals=ExecutableList{size=0} collectionUpdates=ExecutableList{size=0} collectionQueuedOps=ExecutableList{size=0} unresolvedInsertDependencies=null])] for Hibernate transaction
2017-12-27 11:58:02 [main] DEBUG o.s.o.h.HibernateTransactionManager - Participating in existing transaction
2017-12-27 11:58:02 [main] DEBUG o.s.o.h.HibernateTransactionManager - Initiating transaction rollback
2017-12-27 11:58:02 [main] DEBUG o.s.o.h.HibernateTransactionManager - Rolling back Hibernate transaction on Session [SessionImpl(PersistenceContext[entityKeys=[EntityKey[com.stackroute.activitystream.model.Circle#Java], EntityKey[com.stackroute.activitystream.model.User#john]],collectionKeys=[]];ActionQueue[insertions=ExecutableList{size=0} updates=ExecutableList{size=0} deletions=ExecutableList{size=2} orphanRemovals=ExecutableList{size=0} collectionCreations=ExecutableList{size=0} collectionRemovals=ExecutableList{size=0} collectionUpdates=ExecutableList{size=0} collectionQueuedOps=ExecutableList{size=0} unresolvedInsertDependencies=null])]
2017-12-27 11:58:02 [main] DEBUG o.h.e.t.internal.TransactionImpl - rolling back
2017-12-27 11:58:02 [main] DEBUG o.s.o.h.HibernateTransactionManager - Closing Hibernate Session [SessionImpl(PersistenceContext[entityKeys=[],collectionKeys=[]];ActionQueue[insertions=ExecutableList{size=0} updates=ExecutableList{size=0} deletions=ExecutableList{size=0} orphanRemovals=ExecutableList{size=0} collectionCreations=ExecutableList{size=0} collectionRemovals=ExecutableList{size=0} collectionUpdates=ExecutableList{size=0} collectionQueuedOps=ExecutableList{size=0} unresolvedInsertDependencies=null])] after transaction
2017-12-27 11:58:02 [main] DEBUG o.h.e.j.internal.JdbcCoordinatorImpl - HHH000420: Closing un-released batch
2017-12-27 11:58:02 [main] INFO  o.s.t.c.t.TransactionContext - Rolled back transaction for test context [DefaultTestContext@25e8e59 testClass = CircleTest, testInstance = com.stackroute.activitystream.test.CircleTest@18c7f6b5, testMethod = testCreateCircleDuplicateFailure@CircleTest, testException = [null], mergedContextConfiguration = [WebMergedContextConfiguration@3a0896b3 testClass = CircleTest, locations = '{}', classes = '{class com.stackroute.activitystream.config.ApplicationContextConfig}', contextInitializerClasses = '[]', activeProfiles = '{}', propertySourceLocations = '{}', propertySourceProperties = '{}', contextCustomizers = set[org.springframework.test.context.web.socket.MockServerContainerContextCustomizer@166fa74d], resourceBasePath = 'src/main/webapp', contextLoader = 'org.springframework.test.context.web.WebDelegatingSmartContextLoader', parent = [null]]].
2017-12-27 11:58:02 [main] DEBUG o.s.t.c.s.AbstractDirtiesContextTestExecutionListener - After test method: context [DefaultTestContext@25e8e59 testClass = CircleTest, testInstance = com.stackroute.activitystream.test.CircleTest@18c7f6b5, testMethod = testCreateCircleDuplicateFailure@CircleTest, testException = [null], mergedContextConfiguration = [WebMergedContextConfiguration@3a0896b3 testClass = CircleTest, locations = '{}', classes = '{class com.stackroute.activitystream.config.ApplicationContextConfig}', contextInitializerClasses = '[]', activeProfiles = '{}', propertySourceLocations = '{}', propertySourceProperties = '{}', contextCustomizers = set[org.springframework.test.context.web.socket.MockServerContainerContextCustomizer@166fa74d], resourceBasePath = 'src/main/webapp', contextLoader = 'org.springframework.test.context.web.WebDelegatingSmartContextLoader', parent = [null]]], class annotated with @DirtiesContext [false] with mode [null], method annotated with @DirtiesContext [false] with mode [null].
2017-12-27 11:58:02 [main] DEBUG o.s.t.c.w.ServletTestExecutionListener - Resetting RequestContextHolder for test context [DefaultTestContext@25e8e59 testClass = CircleTest, testInstance = com.stackroute.activitystream.test.CircleTest@18c7f6b5, testMethod = testCreateCircleDuplicateFailure@CircleTest, testException = [null], mergedContextConfiguration = [WebMergedContextConfiguration@3a0896b3 testClass = CircleTest, locations = '{}', classes = '{class com.stackroute.activitystream.config.ApplicationContextConfig}', contextInitializerClasses = '[]', activeProfiles = '{}', propertySourceLocations = '{}', propertySourceProperties = '{}', contextCustomizers = set[org.springframework.test.context.web.socket.MockServerContainerContextCustomizer@166fa74d], resourceBasePath = 'src/main/webapp', contextLoader = 'org.springframework.test.context.web.WebDelegatingSmartContextLoader', parent = [null]]].
2017-12-27 11:58:02 [main] DEBUG o.s.t.annotation.ProfileValueUtils - Retrieved @ProfileValueSourceConfiguration [null] for test class [com.stackroute.activitystream.test.CircleTest]
2017-12-27 11:58:02 [main] DEBUG o.s.t.annotation.ProfileValueUtils - Retrieved ProfileValueSource type [class org.springframework.test.annotation.SystemProfileValueSource] for class [com.stackroute.activitystream.test.CircleTest]
2017-12-27 11:58:02 [main] DEBUG o.s.t.c.c.DefaultCacheAwareContextLoaderDelegate - Retrieved ApplicationContext from cache with key [[WebMergedContextConfiguration@3a0896b3 testClass = CircleTest, locations = '{}', classes = '{class com.stackroute.activitystream.config.ApplicationContextConfig}', contextInitializerClasses = '[]', activeProfiles = '{}', propertySourceLocations = '{}', propertySourceProperties = '{}', contextCustomizers = set[org.springframework.test.context.web.socket.MockServerContainerContextCustomizer@166fa74d], resourceBasePath = 'src/main/webapp', contextLoader = 'org.springframework.test.context.web.WebDelegatingSmartContextLoader', parent = [null]]]
2017-12-27 11:58:02 [main] DEBUG o.springframework.test.context.cache - Spring test ApplicationContext cache statistics: [DefaultContextCache@6edcad64 size = 1, maxSize = 32, parentContextCount = 0, hitCount = 127, missCount = 1]
2017-12-27 11:58:02 [main] DEBUG o.s.t.c.w.ServletTestExecutionListener - Setting up MockHttpServletRequest, MockHttpServletResponse, ServletWebRequest, and RequestContextHolder for test context [DefaultTestContext@25e8e59 testClass = CircleTest, testInstance = com.stackroute.activitystream.test.CircleTest@4a660b34, testMethod = [null], testException = [null], mergedContextConfiguration = [WebMergedContextConfiguration@3a0896b3 testClass = CircleTest, locations = '{}', classes = '{class com.stackroute.activitystream.config.ApplicationContextConfig}', contextInitializerClasses = '[]', activeProfiles = '{}', propertySourceLocations = '{}', propertySourceProperties = '{}', contextCustomizers = set[org.springframework.test.context.web.socket.MockServerContainerContextCustomizer@166fa74d], resourceBasePath = 'src/main/webapp', contextLoader = 'org.springframework.test.context.web.WebDelegatingSmartContextLoader', parent = [null]]].
2017-12-27 11:58:02 [main] DEBUG o.s.t.c.s.DependencyInjectionTestExecutionListener - Performing dependency injection for test context [[DefaultTestContext@25e8e59 testClass = CircleTest, testInstance = com.stackroute.activitystream.test.CircleTest@4a660b34, testMethod = [null], testException = [null], mergedContextConfiguration = [WebMergedContextConfiguration@3a0896b3 testClass = CircleTest, locations = '{}', classes = '{class com.stackroute.activitystream.config.ApplicationContextConfig}', contextInitializerClasses = '[]', activeProfiles = '{}', propertySourceLocations = '{}', propertySourceProperties = '{}', contextCustomizers = set[org.springframework.test.context.web.socket.MockServerContainerContextCustomizer@166fa74d], resourceBasePath = 'src/main/webapp', contextLoader = 'org.springframework.test.context.web.WebDelegatingSmartContextLoader', parent = [null]]]].
2017-12-27 11:58:02 [main] DEBUG o.s.t.c.c.DefaultCacheAwareContextLoaderDelegate - Retrieved ApplicationContext from cache with key [[WebMergedContextConfiguration@3a0896b3 testClass = CircleTest, locations = '{}', classes = '{class com.stackroute.activitystream.config.ApplicationContextConfig}', contextInitializerClasses = '[]', activeProfiles = '{}', propertySourceLocations = '{}', propertySourceProperties = '{}', contextCustomizers = set[org.springframework.test.context.web.socket.MockServerContainerContextCustomizer@166fa74d], resourceBasePath = 'src/main/webapp', contextLoader = 'org.springframework.test.context.web.WebDelegatingSmartContextLoader', parent = [null]]]
2017-12-27 11:58:02 [main] DEBUG o.springframework.test.context.cache - Spring test ApplicationContext cache statistics: [DefaultContextCache@6edcad64 size = 1, maxSize = 32, parentContextCount = 0, hitCount = 128, missCount = 1]
2017-12-27 11:58:02 [main] DEBUG o.s.b.f.annotation.InjectionMetadata - Processing injected element of bean 'com.stackroute.activitystream.test.CircleTest': AutowiredFieldElement for private com.stackroute.activitystream.dao.UserDAO com.stackroute.activitystream.test.CircleTest.userDAO
2017-12-27 11:58:02 [main] DEBUG o.s.core.annotation.AnnotationUtils - Failed to meta-introspect annotation [interface org.springframework.beans.factory.annotation.Autowired]: java.lang.IllegalArgumentException: Annotation must not be null
2017-12-27 11:58:02 [main] DEBUG o.s.b.f.s.DefaultListableBeanFactory - Returning cached instance of singleton bean 'userDAO'
2017-12-27 11:58:02 [main] DEBUG o.s.b.f.annotation.InjectionMetadata - Processing injected element of bean 'com.stackroute.activitystream.test.CircleTest': AutowiredFieldElement for private com.stackroute.activitystream.dao.CircleDAO com.stackroute.activitystream.test.CircleTest.circleDAO
2017-12-27 11:58:02 [main] DEBUG o.s.core.annotation.AnnotationUtils - Failed to meta-introspect annotation [interface org.springframework.beans.factory.annotation.Autowired]: java.lang.IllegalArgumentException: Annotation must not be null
2017-12-27 11:58:02 [main] DEBUG o.s.b.f.s.DefaultListableBeanFactory - Returning cached instance of singleton bean 'circleDAO'
2017-12-27 11:58:02 [main] DEBUG o.s.b.f.annotation.InjectionMetadata - Processing injected element of bean 'com.stackroute.activitystream.test.CircleTest': AutowiredFieldElement for private com.stackroute.activitystream.model.Circle com.stackroute.activitystream.test.CircleTest.circle
2017-12-27 11:58:02 [main] DEBUG o.s.core.annotation.AnnotationUtils - Failed to meta-introspect annotation [interface org.springframework.beans.factory.annotation.Autowired]: java.lang.IllegalArgumentException: Annotation must not be null
2017-12-27 11:58:02 [main] DEBUG o.s.b.f.s.DefaultListableBeanFactory - Returning cached instance of singleton bean 'circle'
2017-12-27 11:58:02 [main] DEBUG o.s.b.f.s.DefaultListableBeanFactory - Returning cached instance of singleton bean 'org.springframework.transaction.config.internalTransactionAdvisor'
2017-12-27 11:58:02 [main] DEBUG o.s.a.f.a.InfrastructureAdvisorAutoProxyCreator - Creating implicit proxy for bean 'com.stackroute.activitystream.test.CircleTest' with 0 common interceptors and 1 specific interceptors
2017-12-27 11:58:02 [main] DEBUG o.s.aop.framework.CglibAopProxy - Creating CGLIB proxy: target source is SingletonTargetSource for target object [com.stackroute.activitystream.test.CircleTest@4a660b34]
2017-12-27 11:58:02 [main] DEBUG o.s.t.c.s.AbstractDirtiesContextTestExecutionListener - Before test method: context [DefaultTestContext@25e8e59 testClass = CircleTest, testInstance = com.stackroute.activitystream.test.CircleTest@4a660b34, testMethod = testGetAllCirclesWithSearchStringFailure@CircleTest, testException = [null], mergedContextConfiguration = [WebMergedContextConfiguration@3a0896b3 testClass = CircleTest, locations = '{}', classes = '{class com.stackroute.activitystream.config.ApplicationContextConfig}', contextInitializerClasses = '[]', activeProfiles = '{}', propertySourceLocations = '{}', propertySourceProperties = '{}', contextCustomizers = set[org.springframework.test.context.web.socket.MockServerContainerContextCustomizer@166fa74d], resourceBasePath = 'src/main/webapp', contextLoader = 'org.springframework.test.context.web.WebDelegatingSmartContextLoader', parent = [null]]], class annotated with @DirtiesContext [false] with mode [null], method annotated with @DirtiesContext [false] with mode [null].
2017-12-27 11:58:02 [main] DEBUG o.s.t.a.AnnotationTransactionAttributeSource - Adding transactional method 'com.stackroute.activitystream.test.CircleTest.testGetAllCirclesWithSearchStringFailure' with attribute: PROPAGATION_REQUIRED,ISOLATION_DEFAULT
2017-12-27 11:58:02 [main] DEBUG o.s.t.c.t.TransactionalTestExecutionListener - Explicit transaction definition [PROPAGATION_REQUIRED,ISOLATION_DEFAULT] found for test context [DefaultTestContext@25e8e59 testClass = CircleTest, testInstance = com.stackroute.activitystream.test.CircleTest@4a660b34, testMethod = testGetAllCirclesWithSearchStringFailure@CircleTest, testException = [null], mergedContextConfiguration = [WebMergedContextConfiguration@3a0896b3 testClass = CircleTest, locations = '{}', classes = '{class com.stackroute.activitystream.config.ApplicationContextConfig}', contextInitializerClasses = '[]', activeProfiles = '{}', propertySourceLocations = '{}', propertySourceProperties = '{}', contextCustomizers = set[org.springframework.test.context.web.socket.MockServerContainerContextCustomizer@166fa74d], resourceBasePath = 'src/main/webapp', contextLoader = 'org.springframework.test.context.web.WebDelegatingSmartContextLoader', parent = [null]]]
2017-12-27 11:58:02 [main] DEBUG o.s.t.c.c.DefaultCacheAwareContextLoaderDelegate - Retrieved ApplicationContext from cache with key [[WebMergedContextConfiguration@3a0896b3 testClass = CircleTest, locations = '{}', classes = '{class com.stackroute.activitystream.config.ApplicationContextConfig}', contextInitializerClasses = '[]', activeProfiles = '{}', propertySourceLocations = '{}', propertySourceProperties = '{}', contextCustomizers = set[org.springframework.test.context.web.socket.MockServerContainerContextCustomizer@166fa74d], resourceBasePath = 'src/main/webapp', contextLoader = 'org.springframework.test.context.web.WebDelegatingSmartContextLoader', parent = [null]]]
2017-12-27 11:58:02 [main] DEBUG o.springframework.test.context.cache - Spring test ApplicationContext cache statistics: [DefaultContextCache@6edcad64 size = 1, maxSize = 32, parentContextCount = 0, hitCount = 129, missCount = 1]
2017-12-27 11:58:02 [main] DEBUG o.s.b.f.s.DefaultListableBeanFactory - Returning cached instance of singleton bean 'transactionManager'
2017-12-27 11:58:02 [main] DEBUG o.s.t.c.t.TransactionalTestExecutionListener - No method-level @Rollback override: using default rollback [true] for test context [DefaultTestContext@25e8e59 testClass = CircleTest, testInstance = com.stackroute.activitystream.test.CircleTest@4a660b34, testMethod = testGetAllCirclesWithSearchStringFailure@CircleTest, testException = [null], mergedContextConfiguration = [WebMergedContextConfiguration@3a0896b3 testClass = CircleTest, locations = '{}', classes = '{class com.stackroute.activitystream.config.ApplicationContextConfig}', contextInitializerClasses = '[]', activeProfiles = '{}', propertySourceLocations = '{}', propertySourceProperties = '{}', contextCustomizers = set[org.springframework.test.context.web.socket.MockServerContainerContextCustomizer@166fa74d], resourceBasePath = 'src/main/webapp', contextLoader = 'org.springframework.test.context.web.WebDelegatingSmartContextLoader', parent = [null]]].
2017-12-27 11:58:02 [main] DEBUG o.s.o.h.HibernateTransactionManager - Creating new transaction with name [com.stackroute.activitystream.test.CircleTest.testGetAllCirclesWithSearchStringFailure]: PROPAGATION_REQUIRED,ISOLATION_DEFAULT
2017-12-27 11:58:02 [main] DEBUG o.s.o.h.HibernateTransactionManager - Opened new Session [SessionImpl(PersistenceContext[entityKeys=[],collectionKeys=[]];ActionQueue[insertions=ExecutableList{size=0} updates=ExecutableList{size=0} deletions=ExecutableList{size=0} orphanRemovals=ExecutableList{size=0} collectionCreations=ExecutableList{size=0} collectionRemovals=ExecutableList{size=0} collectionUpdates=ExecutableList{size=0} collectionQueuedOps=ExecutableList{size=0} unresolvedInsertDependencies=null])] for Hibernate transaction
2017-12-27 11:58:02 [main] DEBUG o.s.o.h.HibernateTransactionManager - Preparing JDBC Connection of Hibernate Session [SessionImpl(PersistenceContext[entityKeys=[],collectionKeys=[]];ActionQueue[insertions=ExecutableList{size=0} updates=ExecutableList{size=0} deletions=ExecutableList{size=0} orphanRemovals=ExecutableList{size=0} collectionCreations=ExecutableList{size=0} collectionRemovals=ExecutableList{size=0} collectionUpdates=ExecutableList{size=0} collectionQueuedOps=ExecutableList{size=0} unresolvedInsertDependencies=null])]
2017-12-27 11:58:02 [main] DEBUG o.h.e.t.internal.TransactionImpl - begin
2017-12-27 11:58:02 [main] DEBUG o.s.o.h.HibernateTransactionManager - Exposing Hibernate transaction as JDBC transaction [908744222, URL=jdbc:mysql://localhost:3306/activitystream_step3, UserName=root@localhost, MySQL Connector Java]
2017-12-27 11:58:02 [main] INFO  o.s.t.c.t.TransactionContext - Began transaction (1) for test context [DefaultTestContext@25e8e59 testClass = CircleTest, testInstance = com.stackroute.activitystream.test.CircleTest@4a660b34, testMethod = testGetAllCirclesWithSearchStringFailure@CircleTest, testException = [null], mergedContextConfiguration = [WebMergedContextConfiguration@3a0896b3 testClass = CircleTest, locations = '{}', classes = '{class com.stackroute.activitystream.config.ApplicationContextConfig}', contextInitializerClasses = '[]', activeProfiles = '{}', propertySourceLocations = '{}', propertySourceProperties = '{}', contextCustomizers = set[org.springframework.test.context.web.socket.MockServerContainerContextCustomizer@166fa74d], resourceBasePath = 'src/main/webapp', contextLoader = 'org.springframework.test.context.web.WebDelegatingSmartContextLoader', parent = [null]]]; transaction manager [org.springframework.orm.hibernate5.HibernateTransactionManager@6ede46f6]; rollback [true]
2017-12-27 11:58:02 [main] DEBUG o.s.o.h.HibernateTransactionManager - Found thread-bound Session [SessionImpl(PersistenceContext[entityKeys=[],collectionKeys=[]];ActionQueue[insertions=ExecutableList{size=0} updates=ExecutableList{size=0} deletions=ExecutableList{size=0} orphanRemovals=ExecutableList{size=0} collectionCreations=ExecutableList{size=0} collectionRemovals=ExecutableList{size=0} collectionUpdates=ExecutableList{size=0} collectionQueuedOps=ExecutableList{size=0} unresolvedInsertDependencies=null])] for Hibernate transaction
2017-12-27 11:58:02 [main] DEBUG o.s.o.h.HibernateTransactionManager - Participating in existing transaction
2017-12-27 11:58:02 [main] DEBUG org.hibernate.SQL - select user0_.username as username1_2_, user0_.name as name2_2_, user0_.password as password3_2_ from user user0_ where user0_.username=?
2017-12-27 11:58:02 [main] DEBUG o.s.o.h.HibernateTransactionManager - Found thread-bound Session [SessionImpl(PersistenceContext[entityKeys=[],collectionKeys=[]];ActionQueue[insertions=ExecutableList{size=0} updates=ExecutableList{size=0} deletions=ExecutableList{size=0} orphanRemovals=ExecutableList{size=0} collectionCreations=ExecutableList{size=0} collectionRemovals=ExecutableList{size=0} collectionUpdates=ExecutableList{size=0} collectionQueuedOps=ExecutableList{size=0} unresolvedInsertDependencies=null])] for Hibernate transaction
2017-12-27 11:58:02 [main] DEBUG o.s.o.h.HibernateTransactionManager - Participating in existing transaction
2017-12-27 11:58:02 [main] DEBUG org.hibernate.SQL - select circle0_.circleName as circleNa1_0_, circle0_.createdDate as createdD2_0_, circle0_.creatorId as creatorI3_0_ from circle circle0_ where circle0_.circleName=?
2017-12-27 11:58:02 [main] DEBUG o.s.o.h.HibernateTransactionManager - Found thread-bound Session [SessionImpl(PersistenceContext[entityKeys=[],collectionKeys=[]];ActionQueue[insertions=ExecutableList{size=0} updates=ExecutableList{size=0} deletions=ExecutableList{size=0} orphanRemovals=ExecutableList{size=0} collectionCreations=ExecutableList{size=0} collectionRemovals=ExecutableList{size=0} collectionUpdates=ExecutableList{size=0} collectionQueuedOps=ExecutableList{size=0} unresolvedInsertDependencies=null])] for Hibernate transaction
2017-12-27 11:58:02 [main] DEBUG o.s.o.h.HibernateTransactionManager - Participating in existing transaction
2017-12-27 11:58:02 [main] DEBUG org.hibernate.SQL - select user_.username, user_.name as name2_2_, user_.password as password3_2_ from user user_ where user_.username=?
2017-12-27 11:58:02 [main] DEBUG o.h.r.j.i.ResourceRegistryStandardImpl - HHH000387: ResultSet's statement was not registered
2017-12-27 11:58:02 [main] DEBUG o.h.e.i.AbstractSaveEventListener - Generated identifier: john, using strategy: org.hibernate.id.Assigned
2017-12-27 11:58:02 [main] DEBUG o.h.e.i.AbstractFlushingEventListener - Processing flush-time cascades
2017-12-27 11:58:02 [main] DEBUG o.h.e.i.AbstractFlushingEventListener - Dirty checking collections
2017-12-27 11:58:02 [main] DEBUG o.h.e.i.AbstractFlushingEventListener - Flushed: 1 insertions, 0 updates, 0 deletions to 1 objects
2017-12-27 11:58:02 [main] DEBUG o.h.e.i.AbstractFlushingEventListener - Flushed: 0 (re)creations, 0 updates, 0 removals to 0 collections
2017-12-27 11:58:02 [main] DEBUG o.h.internal.util.EntityPrinter - Listing entities:
2017-12-27 11:58:02 [main] DEBUG o.h.internal.util.EntityPrinter - com.stackroute.activitystream.model.User{password=password, name=John, username=john}
2017-12-27 11:58:02 [main] DEBUG org.hibernate.SQL - insert into user (name, password, username) values (?, ?, ?)
2017-12-27 11:58:02 [main] DEBUG o.s.o.h.HibernateTransactionManager - Found thread-bound Session [SessionImpl(PersistenceContext[entityKeys=[EntityKey[com.stackroute.activitystream.model.User#john]],collectionKeys=[]];ActionQueue[insertions=ExecutableList{size=0} updates=ExecutableList{size=0} deletions=ExecutableList{size=0} orphanRemovals=ExecutableList{size=0} collectionCreations=ExecutableList{size=0} collectionRemovals=ExecutableList{size=0} collectionUpdates=ExecutableList{size=0} collectionQueuedOps=ExecutableList{size=0} unresolvedInsertDependencies=null])] for Hibernate transaction
2017-12-27 11:58:02 [main] DEBUG o.s.o.h.HibernateTransactionManager - Participating in existing transaction
2017-12-27 11:58:02 [main] DEBUG o.s.o.h.HibernateTransactionManager - Found thread-bound Session [SessionImpl(PersistenceContext[entityKeys=[EntityKey[com.stackroute.activitystream.model.User#john]],collectionKeys=[]];ActionQueue[insertions=ExecutableList{size=0} updates=ExecutableList{size=0} deletions=ExecutableList{size=0} orphanRemovals=ExecutableList{size=0} collectionCreations=ExecutableList{size=0} collectionRemovals=ExecutableList{size=0} collectionUpdates=ExecutableList{size=0} collectionQueuedOps=ExecutableList{size=0} unresolvedInsertDependencies=null])] for Hibernate transaction
2017-12-27 11:58:02 [main] DEBUG o.s.o.h.HibernateTransactionManager - Participating in existing transaction
2017-12-27 11:58:02 [main] DEBUG o.h.e.i.AbstractFlushingEventListener - Processing flush-time cascades
2017-12-27 11:58:02 [main] DEBUG o.h.e.i.AbstractFlushingEventListener - Dirty checking collections
2017-12-27 11:58:02 [main] DEBUG o.h.e.i.AbstractFlushingEventListener - Flushed: 0 insertions, 0 updates, 0 deletions to 1 objects
2017-12-27 11:58:02 [main] DEBUG o.h.e.i.AbstractFlushingEventListener - Flushed: 0 (re)creations, 0 updates, 0 removals to 0 collections
2017-12-27 11:58:02 [main] DEBUG o.h.internal.util.EntityPrinter - Listing entities:
2017-12-27 11:58:02 [main] DEBUG o.h.internal.util.EntityPrinter - com.stackroute.activitystream.model.User{password=password, name=John, username=john}
2017-12-27 11:58:02 [main] DEBUG org.hibernate.SQL - select user0_.username as username1_2_, user0_.name as name2_2_, user0_.password as password3_2_ from user user0_ where user0_.username=?
2017-12-27 11:58:02 [main] DEBUG org.hibernate.loader.Loader - Result set row: 0
2017-12-27 11:58:02 [main] DEBUG org.hibernate.loader.Loader - Result row: EntityKey[com.stackroute.activitystream.model.User#john]
2017-12-27 11:58:02 [main] DEBUG o.s.o.h.HibernateTransactionManager - Found thread-bound Session [SessionImpl(PersistenceContext[entityKeys=[EntityKey[com.stackroute.activitystream.model.User#john]],collectionKeys=[]];ActionQueue[insertions=ExecutableList{size=0} updates=ExecutableList{size=0} deletions=ExecutableList{size=0} orphanRemovals=ExecutableList{size=0} collectionCreations=ExecutableList{size=0} collectionRemovals=ExecutableList{size=0} collectionUpdates=ExecutableList{size=0} collectionQueuedOps=ExecutableList{size=0} unresolvedInsertDependencies=null])] for Hibernate transaction
2017-12-27 11:58:02 [main] DEBUG o.s.o.h.HibernateTransactionManager - Participating in existing transaction
2017-12-27 11:58:02 [main] DEBUG o.h.e.i.AbstractFlushingEventListener - Processing flush-time cascades
2017-12-27 11:58:02 [main] DEBUG o.h.e.i.AbstractFlushingEventListener - Dirty checking collections
2017-12-27 11:58:02 [main] DEBUG o.h.e.i.AbstractFlushingEventListener - Flushed: 0 insertions, 0 updates, 0 deletions to 1 objects
2017-12-27 11:58:02 [main] DEBUG o.h.e.i.AbstractFlushingEventListener - Flushed: 0 (re)creations, 0 updates, 0 removals to 0 collections
2017-12-27 11:58:02 [main] DEBUG o.h.internal.util.EntityPrinter - Listing entities:
2017-12-27 11:58:02 [main] DEBUG o.h.internal.util.EntityPrinter - com.stackroute.activitystream.model.User{password=password, name=John, username=john}
2017-12-27 11:58:02 [main] DEBUG org.hibernate.SQL - select circle0_.circleName as circleNa1_0_, circle0_.createdDate as createdD2_0_, circle0_.creatorId as creatorI3_0_ from circle circle0_ where circle0_.circleName=?
2017-12-27 11:58:02 [main] DEBUG o.h.e.i.AbstractSaveEventListener - Generated identifier: Java, using strategy: org.hibernate.id.Assigned
2017-12-27 11:58:02 [main] DEBUG o.h.e.i.AbstractFlushingEventListener - Processing flush-time cascades
2017-12-27 11:58:02 [main] DEBUG o.h.e.i.AbstractFlushingEventListener - Dirty checking collections
2017-12-27 11:58:02 [main] DEBUG o.h.e.i.AbstractFlushingEventListener - Flushed: 1 insertions, 0 updates, 0 deletions to 1 objects
2017-12-27 11:58:02 [main] DEBUG o.h.e.i.AbstractFlushingEventListener - Flushed: 0 (re)creations, 0 updates, 0 removals to 0 collections
2017-12-27 11:58:02 [main] DEBUG o.h.internal.util.EntityPrinter - Listing entities:
2017-12-27 11:58:02 [main] DEBUG o.h.internal.util.EntityPrinter - com.stackroute.activitystream.model.Circle{createdDate=2017-12-27 11:58:02.073, creatorId=John, circleName=Java}
2017-12-27 11:58:02 [main] DEBUG org.hibernate.SQL - insert into circle (createdDate, creatorId, circleName) values (?, ?, ?)
2017-12-27 11:58:02 [main] DEBUG o.s.o.h.HibernateTransactionManager - Found thread-bound Session [SessionImpl(PersistenceContext[entityKeys=[EntityKey[com.stackroute.activitystream.model.Circle#Java]],collectionKeys=[]];ActionQueue[insertions=ExecutableList{size=0} updates=ExecutableList{size=0} deletions=ExecutableList{size=0} orphanRemovals=ExecutableList{size=0} collectionCreations=ExecutableList{size=0} collectionRemovals=ExecutableList{size=0} collectionUpdates=ExecutableList{size=0} collectionQueuedOps=ExecutableList{size=0} unresolvedInsertDependencies=null])] for Hibernate transaction
2017-12-27 11:58:02 [main] DEBUG o.s.o.h.HibernateTransactionManager - Participating in existing transaction
2017-12-27 11:58:02 [main] DEBUG o.h.e.i.AbstractFlushingEventListener - Processing flush-time cascades
2017-12-27 11:58:02 [main] DEBUG o.h.e.i.AbstractFlushingEventListener - Dirty checking collections
2017-12-27 11:58:02 [main] DEBUG o.h.e.i.AbstractFlushingEventListener - Flushed: 0 insertions, 0 updates, 0 deletions to 1 objects
2017-12-27 11:58:02 [main] DEBUG o.h.e.i.AbstractFlushingEventListener - Flushed: 0 (re)creations, 0 updates, 0 removals to 0 collections
2017-12-27 11:58:02 [main] DEBUG o.h.internal.util.EntityPrinter - Listing entities:
2017-12-27 11:58:02 [main] DEBUG o.h.internal.util.EntityPrinter - com.stackroute.activitystream.model.Circle{createdDate=2017-12-27 11:58:02.073, creatorId=John, circleName=Java}
2017-12-27 11:58:02 [main] DEBUG org.hibernate.SQL - select circle0_.circleName as circleNa1_0_, circle0_.createdDate as createdD2_0_, circle0_.creatorId as creatorI3_0_ from circle circle0_ where circle0_.circleName like ?
