2017-12-27 11:57:40 [main] DEBUG o.h.l.p.e.i.LoadQueryJoinAndFetchProcessor - processing queryspace <gen:0>
2017-12-27 11:57:40 [main] DEBUG o.h.l.p.b.spi.LoadPlanTreePrinter - LoadPlan(entity=com.stackroute.activitystream.model.UserCircle)
    - Returns
       - EntityReturnImpl(entity=com.stackroute.activitystream.model.UserCircle, querySpaceUid=<gen:0>, path=com.stackroute.activitystream.model.UserCircle)
    - QuerySpaces
       - EntityQuerySpaceImpl(uid=<gen:0>, entity=com.stackroute.activitystream.model.UserCircle)
          - SQL table alias mapping - usercircle0_
          - alias suffix - 0_
          - suffixed key columns - {userCirc1_3_0_}

2017-12-27 11:57:40 [main] DEBUG o.h.loader.entity.plan.EntityLoader - Static select for entity com.stackroute.activitystream.model.UserCircle [PESSIMISTIC_WRITE]: select usercircle0_.userCircleId as userCirc1_3_0_, usercircle0_.circleName as circleNa2_3_0_, usercircle0_.username as username3_3_0_ from user_circle usercircle0_ where usercircle0_.userCircleId=? for update
2017-12-27 11:57:40 [main] DEBUG o.h.l.p.b.i.spaces.QuerySpacesImpl - Adding QuerySpace : uid = <gen:0> -> org.hibernate.loader.plan.build.internal.spaces.EntityQuerySpaceImpl@35835fa]
2017-12-27 11:57:40 [main] DEBUG o.h.p.w.spi.MetamodelGraphWalker - Visiting attribute path : circleName
2017-12-27 11:57:40 [main] DEBUG o.h.p.w.spi.MetamodelGraphWalker - Visiting attribute path : username
2017-12-27 11:57:40 [main] DEBUG o.h.l.p.b.i.FetchStyleLoadPlanBuildingAssociationVisitationStrategy - Building LoadPlan...
2017-12-27 11:57:40 [main] DEBUG o.h.l.p.e.i.LoadQueryJoinAndFetchProcessor - processing queryspace <gen:0>
2017-12-27 11:57:40 [main] DEBUG o.h.l.p.b.spi.LoadPlanTreePrinter - LoadPlan(entity=com.stackroute.activitystream.model.UserCircle)
    - Returns
       - EntityReturnImpl(entity=com.stackroute.activitystream.model.UserCircle, querySpaceUid=<gen:0>, path=com.stackroute.activitystream.model.UserCircle)
    - QuerySpaces
       - EntityQuerySpaceImpl(uid=<gen:0>, entity=com.stackroute.activitystream.model.UserCircle)
          - SQL table alias mapping - usercircle0_
          - alias suffix - 0_
          - suffixed key columns - {userCirc1_3_0_}

2017-12-27 11:57:40 [main] DEBUG o.h.loader.entity.plan.EntityLoader - Static select for entity com.stackroute.activitystream.model.UserCircle [PESSIMISTIC_FORCE_INCREMENT]: select usercircle0_.userCircleId as userCirc1_3_0_, usercircle0_.circleName as circleNa2_3_0_, usercircle0_.username as username3_3_0_ from user_circle usercircle0_ where usercircle0_.userCircleId=? for update
2017-12-27 11:57:40 [main] DEBUG o.h.l.p.b.i.spaces.QuerySpacesImpl - Adding QuerySpace : uid = <gen:0> -> org.hibernate.loader.plan.build.internal.spaces.EntityQuerySpaceImpl@7207cb51]
2017-12-27 11:57:40 [main] DEBUG o.h.p.w.spi.MetamodelGraphWalker - Visiting attribute path : circleName
2017-12-27 11:57:40 [main] DEBUG o.h.p.w.spi.MetamodelGraphWalker - Visiting attribute path : username
2017-12-27 11:57:40 [main] DEBUG o.h.l.p.b.i.FetchStyleLoadPlanBuildingAssociationVisitationStrategy - Building LoadPlan...
2017-12-27 11:57:40 [main] DEBUG o.h.l.p.e.i.LoadQueryJoinAndFetchProcessor - processing queryspace <gen:0>
2017-12-27 11:57:40 [main] DEBUG o.h.l.p.b.spi.LoadPlanTreePrinter - LoadPlan(entity=com.stackroute.activitystream.model.UserCircle)
    - Returns
       - EntityReturnImpl(entity=com.stackroute.activitystream.model.UserCircle, querySpaceUid=<gen:0>, path=com.stackroute.activitystream.model.UserCircle)
    - QuerySpaces
       - EntityQuerySpaceImpl(uid=<gen:0>, entity=com.stackroute.activitystream.model.UserCircle)
          - SQL table alias mapping - usercircle0_
          - alias suffix - 0_
          - suffixed key columns - {userCirc1_3_0_}

2017-12-27 11:57:40 [main] DEBUG o.h.loader.entity.plan.EntityLoader - Static select for entity com.stackroute.activitystream.model.UserCircle [OPTIMISTIC]: select usercircle0_.userCircleId as userCirc1_3_0_, usercircle0_.circleName as circleNa2_3_0_, usercircle0_.username as username3_3_0_ from user_circle usercircle0_ where usercircle0_.userCircleId=?
2017-12-27 11:57:40 [main] DEBUG o.h.l.p.b.i.spaces.QuerySpacesImpl - Adding QuerySpace : uid = <gen:0> -> org.hibernate.loader.plan.build.internal.spaces.EntityQuerySpaceImpl@6892cc6f]
2017-12-27 11:57:40 [main] DEBUG o.h.p.w.spi.MetamodelGraphWalker - Visiting attribute path : circleName
2017-12-27 11:57:40 [main] DEBUG o.h.p.w.spi.MetamodelGraphWalker - Visiting attribute path : username
2017-12-27 11:57:40 [main] DEBUG o.h.l.p.b.i.FetchStyleLoadPlanBuildingAssociationVisitationStrategy - Building LoadPlan...
2017-12-27 11:57:40 [main] DEBUG o.h.l.p.e.i.LoadQueryJoinAndFetchProcessor - processing queryspace <gen:0>
2017-12-27 11:57:40 [main] DEBUG o.h.l.p.b.spi.LoadPlanTreePrinter - LoadPlan(entity=com.stackroute.activitystream.model.UserCircle)
    - Returns
       - EntityReturnImpl(entity=com.stackroute.activitystream.model.UserCircle, querySpaceUid=<gen:0>, path=com.stackroute.activitystream.model.UserCircle)
    - QuerySpaces
       - EntityQuerySpaceImpl(uid=<gen:0>, entity=com.stackroute.activitystream.model.UserCircle)
          - SQL table alias mapping - usercircle0_
          - alias suffix - 0_
          - suffixed key columns - {userCirc1_3_0_}

2017-12-27 11:57:40 [main] DEBUG o.h.loader.entity.plan.EntityLoader - Static select for entity com.stackroute.activitystream.model.UserCircle [OPTIMISTIC_FORCE_INCREMENT]: select usercircle0_.userCircleId as userCirc1_3_0_, usercircle0_.circleName as circleNa2_3_0_, usercircle0_.username as username3_3_0_ from user_circle usercircle0_ where usercircle0_.userCircleId=?
2017-12-27 11:57:40 [main] DEBUG org.hibernate.loader.Loader - Static select for action ACTION_MERGE on entity com.stackroute.activitystream.model.UserCircle: select usercircle0_.userCircleId as userCirc1_3_0_, usercircle0_.circleName as circleNa2_3_0_, usercircle0_.username as username3_3_0_ from user_circle usercircle0_ where usercircle0_.userCircleId=?
2017-12-27 11:57:40 [main] DEBUG org.hibernate.loader.Loader - Static select for action ACTION_REFRESH on entity com.stackroute.activitystream.model.UserCircle: select usercircle0_.userCircleId as userCirc1_3_0_, usercircle0_.circleName as circleNa2_3_0_, usercircle0_.username as username3_3_0_ from user_circle usercircle0_ where usercircle0_.userCircleId=?
2017-12-27 11:57:40 [main] DEBUG o.h.p.entity.AbstractEntityPersister - Static SQL for entity: com.stackroute.activitystream.model.UserTag
2017-12-27 11:57:40 [main] DEBUG o.h.p.entity.AbstractEntityPersister -  Version select: select userTagId from user_tag where userTagId =?
2017-12-27 11:57:40 [main] DEBUG o.h.p.entity.AbstractEntityPersister -  Snapshot select: select usertag_.userTagId, usertag_.tag as tag2_4_, usertag_.username as username3_4_ from user_tag usertag_ where usertag_.userTagId=?
2017-12-27 11:57:40 [main] DEBUG o.h.p.entity.AbstractEntityPersister -  Insert 0: insert into user_tag (tag, username, userTagId) values (?, ?, ?)
2017-12-27 11:57:40 [main] DEBUG o.h.p.entity.AbstractEntityPersister -  Update 0: update user_tag set tag=?, username=? where userTagId=?
2017-12-27 11:57:40 [main] DEBUG o.h.p.entity.AbstractEntityPersister -  Delete 0: delete from user_tag where userTagId=?
2017-12-27 11:57:40 [main] DEBUG o.h.l.p.b.i.spaces.QuerySpacesImpl - Adding QuerySpace : uid = <gen:0> -> org.hibernate.loader.plan.build.internal.spaces.EntityQuerySpaceImpl@4a6c18ad]
2017-12-27 11:57:40 [main] DEBUG o.h.p.w.spi.MetamodelGraphWalker - Visiting attribute path : tag
2017-12-27 11:57:40 [main] DEBUG o.h.p.w.spi.MetamodelGraphWalker - Visiting attribute path : username
2017-12-27 11:57:40 [main] DEBUG o.h.l.p.b.i.FetchStyleLoadPlanBuildingAssociationVisitationStrategy - Building LoadPlan...
2017-12-27 11:57:40 [main] DEBUG o.h.l.p.e.i.LoadQueryJoinAndFetchProcessor - processing queryspace <gen:0>
2017-12-27 11:57:40 [main] DEBUG o.h.l.p.b.spi.LoadPlanTreePrinter - LoadPlan(entity=com.stackroute.activitystream.model.UserTag)
    - Returns
       - EntityReturnImpl(entity=com.stackroute.activitystream.model.UserTag, querySpaceUid=<gen:0>, path=com.stackroute.activitystream.model.UserTag)
    - QuerySpaces
       - EntityQuerySpaceImpl(uid=<gen:0>, entity=com.stackroute.activitystream.model.UserTag)
          - SQL table alias mapping - usertag0_
          - alias suffix - 0_
          - suffixed key columns - {userTagI1_4_0_}

2017-12-27 11:57:40 [main] DEBUG o.h.loader.entity.plan.EntityLoader - Static select for entity com.stackroute.activitystream.model.UserTag [NONE]: select usertag0_.userTagId as userTagI1_4_0_, usertag0_.tag as tag2_4_0_, usertag0_.username as username3_4_0_ from user_tag usertag0_ where usertag0_.userTagId=?
2017-12-27 11:57:40 [main] DEBUG o.h.l.p.b.i.spaces.QuerySpacesImpl - Adding QuerySpace : uid = <gen:0> -> org.hibernate.loader.plan.build.internal.spaces.EntityQuerySpaceImpl@20095ab4]
2017-12-27 11:57:40 [main] DEBUG o.h.p.w.spi.MetamodelGraphWalker - Visiting attribute path : tag
2017-12-27 11:57:40 [main] DEBUG o.h.p.w.spi.MetamodelGraphWalker - Visiting attribute path : username
2017-12-27 11:57:40 [main] DEBUG o.h.l.p.b.i.FetchStyleLoadPlanBuildingAssociationVisitationStrategy - Building LoadPlan...
2017-12-27 11:57:40 [main] DEBUG o.h.l.p.e.i.LoadQueryJoinAndFetchProcessor - processing queryspace <gen:0>
2017-12-27 11:57:40 [main] DEBUG o.h.l.p.b.spi.LoadPlanTreePrinter - LoadPlan(entity=com.stackroute.activitystream.model.UserTag)
    - Returns
       - EntityReturnImpl(entity=com.stackroute.activitystream.model.UserTag, querySpaceUid=<gen:0>, path=com.stackroute.activitystream.model.UserTag)
    - QuerySpaces
       - EntityQuerySpaceImpl(uid=<gen:0>, entity=com.stackroute.activitystream.model.UserTag)
          - SQL table alias mapping - usertag0_
          - alias suffix - 0_
          - suffixed key columns - {userTagI1_4_0_}

2017-12-27 11:57:40 [main] DEBUG o.h.loader.entity.plan.EntityLoader - Static select for entity com.stackroute.activitystream.model.UserTag [READ]: select usertag0_.userTagId as userTagI1_4_0_, usertag0_.tag as tag2_4_0_, usertag0_.username as username3_4_0_ from user_tag usertag0_ where usertag0_.userTagId=?
2017-12-27 11:57:40 [main] DEBUG o.h.l.p.b.i.spaces.QuerySpacesImpl - Adding QuerySpace : uid = <gen:0> -> org.hibernate.loader.plan.build.internal.spaces.EntityQuerySpaceImpl@64aad6db]
2017-12-27 11:57:40 [main] DEBUG o.h.p.w.spi.MetamodelGraphWalker - Visiting attribute path : tag
2017-12-27 11:57:40 [main] DEBUG o.h.p.w.spi.MetamodelGraphWalker - Visiting attribute path : username
2017-12-27 11:57:40 [main] DEBUG o.h.l.p.b.i.FetchStyleLoadPlanBuildingAssociationVisitationStrategy - Building LoadPlan...
2017-12-27 11:57:40 [main] DEBUG o.h.l.p.e.i.LoadQueryJoinAndFetchProcessor - processing queryspace <gen:0>
2017-12-27 11:57:40 [main] DEBUG o.h.l.p.b.spi.LoadPlanTreePrinter - LoadPlan(entity=com.stackroute.activitystream.model.UserTag)
    - Returns
       - EntityReturnImpl(entity=com.stackroute.activitystream.model.UserTag, querySpaceUid=<gen:0>, path=com.stackroute.activitystream.model.UserTag)
    - QuerySpaces
       - EntityQuerySpaceImpl(uid=<gen:0>, entity=com.stackroute.activitystream.model.UserTag)
          - SQL table alias mapping - usertag0_
          - alias suffix - 0_
          - suffixed key columns - {userTagI1_4_0_}

2017-12-27 11:57:40 [main] DEBUG o.h.loader.entity.plan.EntityLoader - Static select for entity com.stackroute.activitystream.model.UserTag [UPGRADE]: select usertag0_.userTagId as userTagI1_4_0_, usertag0_.tag as tag2_4_0_, usertag0_.username as username3_4_0_ from user_tag usertag0_ where usertag0_.userTagId=? for update
2017-12-27 11:57:40 [main] DEBUG o.h.l.p.b.i.spaces.QuerySpacesImpl - Adding QuerySpace : uid = <gen:0> -> org.hibernate.loader.plan.build.internal.spaces.EntityQuerySpaceImpl@60d1b21f]
2017-12-27 11:57:40 [main] DEBUG o.h.p.w.spi.MetamodelGraphWalker - Visiting attribute path : tag
2017-12-27 11:57:40 [main] DEBUG o.h.p.w.spi.MetamodelGraphWalker - Visiting attribute path : username
2017-12-27 11:57:40 [main] DEBUG o.h.l.p.b.i.FetchStyleLoadPlanBuildingAssociationVisitationStrategy - Building LoadPlan...
2017-12-27 11:57:40 [main] DEBUG o.h.l.p.e.i.LoadQueryJoinAndFetchProcessor - processing queryspace <gen:0>
2017-12-27 11:57:40 [main] DEBUG o.h.l.p.b.spi.LoadPlanTreePrinter - LoadPlan(entity=com.stackroute.activitystream.model.UserTag)
    - Returns
       - EntityReturnImpl(entity=com.stackroute.activitystream.model.UserTag, querySpaceUid=<gen:0>, path=com.stackroute.activitystream.model.UserTag)
    - QuerySpaces
       - EntityQuerySpaceImpl(uid=<gen:0>, entity=com.stackroute.activitystream.model.UserTag)
          - SQL table alias mapping - usertag0_
          - alias suffix - 0_
          - suffixed key columns - {userTagI1_4_0_}

2017-12-27 11:57:40 [main] DEBUG o.h.loader.entity.plan.EntityLoader - Static select for entity com.stackroute.activitystream.model.UserTag [UPGRADE_NOWAIT]: select usertag0_.userTagId as userTagI1_4_0_, usertag0_.tag as tag2_4_0_, usertag0_.username as username3_4_0_ from user_tag usertag0_ where usertag0_.userTagId=? for update
2017-12-27 11:57:40 [main] DEBUG o.h.l.p.b.i.spaces.QuerySpacesImpl - Adding QuerySpace : uid = <gen:0> -> org.hibernate.loader.plan.build.internal.spaces.EntityQuerySpaceImpl@546621c4]
2017-12-27 11:57:40 [main] DEBUG o.h.p.w.spi.MetamodelGraphWalker - Visiting attribute path : tag
2017-12-27 11:57:40 [main] DEBUG o.h.p.w.spi.MetamodelGraphWalker - Visiting attribute path : username
2017-12-27 11:57:40 [main] DEBUG o.h.l.p.b.i.FetchStyleLoadPlanBuildingAssociationVisitationStrategy - Building LoadPlan...
2017-12-27 11:57:40 [main] DEBUG o.h.l.p.e.i.LoadQueryJoinAndFetchProcessor - processing queryspace <gen:0>
2017-12-27 11:57:40 [main] DEBUG o.h.l.p.b.spi.LoadPlanTreePrinter - LoadPlan(entity=com.stackroute.activitystream.model.UserTag)
    - Returns
       - EntityReturnImpl(entity=com.stackroute.activitystream.model.UserTag, querySpaceUid=<gen:0>, path=com.stackroute.activitystream.model.UserTag)
    - QuerySpaces
       - EntityQuerySpaceImpl(uid=<gen:0>, entity=com.stackroute.activitystream.model.UserTag)
          - SQL table alias mapping - usertag0_
          - alias suffix - 0_
          - suffixed key columns - {userTagI1_4_0_}

2017-12-27 11:57:40 [main] DEBUG o.h.loader.entity.plan.EntityLoader - Static select for entity com.stackroute.activitystream.model.UserTag [UPGRADE_SKIPLOCKED]: select usertag0_.userTagId as userTagI1_4_0_, usertag0_.tag as tag2_4_0_, usertag0_.username as username3_4_0_ from user_tag usertag0_ where usertag0_.userTagId=? for update
2017-12-27 11:57:40 [main] DEBUG o.h.l.p.b.i.spaces.QuerySpacesImpl - Adding QuerySpace : uid = <gen:0> -> org.hibernate.loader.plan.build.internal.spaces.EntityQuerySpaceImpl@f339eae]
2017-12-27 11:57:40 [main] DEBUG o.h.p.w.spi.MetamodelGraphWalker - Visiting attribute path : tag
2017-12-27 11:57:40 [main] DEBUG o.h.p.w.spi.MetamodelGraphWalker - Visiting attribute path : username
2017-12-27 11:57:40 [main] DEBUG o.h.l.p.b.i.FetchStyleLoadPlanBuildingAssociationVisitationStrategy - Building LoadPlan...
2017-12-27 11:57:40 [main] DEBUG o.h.l.p.e.i.LoadQueryJoinAndFetchProcessor - processing queryspace <gen:0>
2017-12-27 11:57:40 [main] DEBUG o.h.l.p.b.spi.LoadPlanTreePrinter - LoadPlan(entity=com.stackroute.activitystream.model.UserTag)
    - Returns
       - EntityReturnImpl(entity=com.stackroute.activitystream.model.UserTag, querySpaceUid=<gen:0>, path=com.stackroute.activitystream.model.UserTag)
    - QuerySpaces
       - EntityQuerySpaceImpl(uid=<gen:0>, entity=com.stackroute.activitystream.model.UserTag)
          - SQL table alias mapping - usertag0_
          - alias suffix - 0_
          - suffixed key columns - {userTagI1_4_0_}

2017-12-27 11:57:40 [main] DEBUG o.h.loader.entity.plan.EntityLoader - Static select for entity com.stackroute.activitystream.model.UserTag [FORCE]: select usertag0_.userTagId as userTagI1_4_0_, usertag0_.tag as tag2_4_0_, usertag0_.username as username3_4_0_ from user_tag usertag0_ where usertag0_.userTagId=? for update
2017-12-27 11:57:40 [main] DEBUG o.h.l.p.b.i.spaces.QuerySpacesImpl - Adding QuerySpace : uid = <gen:0> -> org.hibernate.loader.plan.build.internal.spaces.EntityQuerySpaceImpl@4dafba3e]
2017-12-27 11:57:40 [main] DEBUG o.h.p.w.spi.MetamodelGraphWalker - Visiting attribute path : tag
2017-12-27 11:57:40 [main] DEBUG o.h.p.w.spi.MetamodelGraphWalker - Visiting attribute path : username
2017-12-27 11:57:40 [main] DEBUG o.h.l.p.b.i.FetchStyleLoadPlanBuildingAssociationVisitationStrategy - Building LoadPlan...
2017-12-27 11:57:40 [main] DEBUG o.h.l.p.e.i.LoadQueryJoinAndFetchProcessor - processing queryspace <gen:0>
2017-12-27 11:57:40 [main] DEBUG o.h.l.p.b.spi.LoadPlanTreePrinter - LoadPlan(entity=com.stackroute.activitystream.model.UserTag)
    - Returns
       - EntityReturnImpl(entity=com.stackroute.activitystream.model.UserTag, querySpaceUid=<gen:0>, path=com.stackroute.activitystream.model.UserTag)
    - QuerySpaces
       - EntityQuerySpaceImpl(uid=<gen:0>, entity=com.stackroute.activitystream.model.UserTag)
          - SQL table alias mapping - usertag0_
          - alias suffix - 0_
          - suffixed key columns - {userTagI1_4_0_}

2017-12-27 11:57:40 [main] DEBUG o.h.loader.entity.plan.EntityLoader - Static select for entity com.stackroute.activitystream.model.UserTag [PESSIMISTIC_READ]: select usertag0_.userTagId as userTagI1_4_0_, usertag0_.tag as tag2_4_0_, usertag0_.username as username3_4_0_ from user_tag usertag0_ where usertag0_.userTagId=? lock in share mode
2017-12-27 11:57:41 [main] DEBUG o.h.l.p.b.i.spaces.QuerySpacesImpl - Adding QuerySpace : uid = <gen:0> -> org.hibernate.loader.plan.build.internal.spaces.EntityQuerySpaceImpl@40368a46]
2017-12-27 11:57:41 [main] DEBUG o.h.p.w.spi.MetamodelGraphWalker - Visiting attribute path : tag
2017-12-27 11:57:41 [main] DEBUG o.h.p.w.spi.MetamodelGraphWalker - Visiting attribute path : username
2017-12-27 11:57:41 [main] DEBUG o.h.l.p.b.i.FetchStyleLoadPlanBuildingAssociationVisitationStrategy - Building LoadPlan...
2017-12-27 11:57:41 [main] DEBUG o.h.l.p.e.i.LoadQueryJoinAndFetchProcessor - processing queryspace <gen:0>
2017-12-27 11:57:41 [main] DEBUG o.h.l.p.b.spi.LoadPlanTreePrinter - LoadPlan(entity=com.stackroute.activitystream.model.UserTag)
    - Returns
       - EntityReturnImpl(entity=com.stackroute.activitystream.model.UserTag, querySpaceUid=<gen:0>, path=com.stackroute.activitystream.model.UserTag)
    - QuerySpaces
       - EntityQuerySpaceImpl(uid=<gen:0>, entity=com.stackroute.activitystream.model.UserTag)
          - SQL table alias mapping - usertag0_
          - alias suffix - 0_
          - suffixed key columns - {userTagI1_4_0_}

2017-12-27 11:57:41 [main] DEBUG o.h.loader.entity.plan.EntityLoader - Static select for entity com.stackroute.activitystream.model.UserTag [PESSIMISTIC_WRITE]: select usertag0_.userTagId as userTagI1_4_0_, usertag0_.tag as tag2_4_0_, usertag0_.username as username3_4_0_ from user_tag usertag0_ where usertag0_.userTagId=? for update
2017-12-27 11:57:41 [main] DEBUG o.h.l.p.b.i.spaces.QuerySpacesImpl - Adding QuerySpace : uid = <gen:0> -> org.hibernate.loader.plan.build.internal.spaces.EntityQuerySpaceImpl@4ed38226]
2017-12-27 11:57:41 [main] DEBUG o.h.p.w.spi.MetamodelGraphWalker - Visiting attribute path : tag
2017-12-27 11:57:41 [main] DEBUG o.h.p.w.spi.MetamodelGraphWalker - Visiting attribute path : username
2017-12-27 11:57:41 [main] DEBUG o.h.l.p.b.i.FetchStyleLoadPlanBuildingAssociationVisitationStrategy - Building LoadPlan...
2017-12-27 11:57:41 [main] DEBUG o.h.l.p.e.i.LoadQueryJoinAndFetchProcessor - processing queryspace <gen:0>
2017-12-27 11:57:41 [main] DEBUG o.h.l.p.b.spi.LoadPlanTreePrinter - LoadPlan(entity=com.stackroute.activitystream.model.UserTag)
    - Returns
       - EntityReturnImpl(entity=com.stackroute.activitystream.model.UserTag, querySpaceUid=<gen:0>, path=com.stackroute.activitystream.model.UserTag)
    - QuerySpaces
       - EntityQuerySpaceImpl(uid=<gen:0>, entity=com.stackroute.activitystream.model.UserTag)
          - SQL table alias mapping - usertag0_
          - alias suffix - 0_
          - suffixed key columns - {userTagI1_4_0_}

2017-12-27 11:57:41 [main] DEBUG o.h.loader.entity.plan.EntityLoader - Static select for entity com.stackroute.activitystream.model.UserTag [PESSIMISTIC_FORCE_INCREMENT]: select usertag0_.userTagId as userTagI1_4_0_, usertag0_.tag as tag2_4_0_, usertag0_.username as username3_4_0_ from user_tag usertag0_ where usertag0_.userTagId=? for update
2017-12-27 11:57:41 [main] DEBUG o.h.l.p.b.i.spaces.QuerySpacesImpl - Adding QuerySpace : uid = <gen:0> -> org.hibernate.loader.plan.build.internal.spaces.EntityQuerySpaceImpl@74ad8d05]
2017-12-27 11:57:41 [main] DEBUG o.h.p.w.spi.MetamodelGraphWalker - Visiting attribute path : tag
2017-12-27 11:57:41 [main] DEBUG o.h.p.w.spi.MetamodelGraphWalker - Visiting attribute path : username
2017-12-27 11:57:41 [main] DEBUG o.h.l.p.b.i.FetchStyleLoadPlanBuildingAssociationVisitationStrategy - Building LoadPlan...
2017-12-27 11:57:41 [main] DEBUG o.h.l.p.e.i.LoadQueryJoinAndFetchProcessor - processing queryspace <gen:0>
2017-12-27 11:57:41 [main] DEBUG o.h.l.p.b.spi.LoadPlanTreePrinter - LoadPlan(entity=com.stackroute.activitystream.model.UserTag)
    - Returns
       - EntityReturnImpl(entity=com.stackroute.activitystream.model.UserTag, querySpaceUid=<gen:0>, path=com.stackroute.activitystream.model.UserTag)
    - QuerySpaces
       - EntityQuerySpaceImpl(uid=<gen:0>, entity=com.stackroute.activitystream.model.UserTag)
          - SQL table alias mapping - usertag0_
          - alias suffix - 0_
          - suffixed key columns - {userTagI1_4_0_}

2017-12-27 11:57:41 [main] DEBUG o.h.loader.entity.plan.EntityLoader - Static select for entity com.stackroute.activitystream.model.UserTag [OPTIMISTIC]: select usertag0_.userTagId as userTagI1_4_0_, usertag0_.tag as tag2_4_0_, usertag0_.username as username3_4_0_ from user_tag usertag0_ where usertag0_.userTagId=?
2017-12-27 11:57:41 [main] DEBUG o.h.l.p.b.i.spaces.QuerySpacesImpl - Adding QuerySpace : uid = <gen:0> -> org.hibernate.loader.plan.build.internal.spaces.EntityQuerySpaceImpl@35ff8fc9]
2017-12-27 11:57:41 [main] DEBUG o.h.p.w.spi.MetamodelGraphWalker - Visiting attribute path : tag
2017-12-27 11:57:41 [main] DEBUG o.h.p.w.spi.MetamodelGraphWalker - Visiting attribute path : username
2017-12-27 11:57:41 [main] DEBUG o.h.l.p.b.i.FetchStyleLoadPlanBuildingAssociationVisitationStrategy - Building LoadPlan...
2017-12-27 11:57:41 [main] DEBUG o.h.l.p.e.i.LoadQueryJoinAndFetchProcessor - processing queryspace <gen:0>
2017-12-27 11:57:41 [main] DEBUG o.h.l.p.b.spi.LoadPlanTreePrinter - LoadPlan(entity=com.stackroute.activitystream.model.UserTag)
    - Returns
       - EntityReturnImpl(entity=com.stackroute.activitystream.model.UserTag, querySpaceUid=<gen:0>, path=com.stackroute.activitystream.model.UserTag)
    - QuerySpaces
       - EntityQuerySpaceImpl(uid=<gen:0>, entity=com.stackroute.activitystream.model.UserTag)
          - SQL table alias mapping - usertag0_
          - alias suffix - 0_
          - suffixed key columns - {userTagI1_4_0_}

2017-12-27 11:57:41 [main] DEBUG o.h.loader.entity.plan.EntityLoader - Static select for entity com.stackroute.activitystream.model.UserTag [OPTIMISTIC_FORCE_INCREMENT]: select usertag0_.userTagId as userTagI1_4_0_, usertag0_.tag as tag2_4_0_, usertag0_.username as username3_4_0_ from user_tag usertag0_ where usertag0_.userTagId=?
2017-12-27 11:57:41 [main] DEBUG org.hibernate.loader.Loader - Static select for action ACTION_MERGE on entity com.stackroute.activitystream.model.UserTag: select usertag0_.userTagId as userTagI1_4_0_, usertag0_.tag as tag2_4_0_, usertag0_.username as username3_4_0_ from user_tag usertag0_ where usertag0_.userTagId=?
2017-12-27 11:57:41 [main] DEBUG org.hibernate.loader.Loader - Static select for action ACTION_REFRESH on entity com.stackroute.activitystream.model.UserTag: select usertag0_.userTagId as userTagI1_4_0_, usertag0_.tag as tag2_4_0_, usertag0_.username as username3_4_0_ from user_tag usertag0_ where usertag0_.userTagId=?
2017-12-27 11:57:41 [main] DEBUG org.hibernate.mapping.Table - No alter strings for table : circle
2017-12-27 11:57:41 [main] DEBUG org.hibernate.mapping.Table - No alter strings for table : hibernate_sequence
2017-12-27 11:57:41 [main] DEBUG org.hibernate.mapping.Table - No alter strings for table : message
2017-12-27 11:57:41 [main] DEBUG org.hibernate.mapping.Table - No alter strings for table : user
2017-12-27 11:57:41 [main] DEBUG org.hibernate.mapping.Table - No alter strings for table : user_circle
2017-12-27 11:57:41 [main] DEBUG org.hibernate.mapping.Table - No alter strings for table : user_tag
2017-12-27 11:57:41 [main] DEBUG o.h.e.t.j.p.i.JtaPlatformInitiator - No JtaPlatform was specified, checking resolver
2017-12-27 11:57:41 [main] DEBUG o.h.e.t.j.p.i.JtaPlatformResolverInitiator - No JtaPlatformResolver was specified, using default [org.hibernate.engine.transaction.jta.platform.internal.StandardJtaPlatformResolver]
2017-12-27 11:57:41 [main] DEBUG o.h.e.t.j.p.i.StandardJtaPlatformResolver - Could not resolve JtaPlatform, using default [org.hibernate.engine.transaction.jta.platform.internal.NoJtaPlatform]
2017-12-27 11:57:41 [main] DEBUG o.h.query.spi.NamedQueryRepository - Checking 0 named HQL queries
2017-12-27 11:57:41 [main] DEBUG o.h.query.spi.NamedQueryRepository - Checking 0 named SQL queries
2017-12-27 11:57:41 [main] DEBUG o.h.internal.SessionFactoryRegistry - Initializing SessionFactoryRegistry : org.hibernate.internal.SessionFactoryRegistry@1fde4f40
2017-12-27 11:57:41 [main] DEBUG o.h.internal.SessionFactoryRegistry - Registering SessionFactory: 13059761-fe58-4a82-bc24-840f1bfeaabb (<unnamed>)
2017-12-27 11:57:41 [main] DEBUG o.h.internal.SessionFactoryRegistry - Not binding SessionFactory to JNDI, no JNDI name configured
2017-12-27 11:57:41 [main] DEBUG o.s.b.f.s.DefaultListableBeanFactory - Eagerly caching bean 'sessionFactory' to allow for resolving potential circular references
2017-12-27 11:57:41 [main] DEBUG o.s.b.f.s.DefaultListableBeanFactory - Returning cached instance of singleton bean 'org.springframework.transaction.config.internalTransactionAdvisor'
2017-12-27 11:57:41 [main] DEBUG o.s.b.f.s.DefaultListableBeanFactory - Finished creating instance of bean 'sessionFactory'
