2018-01-07 18:26:54 [main] DEBUG c.s.a.aspect.DAOLoggingAspect - Method Name : get
2018-01-07 18:26:54 [main] DEBUG c.s.a.aspect.DAOLoggingAspect - Method arguments : [john]
2018-01-07 18:26:54 [main] DEBUG c.s.a.aspect.DAOLoggingAspect - Method Name : get
2018-01-07 18:26:54 [main] DEBUG c.s.a.aspect.DAOLoggingAspect - Method arguments : [john]
2018-01-07 18:26:54 [main] DEBUG o.s.o.h.HibernateTransactionManager - Found thread-bound Session [SessionImpl(PersistenceContext[entityKeys=[EntityKey[com.stackroute.activitystream.model.UserCircle#c3435b04-0e71-4626-b4c0-eff45d965019], EntityKey[com.stackroute.activitystream.model.User#john]],collectionKeys=[]];ActionQueue[insertions=ExecutableList{size=0} updates=ExecutableList{size=0} deletions=ExecutableList{size=0} orphanRemovals=ExecutableList{size=0} collectionCreations=ExecutableList{size=0} collectionRemovals=ExecutableList{size=0} collectionUpdates=ExecutableList{size=0} collectionQueuedOps=ExecutableList{size=0} unresolvedInsertDependencies=null])] for Hibernate transaction
2018-01-07 18:26:54 [main] DEBUG o.s.o.h.HibernateTransactionManager - Participating in existing transaction
2018-01-07 18:26:54 [main] DEBUG c.s.a.aspect.DAOLoggingAspect - Method Name : get
2018-01-07 18:26:54 [main] DEBUG c.s.a.aspect.DAOLoggingAspect - Method arguments : [chris]
2018-01-07 18:26:54 [main] DEBUG c.s.a.aspect.DAOLoggingAspect - Method Name : get
2018-01-07 18:26:54 [main] DEBUG c.s.a.aspect.DAOLoggingAspect - Method arguments : [chris]
2018-01-07 18:26:54 [main] DEBUG o.s.o.h.HibernateTransactionManager - Found thread-bound Session [SessionImpl(PersistenceContext[entityKeys=[EntityKey[com.stackroute.activitystream.model.UserCircle#c3435b04-0e71-4626-b4c0-eff45d965019], EntityKey[com.stackroute.activitystream.model.User#john]],collectionKeys=[]];ActionQueue[insertions=ExecutableList{size=0} updates=ExecutableList{size=0} deletions=ExecutableList{size=0} orphanRemovals=ExecutableList{size=0} collectionCreations=ExecutableList{size=0} collectionRemovals=ExecutableList{size=0} collectionUpdates=ExecutableList{size=0} collectionQueuedOps=ExecutableList{size=0} unresolvedInsertDependencies=null])] for Hibernate transaction
2018-01-07 18:26:54 [main] DEBUG o.s.o.h.HibernateTransactionManager - Participating in existing transaction
2018-01-07 18:26:54 [main] DEBUG c.s.a.aspect.DAOLoggingAspect - Method Name : get
2018-01-07 18:26:54 [main] DEBUG c.s.a.aspect.DAOLoggingAspect - Method arguments : [john]
2018-01-07 18:26:54 [main] DEBUG c.s.a.aspect.DAOLoggingAspect - Method Name : get
2018-01-07 18:26:54 [main] DEBUG c.s.a.aspect.DAOLoggingAspect - Method arguments : [john]
2018-01-07 18:26:54 [main] DEBUG o.s.o.h.HibernateTransactionManager - Found thread-bound Session [SessionImpl(PersistenceContext[entityKeys=[EntityKey[com.stackroute.activitystream.model.UserCircle#c3435b04-0e71-4626-b4c0-eff45d965019], EntityKey[com.stackroute.activitystream.model.User#john]],collectionKeys=[]];ActionQueue[insertions=ExecutableList{size=0} updates=ExecutableList{size=0} deletions=ExecutableList{size=0} orphanRemovals=ExecutableList{size=0} collectionCreations=ExecutableList{size=0} collectionRemovals=ExecutableList{size=0} collectionUpdates=ExecutableList{size=0} collectionQueuedOps=ExecutableList{size=0} unresolvedInsertDependencies=null])] for Hibernate transaction
2018-01-07 18:26:54 [main] DEBUG o.s.o.h.HibernateTransactionManager - Participating in existing transaction
2018-01-07 18:26:54 [main] DEBUG c.s.a.aspect.DAOLoggingAspect - Method Name : get
2018-01-07 18:26:54 [main] DEBUG c.s.a.aspect.DAOLoggingAspect - Method arguments : [john]
2018-01-07 18:26:54 [main] DEBUG c.s.a.aspect.DAOLoggingAspect - Method Name : get
2018-01-07 18:26:54 [main] DEBUG c.s.a.aspect.DAOLoggingAspect - Method arguments : [john]
2018-01-07 18:26:54 [main] DEBUG o.s.o.h.HibernateTransactionManager - Found thread-bound Session [SessionImpl(PersistenceContext[entityKeys=[EntityKey[com.stackroute.activitystream.model.UserCircle#c3435b04-0e71-4626-b4c0-eff45d965019], EntityKey[com.stackroute.activitystream.model.User#john]],collectionKeys=[]];ActionQueue[insertions=ExecutableList{size=0} updates=ExecutableList{size=0} deletions=ExecutableList{size=0} orphanRemovals=ExecutableList{size=0} collectionCreations=ExecutableList{size=0} collectionRemovals=ExecutableList{size=0} collectionUpdates=ExecutableList{size=0} collectionQueuedOps=ExecutableList{size=0} unresolvedInsertDependencies=null])] for Hibernate transaction
2018-01-07 18:26:54 [main] DEBUG o.s.o.h.HibernateTransactionManager - Participating in existing transaction
2018-01-07 18:26:54 [main] DEBUG c.s.a.aspect.DAOLoggingAspect - Method Name : delete
2018-01-07 18:26:54 [main] DEBUG c.s.a.aspect.DAOLoggingAspect - Method arguments : [com.stackroute.activitystream.model.User@7a572ea0]
2018-01-07 18:26:54 [main] DEBUG c.s.a.aspect.DAOLoggingAspect - Method Name : delete
2018-01-07 18:26:54 [main] DEBUG c.s.a.aspect.DAOLoggingAspect - Method arguments : [com.stackroute.activitystream.model.User@7a572ea0]
2018-01-07 18:26:54 [main] DEBUG o.s.o.h.HibernateTransactionManager - Found thread-bound Session [SessionImpl(PersistenceContext[entityKeys=[EntityKey[com.stackroute.activitystream.model.UserCircle#c3435b04-0e71-4626-b4c0-eff45d965019], EntityKey[com.stackroute.activitystream.model.User#john]],collectionKeys=[]];ActionQueue[insertions=ExecutableList{size=0} updates=ExecutableList{size=0} deletions=ExecutableList{size=1} orphanRemovals=ExecutableList{size=0} collectionCreations=ExecutableList{size=0} collectionRemovals=ExecutableList{size=0} collectionUpdates=ExecutableList{size=0} collectionQueuedOps=ExecutableList{size=0} unresolvedInsertDependencies=null])] for Hibernate transaction
2018-01-07 18:26:54 [main] DEBUG o.s.o.h.HibernateTransactionManager - Participating in existing transaction
2018-01-07 18:26:54 [main] DEBUG c.s.a.aspect.DAOLoggingAspect - Method Name : get
2018-01-07 18:26:54 [main] DEBUG c.s.a.aspect.DAOLoggingAspect - Method arguments : [will]
2018-01-07 18:26:54 [main] DEBUG c.s.a.aspect.DAOLoggingAspect - Method Name : get
2018-01-07 18:26:54 [main] DEBUG c.s.a.aspect.DAOLoggingAspect - Method arguments : [will]
2018-01-07 18:26:54 [main] DEBUG o.s.o.h.HibernateTransactionManager - Found thread-bound Session [SessionImpl(PersistenceContext[entityKeys=[EntityKey[com.stackroute.activitystream.model.UserCircle#c3435b04-0e71-4626-b4c0-eff45d965019], EntityKey[com.stackroute.activitystream.model.User#john]],collectionKeys=[]];ActionQueue[insertions=ExecutableList{size=0} updates=ExecutableList{size=0} deletions=ExecutableList{size=1} orphanRemovals=ExecutableList{size=0} collectionCreations=ExecutableList{size=0} collectionRemovals=ExecutableList{size=0} collectionUpdates=ExecutableList{size=0} collectionQueuedOps=ExecutableList{size=0} unresolvedInsertDependencies=null])] for Hibernate transaction
2018-01-07 18:26:54 [main] DEBUG o.s.o.h.HibernateTransactionManager - Participating in existing transaction
2018-01-07 18:26:54 [main] DEBUG c.s.a.aspect.DAOLoggingAspect - Method Name : get
2018-01-07 18:26:54 [main] DEBUG c.s.a.aspect.DAOLoggingAspect - Method arguments : [Java]
2018-01-07 18:26:54 [main] DEBUG c.s.a.aspect.DAOLoggingAspect - Method Name : get
2018-01-07 18:26:54 [main] DEBUG c.s.a.aspect.DAOLoggingAspect - Method arguments : [Java]
2018-01-07 18:26:54 [main] DEBUG o.s.o.h.HibernateTransactionManager - Found thread-bound Session [SessionImpl(PersistenceContext[entityKeys=[EntityKey[com.stackroute.activitystream.model.Circle#Java], EntityKey[com.stackroute.activitystream.model.UserCircle#c3435b04-0e71-4626-b4c0-eff45d965019], EntityKey[com.stackroute.activitystream.model.User#john]],collectionKeys=[]];ActionQueue[insertions=ExecutableList{size=0} updates=ExecutableList{size=0} deletions=ExecutableList{size=1} orphanRemovals=ExecutableList{size=0} collectionCreations=ExecutableList{size=0} collectionRemovals=ExecutableList{size=0} collectionUpdates=ExecutableList{size=0} collectionQueuedOps=ExecutableList{size=0} unresolvedInsertDependencies=null])] for Hibernate transaction
2018-01-07 18:26:54 [main] DEBUG o.s.o.h.HibernateTransactionManager - Participating in existing transaction
2018-01-07 18:26:54 [main] DEBUG c.s.a.aspect.DAOLoggingAspect - Method Name : get
2018-01-07 18:26:54 [main] DEBUG c.s.a.aspect.DAOLoggingAspect - Method arguments : [Java]
2018-01-07 18:26:54 [main] DEBUG c.s.a.aspect.DAOLoggingAspect - Method Name : get
2018-01-07 18:26:54 [main] DEBUG c.s.a.aspect.DAOLoggingAspect - Method arguments : [Java]
2018-01-07 18:26:54 [main] DEBUG o.s.o.h.HibernateTransactionManager - Found thread-bound Session [SessionImpl(PersistenceContext[entityKeys=[EntityKey[com.stackroute.activitystream.model.Circle#Java], EntityKey[com.stackroute.activitystream.model.UserCircle#c3435b04-0e71-4626-b4c0-eff45d965019], EntityKey[com.stackroute.activitystream.model.User#john]],collectionKeys=[]];ActionQueue[insertions=ExecutableList{size=0} updates=ExecutableList{size=0} deletions=ExecutableList{size=1} orphanRemovals=ExecutableList{size=0} collectionCreations=ExecutableList{size=0} collectionRemovals=ExecutableList{size=0} collectionUpdates=ExecutableList{size=0} collectionQueuedOps=ExecutableList{size=0} unresolvedInsertDependencies=null])] for Hibernate transaction
2018-01-07 18:26:54 [main] DEBUG o.s.o.h.HibernateTransactionManager - Participating in existing transaction
2018-01-07 18:26:54 [main] DEBUG c.s.a.aspect.DAOLoggingAspect - Method Name : delete
2018-01-07 18:26:54 [main] DEBUG c.s.a.aspect.DAOLoggingAspect - Method arguments : [com.stackroute.activitystream.model.Circle@5d9d2119]
2018-01-07 18:26:54 [main] DEBUG c.s.a.aspect.DAOLoggingAspect - Method Name : delete
2018-01-07 18:26:54 [main] DEBUG c.s.a.aspect.DAOLoggingAspect - Method arguments : [com.stackroute.activitystream.model.Circle@5d9d2119]
2018-01-07 18:26:54 [main] DEBUG o.s.o.h.HibernateTransactionManager - Found thread-bound Session [SessionImpl(PersistenceContext[entityKeys=[EntityKey[com.stackroute.activitystream.model.Circle#Java], EntityKey[com.stackroute.activitystream.model.UserCircle#c3435b04-0e71-4626-b4c0-eff45d965019], EntityKey[com.stackroute.activitystream.model.User#john]],collectionKeys=[]];ActionQueue[insertions=ExecutableList{size=0} updates=ExecutableList{size=0} deletions=ExecutableList{size=2} orphanRemovals=ExecutableList{size=0} collectionCreations=ExecutableList{size=0} collectionRemovals=ExecutableList{size=0} collectionUpdates=ExecutableList{size=0} collectionQueuedOps=ExecutableList{size=0} unresolvedInsertDependencies=null])] for Hibernate transaction
2018-01-07 18:26:54 [main] DEBUG o.s.o.h.HibernateTransactionManager - Participating in existing transaction
2018-01-07 18:26:54 [main] DEBUG c.s.a.aspect.DAOLoggingAspect - Method Name : get
2018-01-07 18:26:54 [main] DEBUG c.s.a.aspect.DAOLoggingAspect - Method arguments : [john, Java]
2018-01-07 18:26:54 [main] DEBUG c.s.a.aspect.DAOLoggingAspect - Method Name : get
2018-01-07 18:26:54 [main] DEBUG c.s.a.aspect.DAOLoggingAspect - Method arguments : [john, Java]
2018-01-07 18:26:54 [main] DEBUG o.s.o.h.HibernateTransactionManager - Found thread-bound Session [SessionImpl(PersistenceContext[entityKeys=[EntityKey[com.stackroute.activitystream.model.Circle#Java], EntityKey[com.stackroute.activitystream.model.UserCircle#c3435b04-0e71-4626-b4c0-eff45d965019], EntityKey[com.stackroute.activitystream.model.UserCircle#21efd269-2095-4258-bd76-c2e6c0dbff97], EntityKey[com.stackroute.activitystream.model.User#john]],collectionKeys=[]];ActionQueue[insertions=ExecutableList{size=0} updates=ExecutableList{size=0} deletions=ExecutableList{size=2} orphanRemovals=ExecutableList{size=0} collectionCreations=ExecutableList{size=0} collectionRemovals=ExecutableList{size=0} collectionUpdates=ExecutableList{size=0} collectionQueuedOps=ExecutableList{size=0} unresolvedInsertDependencies=null])] for Hibernate transaction
2018-01-07 18:26:54 [main] DEBUG o.s.o.h.HibernateTransactionManager - Participating in existing transaction
2018-01-07 18:26:54 [main] DEBUG c.s.a.aspect.DAOLoggingAspect - Method Name : removeUser
2018-01-07 18:26:54 [main] DEBUG c.s.a.aspect.DAOLoggingAspect - Method arguments : [john, Java]
2018-01-07 18:26:54 [main] DEBUG c.s.a.aspect.DAOLoggingAspect - Method Name : removeUser
2018-01-07 18:26:54 [main] DEBUG c.s.a.aspect.DAOLoggingAspect - Method arguments : [john, Java]
2018-01-07 18:26:54 [main] DEBUG o.s.o.h.HibernateTransactionManager - Found thread-bound Session [SessionImpl(PersistenceContext[entityKeys=[EntityKey[com.stackroute.activitystream.model.Circle#Java], EntityKey[com.stackroute.activitystream.model.UserCircle#c3435b04-0e71-4626-b4c0-eff45d965019], EntityKey[com.stackroute.activitystream.model.UserCircle#21efd269-2095-4258-bd76-c2e6c0dbff97], EntityKey[com.stackroute.activitystream.model.User#john]],collectionKeys=[]];ActionQueue[insertions=ExecutableList{size=0} updates=ExecutableList{size=0} deletions=ExecutableList{size=2} orphanRemovals=ExecutableList{size=0} collectionCreations=ExecutableList{size=0} collectionRemovals=ExecutableList{size=0} collectionUpdates=ExecutableList{size=0} collectionQueuedOps=ExecutableList{size=0} unresolvedInsertDependencies=null])] for Hibernate transaction
2018-01-07 18:26:54 [main] DEBUG o.s.o.h.HibernateTransactionManager - Participating in existing transaction
2018-01-07 18:26:54 [main] DEBUG c.s.a.aspect.DAOLoggingAspect - Method Name : get
2018-01-07 18:26:54 [main] DEBUG c.s.a.aspect.DAOLoggingAspect - Method arguments : [john]
2018-01-07 18:26:54 [main] DEBUG c.s.a.aspect.DAOLoggingAspect - Method Name : get
2018-01-07 18:26:54 [main] DEBUG c.s.a.aspect.DAOLoggingAspect - Method arguments : [john]
2018-01-07 18:26:54 [main] DEBUG o.s.o.h.HibernateTransactionManager - Found thread-bound Session [SessionImpl(PersistenceContext[entityKeys=[EntityKey[com.stackroute.activitystream.model.Circle#Java], EntityKey[com.stackroute.activitystream.model.UserCircle#c3435b04-0e71-4626-b4c0-eff45d965019], EntityKey[com.stackroute.activitystream.model.UserCircle#21efd269-2095-4258-bd76-c2e6c0dbff97], EntityKey[com.stackroute.activitystream.model.User#john]],collectionKeys=[]];ActionQueue[insertions=ExecutableList{size=0} updates=ExecutableList{size=0} deletions=ExecutableList{size=2} orphanRemovals=ExecutableList{size=0} collectionCreations=ExecutableList{size=0} collectionRemovals=ExecutableList{size=0} collectionUpdates=ExecutableList{size=0} collectionQueuedOps=ExecutableList{size=0} unresolvedInsertDependencies=null])] for Hibernate transaction
2018-01-07 18:26:54 [main] DEBUG o.s.o.h.HibernateTransactionManager - Participating in existing transaction
2018-01-07 18:26:54 [main] DEBUG c.s.a.aspect.DAOLoggingAspect - Method Name : get
2018-01-07 18:26:54 [main] DEBUG c.s.a.aspect.DAOLoggingAspect - Method arguments : [will, Java]
2018-01-07 18:26:54 [main] DEBUG c.s.a.aspect.DAOLoggingAspect - Method Name : get
2018-01-07 18:26:54 [main] DEBUG c.s.a.aspect.DAOLoggingAspect - Method arguments : [will, Java]
2018-01-07 18:26:54 [main] DEBUG o.s.o.h.HibernateTransactionManager - Found thread-bound Session [SessionImpl(PersistenceContext[entityKeys=[EntityKey[com.stackroute.activitystream.model.Circle#Java], EntityKey[com.stackroute.activitystream.model.UserCircle#c3435b04-0e71-4626-b4c0-eff45d965019], EntityKey[com.stackroute.activitystream.model.UserCircle#21efd269-2095-4258-bd76-c2e6c0dbff97], EntityKey[com.stackroute.activitystream.model.User#john]],collectionKeys=[]];ActionQueue[insertions=ExecutableList{size=0} updates=ExecutableList{size=0} deletions=ExecutableList{size=2} orphanRemovals=ExecutableList{size=0} collectionCreations=ExecutableList{size=0} collectionRemovals=ExecutableList{size=0} collectionUpdates=ExecutableList{size=0} collectionQueuedOps=ExecutableList{size=0} unresolvedInsertDependencies=null])] for Hibernate transaction
2018-01-07 18:26:54 [main] DEBUG o.s.o.h.HibernateTransactionManager - Participating in existing transaction
2018-01-07 18:26:54 [main] DEBUG c.s.a.aspect.DAOLoggingAspect - Method Name : removeUser
2018-01-07 18:26:54 [main] DEBUG c.s.a.aspect.DAOLoggingAspect - Method arguments : [will, Java]
2018-01-07 18:26:54 [main] DEBUG c.s.a.aspect.DAOLoggingAspect - Method Name : removeUser
2018-01-07 18:26:54 [main] DEBUG c.s.a.aspect.DAOLoggingAspect - Method arguments : [will, Java]
2018-01-07 18:26:54 [main] DEBUG o.s.o.h.HibernateTransactionManager - Found thread-bound Session [SessionImpl(PersistenceContext[entityKeys=[EntityKey[com.stackroute.activitystream.model.Circle#Java], EntityKey[com.stackroute.activitystream.model.UserCircle#c3435b04-0e71-4626-b4c0-eff45d965019], EntityKey[com.stackroute.activitystream.model.UserCircle#21efd269-2095-4258-bd76-c2e6c0dbff97], EntityKey[com.stackroute.activitystream.model.User#john]],collectionKeys=[]];ActionQueue[insertions=ExecutableList{size=0} updates=ExecutableList{size=0} deletions=ExecutableList{size=2} orphanRemovals=ExecutableList{size=0} collectionCreations=ExecutableList{size=0} collectionRemovals=ExecutableList{size=0} collectionUpdates=ExecutableList{size=0} collectionQueuedOps=ExecutableList{size=0} unresolvedInsertDependencies=null])] for Hibernate transaction
2018-01-07 18:26:54 [main] DEBUG o.s.o.h.HibernateTransactionManager - Participating in existing transaction
2018-01-07 18:26:54 [main] DEBUG c.s.a.aspect.DAOLoggingAspect - Method Name : get
2018-01-07 18:26:54 [main] DEBUG c.s.a.aspect.DAOLoggingAspect - Method arguments : [will]
2018-01-07 18:26:54 [main] DEBUG c.s.a.aspect.DAOLoggingAspect - Method Name : get
2018-01-07 18:26:54 [main] DEBUG c.s.a.aspect.DAOLoggingAspect - Method arguments : [will]
2018-01-07 18:26:54 [main] DEBUG o.s.o.h.HibernateTransactionManager - Initiating transaction rollback
2018-01-07 18:26:54 [main] DEBUG o.s.o.h.HibernateTransactionManager - Rolling back Hibernate transaction on Session [SessionImpl(PersistenceContext[entityKeys=[EntityKey[com.stackroute.activitystream.model.Circle#Java], EntityKey[com.stackroute.activitystream.model.UserCircle#c3435b04-0e71-4626-b4c0-eff45d965019], EntityKey[com.stackroute.activitystream.model.UserCircle#21efd269-2095-4258-bd76-c2e6c0dbff97], EntityKey[com.stackroute.activitystream.model.User#john]],collectionKeys=[]];ActionQueue[insertions=ExecutableList{size=0} updates=ExecutableList{size=0} deletions=ExecutableList{size=2} orphanRemovals=ExecutableList{size=0} collectionCreations=ExecutableList{size=0} collectionRemovals=ExecutableList{size=0} collectionUpdates=ExecutableList{size=0} collectionQueuedOps=ExecutableList{size=0} unresolvedInsertDependencies=null])]
2018-01-07 18:26:54 [main] DEBUG o.s.o.h.HibernateTransactionManager - Closing Hibernate Session [SessionImpl(PersistenceContext[entityKeys=[],collectionKeys=[]];ActionQueue[insertions=ExecutableList{size=0} updates=ExecutableList{size=0} deletions=ExecutableList{size=0} orphanRemovals=ExecutableList{size=0} collectionCreations=ExecutableList{size=0} collectionRemovals=ExecutableList{size=0} collectionUpdates=ExecutableList{size=0} collectionQueuedOps=ExecutableList{size=0} unresolvedInsertDependencies=null])] after transaction
2018-01-07 18:26:54 [main] INFO  o.s.t.c.t.TransactionContext - Rolled back transaction for test context [DefaultTestContext@4d354a3e testClass = MessageTest, testInstance = com.stackroute.activitystream.test.MessageTest@4a1dda83, testMethod = testSendMessageToInvalidReceiverFailure@MessageTest, testException = [null], mergedContextConfiguration = [WebMergedContextConfiguration@24a0c58b testClass = MessageTest, locations = '{}', classes = '{class com.stackroute.activitystream.config.ApplicationContextConfig}', contextInitializerClasses = '[]', activeProfiles = '{}', propertySourceLocations = '{}', propertySourceProperties = '{}', contextCustomizers = set[org.springframework.test.context.web.socket.MockServerContainerContextCustomizer@33b37288], resourceBasePath = 'src/main/webapp', contextLoader = 'org.springframework.test.context.web.WebDelegatingSmartContextLoader', parent = [null]]].
2018-01-07 18:26:54 [main] DEBUG o.s.t.c.s.AbstractDirtiesContextTestExecutionListener - After test method: context [DefaultTestContext@4d354a3e testClass = MessageTest, testInstance = com.stackroute.activitystream.test.MessageTest@4a1dda83, testMethod = testSendMessageToInvalidReceiverFailure@MessageTest, testException = [null], mergedContextConfiguration = [WebMergedContextConfiguration@24a0c58b testClass = MessageTest, locations = '{}', classes = '{class com.stackroute.activitystream.config.ApplicationContextConfig}', contextInitializerClasses = '[]', activeProfiles = '{}', propertySourceLocations = '{}', propertySourceProperties = '{}', contextCustomizers = set[org.springframework.test.context.web.socket.MockServerContainerContextCustomizer@33b37288], resourceBasePath = 'src/main/webapp', contextLoader = 'org.springframework.test.context.web.WebDelegatingSmartContextLoader', parent = [null]]], class annotated with @DirtiesContext [false] with mode [null], method annotated with @DirtiesContext [false] with mode [null].
2018-01-07 18:26:54 [main] DEBUG o.s.t.c.w.ServletTestExecutionListener - Resetting RequestContextHolder for test context [DefaultTestContext@4d354a3e testClass = MessageTest, testInstance = com.stackroute.activitystream.test.MessageTest@4a1dda83, testMethod = testSendMessageToInvalidReceiverFailure@MessageTest, testException = [null], mergedContextConfiguration = [WebMergedContextConfiguration@24a0c58b testClass = MessageTest, locations = '{}', classes = '{class com.stackroute.activitystream.config.ApplicationContextConfig}', contextInitializerClasses = '[]', activeProfiles = '{}', propertySourceLocations = '{}', propertySourceProperties = '{}', contextCustomizers = set[org.springframework.test.context.web.socket.MockServerContainerContextCustomizer@33b37288], resourceBasePath = 'src/main/webapp', contextLoader = 'org.springframework.test.context.web.WebDelegatingSmartContextLoader', parent = [null]]].
2018-01-07 18:26:54 [main] DEBUG o.s.t.annotation.ProfileValueUtils - Retrieved @ProfileValueSourceConfiguration [null] for test class [com.stackroute.activitystream.test.MessageTest]
2018-01-07 18:26:54 [main] DEBUG o.s.t.annotation.ProfileValueUtils - Retrieved ProfileValueSource type [class org.springframework.test.annotation.SystemProfileValueSource] for class [com.stackroute.activitystream.test.MessageTest]
2018-01-07 18:26:54 [main] DEBUG o.s.t.c.c.DefaultCacheAwareContextLoaderDelegate - Retrieved ApplicationContext from cache with key [[WebMergedContextConfiguration@24a0c58b testClass = MessageTest, locations = '{}', classes = '{class com.stackroute.activitystream.config.ApplicationContextConfig}', contextInitializerClasses = '[]', activeProfiles = '{}', propertySourceLocations = '{}', propertySourceProperties = '{}', contextCustomizers = set[org.springframework.test.context.web.socket.MockServerContainerContextCustomizer@33b37288], resourceBasePath = 'src/main/webapp', contextLoader = 'org.springframework.test.context.web.WebDelegatingSmartContextLoader', parent = [null]]]
2018-01-07 18:26:54 [main] DEBUG o.springframework.test.context.cache - Spring test ApplicationContext cache statistics: [DefaultContextCache@5922d3e9 size = 1, maxSize = 32, parentContextCount = 0, hitCount = 72, missCount = 1]
2018-01-07 18:26:54 [main] DEBUG o.s.t.c.w.ServletTestExecutionListener - Setting up MockHttpServletRequest, MockHttpServletResponse, ServletWebRequest, and RequestContextHolder for test context [DefaultTestContext@4d354a3e testClass = MessageTest, testInstance = com.stackroute.activitystream.test.MessageTest@424f02b8, testMethod = [null], testException = [null], mergedContextConfiguration = [WebMergedContextConfiguration@24a0c58b testClass = MessageTest, locations = '{}', classes = '{class com.stackroute.activitystream.config.ApplicationContextConfig}', contextInitializerClasses = '[]', activeProfiles = '{}', propertySourceLocations = '{}', propertySourceProperties = '{}', contextCustomizers = set[org.springframework.test.context.web.socket.MockServerContainerContextCustomizer@33b37288], resourceBasePath = 'src/main/webapp', contextLoader = 'org.springframework.test.context.web.WebDelegatingSmartContextLoader', parent = [null]]].
2018-01-07 18:26:54 [main] DEBUG o.s.t.c.s.DependencyInjectionTestExecutionListener - Performing dependency injection for test context [[DefaultTestContext@4d354a3e testClass = MessageTest, testInstance = com.stackroute.activitystream.test.MessageTest@424f02b8, testMethod = [null], testException = [null], mergedContextConfiguration = [WebMergedContextConfiguration@24a0c58b testClass = MessageTest, locations = '{}', classes = '{class com.stackroute.activitystream.config.ApplicationContextConfig}', contextInitializerClasses = '[]', activeProfiles = '{}', propertySourceLocations = '{}', propertySourceProperties = '{}', contextCustomizers = set[org.springframework.test.context.web.socket.MockServerContainerContextCustomizer@33b37288], resourceBasePath = 'src/main/webapp', contextLoader = 'org.springframework.test.context.web.WebDelegatingSmartContextLoader', parent = [null]]]].
2018-01-07 18:26:54 [main] DEBUG o.s.t.c.c.DefaultCacheAwareContextLoaderDelegate - Retrieved ApplicationContext from cache with key [[WebMergedContextConfiguration@24a0c58b testClass = MessageTest, locations = '{}', classes = '{class com.stackroute.activitystream.config.ApplicationContextConfig}', contextInitializerClasses = '[]', activeProfiles = '{}', propertySourceLocations = '{}', propertySourceProperties = '{}', contextCustomizers = set[org.springframework.test.context.web.socket.MockServerContainerContextCustomizer@33b37288], resourceBasePath = 'src/main/webapp', contextLoader = 'org.springframework.test.context.web.WebDelegatingSmartContextLoader', parent = [null]]]
2018-01-07 18:26:54 [main] DEBUG o.springframework.test.context.cache - Spring test ApplicationContext cache statistics: [DefaultContextCache@5922d3e9 size = 1, maxSize = 32, parentContextCount = 0, hitCount = 73, missCount = 1]
2018-01-07 18:26:54 [main] DEBUG o.s.b.f.annotation.InjectionMetadata - Processing injected element of bean 'com.stackroute.activitystream.test.MessageTest': AutowiredFieldElement for private com.stackroute.activitystream.dao.MessageDAO com.stackroute.activitystream.test.MessageTest.messageDAO
2018-01-07 18:26:54 [main] DEBUG o.s.core.annotation.AnnotationUtils - Failed to meta-introspect annotation [interface org.springframework.beans.factory.annotation.Autowired]: java.lang.IllegalArgumentException: Annotation must not be null
2018-01-07 18:26:54 [main] DEBUG o.s.b.f.s.DefaultListableBeanFactory - Returning cached instance of singleton bean 'messageDAO'
2018-01-07 18:26:54 [main] DEBUG o.s.b.f.annotation.InjectionMetadata - Processing injected element of bean 'com.stackroute.activitystream.test.MessageTest': AutowiredFieldElement for private com.stackroute.activitystream.dao.UserDAO com.stackroute.activitystream.test.MessageTest.userDAO
2018-01-07 18:26:54 [main] DEBUG o.s.core.annotation.AnnotationUtils - Failed to meta-introspect annotation [interface org.springframework.beans.factory.annotation.Autowired]: java.lang.IllegalArgumentException: Annotation must not be null
2018-01-07 18:26:54 [main] DEBUG o.s.b.f.s.DefaultListableBeanFactory - Returning cached instance of singleton bean 'userDAO'
2018-01-07 18:26:54 [main] DEBUG o.s.b.f.annotation.InjectionMetadata - Processing injected element of bean 'com.stackroute.activitystream.test.MessageTest': AutowiredFieldElement for com.stackroute.activitystream.dao.UserCircleDAO com.stackroute.activitystream.test.MessageTest.userCircleDAO
2018-01-07 18:26:54 [main] DEBUG o.s.core.annotation.AnnotationUtils - Failed to meta-introspect annotation [interface org.springframework.beans.factory.annotation.Autowired]: java.lang.IllegalArgumentException: Annotation must not be null
2018-01-07 18:26:54 [main] DEBUG o.s.b.f.s.DefaultListableBeanFactory - Returning cached instance of singleton bean 'userCircleDAO'
2018-01-07 18:26:54 [main] DEBUG o.s.b.f.annotation.InjectionMetadata - Processing injected element of bean 'com.stackroute.activitystream.test.MessageTest': AutowiredFieldElement for private com.stackroute.activitystream.dao.CircleDAO com.stackroute.activitystream.test.MessageTest.circleDAO
2018-01-07 18:26:54 [main] DEBUG o.s.core.annotation.AnnotationUtils - Failed to meta-introspect annotation [interface org.springframework.beans.factory.annotation.Autowired]: java.lang.IllegalArgumentException: Annotation must not be null
2018-01-07 18:26:54 [main] DEBUG o.s.b.f.s.DefaultListableBeanFactory - Returning cached instance of singleton bean 'circleDAO'
2018-01-07 18:26:54 [main] DEBUG o.s.b.f.annotation.InjectionMetadata - Processing injected element of bean 'com.stackroute.activitystream.test.MessageTest': AutowiredFieldElement for private com.stackroute.activitystream.model.Message com.stackroute.activitystream.test.MessageTest.message
2018-01-07 18:26:54 [main] DEBUG o.s.core.annotation.AnnotationUtils - Failed to meta-introspect annotation [interface org.springframework.beans.factory.annotation.Autowired]: java.lang.IllegalArgumentException: Annotation must not be null
2018-01-07 18:26:54 [main] DEBUG o.s.b.f.s.DefaultListableBeanFactory - Returning cached instance of singleton bean 'message'
2018-01-07 18:26:54 [main] DEBUG o.s.b.f.annotation.InjectionMetadata - Processing injected element of bean 'com.stackroute.activitystream.test.MessageTest': AutowiredFieldElement for private com.stackroute.activitystream.model.Circle com.stackroute.activitystream.test.MessageTest.circle
2018-01-07 18:26:54 [main] DEBUG o.s.core.annotation.AnnotationUtils - Failed to meta-introspect annotation [interface org.springframework.beans.factory.annotation.Autowired]: java.lang.IllegalArgumentException: Annotation must not be null
2018-01-07 18:26:54 [main] DEBUG o.s.b.f.s.DefaultListableBeanFactory - Returning cached instance of singleton bean 'circle'
2018-01-07 18:26:54 [main] DEBUG o.s.b.f.annotation.InjectionMetadata - Processing injected element of bean 'com.stackroute.activitystream.test.MessageTest': AutowiredFieldElement for private com.stackroute.activitystream.model.UserCircle com.stackroute.activitystream.test.MessageTest.userCircle
2018-01-07 18:26:54 [main] DEBUG o.s.core.annotation.AnnotationUtils - Failed to meta-introspect annotation [interface org.springframework.beans.factory.annotation.Autowired]: java.lang.IllegalArgumentException: Annotation must not be null
2018-01-07 18:26:54 [main] DEBUG o.s.b.f.s.DefaultListableBeanFactory - Returning cached instance of singleton bean 'userCircle'
2018-01-07 18:26:54 [main] DEBUG o.s.b.f.s.DefaultListableBeanFactory - Returning cached instance of singleton bean 'org.springframework.transaction.config.internalTransactionAdvisor'
2018-01-07 18:26:54 [main] DEBUG o.s.b.f.s.DefaultListableBeanFactory - Returning cached instance of singleton bean 'org.springframework.transaction.config.internalTransactionAdvisor'
2018-01-07 18:26:54 [main] DEBUG o.s.a.a.a.AnnotationAwareAspectJAutoProxyCreator - Creating implicit proxy for bean 'com.stackroute.activitystream.test.MessageTest' with 0 common interceptors and 1 specific interceptors
2018-01-07 18:26:54 [main] DEBUG o.s.aop.framework.CglibAopProxy - Creating CGLIB proxy: target source is SingletonTargetSource for target object [com.stackroute.activitystream.test.MessageTest@424f02b8]
2018-01-07 18:26:54 [main] DEBUG o.s.t.c.s.AbstractDirtiesContextTestExecutionListener - Before test method: context [DefaultTestContext@4d354a3e testClass = MessageTest, testInstance = com.stackroute.activitystream.test.MessageTest@424f02b8, testMethod = testSendMessageToCircleInvalidSenderFailure@MessageTest, testException = [null], mergedContextConfiguration = [WebMergedContextConfiguration@24a0c58b testClass = MessageTest, locations = '{}', classes = '{class com.stackroute.activitystream.config.ApplicationContextConfig}', contextInitializerClasses = '[]', activeProfiles = '{}', propertySourceLocations = '{}', propertySourceProperties = '{}', contextCustomizers = set[org.springframework.test.context.web.socket.MockServerContainerContextCustomizer@33b37288], resourceBasePath = 'src/main/webapp', contextLoader = 'org.springframework.test.context.web.WebDelegatingSmartContextLoader', parent = [null]]], class annotated with @DirtiesContext [false] with mode [null], method annotated with @DirtiesContext [false] with mode [null].
2018-01-07 18:26:54 [main] DEBUG o.s.t.a.AnnotationTransactionAttributeSource - Adding transactional method 'com.stackroute.activitystream.test.MessageTest.testSendMessageToCircleInvalidSenderFailure' with attribute: PROPAGATION_REQUIRED,ISOLATION_DEFAULT
2018-01-07 18:26:54 [main] DEBUG o.s.t.c.t.TransactionalTestExecutionListener - Explicit transaction definition [PROPAGATION_REQUIRED,ISOLATION_DEFAULT] found for test context [DefaultTestContext@4d354a3e testClass = MessageTest, testInstance = com.stackroute.activitystream.test.MessageTest@424f02b8, testMethod = testSendMessageToCircleInvalidSenderFailure@MessageTest, testException = [null], mergedContextConfiguration = [WebMergedContextConfiguration@24a0c58b testClass = MessageTest, locations = '{}', classes = '{class com.stackroute.activitystream.config.ApplicationContextConfig}', contextInitializerClasses = '[]', activeProfiles = '{}', propertySourceLocations = '{}', propertySourceProperties = '{}', contextCustomizers = set[org.springframework.test.context.web.socket.MockServerContainerContextCustomizer@33b37288], resourceBasePath = 'src/main/webapp', contextLoader = 'org.springframework.test.context.web.WebDelegatingSmartContextLoader', parent = [null]]]
2018-01-07 18:26:54 [main] DEBUG o.s.t.c.c.DefaultCacheAwareContextLoaderDelegate - Retrieved ApplicationContext from cache with key [[WebMergedContextConfiguration@24a0c58b testClass = MessageTest, locations = '{}', classes = '{class com.stackroute.activitystream.config.ApplicationContextConfig}', contextInitializerClasses = '[]', activeProfiles = '{}', propertySourceLocations = '{}', propertySourceProperties = '{}', contextCustomizers = set[org.springframework.test.context.web.socket.MockServerContainerContextCustomizer@33b37288], resourceBasePath = 'src/main/webapp', contextLoader = 'org.springframework.test.context.web.WebDelegatingSmartContextLoader', parent = [null]]]
2018-01-07 18:26:54 [main] DEBUG o.springframework.test.context.cache - Spring test ApplicationContext cache statistics: [DefaultContextCache@5922d3e9 size = 1, maxSize = 32, parentContextCount = 0, hitCount = 74, missCount = 1]
2018-01-07 18:26:54 [main] DEBUG o.s.b.f.s.DefaultListableBeanFactory - Returning cached instance of singleton bean 'transactionManager'
2018-01-07 18:26:54 [main] DEBUG o.s.t.c.t.TransactionalTestExecutionListener - No method-level @Rollback override: using default rollback [true] for test context [DefaultTestContext@4d354a3e testClass = MessageTest, testInstance = com.stackroute.activitystream.test.MessageTest@424f02b8, testMethod = testSendMessageToCircleInvalidSenderFailure@MessageTest, testException = [null], mergedContextConfiguration = [WebMergedContextConfiguration@24a0c58b testClass = MessageTest, locations = '{}', classes = '{class com.stackroute.activitystream.config.ApplicationContextConfig}', contextInitializerClasses = '[]', activeProfiles = '{}', propertySourceLocations = '{}', propertySourceProperties = '{}', contextCustomizers = set[org.springframework.test.context.web.socket.MockServerContainerContextCustomizer@33b37288], resourceBasePath = 'src/main/webapp', contextLoader = 'org.springframework.test.context.web.WebDelegatingSmartContextLoader', parent = [null]]].
2018-01-07 18:26:54 [main] DEBUG o.s.o.h.HibernateTransactionManager - Creating new transaction with name [com.stackroute.activitystream.test.MessageTest.testSendMessageToCircleInvalidSenderFailure]: PROPAGATION_REQUIRED,ISOLATION_DEFAULT
2018-01-07 18:26:54 [main] DEBUG o.s.o.h.HibernateTransactionManager - Opened new Session [SessionImpl(PersistenceContext[entityKeys=[],collectionKeys=[]];ActionQueue[insertions=ExecutableList{size=0} updates=ExecutableList{size=0} deletions=ExecutableList{size=0} orphanRemovals=ExecutableList{size=0} collectionCreations=ExecutableList{size=0} collectionRemovals=ExecutableList{size=0} collectionUpdates=ExecutableList{size=0} collectionQueuedOps=ExecutableList{size=0} unresolvedInsertDependencies=null])] for Hibernate transaction
2018-01-07 18:26:54 [main] DEBUG o.s.o.h.HibernateTransactionManager - Preparing JDBC Connection of Hibernate Session [SessionImpl(PersistenceContext[entityKeys=[],collectionKeys=[]];ActionQueue[insertions=ExecutableList{size=0} updates=ExecutableList{size=0} deletions=ExecutableList{size=0} orphanRemovals=ExecutableList{size=0} collectionCreations=ExecutableList{size=0} collectionRemovals=ExecutableList{size=0} collectionUpdates=ExecutableList{size=0} collectionQueuedOps=ExecutableList{size=0} unresolvedInsertDependencies=null])]
2018-01-07 18:26:54 [main] DEBUG o.s.o.h.HibernateTransactionManager - Exposing Hibernate transaction as JDBC transaction [718781734, URL=jdbc:mysql://localhost:3306/activitystream_step3, UserName=root@localhost, MySQL Connector Java]
2018-01-07 18:26:54 [main] INFO  o.s.t.c.t.TransactionContext - Began transaction (1) for test context [DefaultTestContext@4d354a3e testClass = MessageTest, testInstance = com.stackroute.activitystream.test.MessageTest@424f02b8, testMethod = testSendMessageToCircleInvalidSenderFailure@MessageTest, testException = [null], mergedContextConfiguration = [WebMergedContextConfiguration@24a0c58b testClass = MessageTest, locations = '{}', classes = '{class com.stackroute.activitystream.config.ApplicationContextConfig}', contextInitializerClasses = '[]', activeProfiles = '{}', propertySourceLocations = '{}', propertySourceProperties = '{}', contextCustomizers = set[org.springframework.test.context.web.socket.MockServerContainerContextCustomizer@33b37288], resourceBasePath = 'src/main/webapp', contextLoader = 'org.springframework.test.context.web.WebDelegatingSmartContextLoader', parent = [null]]]; transaction manager [org.springframework.orm.hibernate5.HibernateTransactionManager@3206174f]; rollback [true]
2018-01-07 18:26:54 [main] DEBUG o.s.o.h.HibernateTransactionManager - Found thread-bound Session [SessionImpl(PersistenceContext[entityKeys=[],collectionKeys=[]];ActionQueue[insertions=ExecutableList{size=0} updates=ExecutableList{size=0} deletions=ExecutableList{size=0} orphanRemovals=ExecutableList{size=0} collectionCreations=ExecutableList{size=0} collectionRemovals=ExecutableList{size=0} collectionUpdates=ExecutableList{size=0} collectionQueuedOps=ExecutableList{size=0} unresolvedInsertDependencies=null])] for Hibernate transaction
2018-01-07 18:26:54 [main] DEBUG o.s.o.h.HibernateTransactionManager - Participating in existing transaction
2018-01-07 18:26:54 [main] DEBUG c.s.a.aspect.DAOLoggingAspect - Method Name : get
2018-01-07 18:26:54 [main] DEBUG c.s.a.aspect.DAOLoggingAspect - Method arguments : [john]
2018-01-07 18:26:54 [main] DEBUG c.s.a.aspect.DAOLoggingAspect - Method Name : get
2018-01-07 18:26:54 [main] DEBUG c.s.a.aspect.DAOLoggingAspect - Method arguments : [john]
2018-01-07 18:26:54 [main] DEBUG o.s.o.h.HibernateTransactionManager - Found thread-bound Session [SessionImpl(PersistenceContext[entityKeys=[],collectionKeys=[]];ActionQueue[insertions=ExecutableList{size=0} updates=ExecutableList{size=0} deletions=ExecutableList{size=0} orphanRemovals=ExecutableList{size=0} collectionCreations=ExecutableList{size=0} collectionRemovals=ExecutableList{size=0} collectionUpdates=ExecutableList{size=0} collectionQueuedOps=ExecutableList{size=0} unresolvedInsertDependencies=null])] for Hibernate transaction
2018-01-07 18:26:54 [main] DEBUG o.s.o.h.HibernateTransactionManager - Participating in existing transaction
2018-01-07 18:26:54 [main] DEBUG c.s.a.aspect.DAOLoggingAspect - Method Name : get
2018-01-07 18:26:54 [main] DEBUG c.s.a.aspect.DAOLoggingAspect - Method arguments : [will]
2018-01-07 18:26:54 [main] DEBUG c.s.a.aspect.DAOLoggingAspect - Method Name : get
2018-01-07 18:26:54 [main] DEBUG c.s.a.aspect.DAOLoggingAspect - Method arguments : [will]
2018-01-07 18:26:54 [main] DEBUG o.s.o.h.HibernateTransactionManager - Found thread-bound Session [SessionImpl(PersistenceContext[entityKeys=[],collectionKeys=[]];ActionQueue[insertions=ExecutableList{size=0} updates=ExecutableList{size=0} deletions=ExecutableList{size=0} orphanRemovals=ExecutableList{size=0} collectionCreations=ExecutableList{size=0} collectionRemovals=ExecutableList{size=0} collectionUpdates=ExecutableList{size=0} collectionQueuedOps=ExecutableList{size=0} unresolvedInsertDependencies=null])] for Hibernate transaction
2018-01-07 18:26:54 [main] DEBUG o.s.o.h.HibernateTransactionManager - Participating in existing transaction
2018-01-07 18:26:54 [main] DEBUG c.s.a.aspect.DAOLoggingAspect - Method Name : get
2018-01-07 18:26:54 [main] DEBUG c.s.a.aspect.DAOLoggingAspect - Method arguments : [Java]
2018-01-07 18:26:54 [main] DEBUG c.s.a.aspect.DAOLoggingAspect - Method Name : get
2018-01-07 18:26:54 [main] DEBUG c.s.a.aspect.DAOLoggingAspect - Method arguments : [Java]
2018-01-07 18:26:54 [main] DEBUG o.s.o.h.HibernateTransactionManager - Found thread-bound Session [SessionImpl(PersistenceContext[entityKeys=[],collectionKeys=[]];ActionQueue[insertions=ExecutableList{size=0} updates=ExecutableList{size=0} deletions=ExecutableList{size=0} orphanRemovals=ExecutableList{size=0} collectionCreations=ExecutableList{size=0} collectionRemovals=ExecutableList{size=0} collectionUpdates=ExecutableList{size=0} collectionQueuedOps=ExecutableList{size=0} unresolvedInsertDependencies=null])] for Hibernate transaction
2018-01-07 18:26:54 [main] DEBUG o.s.o.h.HibernateTransactionManager - Participating in existing transaction
2018-01-07 18:26:54 [main] DEBUG c.s.a.aspect.DAOLoggingAspect - Method Name : save
2018-01-07 18:26:54 [main] DEBUG c.s.a.aspect.DAOLoggingAspect - Method arguments : [com.stackroute.activitystream.model.User@5514579e]
2018-01-07 18:26:54 [main] DEBUG c.s.a.aspect.DAOLoggingAspect - Method Name : save
2018-01-07 18:26:54 [main] DEBUG c.s.a.aspect.DAOLoggingAspect - Method arguments : [com.stackroute.activitystream.model.User@5514579e]
2018-01-07 18:26:54 [main] DEBUG o.s.o.h.HibernateTransactionManager - Found thread-bound Session [SessionImpl(PersistenceContext[entityKeys=[EntityKey[com.stackroute.activitystream.model.User#john]],collectionKeys=[]];ActionQueue[insertions=ExecutableList{size=0} updates=ExecutableList{size=0} deletions=ExecutableList{size=0} orphanRemovals=ExecutableList{size=0} collectionCreations=ExecutableList{size=0} collectionRemovals=ExecutableList{size=0} collectionUpdates=ExecutableList{size=0} collectionQueuedOps=ExecutableList{size=0} unresolvedInsertDependencies=null])] for Hibernate transaction
2018-01-07 18:26:54 [main] DEBUG o.s.o.h.HibernateTransactionManager - Participating in existing transaction
2018-01-07 18:26:54 [main] DEBUG c.s.a.aspect.DAOLoggingAspect - Method Name : save
2018-01-07 18:26:54 [main] DEBUG c.s.a.aspect.DAOLoggingAspect - Method arguments : [com.stackroute.activitystream.model.User@5db0003d]
2018-01-07 18:26:54 [main] DEBUG c.s.a.aspect.DAOLoggingAspect - Method Name : save
2018-01-07 18:26:54 [main] DEBUG c.s.a.aspect.DAOLoggingAspect - Method arguments : [com.stackroute.activitystream.model.User@5db0003d]
2018-01-07 18:26:54 [main] DEBUG o.s.o.h.HibernateTransactionManager - Found thread-bound Session [SessionImpl(PersistenceContext[entityKeys=[EntityKey[com.stackroute.activitystream.model.User#will]],collectionKeys=[]];ActionQueue[insertions=ExecutableList{size=0} updates=ExecutableList{size=0} deletions=ExecutableList{size=0} orphanRemovals=ExecutableList{size=0} collectionCreations=ExecutableList{size=0} collectionRemovals=ExecutableList{size=0} collectionUpdates=ExecutableList{size=0} collectionQueuedOps=ExecutableList{size=0} unresolvedInsertDependencies=null])] for Hibernate transaction
2018-01-07 18:26:54 [main] DEBUG o.s.o.h.HibernateTransactionManager - Participating in existing transaction
2018-01-07 18:26:54 [main] DEBUG c.s.a.aspect.DAOLoggingAspect - Method Name : save
2018-01-07 18:26:54 [main] DEBUG c.s.a.aspect.DAOLoggingAspect - Method arguments : [com.stackroute.activitystream.model.Circle@2a8f8555]
2018-01-07 18:26:54 [main] DEBUG c.s.a.aspect.DAOLoggingAspect - Method Name : save
2018-01-07 18:26:54 [main] DEBUG c.s.a.aspect.DAOLoggingAspect - Method arguments : [com.stackroute.activitystream.model.Circle@2a8f8555]
2018-01-07 18:26:54 [main] DEBUG o.s.o.h.HibernateTransactionManager - Found thread-bound Session [SessionImpl(PersistenceContext[entityKeys=[EntityKey[com.stackroute.activitystream.model.User#will]],collectionKeys=[]];ActionQueue[insertions=ExecutableList{size=0} updates=ExecutableList{size=0} deletions=ExecutableList{size=0} orphanRemovals=ExecutableList{size=0} collectionCreations=ExecutableList{size=0} collectionRemovals=ExecutableList{size=0} collectionUpdates=ExecutableList{size=0} collectionQueuedOps=ExecutableList{size=0} unresolvedInsertDependencies=null])] for Hibernate transaction
2018-01-07 18:26:54 [main] DEBUG o.s.o.h.HibernateTransactionManager - Participating in existing transaction
2018-01-07 18:26:54 [main] DEBUG c.s.a.aspect.DAOLoggingAspect - Method Name : get
2018-01-07 18:26:54 [main] DEBUG c.s.a.aspect.DAOLoggingAspect - Method arguments : [John]
2018-01-07 18:26:54 [main] DEBUG c.s.a.aspect.DAOLoggingAspect - Method Name : get
2018-01-07 18:26:54 [main] DEBUG c.s.a.aspect.DAOLoggingAspect - Method arguments : [John]
2018-01-07 18:26:54 [main] DEBUG o.s.o.h.HibernateTransactionManager - Found thread-bound Session [SessionImpl(PersistenceContext[entityKeys=[EntityKey[com.stackroute.activitystream.model.User#will], EntityKey[com.stackroute.activitystream.model.User#john]],collectionKeys=[]];ActionQueue[insertions=ExecutableList{size=0} updates=ExecutableList{size=0} deletions=ExecutableList{size=0} orphanRemovals=ExecutableList{size=0} collectionCreations=ExecutableList{size=0} collectionRemovals=ExecutableList{size=0} collectionUpdates=ExecutableList{size=0} collectionQueuedOps=ExecutableList{size=0} unresolvedInsertDependencies=null])] for Hibernate transaction
2018-01-07 18:26:54 [main] DEBUG o.s.o.h.HibernateTransactionManager - Participating in existing transaction
2018-01-07 18:26:54 [main] DEBUG c.s.a.aspect.DAOLoggingAspect - Method Name : get
2018-01-07 18:26:54 [main] DEBUG c.s.a.aspect.DAOLoggingAspect - Method arguments : [Java]
2018-01-07 18:26:54 [main] DEBUG c.s.a.aspect.DAOLoggingAspect - Method Name : get
2018-01-07 18:26:54 [main] DEBUG c.s.a.aspect.DAOLoggingAspect - Method arguments : [Java]
2018-01-07 18:26:54 [main] DEBUG o.s.o.h.HibernateTransactionManager - Found thread-bound Session [SessionImpl(PersistenceContext[entityKeys=[EntityKey[com.stackroute.activitystream.model.Circle#Java]],collectionKeys=[]];ActionQueue[insertions=ExecutableList{size=0} updates=ExecutableList{size=0} deletions=ExecutableList{size=0} orphanRemovals=ExecutableList{size=0} collectionCreations=ExecutableList{size=0} collectionRemovals=ExecutableList{size=0} collectionUpdates=ExecutableList{size=0} collectionQueuedOps=ExecutableList{size=0} unresolvedInsertDependencies=null])] for Hibernate transaction
2018-01-07 18:26:54 [main] DEBUG o.s.o.h.HibernateTransactionManager - Participating in existing transaction
2018-01-07 18:26:54 [main] DEBUG c.s.a.aspect.DAOLoggingAspect - Method Name : addUser
2018-01-07 18:26:54 [main] DEBUG c.s.a.aspect.DAOLoggingAspect - Method arguments : [john, Java]
2018-01-07 18:26:54 [main] DEBUG c.s.a.aspect.DAOLoggingAspect - Method Name : addUser
2018-01-07 18:26:54 [main] DEBUG c.s.a.aspect.DAOLoggingAspect - Method arguments : [john, Java]
2018-01-07 18:26:54 [main] DEBUG o.s.o.h.HibernateTransactionManager - Found thread-bound Session [SessionImpl(PersistenceContext[entityKeys=[EntityKey[com.stackroute.activitystream.model.Circle#Java]],collectionKeys=[]];ActionQueue[insertions=ExecutableList{size=0} updates=ExecutableList{size=0} deletions=ExecutableList{size=0} orphanRemovals=ExecutableList{size=0} collectionCreations=ExecutableList{size=0} collectionRemovals=ExecutableList{size=0} collectionUpdates=ExecutableList{size=0} collectionQueuedOps=ExecutableList{size=0} unresolvedInsertDependencies=null])] for Hibernate transaction
2018-01-07 18:26:54 [main] DEBUG o.s.o.h.HibernateTransactionManager - Participating in existing transaction
2018-01-07 18:26:54 [main] DEBUG c.s.a.aspect.DAOLoggingAspect - Method Name : get
2018-01-07 18:26:54 [main] DEBUG c.s.a.aspect.DAOLoggingAspect - Method arguments : [john]
2018-01-07 18:26:54 [main] DEBUG c.s.a.aspect.DAOLoggingAspect - Method Name : get
2018-01-07 18:26:54 [main] DEBUG c.s.a.aspect.DAOLoggingAspect - Method arguments : [john]
2018-01-07 18:26:54 [main] DEBUG o.s.o.h.HibernateTransactionManager - Found thread-bound Session [SessionImpl(PersistenceContext[entityKeys=[EntityKey[com.stackroute.activitystream.model.Circle#Java], EntityKey[com.stackroute.activitystream.model.User#john]],collectionKeys=[]];ActionQueue[insertions=ExecutableList{size=0} updates=ExecutableList{size=0} deletions=ExecutableList{size=0} orphanRemovals=ExecutableList{size=0} collectionCreations=ExecutableList{size=0} collectionRemovals=ExecutableList{size=0} collectionUpdates=ExecutableList{size=0} collectionQueuedOps=ExecutableList{size=0} unresolvedInsertDependencies=null])] for Hibernate transaction
2018-01-07 18:26:54 [main] DEBUG o.s.o.h.HibernateTransactionManager - Participating in existing transaction
2018-01-07 18:26:54 [main] DEBUG c.s.a.aspect.DAOLoggingAspect - Method Name : get
2018-01-07 18:26:54 [main] DEBUG c.s.a.aspect.DAOLoggingAspect - Method arguments : [Java]
2018-01-07 18:26:54 [main] DEBUG c.s.a.aspect.DAOLoggingAspect - Method Name : get
2018-01-07 18:26:54 [main] DEBUG c.s.a.aspect.DAOLoggingAspect - Method arguments : [Java]
2018-01-07 18:26:54 [main] DEBUG o.s.o.h.HibernateTransactionManager - Found thread-bound Session [SessionImpl(PersistenceContext[entityKeys=[EntityKey[com.stackroute.activitystream.model.UserCircle#9ed23d5a-21cf-4bee-9a28-474cfd7640a9]],collectionKeys=[]];ActionQueue[insertions=ExecutableList{size=0} updates=ExecutableList{size=0} deletions=ExecutableList{size=0} orphanRemovals=ExecutableList{size=0} collectionCreations=ExecutableList{size=0} collectionRemovals=ExecutableList{size=0} collectionUpdates=ExecutableList{size=0} collectionQueuedOps=ExecutableList{size=0} unresolvedInsertDependencies=null])] for Hibernate transaction
2018-01-07 18:26:54 [main] DEBUG o.s.o.h.HibernateTransactionManager - Participating in existing transaction
2018-01-07 18:26:54 [main] DEBUG c.s.a.aspect.DAOLoggingAspect - Method Name : addUser
2018-01-07 18:26:54 [main] DEBUG c.s.a.aspect.DAOLoggingAspect - Method arguments : [will, Java]
2018-01-07 18:26:54 [main] DEBUG c.s.a.aspect.DAOLoggingAspect - Method Name : addUser
2018-01-07 18:26:54 [main] DEBUG c.s.a.aspect.DAOLoggingAspect - Method arguments : [will, Java]
2018-01-07 18:26:54 [main] DEBUG o.s.o.h.HibernateTransactionManager - Found thread-bound Session [SessionImpl(PersistenceContext[entityKeys=[EntityKey[com.stackroute.activitystream.model.UserCircle#9ed23d5a-21cf-4bee-9a28-474cfd7640a9]],collectionKeys=[]];ActionQueue[insertions=ExecutableList{size=0} updates=ExecutableList{size=0} deletions=ExecutableList{size=0} orphanRemovals=ExecutableList{size=0} collectionCreations=ExecutableList{size=0} collectionRemovals=ExecutableList{size=0} collectionUpdates=ExecutableList{size=0} collectionQueuedOps=ExecutableList{size=0} unresolvedInsertDependencies=null])] for Hibernate transaction
2018-01-07 18:26:54 [main] DEBUG o.s.o.h.HibernateTransactionManager - Participating in existing transaction
2018-01-07 18:26:54 [main] DEBUG c.s.a.aspect.DAOLoggingAspect - Method Name : get
2018-01-07 18:26:54 [main] DEBUG c.s.a.aspect.DAOLoggingAspect - Method arguments : [will]
2018-01-07 18:26:54 [main] DEBUG c.s.a.aspect.DAOLoggingAspect - Method Name : get
2018-01-07 18:26:54 [main] DEBUG c.s.a.aspect.DAOLoggingAspect - Method arguments : [will]
2018-01-07 18:26:54 [main] DEBUG o.s.o.h.HibernateTransactionManager - Found thread-bound Session [SessionImpl(PersistenceContext[entityKeys=[EntityKey[com.stackroute.activitystream.model.User#will], EntityKey[com.stackroute.activitystream.model.UserCircle#9ed23d5a-21cf-4bee-9a28-474cfd7640a9]],collectionKeys=[]];ActionQueue[insertions=ExecutableList{size=0} updates=ExecutableList{size=0} deletions=ExecutableList{size=0} orphanRemovals=ExecutableList{size=0} collectionCreations=ExecutableList{size=0} collectionRemovals=ExecutableList{size=0} collectionUpdates=ExecutableList{size=0} collectionQueuedOps=ExecutableList{size=0} unresolvedInsertDependencies=null])] for Hibernate transaction
2018-01-07 18:26:54 [main] DEBUG o.s.o.h.HibernateTransactionManager - Participating in existing transaction
2018-01-07 18:26:54 [main] DEBUG c.s.a.aspect.DAOLoggingAspect - Method Name : get
2018-01-07 18:26:54 [main] DEBUG c.s.a.aspect.DAOLoggingAspect - Method arguments : [Java]
2018-01-07 18:26:54 [main] DEBUG c.s.a.aspect.DAOLoggingAspect - Method Name : get
2018-01-07 18:26:54 [main] DEBUG c.s.a.aspect.DAOLoggingAspect - Method arguments : [Java]
2018-01-07 18:26:54 [main] DEBUG o.s.o.h.HibernateTransactionManager - Found thread-bound Session [SessionImpl(PersistenceContext[entityKeys=[EntityKey[com.stackroute.activitystream.model.UserCircle#b9ab6b7e-e1a2-40f6-ae60-bfd1d2a691a7]],collectionKeys=[]];ActionQueue[insertions=ExecutableList{size=0} updates=ExecutableList{size=0} deletions=ExecutableList{size=0} orphanRemovals=ExecutableList{size=0} collectionCreations=ExecutableList{size=0} collectionRemovals=ExecutableList{size=0} collectionUpdates=ExecutableList{size=0} collectionQueuedOps=ExecutableList{size=0} unresolvedInsertDependencies=null])] for Hibernate transaction
2018-01-07 18:26:54 [main] DEBUG o.s.o.h.HibernateTransactionManager - Participating in existing transaction
2018-01-07 18:26:54 [main] DEBUG c.s.a.aspect.DAOLoggingAspect - Method Name : sendMessageToCircle
2018-01-07 18:26:54 [main] DEBUG c.s.a.aspect.DAOLoggingAspect - Method arguments : [Java, com.stackroute.activitystream.model.Message@5e8cda75]
2018-01-07 18:26:54 [main] DEBUG c.s.a.aspect.DAOLoggingAspect - Method Name : sendMessageToCircle
2018-01-07 18:26:54 [main] DEBUG c.s.a.aspect.DAOLoggingAspect - Method arguments : [Java, com.stackroute.activitystream.model.Message@5e8cda75]
2018-01-07 18:26:54 [main] DEBUG o.s.o.h.HibernateTransactionManager - Found thread-bound Session [SessionImpl(PersistenceContext[entityKeys=[EntityKey[com.stackroute.activitystream.model.UserCircle#b9ab6b7e-e1a2-40f6-ae60-bfd1d2a691a7]],collectionKeys=[]];ActionQueue[insertions=ExecutableList{size=0} updates=ExecutableList{size=0} deletions=ExecutableList{size=0} orphanRemovals=ExecutableList{size=0} collectionCreations=ExecutableList{size=0} collectionRemovals=ExecutableList{size=0} collectionUpdates=ExecutableList{size=0} collectionQueuedOps=ExecutableList{size=0} unresolvedInsertDependencies=null])] for Hibernate transaction
2018-01-07 18:26:54 [main] DEBUG o.s.o.h.HibernateTransactionManager - Participating in existing transaction
2018-01-07 18:26:54 [main] DEBUG c.s.a.aspect.DAOLoggingAspect - Method Name : get
2018-01-07 18:26:54 [main] DEBUG c.s.a.aspect.DAOLoggingAspect - Method arguments : [chris]
2018-01-07 18:26:54 [main] DEBUG c.s.a.aspect.DAOLoggingAspect - Method Name : get
2018-01-07 18:26:54 [main] DEBUG c.s.a.aspect.DAOLoggingAspect - Method arguments : [chris]
2018-01-07 18:26:54 [main] DEBUG o.s.o.h.HibernateTransactionManager - Found thread-bound Session [SessionImpl(PersistenceContext[entityKeys=[EntityKey[com.stackroute.activitystream.model.UserCircle#b9ab6b7e-e1a2-40f6-ae60-bfd1d2a691a7]],collectionKeys=[]];ActionQueue[insertions=ExecutableList{size=0} updates=ExecutableList{size=0} deletions=ExecutableList{size=0} orphanRemovals=ExecutableList{size=0} collectionCreations=ExecutableList{size=0} collectionRemovals=ExecutableList{size=0} collectionUpdates=ExecutableList{size=0} collectionQueuedOps=ExecutableList{size=0} unresolvedInsertDependencies=null])] for Hibernate transaction
2018-01-07 18:26:54 [main] DEBUG o.s.o.h.HibernateTransactionManager - Participating in existing transaction
2018-01-07 18:26:54 [main] DEBUG c.s.a.aspect.DAOLoggingAspect - Method Name : get
2018-01-07 18:26:54 [main] DEBUG c.s.a.aspect.DAOLoggingAspect - Method arguments : [john]
2018-01-07 18:26:54 [main] DEBUG c.s.a.aspect.DAOLoggingAspect - Method Name : get
2018-01-07 18:26:54 [main] DEBUG c.s.a.aspect.DAOLoggingAspect - Method arguments : [john]
2018-01-07 18:26:54 [main] DEBUG o.s.o.h.HibernateTransactionManager - Found thread-bound Session [SessionImpl(PersistenceContext[entityKeys=[EntityKey[com.stackroute.activitystream.model.UserCircle#b9ab6b7e-e1a2-40f6-ae60-bfd1d2a691a7], EntityKey[com.stackroute.activitystream.model.User#john]],collectionKeys=[]];ActionQueue[insertions=ExecutableList{size=0} updates=ExecutableList{size=0} deletions=ExecutableList{size=0} orphanRemovals=ExecutableList{size=0} collectionCreations=ExecutableList{size=0} collectionRemovals=ExecutableList{size=0} collectionUpdates=ExecutableList{size=0} collectionQueuedOps=ExecutableList{size=0} unresolvedInsertDependencies=null])] for Hibernate transaction
2018-01-07 18:26:54 [main] DEBUG o.s.o.h.HibernateTransactionManager - Participating in existing transaction
2018-01-07 18:26:54 [main] DEBUG c.s.a.aspect.DAOLoggingAspect - Method Name : get
2018-01-07 18:26:54 [main] DEBUG c.s.a.aspect.DAOLoggingAspect - Method arguments : [john]
2018-01-07 18:26:54 [main] DEBUG c.s.a.aspect.DAOLoggingAspect - Method Name : get
2018-01-07 18:26:54 [main] DEBUG c.s.a.aspect.DAOLoggingAspect - Method arguments : [john]
2018-01-07 18:26:54 [main] DEBUG o.s.o.h.HibernateTransactionManager - Found thread-bound Session [SessionImpl(PersistenceContext[entityKeys=[EntityKey[com.stackroute.activitystream.model.UserCircle#b9ab6b7e-e1a2-40f6-ae60-bfd1d2a691a7], EntityKey[com.stackroute.activitystream.model.User#john]],collectionKeys=[]];ActionQueue[insertions=ExecutableList{size=0} updates=ExecutableList{size=0} deletions=ExecutableList{size=0} orphanRemovals=ExecutableList{size=0} collectionCreations=ExecutableList{size=0} collectionRemovals=ExecutableList{size=0} collectionUpdates=ExecutableList{size=0} collectionQueuedOps=ExecutableList{size=0} unresolvedInsertDependencies=null])] for Hibernate transaction
2018-01-07 18:26:54 [main] DEBUG o.s.o.h.HibernateTransactionManager - Participating in existing transaction
2018-01-07 18:26:54 [main] DEBUG c.s.a.aspect.DAOLoggingAspect - Method Name : delete
2018-01-07 18:26:54 [main] DEBUG c.s.a.aspect.DAOLoggingAspect - Method arguments : [com.stackroute.activitystream.model.User@55421b8d]
2018-01-07 18:26:54 [main] DEBUG c.s.a.aspect.DAOLoggingAspect - Method Name : delete
2018-01-07 18:26:54 [main] DEBUG c.s.a.aspect.DAOLoggingAspect - Method arguments : [com.stackroute.activitystream.model.User@55421b8d]
2018-01-07 18:26:54 [main] DEBUG o.s.o.h.HibernateTransactionManager - Found thread-bound Session [SessionImpl(PersistenceContext[entityKeys=[EntityKey[com.stackroute.activitystream.model.UserCircle#b9ab6b7e-e1a2-40f6-ae60-bfd1d2a691a7], EntityKey[com.stackroute.activitystream.model.User#john]],collectionKeys=[]];ActionQueue[insertions=ExecutableList{size=0} updates=ExecutableList{size=0} deletions=ExecutableList{size=1} orphanRemovals=ExecutableList{size=0} collectionCreations=ExecutableList{size=0} collectionRemovals=ExecutableList{size=0} collectionUpdates=ExecutableList{size=0} collectionQueuedOps=ExecutableList{size=0} unresolvedInsertDependencies=null])] for Hibernate transaction
2018-01-07 18:26:54 [main] DEBUG o.s.o.h.HibernateTransactionManager - Participating in existing transaction
2018-01-07 18:26:54 [main] DEBUG c.s.a.aspect.DAOLoggingAspect - Method Name : get
