2018-01-07 18:10:10 [main] DEBUG o.s.t.a.AnnotationTransactionAttributeSource - Adding transactional method 'com.stackroute.activitystream.test.MessageTest.testSendMessageToCircleInvalidSenderFailure' with attribute: PROPAGATION_REQUIRED,ISOLATION_DEFAULT
2018-01-07 18:10:10 [main] DEBUG o.s.t.c.t.TransactionalTestExecutionListener - Explicit transaction definition [PROPAGATION_REQUIRED,ISOLATION_DEFAULT] found for test context [DefaultTestContext@4d354a3e testClass = MessageTest, testInstance = com.stackroute.activitystream.test.MessageTest@424f02b8, testMethod = testSendMessageToCircleInvalidSenderFailure@MessageTest, testException = [null], mergedContextConfiguration = [WebMergedContextConfiguration@24a0c58b testClass = MessageTest, locations = '{}', classes = '{class com.stackroute.activitystream.config.ApplicationContextConfig}', contextInitializerClasses = '[]', activeProfiles = '{}', propertySourceLocations = '{}', propertySourceProperties = '{}', contextCustomizers = set[org.springframework.test.context.web.socket.MockServerContainerContextCustomizer@33b37288], resourceBasePath = 'src/main/webapp', contextLoader = 'org.springframework.test.context.web.WebDelegatingSmartContextLoader', parent = [null]]]
2018-01-07 18:10:10 [main] DEBUG o.s.t.c.c.DefaultCacheAwareContextLoaderDelegate - Retrieved ApplicationContext from cache with key [[WebMergedContextConfiguration@24a0c58b testClass = MessageTest, locations = '{}', classes = '{class com.stackroute.activitystream.config.ApplicationContextConfig}', contextInitializerClasses = '[]', activeProfiles = '{}', propertySourceLocations = '{}', propertySourceProperties = '{}', contextCustomizers = set[org.springframework.test.context.web.socket.MockServerContainerContextCustomizer@33b37288], resourceBasePath = 'src/main/webapp', contextLoader = 'org.springframework.test.context.web.WebDelegatingSmartContextLoader', parent = [null]]]
2018-01-07 18:10:10 [main] DEBUG o.springframework.test.context.cache - Spring test ApplicationContext cache statistics: [DefaultContextCache@5922d3e9 size = 1, maxSize = 32, parentContextCount = 0, hitCount = 74, missCount = 1]
2018-01-07 18:10:10 [main] DEBUG o.s.b.f.s.DefaultListableBeanFactory - Returning cached instance of singleton bean 'transactionManager'
2018-01-07 18:10:10 [main] DEBUG o.s.t.c.t.TransactionalTestExecutionListener - No method-level @Rollback override: using default rollback [true] for test context [DefaultTestContext@4d354a3e testClass = MessageTest, testInstance = com.stackroute.activitystream.test.MessageTest@424f02b8, testMethod = testSendMessageToCircleInvalidSenderFailure@MessageTest, testException = [null], mergedContextConfiguration = [WebMergedContextConfiguration@24a0c58b testClass = MessageTest, locations = '{}', classes = '{class com.stackroute.activitystream.config.ApplicationContextConfig}', contextInitializerClasses = '[]', activeProfiles = '{}', propertySourceLocations = '{}', propertySourceProperties = '{}', contextCustomizers = set[org.springframework.test.context.web.socket.MockServerContainerContextCustomizer@33b37288], resourceBasePath = 'src/main/webapp', contextLoader = 'org.springframework.test.context.web.WebDelegatingSmartContextLoader', parent = [null]]].
2018-01-07 18:10:10 [main] DEBUG o.s.o.h.HibernateTransactionManager - Creating new transaction with name [com.stackroute.activitystream.test.MessageTest.testSendMessageToCircleInvalidSenderFailure]: PROPAGATION_REQUIRED,ISOLATION_DEFAULT
2018-01-07 18:10:10 [main] DEBUG o.s.o.h.HibernateTransactionManager - Opened new Session [SessionImpl(PersistenceContext[entityKeys=[],collectionKeys=[]];ActionQueue[insertions=ExecutableList{size=0} updates=ExecutableList{size=0} deletions=ExecutableList{size=0} orphanRemovals=ExecutableList{size=0} collectionCreations=ExecutableList{size=0} collectionRemovals=ExecutableList{size=0} collectionUpdates=ExecutableList{size=0} collectionQueuedOps=ExecutableList{size=0} unresolvedInsertDependencies=null])] for Hibernate transaction
2018-01-07 18:10:10 [main] DEBUG o.s.o.h.HibernateTransactionManager - Preparing JDBC Connection of Hibernate Session [SessionImpl(PersistenceContext[entityKeys=[],collectionKeys=[]];ActionQueue[insertions=ExecutableList{size=0} updates=ExecutableList{size=0} deletions=ExecutableList{size=0} orphanRemovals=ExecutableList{size=0} collectionCreations=ExecutableList{size=0} collectionRemovals=ExecutableList{size=0} collectionUpdates=ExecutableList{size=0} collectionQueuedOps=ExecutableList{size=0} unresolvedInsertDependencies=null])]
2018-01-07 18:10:10 [main] DEBUG o.s.o.h.HibernateTransactionManager - Exposing Hibernate transaction as JDBC transaction [718781734, URL=jdbc:mysql://localhost:3306/activitystream_step3, UserName=root@localhost, MySQL Connector Java]
2018-01-07 18:10:10 [main] INFO  o.s.t.c.t.TransactionContext - Began transaction (1) for test context [DefaultTestContext@4d354a3e testClass = MessageTest, testInstance = com.stackroute.activitystream.test.MessageTest@424f02b8, testMethod = testSendMessageToCircleInvalidSenderFailure@MessageTest, testException = [null], mergedContextConfiguration = [WebMergedContextConfiguration@24a0c58b testClass = MessageTest, locations = '{}', classes = '{class com.stackroute.activitystream.config.ApplicationContextConfig}', contextInitializerClasses = '[]', activeProfiles = '{}', propertySourceLocations = '{}', propertySourceProperties = '{}', contextCustomizers = set[org.springframework.test.context.web.socket.MockServerContainerContextCustomizer@33b37288], resourceBasePath = 'src/main/webapp', contextLoader = 'org.springframework.test.context.web.WebDelegatingSmartContextLoader', parent = [null]]]; transaction manager [org.springframework.orm.hibernate5.HibernateTransactionManager@3206174f]; rollback [true]
2018-01-07 18:10:10 [main] DEBUG o.s.o.h.HibernateTransactionManager - Found thread-bound Session [SessionImpl(PersistenceContext[entityKeys=[],collectionKeys=[]];ActionQueue[insertions=ExecutableList{size=0} updates=ExecutableList{size=0} deletions=ExecutableList{size=0} orphanRemovals=ExecutableList{size=0} collectionCreations=ExecutableList{size=0} collectionRemovals=ExecutableList{size=0} collectionUpdates=ExecutableList{size=0} collectionQueuedOps=ExecutableList{size=0} unresolvedInsertDependencies=null])] for Hibernate transaction
2018-01-07 18:10:10 [main] DEBUG o.s.o.h.HibernateTransactionManager - Participating in existing transaction
2018-01-07 18:10:10 [main] DEBUG c.s.a.aspect.DAOLoggingAspect - Method Name : get
2018-01-07 18:10:10 [main] DEBUG c.s.a.aspect.DAOLoggingAspect - Method arguments : [john]
2018-01-07 18:10:10 [main] DEBUG c.s.a.aspect.DAOLoggingAspect - Method Name : get
2018-01-07 18:10:10 [main] DEBUG c.s.a.aspect.DAOLoggingAspect - Method arguments : [john]
2018-01-07 18:10:10 [main] DEBUG o.s.o.h.HibernateTransactionManager - Found thread-bound Session [SessionImpl(PersistenceContext[entityKeys=[],collectionKeys=[]];ActionQueue[insertions=ExecutableList{size=0} updates=ExecutableList{size=0} deletions=ExecutableList{size=0} orphanRemovals=ExecutableList{size=0} collectionCreations=ExecutableList{size=0} collectionRemovals=ExecutableList{size=0} collectionUpdates=ExecutableList{size=0} collectionQueuedOps=ExecutableList{size=0} unresolvedInsertDependencies=null])] for Hibernate transaction
2018-01-07 18:10:10 [main] DEBUG o.s.o.h.HibernateTransactionManager - Participating in existing transaction
2018-01-07 18:10:10 [main] DEBUG c.s.a.aspect.DAOLoggingAspect - Method Name : get
2018-01-07 18:10:10 [main] DEBUG c.s.a.aspect.DAOLoggingAspect - Method arguments : [will]
2018-01-07 18:10:10 [main] DEBUG c.s.a.aspect.DAOLoggingAspect - Method Name : get
2018-01-07 18:10:10 [main] DEBUG c.s.a.aspect.DAOLoggingAspect - Method arguments : [will]
2018-01-07 18:10:10 [main] DEBUG o.s.o.h.HibernateTransactionManager - Found thread-bound Session [SessionImpl(PersistenceContext[entityKeys=[],collectionKeys=[]];ActionQueue[insertions=ExecutableList{size=0} updates=ExecutableList{size=0} deletions=ExecutableList{size=0} orphanRemovals=ExecutableList{size=0} collectionCreations=ExecutableList{size=0} collectionRemovals=ExecutableList{size=0} collectionUpdates=ExecutableList{size=0} collectionQueuedOps=ExecutableList{size=0} unresolvedInsertDependencies=null])] for Hibernate transaction
2018-01-07 18:10:10 [main] DEBUG o.s.o.h.HibernateTransactionManager - Participating in existing transaction
2018-01-07 18:10:10 [main] DEBUG c.s.a.aspect.DAOLoggingAspect - Method Name : get
2018-01-07 18:10:10 [main] DEBUG c.s.a.aspect.DAOLoggingAspect - Method arguments : [Java]
2018-01-07 18:10:10 [main] DEBUG c.s.a.aspect.DAOLoggingAspect - Method Name : get
2018-01-07 18:10:10 [main] DEBUG c.s.a.aspect.DAOLoggingAspect - Method arguments : [Java]
2018-01-07 18:10:10 [main] DEBUG o.s.o.h.HibernateTransactionManager - Found thread-bound Session [SessionImpl(PersistenceContext[entityKeys=[],collectionKeys=[]];ActionQueue[insertions=ExecutableList{size=0} updates=ExecutableList{size=0} deletions=ExecutableList{size=0} orphanRemovals=ExecutableList{size=0} collectionCreations=ExecutableList{size=0} collectionRemovals=ExecutableList{size=0} collectionUpdates=ExecutableList{size=0} collectionQueuedOps=ExecutableList{size=0} unresolvedInsertDependencies=null])] for Hibernate transaction
2018-01-07 18:10:10 [main] DEBUG o.s.o.h.HibernateTransactionManager - Participating in existing transaction
2018-01-07 18:10:10 [main] DEBUG c.s.a.aspect.DAOLoggingAspect - Method Name : save
2018-01-07 18:10:10 [main] DEBUG c.s.a.aspect.DAOLoggingAspect - Method arguments : [com.stackroute.activitystream.model.User@5514579e]
2018-01-07 18:10:10 [main] DEBUG c.s.a.aspect.DAOLoggingAspect - Method Name : save
2018-01-07 18:10:10 [main] DEBUG c.s.a.aspect.DAOLoggingAspect - Method arguments : [com.stackroute.activitystream.model.User@5514579e]
2018-01-07 18:10:10 [main] DEBUG o.s.o.h.HibernateTransactionManager - Found thread-bound Session [SessionImpl(PersistenceContext[entityKeys=[EntityKey[com.stackroute.activitystream.model.User#john]],collectionKeys=[]];ActionQueue[insertions=ExecutableList{size=0} updates=ExecutableList{size=0} deletions=ExecutableList{size=0} orphanRemovals=ExecutableList{size=0} collectionCreations=ExecutableList{size=0} collectionRemovals=ExecutableList{size=0} collectionUpdates=ExecutableList{size=0} collectionQueuedOps=ExecutableList{size=0} unresolvedInsertDependencies=null])] for Hibernate transaction
2018-01-07 18:10:10 [main] DEBUG o.s.o.h.HibernateTransactionManager - Participating in existing transaction
2018-01-07 18:10:10 [main] DEBUG c.s.a.aspect.DAOLoggingAspect - Method Name : save
2018-01-07 18:10:10 [main] DEBUG c.s.a.aspect.DAOLoggingAspect - Method arguments : [com.stackroute.activitystream.model.User@5db0003d]
2018-01-07 18:10:10 [main] DEBUG c.s.a.aspect.DAOLoggingAspect - Method Name : save
2018-01-07 18:10:10 [main] DEBUG c.s.a.aspect.DAOLoggingAspect - Method arguments : [com.stackroute.activitystream.model.User@5db0003d]
2018-01-07 18:10:10 [main] DEBUG o.s.o.h.HibernateTransactionManager - Found thread-bound Session [SessionImpl(PersistenceContext[entityKeys=[EntityKey[com.stackroute.activitystream.model.User#will]],collectionKeys=[]];ActionQueue[insertions=ExecutableList{size=0} updates=ExecutableList{size=0} deletions=ExecutableList{size=0} orphanRemovals=ExecutableList{size=0} collectionCreations=ExecutableList{size=0} collectionRemovals=ExecutableList{size=0} collectionUpdates=ExecutableList{size=0} collectionQueuedOps=ExecutableList{size=0} unresolvedInsertDependencies=null])] for Hibernate transaction
2018-01-07 18:10:10 [main] DEBUG o.s.o.h.HibernateTransactionManager - Participating in existing transaction
2018-01-07 18:10:10 [main] DEBUG c.s.a.aspect.DAOLoggingAspect - Method Name : save
2018-01-07 18:10:10 [main] DEBUG c.s.a.aspect.DAOLoggingAspect - Method arguments : [com.stackroute.activitystream.model.Circle@2a8f8555]
2018-01-07 18:10:10 [main] DEBUG c.s.a.aspect.DAOLoggingAspect - Method Name : save
2018-01-07 18:10:10 [main] DEBUG c.s.a.aspect.DAOLoggingAspect - Method arguments : [com.stackroute.activitystream.model.Circle@2a8f8555]
2018-01-07 18:10:10 [main] DEBUG o.s.o.h.HibernateTransactionManager - Found thread-bound Session [SessionImpl(PersistenceContext[entityKeys=[EntityKey[com.stackroute.activitystream.model.User#will]],collectionKeys=[]];ActionQueue[insertions=ExecutableList{size=0} updates=ExecutableList{size=0} deletions=ExecutableList{size=0} orphanRemovals=ExecutableList{size=0} collectionCreations=ExecutableList{size=0} collectionRemovals=ExecutableList{size=0} collectionUpdates=ExecutableList{size=0} collectionQueuedOps=ExecutableList{size=0} unresolvedInsertDependencies=null])] for Hibernate transaction
2018-01-07 18:10:10 [main] DEBUG o.s.o.h.HibernateTransactionManager - Participating in existing transaction
2018-01-07 18:10:10 [main] DEBUG c.s.a.aspect.DAOLoggingAspect - Method Name : get
2018-01-07 18:10:10 [main] DEBUG c.s.a.aspect.DAOLoggingAspect - Method arguments : [John]
2018-01-07 18:10:10 [main] DEBUG c.s.a.aspect.DAOLoggingAspect - Method Name : get
2018-01-07 18:10:10 [main] DEBUG c.s.a.aspect.DAOLoggingAspect - Method arguments : [John]
2018-01-07 18:10:10 [main] DEBUG o.s.o.h.HibernateTransactionManager - Found thread-bound Session [SessionImpl(PersistenceContext[entityKeys=[EntityKey[com.stackroute.activitystream.model.User#will], EntityKey[com.stackroute.activitystream.model.User#john]],collectionKeys=[]];ActionQueue[insertions=ExecutableList{size=0} updates=ExecutableList{size=0} deletions=ExecutableList{size=0} orphanRemovals=ExecutableList{size=0} collectionCreations=ExecutableList{size=0} collectionRemovals=ExecutableList{size=0} collectionUpdates=ExecutableList{size=0} collectionQueuedOps=ExecutableList{size=0} unresolvedInsertDependencies=null])] for Hibernate transaction
2018-01-07 18:10:10 [main] DEBUG o.s.o.h.HibernateTransactionManager - Participating in existing transaction
2018-01-07 18:10:10 [main] DEBUG c.s.a.aspect.DAOLoggingAspect - Method Name : get
2018-01-07 18:10:10 [main] DEBUG c.s.a.aspect.DAOLoggingAspect - Method arguments : [Java]
2018-01-07 18:10:10 [main] DEBUG c.s.a.aspect.DAOLoggingAspect - Method Name : get
2018-01-07 18:10:10 [main] DEBUG c.s.a.aspect.DAOLoggingAspect - Method arguments : [Java]
2018-01-07 18:10:10 [main] DEBUG o.s.o.h.HibernateTransactionManager - Found thread-bound Session [SessionImpl(PersistenceContext[entityKeys=[EntityKey[com.stackroute.activitystream.model.Circle#Java]],collectionKeys=[]];ActionQueue[insertions=ExecutableList{size=0} updates=ExecutableList{size=0} deletions=ExecutableList{size=0} orphanRemovals=ExecutableList{size=0} collectionCreations=ExecutableList{size=0} collectionRemovals=ExecutableList{size=0} collectionUpdates=ExecutableList{size=0} collectionQueuedOps=ExecutableList{size=0} unresolvedInsertDependencies=null])] for Hibernate transaction
2018-01-07 18:10:10 [main] DEBUG o.s.o.h.HibernateTransactionManager - Participating in existing transaction
2018-01-07 18:10:10 [main] DEBUG c.s.a.aspect.DAOLoggingAspect - Method Name : addUser
2018-01-07 18:10:10 [main] DEBUG c.s.a.aspect.DAOLoggingAspect - Method arguments : [john, Java]
2018-01-07 18:10:10 [main] DEBUG c.s.a.aspect.DAOLoggingAspect - Method Name : addUser
2018-01-07 18:10:10 [main] DEBUG c.s.a.aspect.DAOLoggingAspect - Method arguments : [john, Java]
2018-01-07 18:10:10 [main] DEBUG o.s.o.h.HibernateTransactionManager - Found thread-bound Session [SessionImpl(PersistenceContext[entityKeys=[EntityKey[com.stackroute.activitystream.model.Circle#Java]],collectionKeys=[]];ActionQueue[insertions=ExecutableList{size=0} updates=ExecutableList{size=0} deletions=ExecutableList{size=0} orphanRemovals=ExecutableList{size=0} collectionCreations=ExecutableList{size=0} collectionRemovals=ExecutableList{size=0} collectionUpdates=ExecutableList{size=0} collectionQueuedOps=ExecutableList{size=0} unresolvedInsertDependencies=null])] for Hibernate transaction
2018-01-07 18:10:10 [main] DEBUG o.s.o.h.HibernateTransactionManager - Participating in existing transaction
2018-01-07 18:10:10 [main] DEBUG c.s.a.aspect.DAOLoggingAspect - Method Name : get
2018-01-07 18:10:10 [main] DEBUG c.s.a.aspect.DAOLoggingAspect - Method arguments : [john]
2018-01-07 18:10:10 [main] DEBUG c.s.a.aspect.DAOLoggingAspect - Method Name : get
2018-01-07 18:10:10 [main] DEBUG c.s.a.aspect.DAOLoggingAspect - Method arguments : [john]
2018-01-07 18:10:10 [main] DEBUG o.s.o.h.HibernateTransactionManager - Found thread-bound Session [SessionImpl(PersistenceContext[entityKeys=[EntityKey[com.stackroute.activitystream.model.Circle#Java], EntityKey[com.stackroute.activitystream.model.User#john]],collectionKeys=[]];ActionQueue[insertions=ExecutableList{size=0} updates=ExecutableList{size=0} deletions=ExecutableList{size=0} orphanRemovals=ExecutableList{size=0} collectionCreations=ExecutableList{size=0} collectionRemovals=ExecutableList{size=0} collectionUpdates=ExecutableList{size=0} collectionQueuedOps=ExecutableList{size=0} unresolvedInsertDependencies=null])] for Hibernate transaction
2018-01-07 18:10:10 [main] DEBUG o.s.o.h.HibernateTransactionManager - Participating in existing transaction
2018-01-07 18:10:10 [main] DEBUG c.s.a.aspect.DAOLoggingAspect - Method Name : get
2018-01-07 18:10:10 [main] DEBUG c.s.a.aspect.DAOLoggingAspect - Method arguments : [Java]
2018-01-07 18:10:10 [main] DEBUG c.s.a.aspect.DAOLoggingAspect - Method Name : get
2018-01-07 18:10:10 [main] DEBUG c.s.a.aspect.DAOLoggingAspect - Method arguments : [Java]
2018-01-07 18:10:10 [main] DEBUG o.s.o.h.HibernateTransactionManager - Found thread-bound Session [SessionImpl(PersistenceContext[entityKeys=[EntityKey[com.stackroute.activitystream.model.UserCircle#7809858b-816b-4b86-b6c9-0aca7543cb3b]],collectionKeys=[]];ActionQueue[insertions=ExecutableList{size=0} updates=ExecutableList{size=0} deletions=ExecutableList{size=0} orphanRemovals=ExecutableList{size=0} collectionCreations=ExecutableList{size=0} collectionRemovals=ExecutableList{size=0} collectionUpdates=ExecutableList{size=0} collectionQueuedOps=ExecutableList{size=0} unresolvedInsertDependencies=null])] for Hibernate transaction
2018-01-07 18:10:10 [main] DEBUG o.s.o.h.HibernateTransactionManager - Participating in existing transaction
2018-01-07 18:10:10 [main] DEBUG c.s.a.aspect.DAOLoggingAspect - Method Name : addUser
2018-01-07 18:10:10 [main] DEBUG c.s.a.aspect.DAOLoggingAspect - Method arguments : [will, Java]
2018-01-07 18:10:10 [main] DEBUG c.s.a.aspect.DAOLoggingAspect - Method Name : addUser
2018-01-07 18:10:10 [main] DEBUG c.s.a.aspect.DAOLoggingAspect - Method arguments : [will, Java]
2018-01-07 18:10:10 [main] DEBUG o.s.o.h.HibernateTransactionManager - Found thread-bound Session [SessionImpl(PersistenceContext[entityKeys=[EntityKey[com.stackroute.activitystream.model.UserCircle#7809858b-816b-4b86-b6c9-0aca7543cb3b]],collectionKeys=[]];ActionQueue[insertions=ExecutableList{size=0} updates=ExecutableList{size=0} deletions=ExecutableList{size=0} orphanRemovals=ExecutableList{size=0} collectionCreations=ExecutableList{size=0} collectionRemovals=ExecutableList{size=0} collectionUpdates=ExecutableList{size=0} collectionQueuedOps=ExecutableList{size=0} unresolvedInsertDependencies=null])] for Hibernate transaction
2018-01-07 18:10:10 [main] DEBUG o.s.o.h.HibernateTransactionManager - Participating in existing transaction
2018-01-07 18:10:10 [main] DEBUG c.s.a.aspect.DAOLoggingAspect - Method Name : get
2018-01-07 18:10:10 [main] DEBUG c.s.a.aspect.DAOLoggingAspect - Method arguments : [will]
2018-01-07 18:10:10 [main] DEBUG c.s.a.aspect.DAOLoggingAspect - Method Name : get
2018-01-07 18:10:10 [main] DEBUG c.s.a.aspect.DAOLoggingAspect - Method arguments : [will]
2018-01-07 18:10:10 [main] DEBUG o.s.o.h.HibernateTransactionManager - Found thread-bound Session [SessionImpl(PersistenceContext[entityKeys=[EntityKey[com.stackroute.activitystream.model.User#will], EntityKey[com.stackroute.activitystream.model.UserCircle#7809858b-816b-4b86-b6c9-0aca7543cb3b]],collectionKeys=[]];ActionQueue[insertions=ExecutableList{size=0} updates=ExecutableList{size=0} deletions=ExecutableList{size=0} orphanRemovals=ExecutableList{size=0} collectionCreations=ExecutableList{size=0} collectionRemovals=ExecutableList{size=0} collectionUpdates=ExecutableList{size=0} collectionQueuedOps=ExecutableList{size=0} unresolvedInsertDependencies=null])] for Hibernate transaction
2018-01-07 18:10:10 [main] DEBUG o.s.o.h.HibernateTransactionManager - Participating in existing transaction
2018-01-07 18:10:10 [main] DEBUG c.s.a.aspect.DAOLoggingAspect - Method Name : get
2018-01-07 18:10:10 [main] DEBUG c.s.a.aspect.DAOLoggingAspect - Method arguments : [Java]
2018-01-07 18:10:10 [main] DEBUG c.s.a.aspect.DAOLoggingAspect - Method Name : get
2018-01-07 18:10:10 [main] DEBUG c.s.a.aspect.DAOLoggingAspect - Method arguments : [Java]
2018-01-07 18:10:10 [main] DEBUG o.s.o.h.HibernateTransactionManager - Found thread-bound Session [SessionImpl(PersistenceContext[entityKeys=[EntityKey[com.stackroute.activitystream.model.UserCircle#824bb0c2-d0c8-4077-b224-535b0b7ad3be]],collectionKeys=[]];ActionQueue[insertions=ExecutableList{size=0} updates=ExecutableList{size=0} deletions=ExecutableList{size=0} orphanRemovals=ExecutableList{size=0} collectionCreations=ExecutableList{size=0} collectionRemovals=ExecutableList{size=0} collectionUpdates=ExecutableList{size=0} collectionQueuedOps=ExecutableList{size=0} unresolvedInsertDependencies=null])] for Hibernate transaction
2018-01-07 18:10:10 [main] DEBUG o.s.o.h.HibernateTransactionManager - Participating in existing transaction
2018-01-07 18:10:10 [main] DEBUG c.s.a.aspect.DAOLoggingAspect - Method Name : sendMessageToCircle
2018-01-07 18:10:10 [main] DEBUG c.s.a.aspect.DAOLoggingAspect - Method arguments : [Java, com.stackroute.activitystream.model.Message@5e8cda75]
2018-01-07 18:10:10 [main] DEBUG c.s.a.aspect.DAOLoggingAspect - Method Name : sendMessageToCircle
2018-01-07 18:10:10 [main] DEBUG c.s.a.aspect.DAOLoggingAspect - Method arguments : [Java, com.stackroute.activitystream.model.Message@5e8cda75]
2018-01-07 18:10:10 [main] DEBUG o.s.o.h.HibernateTransactionManager - Found thread-bound Session [SessionImpl(PersistenceContext[entityKeys=[EntityKey[com.stackroute.activitystream.model.UserCircle#824bb0c2-d0c8-4077-b224-535b0b7ad3be]],collectionKeys=[]];ActionQueue[insertions=ExecutableList{size=0} updates=ExecutableList{size=0} deletions=ExecutableList{size=0} orphanRemovals=ExecutableList{size=0} collectionCreations=ExecutableList{size=0} collectionRemovals=ExecutableList{size=0} collectionUpdates=ExecutableList{size=0} collectionQueuedOps=ExecutableList{size=0} unresolvedInsertDependencies=null])] for Hibernate transaction
2018-01-07 18:10:10 [main] DEBUG o.s.o.h.HibernateTransactionManager - Participating in existing transaction
2018-01-07 18:10:10 [main] DEBUG c.s.a.aspect.DAOLoggingAspect - Method Name : get
2018-01-07 18:10:10 [main] DEBUG c.s.a.aspect.DAOLoggingAspect - Method arguments : [chris]
2018-01-07 18:10:10 [main] DEBUG c.s.a.aspect.DAOLoggingAspect - Method Name : get
2018-01-07 18:10:10 [main] DEBUG c.s.a.aspect.DAOLoggingAspect - Method arguments : [chris]
2018-01-07 18:10:10 [main] DEBUG o.s.o.h.HibernateTransactionManager - Found thread-bound Session [SessionImpl(PersistenceContext[entityKeys=[EntityKey[com.stackroute.activitystream.model.UserCircle#824bb0c2-d0c8-4077-b224-535b0b7ad3be]],collectionKeys=[]];ActionQueue[insertions=ExecutableList{size=0} updates=ExecutableList{size=0} deletions=ExecutableList{size=0} orphanRemovals=ExecutableList{size=0} collectionCreations=ExecutableList{size=0} collectionRemovals=ExecutableList{size=0} collectionUpdates=ExecutableList{size=0} collectionQueuedOps=ExecutableList{size=0} unresolvedInsertDependencies=null])] for Hibernate transaction
2018-01-07 18:10:10 [main] DEBUG o.s.o.h.HibernateTransactionManager - Participating in existing transaction
2018-01-07 18:10:10 [main] DEBUG c.s.a.aspect.DAOLoggingAspect - Method Name : get
2018-01-07 18:10:10 [main] DEBUG c.s.a.aspect.DAOLoggingAspect - Method arguments : [john]
2018-01-07 18:10:10 [main] DEBUG c.s.a.aspect.DAOLoggingAspect - Method Name : get
2018-01-07 18:10:10 [main] DEBUG c.s.a.aspect.DAOLoggingAspect - Method arguments : [john]
2018-01-07 18:10:10 [main] DEBUG o.s.o.h.HibernateTransactionManager - Found thread-bound Session [SessionImpl(PersistenceContext[entityKeys=[EntityKey[com.stackroute.activitystream.model.UserCircle#824bb0c2-d0c8-4077-b224-535b0b7ad3be], EntityKey[com.stackroute.activitystream.model.User#john]],collectionKeys=[]];ActionQueue[insertions=ExecutableList{size=0} updates=ExecutableList{size=0} deletions=ExecutableList{size=0} orphanRemovals=ExecutableList{size=0} collectionCreations=ExecutableList{size=0} collectionRemovals=ExecutableList{size=0} collectionUpdates=ExecutableList{size=0} collectionQueuedOps=ExecutableList{size=0} unresolvedInsertDependencies=null])] for Hibernate transaction
2018-01-07 18:10:10 [main] DEBUG o.s.o.h.HibernateTransactionManager - Participating in existing transaction
2018-01-07 18:10:10 [main] DEBUG c.s.a.aspect.DAOLoggingAspect - Method Name : get
2018-01-07 18:10:10 [main] DEBUG c.s.a.aspect.DAOLoggingAspect - Method arguments : [john]
2018-01-07 18:10:10 [main] DEBUG c.s.a.aspect.DAOLoggingAspect - Method Name : get
2018-01-07 18:10:10 [main] DEBUG c.s.a.aspect.DAOLoggingAspect - Method arguments : [john]
2018-01-07 18:10:10 [main] DEBUG o.s.o.h.HibernateTransactionManager - Found thread-bound Session [SessionImpl(PersistenceContext[entityKeys=[EntityKey[com.stackroute.activitystream.model.UserCircle#824bb0c2-d0c8-4077-b224-535b0b7ad3be], EntityKey[com.stackroute.activitystream.model.User#john]],collectionKeys=[]];ActionQueue[insertions=ExecutableList{size=0} updates=ExecutableList{size=0} deletions=ExecutableList{size=0} orphanRemovals=ExecutableList{size=0} collectionCreations=ExecutableList{size=0} collectionRemovals=ExecutableList{size=0} collectionUpdates=ExecutableList{size=0} collectionQueuedOps=ExecutableList{size=0} unresolvedInsertDependencies=null])] for Hibernate transaction
2018-01-07 18:10:10 [main] DEBUG o.s.o.h.HibernateTransactionManager - Participating in existing transaction
2018-01-07 18:10:10 [main] DEBUG c.s.a.aspect.DAOLoggingAspect - Method Name : delete
2018-01-07 18:10:10 [main] DEBUG c.s.a.aspect.DAOLoggingAspect - Method arguments : [com.stackroute.activitystream.model.User@55421b8d]
2018-01-07 18:10:10 [main] DEBUG c.s.a.aspect.DAOLoggingAspect - Method Name : delete
2018-01-07 18:10:10 [main] DEBUG c.s.a.aspect.DAOLoggingAspect - Method arguments : [com.stackroute.activitystream.model.User@55421b8d]
2018-01-07 18:10:10 [main] DEBUG o.s.o.h.HibernateTransactionManager - Found thread-bound Session [SessionImpl(PersistenceContext[entityKeys=[EntityKey[com.stackroute.activitystream.model.UserCircle#824bb0c2-d0c8-4077-b224-535b0b7ad3be], EntityKey[com.stackroute.activitystream.model.User#john]],collectionKeys=[]];ActionQueue[insertions=ExecutableList{size=0} updates=ExecutableList{size=0} deletions=ExecutableList{size=1} orphanRemovals=ExecutableList{size=0} collectionCreations=ExecutableList{size=0} collectionRemovals=ExecutableList{size=0} collectionUpdates=ExecutableList{size=0} collectionQueuedOps=ExecutableList{size=0} unresolvedInsertDependencies=null])] for Hibernate transaction
2018-01-07 18:10:10 [main] DEBUG o.s.o.h.HibernateTransactionManager - Participating in existing transaction
2018-01-07 18:10:10 [main] DEBUG c.s.a.aspect.DAOLoggingAspect - Method Name : get
