2018-01-07 18:10:10 [main] DEBUG c.s.a.aspect.DAOLoggingAspect - Method Name : save
2018-01-07 18:10:10 [main] DEBUG c.s.a.aspect.DAOLoggingAspect - Method arguments : [com.stackroute.activitystream.model.User@2e362407]
2018-01-07 18:10:10 [main] DEBUG o.s.o.h.HibernateTransactionManager - Found thread-bound Session [SessionImpl(PersistenceContext[entityKeys=[EntityKey[com.stackroute.activitystream.model.User#will]],collectionKeys=[]];ActionQueue[insertions=ExecutableList{size=0} updates=ExecutableList{size=0} deletions=ExecutableList{size=0} orphanRemovals=ExecutableList{size=0} collectionCreations=ExecutableList{size=0} collectionRemovals=ExecutableList{size=0} collectionUpdates=ExecutableList{size=0} collectionQueuedOps=ExecutableList{size=0} unresolvedInsertDependencies=null])] for Hibernate transaction
2018-01-07 18:10:10 [main] DEBUG o.s.o.h.HibernateTransactionManager - Participating in existing transaction
2018-01-07 18:10:10 [main] DEBUG c.s.a.aspect.DAOLoggingAspect - Method Name : save
2018-01-07 18:10:10 [main] DEBUG c.s.a.aspect.DAOLoggingAspect - Method arguments : [com.stackroute.activitystream.model.Circle@45e140ae]
2018-01-07 18:10:10 [main] DEBUG c.s.a.aspect.DAOLoggingAspect - Method Name : save
2018-01-07 18:10:10 [main] DEBUG c.s.a.aspect.DAOLoggingAspect - Method arguments : [com.stackroute.activitystream.model.Circle@45e140ae]
2018-01-07 18:10:10 [main] DEBUG o.s.o.h.HibernateTransactionManager - Found thread-bound Session [SessionImpl(PersistenceContext[entityKeys=[EntityKey[com.stackroute.activitystream.model.User#will]],collectionKeys=[]];ActionQueue[insertions=ExecutableList{size=0} updates=ExecutableList{size=0} deletions=ExecutableList{size=0} orphanRemovals=ExecutableList{size=0} collectionCreations=ExecutableList{size=0} collectionRemovals=ExecutableList{size=0} collectionUpdates=ExecutableList{size=0} collectionQueuedOps=ExecutableList{size=0} unresolvedInsertDependencies=null])] for Hibernate transaction
2018-01-07 18:10:10 [main] DEBUG o.s.o.h.HibernateTransactionManager - Participating in existing transaction
2018-01-07 18:10:10 [main] DEBUG c.s.a.aspect.DAOLoggingAspect - Method Name : get
2018-01-07 18:10:10 [main] DEBUG c.s.a.aspect.DAOLoggingAspect - Method arguments : [John]
2018-01-07 18:10:10 [main] DEBUG c.s.a.aspect.DAOLoggingAspect - Method Name : get
2018-01-07 18:10:10 [main] DEBUG c.s.a.aspect.DAOLoggingAspect - Method arguments : [John]
2018-01-07 18:10:10 [main] DEBUG o.s.o.h.HibernateTransactionManager - Found thread-bound Session [SessionImpl(PersistenceContext[entityKeys=[EntityKey[com.stackroute.activitystream.model.User#will], EntityKey[com.stackroute.activitystream.model.User#john]],collectionKeys=[]];ActionQueue[insertions=ExecutableList{size=0} updates=ExecutableList{size=0} deletions=ExecutableList{size=0} orphanRemovals=ExecutableList{size=0} collectionCreations=ExecutableList{size=0} collectionRemovals=ExecutableList{size=0} collectionUpdates=ExecutableList{size=0} collectionQueuedOps=ExecutableList{size=0} unresolvedInsertDependencies=null])] for Hibernate transaction
2018-01-07 18:10:10 [main] DEBUG o.s.o.h.HibernateTransactionManager - Participating in existing transaction
2018-01-07 18:10:10 [main] DEBUG c.s.a.aspect.DAOLoggingAspect - Method Name : get
2018-01-07 18:10:10 [main] DEBUG c.s.a.aspect.DAOLoggingAspect - Method arguments : [Java]
2018-01-07 18:10:10 [main] DEBUG c.s.a.aspect.DAOLoggingAspect - Method Name : get
2018-01-07 18:10:10 [main] DEBUG c.s.a.aspect.DAOLoggingAspect - Method arguments : [Java]
2018-01-07 18:10:10 [main] DEBUG o.s.o.h.HibernateTransactionManager - Found thread-bound Session [SessionImpl(PersistenceContext[entityKeys=[EntityKey[com.stackroute.activitystream.model.Circle#Java]],collectionKeys=[]];ActionQueue[insertions=ExecutableList{size=0} updates=ExecutableList{size=0} deletions=ExecutableList{size=0} orphanRemovals=ExecutableList{size=0} collectionCreations=ExecutableList{size=0} collectionRemovals=ExecutableList{size=0} collectionUpdates=ExecutableList{size=0} collectionQueuedOps=ExecutableList{size=0} unresolvedInsertDependencies=null])] for Hibernate transaction
2018-01-07 18:10:10 [main] DEBUG o.s.o.h.HibernateTransactionManager - Participating in existing transaction
2018-01-07 18:10:10 [main] DEBUG c.s.a.aspect.DAOLoggingAspect - Method Name : addUser
2018-01-07 18:10:10 [main] DEBUG c.s.a.aspect.DAOLoggingAspect - Method arguments : [john, Java]
2018-01-07 18:10:10 [main] DEBUG c.s.a.aspect.DAOLoggingAspect - Method Name : addUser
2018-01-07 18:10:10 [main] DEBUG c.s.a.aspect.DAOLoggingAspect - Method arguments : [john, Java]
2018-01-07 18:10:10 [main] DEBUG o.s.o.h.HibernateTransactionManager - Found thread-bound Session [SessionImpl(PersistenceContext[entityKeys=[EntityKey[com.stackroute.activitystream.model.Circle#Java]],collectionKeys=[]];ActionQueue[insertions=ExecutableList{size=0} updates=ExecutableList{size=0} deletions=ExecutableList{size=0} orphanRemovals=ExecutableList{size=0} collectionCreations=ExecutableList{size=0} collectionRemovals=ExecutableList{size=0} collectionUpdates=ExecutableList{size=0} collectionQueuedOps=ExecutableList{size=0} unresolvedInsertDependencies=null])] for Hibernate transaction
2018-01-07 18:10:10 [main] DEBUG o.s.o.h.HibernateTransactionManager - Participating in existing transaction
2018-01-07 18:10:10 [main] DEBUG c.s.a.aspect.DAOLoggingAspect - Method Name : get
2018-01-07 18:10:10 [main] DEBUG c.s.a.aspect.DAOLoggingAspect - Method arguments : [john]
2018-01-07 18:10:10 [main] DEBUG c.s.a.aspect.DAOLoggingAspect - Method Name : get
2018-01-07 18:10:10 [main] DEBUG c.s.a.aspect.DAOLoggingAspect - Method arguments : [john]
2018-01-07 18:10:10 [main] DEBUG o.s.o.h.HibernateTransactionManager - Found thread-bound Session [SessionImpl(PersistenceContext[entityKeys=[EntityKey[com.stackroute.activitystream.model.Circle#Java], EntityKey[com.stackroute.activitystream.model.User#john]],collectionKeys=[]];ActionQueue[insertions=ExecutableList{size=0} updates=ExecutableList{size=0} deletions=ExecutableList{size=0} orphanRemovals=ExecutableList{size=0} collectionCreations=ExecutableList{size=0} collectionRemovals=ExecutableList{size=0} collectionUpdates=ExecutableList{size=0} collectionQueuedOps=ExecutableList{size=0} unresolvedInsertDependencies=null])] for Hibernate transaction
2018-01-07 18:10:10 [main] DEBUG o.s.o.h.HibernateTransactionManager - Participating in existing transaction
2018-01-07 18:10:10 [main] DEBUG c.s.a.aspect.DAOLoggingAspect - Method Name : get
2018-01-07 18:10:10 [main] DEBUG c.s.a.aspect.DAOLoggingAspect - Method arguments : [Java]
2018-01-07 18:10:10 [main] DEBUG c.s.a.aspect.DAOLoggingAspect - Method Name : get
2018-01-07 18:10:10 [main] DEBUG c.s.a.aspect.DAOLoggingAspect - Method arguments : [Java]
2018-01-07 18:10:10 [main] DEBUG o.s.o.h.HibernateTransactionManager - Found thread-bound Session [SessionImpl(PersistenceContext[entityKeys=[EntityKey[com.stackroute.activitystream.model.UserCircle#8441b9e2-b765-4ee5-b898-f9d11602e77e]],collectionKeys=[]];ActionQueue[insertions=ExecutableList{size=0} updates=ExecutableList{size=0} deletions=ExecutableList{size=0} orphanRemovals=ExecutableList{size=0} collectionCreations=ExecutableList{size=0} collectionRemovals=ExecutableList{size=0} collectionUpdates=ExecutableList{size=0} collectionQueuedOps=ExecutableList{size=0} unresolvedInsertDependencies=null])] for Hibernate transaction
2018-01-07 18:10:10 [main] DEBUG o.s.o.h.HibernateTransactionManager - Participating in existing transaction
2018-01-07 18:10:10 [main] DEBUG c.s.a.aspect.DAOLoggingAspect - Method Name : addUser
2018-01-07 18:10:10 [main] DEBUG c.s.a.aspect.DAOLoggingAspect - Method arguments : [will, Java]
2018-01-07 18:10:10 [main] DEBUG c.s.a.aspect.DAOLoggingAspect - Method Name : addUser
2018-01-07 18:10:10 [main] DEBUG c.s.a.aspect.DAOLoggingAspect - Method arguments : [will, Java]
2018-01-07 18:10:10 [main] DEBUG o.s.o.h.HibernateTransactionManager - Found thread-bound Session [SessionImpl(PersistenceContext[entityKeys=[EntityKey[com.stackroute.activitystream.model.UserCircle#8441b9e2-b765-4ee5-b898-f9d11602e77e]],collectionKeys=[]];ActionQueue[insertions=ExecutableList{size=0} updates=ExecutableList{size=0} deletions=ExecutableList{size=0} orphanRemovals=ExecutableList{size=0} collectionCreations=ExecutableList{size=0} collectionRemovals=ExecutableList{size=0} collectionUpdates=ExecutableList{size=0} collectionQueuedOps=ExecutableList{size=0} unresolvedInsertDependencies=null])] for Hibernate transaction
2018-01-07 18:10:10 [main] DEBUG o.s.o.h.HibernateTransactionManager - Participating in existing transaction
2018-01-07 18:10:10 [main] DEBUG c.s.a.aspect.DAOLoggingAspect - Method Name : get
2018-01-07 18:10:10 [main] DEBUG c.s.a.aspect.DAOLoggingAspect - Method arguments : [will]
2018-01-07 18:10:10 [main] DEBUG c.s.a.aspect.DAOLoggingAspect - Method Name : get
2018-01-07 18:10:10 [main] DEBUG c.s.a.aspect.DAOLoggingAspect - Method arguments : [will]
2018-01-07 18:10:10 [main] DEBUG o.s.o.h.HibernateTransactionManager - Found thread-bound Session [SessionImpl(PersistenceContext[entityKeys=[EntityKey[com.stackroute.activitystream.model.User#will], EntityKey[com.stackroute.activitystream.model.UserCircle#8441b9e2-b765-4ee5-b898-f9d11602e77e]],collectionKeys=[]];ActionQueue[insertions=ExecutableList{size=0} updates=ExecutableList{size=0} deletions=ExecutableList{size=0} orphanRemovals=ExecutableList{size=0} collectionCreations=ExecutableList{size=0} collectionRemovals=ExecutableList{size=0} collectionUpdates=ExecutableList{size=0} collectionQueuedOps=ExecutableList{size=0} unresolvedInsertDependencies=null])] for Hibernate transaction
2018-01-07 18:10:10 [main] DEBUG o.s.o.h.HibernateTransactionManager - Participating in existing transaction
2018-01-07 18:10:10 [main] DEBUG c.s.a.aspect.DAOLoggingAspect - Method Name : get
2018-01-07 18:10:10 [main] DEBUG c.s.a.aspect.DAOLoggingAspect - Method arguments : [Java]
2018-01-07 18:10:10 [main] DEBUG c.s.a.aspect.DAOLoggingAspect - Method Name : get
2018-01-07 18:10:10 [main] DEBUG c.s.a.aspect.DAOLoggingAspect - Method arguments : [Java]
2018-01-07 18:10:10 [main] DEBUG o.s.o.h.HibernateTransactionManager - Found thread-bound Session [SessionImpl(PersistenceContext[entityKeys=[EntityKey[com.stackroute.activitystream.model.UserCircle#6d60f755-6590-4ef4-a310-f7c492b9a23b]],collectionKeys=[]];ActionQueue[insertions=ExecutableList{size=0} updates=ExecutableList{size=0} deletions=ExecutableList{size=0} orphanRemovals=ExecutableList{size=0} collectionCreations=ExecutableList{size=0} collectionRemovals=ExecutableList{size=0} collectionUpdates=ExecutableList{size=0} collectionQueuedOps=ExecutableList{size=0} unresolvedInsertDependencies=null])] for Hibernate transaction
2018-01-07 18:10:10 [main] DEBUG o.s.o.h.HibernateTransactionManager - Participating in existing transaction
2018-01-07 18:10:10 [main] DEBUG c.s.a.aspect.DAOLoggingAspect - Method Name : sendMessageToUser
2018-01-07 18:10:10 [main] DEBUG c.s.a.aspect.DAOLoggingAspect - Method arguments : [chris, com.stackroute.activitystream.model.Message@5e8cda75]
2018-01-07 18:10:10 [main] DEBUG c.s.a.aspect.DAOLoggingAspect - Method Name : sendMessageToUser
2018-01-07 18:10:10 [main] DEBUG c.s.a.aspect.DAOLoggingAspect - Method arguments : [chris, com.stackroute.activitystream.model.Message@5e8cda75]
2018-01-07 18:10:10 [main] DEBUG o.s.o.h.HibernateTransactionManager - Found thread-bound Session [SessionImpl(PersistenceContext[entityKeys=[EntityKey[com.stackroute.activitystream.model.UserCircle#6d60f755-6590-4ef4-a310-f7c492b9a23b]],collectionKeys=[]];ActionQueue[insertions=ExecutableList{size=0} updates=ExecutableList{size=0} deletions=ExecutableList{size=0} orphanRemovals=ExecutableList{size=0} collectionCreations=ExecutableList{size=0} collectionRemovals=ExecutableList{size=0} collectionUpdates=ExecutableList{size=0} collectionQueuedOps=ExecutableList{size=0} unresolvedInsertDependencies=null])] for Hibernate transaction
2018-01-07 18:10:10 [main] DEBUG o.s.o.h.HibernateTransactionManager - Participating in existing transaction
