2017-12-27 12:48:23 [main] DEBUG o.h.p.entity.AbstractEntityPersister -  Snapshot select: select message_.messageId, message_.circleName as circleNa2_1_, message_.message as message3_1_, message_.postedDate as postedDa4_1_, message_.receiverId as receiver5_1_, message_.senderName as senderNa6_1_, message_.streamType as streamTy7_1_, message_.tag as tag8_1_ from message message_ where message_.messageId=?
2017-12-27 12:48:23 [main] DEBUG o.h.p.entity.AbstractEntityPersister -  Insert 0: insert into message (circleName, message, postedDate, receiverId, senderName, streamType, tag, messageId) values (?, ?, ?, ?, ?, ?, ?, ?)
2017-12-27 12:48:23 [main] DEBUG o.h.p.entity.AbstractEntityPersister -  Update 0: update message set circleName=?, message=?, postedDate=?, receiverId=?, senderName=?, streamType=?, tag=? where messageId=?
2017-12-27 12:48:23 [main] DEBUG o.h.p.entity.AbstractEntityPersister -  Delete 0: delete from message where messageId=?
2017-12-27 12:48:23 [main] DEBUG o.h.l.p.b.i.spaces.QuerySpacesImpl - Adding QuerySpace : uid = <gen:0> -> org.hibernate.loader.plan.build.internal.spaces.EntityQuerySpaceImpl@21f8e55f]
2017-12-27 12:48:23 [main] DEBUG o.h.p.w.spi.MetamodelGraphWalker - Visiting attribute path : circleName
2017-12-27 12:48:23 [main] DEBUG o.h.p.w.spi.MetamodelGraphWalker - Visiting attribute path : message
2017-12-27 12:48:23 [main] DEBUG o.h.p.w.spi.MetamodelGraphWalker - Visiting attribute path : postedDate
2017-12-27 12:48:23 [main] DEBUG o.h.p.w.spi.MetamodelGraphWalker - Visiting attribute path : receiverId
2017-12-27 12:48:23 [main] DEBUG o.h.p.w.spi.MetamodelGraphWalker - Visiting attribute path : sender
2017-12-27 12:48:23 [main] DEBUG o.h.p.w.spi.MetamodelGraphWalker - Visiting attribute path : streamType
2017-12-27 12:48:23 [main] DEBUG o.h.p.w.spi.MetamodelGraphWalker - Visiting attribute path : tag
2017-12-27 12:48:23 [main] DEBUG o.h.l.p.b.i.FetchStyleLoadPlanBuildingAssociationVisitationStrategy - Building LoadPlan...
2017-12-27 12:48:23 [main] DEBUG o.h.l.p.e.i.LoadQueryJoinAndFetchProcessor - processing queryspace <gen:0>
2017-12-27 12:48:23 [main] DEBUG o.h.l.p.b.spi.LoadPlanTreePrinter - LoadPlan(entity=com.stackroute.activitystream.model.Message)
    - Returns
       - EntityReturnImpl(entity=com.stackroute.activitystream.model.Message, querySpaceUid=<gen:0>, path=com.stackroute.activitystream.model.Message)
    - QuerySpaces
       - EntityQuerySpaceImpl(uid=<gen:0>, entity=com.stackroute.activitystream.model.Message)
          - SQL table alias mapping - message0_
          - alias suffix - 0_
          - suffixed key columns - {messageI1_1_0_}

2017-12-27 12:48:23 [main] DEBUG o.h.loader.entity.plan.EntityLoader - Static select for entity com.stackroute.activitystream.model.Message [NONE]: select message0_.messageId as messageI1_1_0_, message0_.circleName as circleNa2_1_0_, message0_.message as message3_1_0_, message0_.postedDate as postedDa4_1_0_, message0_.receiverId as receiver5_1_0_, message0_.senderName as senderNa6_1_0_, message0_.streamType as streamTy7_1_0_, message0_.tag as tag8_1_0_ from message message0_ where message0_.messageId=?
2017-12-27 12:48:23 [main] DEBUG o.h.l.p.b.i.spaces.QuerySpacesImpl - Adding QuerySpace : uid = <gen:0> -> org.hibernate.loader.plan.build.internal.spaces.EntityQuerySpaceImpl@7048535f]
2017-12-27 12:48:23 [main] DEBUG o.h.p.w.spi.MetamodelGraphWalker - Visiting attribute path : circleName
2017-12-27 12:48:23 [main] DEBUG o.h.p.w.spi.MetamodelGraphWalker - Visiting attribute path : message
2017-12-27 12:48:23 [main] DEBUG o.h.p.w.spi.MetamodelGraphWalker - Visiting attribute path : postedDate
2017-12-27 12:48:23 [main] DEBUG o.h.p.w.spi.MetamodelGraphWalker - Visiting attribute path : receiverId
2017-12-27 12:48:23 [main] DEBUG o.h.p.w.spi.MetamodelGraphWalker - Visiting attribute path : sender
2017-12-27 12:48:23 [main] DEBUG o.h.p.w.spi.MetamodelGraphWalker - Visiting attribute path : streamType
2017-12-27 12:48:23 [main] DEBUG o.h.p.w.spi.MetamodelGraphWalker - Visiting attribute path : tag
2017-12-27 12:48:23 [main] DEBUG o.h.l.p.b.i.FetchStyleLoadPlanBuildingAssociationVisitationStrategy - Building LoadPlan...
2017-12-27 12:48:23 [main] DEBUG o.h.l.p.e.i.LoadQueryJoinAndFetchProcessor - processing queryspace <gen:0>
2017-12-27 12:48:23 [main] DEBUG o.h.l.p.b.spi.LoadPlanTreePrinter - LoadPlan(entity=com.stackroute.activitystream.model.Message)
    - Returns
       - EntityReturnImpl(entity=com.stackroute.activitystream.model.Message, querySpaceUid=<gen:0>, path=com.stackroute.activitystream.model.Message)
    - QuerySpaces
       - EntityQuerySpaceImpl(uid=<gen:0>, entity=com.stackroute.activitystream.model.Message)
          - SQL table alias mapping - message0_
          - alias suffix - 0_
          - suffixed key columns - {messageI1_1_0_}

2017-12-27 12:48:23 [main] DEBUG o.h.loader.entity.plan.EntityLoader - Static select for entity com.stackroute.activitystream.model.Message [READ]: select message0_.messageId as messageI1_1_0_, message0_.circleName as circleNa2_1_0_, message0_.message as message3_1_0_, message0_.postedDate as postedDa4_1_0_, message0_.receiverId as receiver5_1_0_, message0_.senderName as senderNa6_1_0_, message0_.streamType as streamTy7_1_0_, message0_.tag as tag8_1_0_ from message message0_ where message0_.messageId=?
2017-12-27 12:48:23 [main] DEBUG o.h.l.p.b.i.spaces.QuerySpacesImpl - Adding QuerySpace : uid = <gen:0> -> org.hibernate.loader.plan.build.internal.spaces.EntityQuerySpaceImpl@680d4a6a]
2017-12-27 12:48:23 [main] DEBUG o.h.p.w.spi.MetamodelGraphWalker - Visiting attribute path : circleName
2017-12-27 12:48:23 [main] DEBUG o.h.p.w.spi.MetamodelGraphWalker - Visiting attribute path : message
2017-12-27 12:48:23 [main] DEBUG o.h.p.w.spi.MetamodelGraphWalker - Visiting attribute path : postedDate
2017-12-27 12:48:23 [main] DEBUG o.h.p.w.spi.MetamodelGraphWalker - Visiting attribute path : receiverId
2017-12-27 12:48:23 [main] DEBUG o.h.p.w.spi.MetamodelGraphWalker - Visiting attribute path : sender
2017-12-27 12:48:23 [main] DEBUG o.h.p.w.spi.MetamodelGraphWalker - Visiting attribute path : streamType
2017-12-27 12:48:23 [main] DEBUG o.h.p.w.spi.MetamodelGraphWalker - Visiting attribute path : tag
2017-12-27 12:48:23 [main] DEBUG o.h.l.p.b.i.FetchStyleLoadPlanBuildingAssociationVisitationStrategy - Building LoadPlan...
2017-12-27 12:48:23 [main] DEBUG o.h.l.p.e.i.LoadQueryJoinAndFetchProcessor - processing queryspace <gen:0>
2017-12-27 12:48:23 [main] DEBUG o.h.l.p.b.spi.LoadPlanTreePrinter - LoadPlan(entity=com.stackroute.activitystream.model.Message)
    - Returns
       - EntityReturnImpl(entity=com.stackroute.activitystream.model.Message, querySpaceUid=<gen:0>, path=com.stackroute.activitystream.model.Message)
    - QuerySpaces
       - EntityQuerySpaceImpl(uid=<gen:0>, entity=com.stackroute.activitystream.model.Message)
          - SQL table alias mapping - message0_
          - alias suffix - 0_
          - suffixed key columns - {messageI1_1_0_}

2017-12-27 12:48:23 [main] DEBUG o.h.loader.entity.plan.EntityLoader - Static select for entity com.stackroute.activitystream.model.Message [UPGRADE]: select message0_.messageId as messageI1_1_0_, message0_.circleName as circleNa2_1_0_, message0_.message as message3_1_0_, message0_.postedDate as postedDa4_1_0_, message0_.receiverId as receiver5_1_0_, message0_.senderName as senderNa6_1_0_, message0_.streamType as streamTy7_1_0_, message0_.tag as tag8_1_0_ from message message0_ where message0_.messageId=? for update
2017-12-27 12:48:23 [main] DEBUG o.h.l.p.b.i.spaces.QuerySpacesImpl - Adding QuerySpace : uid = <gen:0> -> org.hibernate.loader.plan.build.internal.spaces.EntityQuerySpaceImpl@309028af]
2017-12-27 12:48:23 [main] DEBUG o.h.p.w.spi.MetamodelGraphWalker - Visiting attribute path : circleName
2017-12-27 12:48:23 [main] DEBUG o.h.p.w.spi.MetamodelGraphWalker - Visiting attribute path : message
2017-12-27 12:48:23 [main] DEBUG o.h.p.w.spi.MetamodelGraphWalker - Visiting attribute path : postedDate
2017-12-27 12:48:23 [main] DEBUG o.h.p.w.spi.MetamodelGraphWalker - Visiting attribute path : receiverId
2017-12-27 12:48:23 [main] DEBUG o.h.p.w.spi.MetamodelGraphWalker - Visiting attribute path : sender
2017-12-27 12:48:23 [main] DEBUG o.h.p.w.spi.MetamodelGraphWalker - Visiting attribute path : streamType
2017-12-27 12:48:23 [main] DEBUG o.h.p.w.spi.MetamodelGraphWalker - Visiting attribute path : tag
2017-12-27 12:48:23 [main] DEBUG o.h.l.p.b.i.FetchStyleLoadPlanBuildingAssociationVisitationStrategy - Building LoadPlan...
2017-12-27 12:48:23 [main] DEBUG o.h.l.p.e.i.LoadQueryJoinAndFetchProcessor - processing queryspace <gen:0>
2017-12-27 12:48:23 [main] DEBUG o.h.l.p.b.spi.LoadPlanTreePrinter - LoadPlan(entity=com.stackroute.activitystream.model.Message)
    - Returns
       - EntityReturnImpl(entity=com.stackroute.activitystream.model.Message, querySpaceUid=<gen:0>, path=com.stackroute.activitystream.model.Message)
    - QuerySpaces
       - EntityQuerySpaceImpl(uid=<gen:0>, entity=com.stackroute.activitystream.model.Message)
          - SQL table alias mapping - message0_
          - alias suffix - 0_
          - suffixed key columns - {messageI1_1_0_}

2017-12-27 12:48:23 [main] DEBUG o.h.loader.entity.plan.EntityLoader - Static select for entity com.stackroute.activitystream.model.Message [UPGRADE_NOWAIT]: select message0_.messageId as messageI1_1_0_, message0_.circleName as circleNa2_1_0_, message0_.message as message3_1_0_, message0_.postedDate as postedDa4_1_0_, message0_.receiverId as receiver5_1_0_, message0_.senderName as senderNa6_1_0_, message0_.streamType as streamTy7_1_0_, message0_.tag as tag8_1_0_ from message message0_ where message0_.messageId=? for update
2017-12-27 12:48:23 [main] DEBUG o.h.l.p.b.i.spaces.QuerySpacesImpl - Adding QuerySpace : uid = <gen:0> -> org.hibernate.loader.plan.build.internal.spaces.EntityQuerySpaceImpl@70101687]
2017-12-27 12:48:23 [main] DEBUG o.h.p.w.spi.MetamodelGraphWalker - Visiting attribute path : circleName
2017-12-27 12:48:23 [main] DEBUG o.h.p.w.spi.MetamodelGraphWalker - Visiting attribute path : message
2017-12-27 12:48:23 [main] DEBUG o.h.p.w.spi.MetamodelGraphWalker - Visiting attribute path : postedDate
2017-12-27 12:48:23 [main] DEBUG o.h.p.w.spi.MetamodelGraphWalker - Visiting attribute path : receiverId
2017-12-27 12:48:23 [main] DEBUG o.h.p.w.spi.MetamodelGraphWalker - Visiting attribute path : sender
2017-12-27 12:48:23 [main] DEBUG o.h.p.w.spi.MetamodelGraphWalker - Visiting attribute path : streamType
2017-12-27 12:48:23 [main] DEBUG o.h.p.w.spi.MetamodelGraphWalker - Visiting attribute path : tag
2017-12-27 12:48:23 [main] DEBUG o.h.l.p.b.i.FetchStyleLoadPlanBuildingAssociationVisitationStrategy - Building LoadPlan...
2017-12-27 12:48:23 [main] DEBUG o.h.l.p.e.i.LoadQueryJoinAndFetchProcessor - processing queryspace <gen:0>
2017-12-27 12:48:23 [main] DEBUG o.h.l.p.b.spi.LoadPlanTreePrinter - LoadPlan(entity=com.stackroute.activitystream.model.Message)
    - Returns
       - EntityReturnImpl(entity=com.stackroute.activitystream.model.Message, querySpaceUid=<gen:0>, path=com.stackroute.activitystream.model.Message)
    - QuerySpaces
       - EntityQuerySpaceImpl(uid=<gen:0>, entity=com.stackroute.activitystream.model.Message)
          - SQL table alias mapping - message0_
          - alias suffix - 0_
          - suffixed key columns - {messageI1_1_0_}

2017-12-27 12:48:23 [main] DEBUG o.h.loader.entity.plan.EntityLoader - Static select for entity com.stackroute.activitystream.model.Message [UPGRADE_SKIPLOCKED]: select message0_.messageId as messageI1_1_0_, message0_.circleName as circleNa2_1_0_, message0_.message as message3_1_0_, message0_.postedDate as postedDa4_1_0_, message0_.receiverId as receiver5_1_0_, message0_.senderName as senderNa6_1_0_, message0_.streamType as streamTy7_1_0_, message0_.tag as tag8_1_0_ from message message0_ where message0_.messageId=? for update
2017-12-27 12:48:23 [main] DEBUG o.h.l.p.b.i.spaces.QuerySpacesImpl - Adding QuerySpace : uid = <gen:0> -> org.hibernate.loader.plan.build.internal.spaces.EntityQuerySpaceImpl@418c020b]
2017-12-27 12:48:23 [main] DEBUG o.h.p.w.spi.MetamodelGraphWalker - Visiting attribute path : circleName
2017-12-27 12:48:23 [main] DEBUG o.h.p.w.spi.MetamodelGraphWalker - Visiting attribute path : message
2017-12-27 12:48:23 [main] DEBUG o.h.p.w.spi.MetamodelGraphWalker - Visiting attribute path : postedDate
2017-12-27 12:48:23 [main] DEBUG o.h.p.w.spi.MetamodelGraphWalker - Visiting attribute path : receiverId
2017-12-27 12:48:23 [main] DEBUG o.h.p.w.spi.MetamodelGraphWalker - Visiting attribute path : sender
2017-12-27 12:48:23 [main] DEBUG o.h.p.w.spi.MetamodelGraphWalker - Visiting attribute path : streamType
2017-12-27 12:48:23 [main] DEBUG o.h.p.w.spi.MetamodelGraphWalker - Visiting attribute path : tag
2017-12-27 12:48:23 [main] DEBUG o.h.l.p.b.i.FetchStyleLoadPlanBuildingAssociationVisitationStrategy - Building LoadPlan...
2017-12-27 12:48:23 [main] DEBUG o.h.l.p.e.i.LoadQueryJoinAndFetchProcessor - processing queryspace <gen:0>
2017-12-27 12:48:23 [main] DEBUG o.h.l.p.b.spi.LoadPlanTreePrinter - LoadPlan(entity=com.stackroute.activitystream.model.Message)
    - Returns
       - EntityReturnImpl(entity=com.stackroute.activitystream.model.Message, querySpaceUid=<gen:0>, path=com.stackroute.activitystream.model.Message)
    - QuerySpaces
       - EntityQuerySpaceImpl(uid=<gen:0>, entity=com.stackroute.activitystream.model.Message)
          - SQL table alias mapping - message0_
          - alias suffix - 0_
          - suffixed key columns - {messageI1_1_0_}

2017-12-27 12:48:23 [main] DEBUG o.h.loader.entity.plan.EntityLoader - Static select for entity com.stackroute.activitystream.model.Message [FORCE]: select message0_.messageId as messageI1_1_0_, message0_.circleName as circleNa2_1_0_, message0_.message as message3_1_0_, message0_.postedDate as postedDa4_1_0_, message0_.receiverId as receiver5_1_0_, message0_.senderName as senderNa6_1_0_, message0_.streamType as streamTy7_1_0_, message0_.tag as tag8_1_0_ from message message0_ where message0_.messageId=? for update
2017-12-27 12:48:23 [main] DEBUG o.h.l.p.b.i.spaces.QuerySpacesImpl - Adding QuerySpace : uid = <gen:0> -> org.hibernate.loader.plan.build.internal.spaces.EntityQuerySpaceImpl@21618fa7]
2017-12-27 12:48:23 [main] DEBUG o.h.p.w.spi.MetamodelGraphWalker - Visiting attribute path : circleName
2017-12-27 12:48:23 [main] DEBUG o.h.p.w.spi.MetamodelGraphWalker - Visiting attribute path : message
2017-12-27 12:48:23 [main] DEBUG o.h.p.w.spi.MetamodelGraphWalker - Visiting attribute path : postedDate
2017-12-27 12:48:23 [main] DEBUG o.h.p.w.spi.MetamodelGraphWalker - Visiting attribute path : receiverId
2017-12-27 12:48:23 [main] DEBUG o.h.p.w.spi.MetamodelGraphWalker - Visiting attribute path : sender
2017-12-27 12:48:23 [main] DEBUG o.h.p.w.spi.MetamodelGraphWalker - Visiting attribute path : streamType
2017-12-27 12:48:23 [main] DEBUG o.h.p.w.spi.MetamodelGraphWalker - Visiting attribute path : tag
2017-12-27 12:48:23 [main] DEBUG o.h.l.p.b.i.FetchStyleLoadPlanBuildingAssociationVisitationStrategy - Building LoadPlan...
2017-12-27 12:48:23 [main] DEBUG o.h.l.p.e.i.LoadQueryJoinAndFetchProcessor - processing queryspace <gen:0>
2017-12-27 12:48:23 [main] DEBUG o.h.l.p.b.spi.LoadPlanTreePrinter - LoadPlan(entity=com.stackroute.activitystream.model.Message)
    - Returns
       - EntityReturnImpl(entity=com.stackroute.activitystream.model.Message, querySpaceUid=<gen:0>, path=com.stackroute.activitystream.model.Message)
    - QuerySpaces
       - EntityQuerySpaceImpl(uid=<gen:0>, entity=com.stackroute.activitystream.model.Message)
          - SQL table alias mapping - message0_
          - alias suffix - 0_
          - suffixed key columns - {messageI1_1_0_}

2017-12-27 12:48:23 [main] DEBUG o.h.loader.entity.plan.EntityLoader - Static select for entity com.stackroute.activitystream.model.Message [PESSIMISTIC_READ]: select message0_.messageId as messageI1_1_0_, message0_.circleName as circleNa2_1_0_, message0_.message as message3_1_0_, message0_.postedDate as postedDa4_1_0_, message0_.receiverId as receiver5_1_0_, message0_.senderName as senderNa6_1_0_, message0_.streamType as streamTy7_1_0_, message0_.tag as tag8_1_0_ from message message0_ where message0_.messageId=? lock in share mode
2017-12-27 12:48:23 [main] DEBUG o.h.l.p.b.i.spaces.QuerySpacesImpl - Adding QuerySpace : uid = <gen:0> -> org.hibernate.loader.plan.build.internal.spaces.EntityQuerySpaceImpl@34cf294c]
2017-12-27 12:48:23 [main] DEBUG o.h.p.w.spi.MetamodelGraphWalker - Visiting attribute path : circleName
2017-12-27 12:48:23 [main] DEBUG o.h.p.w.spi.MetamodelGraphWalker - Visiting attribute path : message
2017-12-27 12:48:23 [main] DEBUG o.h.p.w.spi.MetamodelGraphWalker - Visiting attribute path : postedDate
2017-12-27 12:48:23 [main] DEBUG o.h.p.w.spi.MetamodelGraphWalker - Visiting attribute path : receiverId
2017-12-27 12:48:23 [main] DEBUG o.h.p.w.spi.MetamodelGraphWalker - Visiting attribute path : sender
2017-12-27 12:48:23 [main] DEBUG o.h.p.w.spi.MetamodelGraphWalker - Visiting attribute path : streamType
2017-12-27 12:48:23 [main] DEBUG o.h.p.w.spi.MetamodelGraphWalker - Visiting attribute path : tag
2017-12-27 12:48:23 [main] DEBUG o.h.l.p.b.i.FetchStyleLoadPlanBuildingAssociationVisitationStrategy - Building LoadPlan...
2017-12-27 12:48:23 [main] DEBUG o.h.l.p.e.i.LoadQueryJoinAndFetchProcessor - processing queryspace <gen:0>
2017-12-27 12:48:23 [main] DEBUG o.h.l.p.b.spi.LoadPlanTreePrinter - LoadPlan(entity=com.stackroute.activitystream.model.Message)
    - Returns
       - EntityReturnImpl(entity=com.stackroute.activitystream.model.Message, querySpaceUid=<gen:0>, path=com.stackroute.activitystream.model.Message)
    - QuerySpaces
       - EntityQuerySpaceImpl(uid=<gen:0>, entity=com.stackroute.activitystream.model.Message)
          - SQL table alias mapping - message0_
          - alias suffix - 0_
          - suffixed key columns - {messageI1_1_0_}

2017-12-27 12:48:23 [main] DEBUG o.h.loader.entity.plan.EntityLoader - Static select for entity com.stackroute.activitystream.model.Message [PESSIMISTIC_WRITE]: select message0_.messageId as messageI1_1_0_, message0_.circleName as circleNa2_1_0_, message0_.message as message3_1_0_, message0_.postedDate as postedDa4_1_0_, message0_.receiverId as receiver5_1_0_, message0_.senderName as senderNa6_1_0_, message0_.streamType as streamTy7_1_0_, message0_.tag as tag8_1_0_ from message message0_ where message0_.messageId=? for update
2017-12-27 12:48:23 [main] DEBUG o.h.l.p.b.i.spaces.QuerySpacesImpl - Adding QuerySpace : uid = <gen:0> -> org.hibernate.loader.plan.build.internal.spaces.EntityQuerySpaceImpl@604b1e1d]
2017-12-27 12:48:23 [main] DEBUG o.h.p.w.spi.MetamodelGraphWalker - Visiting attribute path : circleName
2017-12-27 12:48:23 [main] DEBUG o.h.p.w.spi.MetamodelGraphWalker - Visiting attribute path : message
2017-12-27 12:48:23 [main] DEBUG o.h.p.w.spi.MetamodelGraphWalker - Visiting attribute path : postedDate
2017-12-27 12:48:23 [main] DEBUG o.h.p.w.spi.MetamodelGraphWalker - Visiting attribute path : receiverId
2017-12-27 12:48:23 [main] DEBUG o.h.p.w.spi.MetamodelGraphWalker - Visiting attribute path : sender
2017-12-27 12:48:23 [main] DEBUG o.h.p.w.spi.MetamodelGraphWalker - Visiting attribute path : streamType
2017-12-27 12:48:23 [main] DEBUG o.h.p.w.spi.MetamodelGraphWalker - Visiting attribute path : tag
2017-12-27 12:48:23 [main] DEBUG o.h.l.p.b.i.FetchStyleLoadPlanBuildingAssociationVisitationStrategy - Building LoadPlan...
2017-12-27 12:48:23 [main] DEBUG o.h.l.p.e.i.LoadQueryJoinAndFetchProcessor - processing queryspace <gen:0>
2017-12-27 12:48:23 [main] DEBUG o.h.l.p.b.spi.LoadPlanTreePrinter - LoadPlan(entity=com.stackroute.activitystream.model.Message)
    - Returns
       - EntityReturnImpl(entity=com.stackroute.activitystream.model.Message, querySpaceUid=<gen:0>, path=com.stackroute.activitystream.model.Message)
    - QuerySpaces
       - EntityQuerySpaceImpl(uid=<gen:0>, entity=com.stackroute.activitystream.model.Message)
          - SQL table alias mapping - message0_
          - alias suffix - 0_
          - suffixed key columns - {messageI1_1_0_}

2017-12-27 12:48:23 [main] DEBUG o.h.loader.entity.plan.EntityLoader - Static select for entity com.stackroute.activitystream.model.Message [PESSIMISTIC_FORCE_INCREMENT]: select message0_.messageId as messageI1_1_0_, message0_.circleName as circleNa2_1_0_, message0_.message as message3_1_0_, message0_.postedDate as postedDa4_1_0_, message0_.receiverId as receiver5_1_0_, message0_.senderName as senderNa6_1_0_, message0_.streamType as streamTy7_1_0_, message0_.tag as tag8_1_0_ from message message0_ where message0_.messageId=? for update
2017-12-27 12:48:23 [main] DEBUG o.h.l.p.b.i.spaces.QuerySpacesImpl - Adding QuerySpace : uid = <gen:0> -> org.hibernate.loader.plan.build.internal.spaces.EntityQuerySpaceImpl@2f1ea80d]
2017-12-27 12:48:23 [main] DEBUG o.h.p.w.spi.MetamodelGraphWalker - Visiting attribute path : circleName
2017-12-27 12:48:23 [main] DEBUG o.h.p.w.spi.MetamodelGraphWalker - Visiting attribute path : message
2017-12-27 12:48:23 [main] DEBUG o.h.p.w.spi.MetamodelGraphWalker - Visiting attribute path : postedDate
2017-12-27 12:48:23 [main] DEBUG o.h.p.w.spi.MetamodelGraphWalker - Visiting attribute path : receiverId
2017-12-27 12:48:23 [main] DEBUG o.h.p.w.spi.MetamodelGraphWalker - Visiting attribute path : sender
2017-12-27 12:48:23 [main] DEBUG o.h.p.w.spi.MetamodelGraphWalker - Visiting attribute path : streamType
2017-12-27 12:48:23 [main] DEBUG o.h.p.w.spi.MetamodelGraphWalker - Visiting attribute path : tag
2017-12-27 12:48:23 [main] DEBUG o.h.l.p.b.i.FetchStyleLoadPlanBuildingAssociationVisitationStrategy - Building LoadPlan...
2017-12-27 12:48:23 [main] DEBUG o.h.l.p.e.i.LoadQueryJoinAndFetchProcessor - processing queryspace <gen:0>
2017-12-27 12:48:23 [main] DEBUG o.h.l.p.b.spi.LoadPlanTreePrinter - LoadPlan(entity=com.stackroute.activitystream.model.Message)
    - Returns
       - EntityReturnImpl(entity=com.stackroute.activitystream.model.Message, querySpaceUid=<gen:0>, path=com.stackroute.activitystream.model.Message)
    - QuerySpaces
       - EntityQuerySpaceImpl(uid=<gen:0>, entity=com.stackroute.activitystream.model.Message)
          - SQL table alias mapping - message0_
          - alias suffix - 0_
          - suffixed key columns - {messageI1_1_0_}

2017-12-27 12:48:23 [main] DEBUG o.h.loader.entity.plan.EntityLoader - Static select for entity com.stackroute.activitystream.model.Message [OPTIMISTIC]: select message0_.messageId as messageI1_1_0_, message0_.circleName as circleNa2_1_0_, message0_.message as message3_1_0_, message0_.postedDate as postedDa4_1_0_, message0_.receiverId as receiver5_1_0_, message0_.senderName as senderNa6_1_0_, message0_.streamType as streamTy7_1_0_, message0_.tag as tag8_1_0_ from message message0_ where message0_.messageId=?
2017-12-27 12:48:23 [main] DEBUG o.h.l.p.b.i.spaces.QuerySpacesImpl - Adding QuerySpace : uid = <gen:0> -> org.hibernate.loader.plan.build.internal.spaces.EntityQuerySpaceImpl@f1a45f8]
2017-12-27 12:48:23 [main] DEBUG o.h.p.w.spi.MetamodelGraphWalker - Visiting attribute path : circleName
2017-12-27 12:48:23 [main] DEBUG o.h.p.w.spi.MetamodelGraphWalker - Visiting attribute path : message
2017-12-27 12:48:23 [main] DEBUG o.h.p.w.spi.MetamodelGraphWalker - Visiting attribute path : postedDate
2017-12-27 12:48:23 [main] DEBUG o.h.p.w.spi.MetamodelGraphWalker - Visiting attribute path : receiverId
2017-12-27 12:48:23 [main] DEBUG o.h.p.w.spi.MetamodelGraphWalker - Visiting attribute path : sender
2017-12-27 12:48:23 [main] DEBUG o.h.p.w.spi.MetamodelGraphWalker - Visiting attribute path : streamType
2017-12-27 12:48:23 [main] DEBUG o.h.p.w.spi.MetamodelGraphWalker - Visiting attribute path : tag
2017-12-27 12:48:23 [main] DEBUG o.h.l.p.b.i.FetchStyleLoadPlanBuildingAssociationVisitationStrategy - Building LoadPlan...
2017-12-27 12:48:23 [main] DEBUG o.h.l.p.e.i.LoadQueryJoinAndFetchProcessor - processing queryspace <gen:0>
2017-12-27 12:48:23 [main] DEBUG o.h.l.p.b.spi.LoadPlanTreePrinter - LoadPlan(entity=com.stackroute.activitystream.model.Message)
    - Returns
       - EntityReturnImpl(entity=com.stackroute.activitystream.model.Message, querySpaceUid=<gen:0>, path=com.stackroute.activitystream.model.Message)
    - QuerySpaces
       - EntityQuerySpaceImpl(uid=<gen:0>, entity=com.stackroute.activitystream.model.Message)
          - SQL table alias mapping - message0_
          - alias suffix - 0_
          - suffixed key columns - {messageI1_1_0_}

2017-12-27 12:48:23 [main] DEBUG o.h.loader.entity.plan.EntityLoader - Static select for entity com.stackroute.activitystream.model.Message [OPTIMISTIC_FORCE_INCREMENT]: select message0_.messageId as messageI1_1_0_, message0_.circleName as circleNa2_1_0_, message0_.message as message3_1_0_, message0_.postedDate as postedDa4_1_0_, message0_.receiverId as receiver5_1_0_, message0_.senderName as senderNa6_1_0_, message0_.streamType as streamTy7_1_0_, message0_.tag as tag8_1_0_ from message message0_ where message0_.messageId=?
2017-12-27 12:48:23 [main] DEBUG org.hibernate.loader.Loader - Static select for action ACTION_MERGE on entity com.stackroute.activitystream.model.Message: select message0_.messageId as messageI1_1_0_, message0_.circleName as circleNa2_1_0_, message0_.message as message3_1_0_, message0_.postedDate as postedDa4_1_0_, message0_.receiverId as receiver5_1_0_, message0_.senderName as senderNa6_1_0_, message0_.streamType as streamTy7_1_0_, message0_.tag as tag8_1_0_ from message message0_ where message0_.messageId=?
2017-12-27 12:48:23 [main] DEBUG org.hibernate.loader.Loader - Static select for action ACTION_REFRESH on entity com.stackroute.activitystream.model.Message: select message0_.messageId as messageI1_1_0_, message0_.circleName as circleNa2_1_0_, message0_.message as message3_1_0_, message0_.postedDate as postedDa4_1_0_, message0_.receiverId as receiver5_1_0_, message0_.senderName as senderNa6_1_0_, message0_.streamType as streamTy7_1_0_, message0_.tag as tag8_1_0_ from message message0_ where message0_.messageId=?
2017-12-27 12:48:23 [main] DEBUG o.h.p.entity.AbstractEntityPersister - Static SQL for entity: com.stackroute.activitystream.model.User
2017-12-27 12:48:23 [main] DEBUG o.h.p.entity.AbstractEntityPersister -  Version select: select username from user where username =?
2017-12-27 12:48:23 [main] DEBUG o.h.p.entity.AbstractEntityPersister -  Snapshot select: select user_.username, user_.name as name2_2_, user_.password as password3_2_ from user user_ where user_.username=?
2017-12-27 12:48:23 [main] DEBUG o.h.p.entity.AbstractEntityPersister -  Insert 0: insert into user (name, password, username) values (?, ?, ?)
2017-12-27 12:48:23 [main] DEBUG o.h.p.entity.AbstractEntityPersister -  Update 0: update user set name=?, password=? where username=?
2017-12-27 12:48:23 [main] DEBUG o.h.p.entity.AbstractEntityPersister -  Delete 0: delete from user where username=?
2017-12-27 12:48:23 [main] DEBUG o.h.l.p.b.i.spaces.QuerySpacesImpl - Adding QuerySpace : uid = <gen:0> -> org.hibernate.loader.plan.build.internal.spaces.EntityQuerySpaceImpl@4dbad37]
2017-12-27 12:48:23 [main] DEBUG o.h.p.w.spi.MetamodelGraphWalker - Visiting attribute path : name
2017-12-27 12:48:23 [main] DEBUG o.h.p.w.spi.MetamodelGraphWalker - Visiting attribute path : password
2017-12-27 12:48:23 [main] DEBUG o.h.l.p.b.i.FetchStyleLoadPlanBuildingAssociationVisitationStrategy - Building LoadPlan...
2017-12-27 12:48:23 [main] DEBUG o.h.l.p.e.i.LoadQueryJoinAndFetchProcessor - processing queryspace <gen:0>
2017-12-27 12:48:23 [main] DEBUG o.h.l.p.b.spi.LoadPlanTreePrinter - LoadPlan(entity=com.stackroute.activitystream.model.User)
    - Returns
       - EntityReturnImpl(entity=com.stackroute.activitystream.model.User, querySpaceUid=<gen:0>, path=com.stackroute.activitystream.model.User)
    - QuerySpaces
       - EntityQuerySpaceImpl(uid=<gen:0>, entity=com.stackroute.activitystream.model.User)
          - SQL table alias mapping - user0_
          - alias suffix - 0_
          - suffixed key columns - {username1_2_0_}

2017-12-27 12:48:23 [main] DEBUG o.h.loader.entity.plan.EntityLoader - Static select for entity com.stackroute.activitystream.model.User [NONE]: select user0_.username as username1_2_0_, user0_.name as name2_2_0_, user0_.password as password3_2_0_ from user user0_ where user0_.username=?
2017-12-27 12:48:23 [main] DEBUG o.h.l.p.b.i.spaces.QuerySpacesImpl - Adding QuerySpace : uid = <gen:0> -> org.hibernate.loader.plan.build.internal.spaces.EntityQuerySpaceImpl@26a262d6]
2017-12-27 12:48:23 [main] DEBUG o.h.p.w.spi.MetamodelGraphWalker - Visiting attribute path : name
2017-12-27 12:48:23 [main] DEBUG o.h.p.w.spi.MetamodelGraphWalker - Visiting attribute path : password
2017-12-27 12:48:23 [main] DEBUG o.h.l.p.b.i.FetchStyleLoadPlanBuildingAssociationVisitationStrategy - Building LoadPlan...
2017-12-27 12:48:23 [main] DEBUG o.h.l.p.e.i.LoadQueryJoinAndFetchProcessor - processing queryspace <gen:0>
2017-12-27 12:48:23 [main] DEBUG o.h.l.p.b.spi.LoadPlanTreePrinter - LoadPlan(entity=com.stackroute.activitystream.model.User)
    - Returns
       - EntityReturnImpl(entity=com.stackroute.activitystream.model.User, querySpaceUid=<gen:0>, path=com.stackroute.activitystream.model.User)
    - QuerySpaces
       - EntityQuerySpaceImpl(uid=<gen:0>, entity=com.stackroute.activitystream.model.User)
          - SQL table alias mapping - user0_
          - alias suffix - 0_
          - suffixed key columns - {username1_2_0_}

2017-12-27 12:48:23 [main] DEBUG o.h.loader.entity.plan.EntityLoader - Static select for entity com.stackroute.activitystream.model.User [READ]: select user0_.username as username1_2_0_, user0_.name as name2_2_0_, user0_.password as password3_2_0_ from user user0_ where user0_.username=?
2017-12-27 12:48:23 [main] DEBUG o.h.l.p.b.i.spaces.QuerySpacesImpl - Adding QuerySpace : uid = <gen:0> -> org.hibernate.loader.plan.build.internal.spaces.EntityQuerySpaceImpl@58f07f02]
2017-12-27 12:48:23 [main] DEBUG o.h.p.w.spi.MetamodelGraphWalker - Visiting attribute path : name
2017-12-27 12:48:23 [main] DEBUG o.h.p.w.spi.MetamodelGraphWalker - Visiting attribute path : password
2017-12-27 12:48:23 [main] DEBUG o.h.l.p.b.i.FetchStyleLoadPlanBuildingAssociationVisitationStrategy - Building LoadPlan...
2017-12-27 12:48:23 [main] DEBUG o.h.l.p.e.i.LoadQueryJoinAndFetchProcessor - processing queryspace <gen:0>
2017-12-27 12:48:23 [main] DEBUG o.h.l.p.b.spi.LoadPlanTreePrinter - LoadPlan(entity=com.stackroute.activitystream.model.User)
    - Returns
       - EntityReturnImpl(entity=com.stackroute.activitystream.model.User, querySpaceUid=<gen:0>, path=com.stackroute.activitystream.model.User)
    - QuerySpaces
       - EntityQuerySpaceImpl(uid=<gen:0>, entity=com.stackroute.activitystream.model.User)
          - SQL table alias mapping - user0_
          - alias suffix - 0_
          - suffixed key columns - {username1_2_0_}

2017-12-27 12:48:23 [main] DEBUG o.h.loader.entity.plan.EntityLoader - Static select for entity com.stackroute.activitystream.model.User [UPGRADE]: select user0_.username as username1_2_0_, user0_.name as name2_2_0_, user0_.password as password3_2_0_ from user user0_ where user0_.username=? for update
2017-12-27 12:48:23 [main] DEBUG o.h.l.p.b.i.spaces.QuerySpacesImpl - Adding QuerySpace : uid = <gen:0> -> org.hibernate.loader.plan.build.internal.spaces.EntityQuerySpaceImpl@40f8f5a8]
2017-12-27 12:48:23 [main] DEBUG o.h.p.w.spi.MetamodelGraphWalker - Visiting attribute path : name
2017-12-27 12:48:23 [main] DEBUG o.h.p.w.spi.MetamodelGraphWalker - Visiting attribute path : password
2017-12-27 12:48:23 [main] DEBUG o.h.l.p.b.i.FetchStyleLoadPlanBuildingAssociationVisitationStrategy - Building LoadPlan...
2017-12-27 12:48:23 [main] DEBUG o.h.l.p.e.i.LoadQueryJoinAndFetchProcessor - processing queryspace <gen:0>
2017-12-27 12:48:23 [main] DEBUG o.h.l.p.b.spi.LoadPlanTreePrinter - LoadPlan(entity=com.stackroute.activitystream.model.User)
    - Returns
       - EntityReturnImpl(entity=com.stackroute.activitystream.model.User, querySpaceUid=<gen:0>, path=com.stackroute.activitystream.model.User)
    - QuerySpaces
       - EntityQuerySpaceImpl(uid=<gen:0>, entity=com.stackroute.activitystream.model.User)
          - SQL table alias mapping - user0_
          - alias suffix - 0_
          - suffixed key columns - {username1_2_0_}

2017-12-27 12:48:23 [main] DEBUG o.h.loader.entity.plan.EntityLoader - Static select for entity com.stackroute.activitystream.model.User [UPGRADE_NOWAIT]: select user0_.username as username1_2_0_, user0_.name as name2_2_0_, user0_.password as password3_2_0_ from user user0_ where user0_.username=? for update
2017-12-27 12:48:23 [main] DEBUG o.h.l.p.b.i.spaces.QuerySpacesImpl - Adding QuerySpace : uid = <gen:0> -> org.hibernate.loader.plan.build.internal.spaces.EntityQuerySpaceImpl@442f92e6]
2017-12-27 12:48:23 [main] DEBUG o.h.p.w.spi.MetamodelGraphWalker - Visiting attribute path : name
2017-12-27 12:48:23 [main] DEBUG o.h.p.w.spi.MetamodelGraphWalker - Visiting attribute path : password
2017-12-27 12:48:23 [main] DEBUG o.h.l.p.b.i.FetchStyleLoadPlanBuildingAssociationVisitationStrategy - Building LoadPlan...
2017-12-27 12:48:23 [main] DEBUG o.h.l.p.e.i.LoadQueryJoinAndFetchProcessor - processing queryspace <gen:0>
2017-12-27 12:48:23 [main] DEBUG o.h.l.p.b.spi.LoadPlanTreePrinter - LoadPlan(entity=com.stackroute.activitystream.model.User)
    - Returns
       - EntityReturnImpl(entity=com.stackroute.activitystream.model.User, querySpaceUid=<gen:0>, path=com.stackroute.activitystream.model.User)
    - QuerySpaces
       - EntityQuerySpaceImpl(uid=<gen:0>, entity=com.stackroute.activitystream.model.User)
          - SQL table alias mapping - user0_
          - alias suffix - 0_
          - suffixed key columns - {username1_2_0_}

2017-12-27 12:48:23 [main] DEBUG o.h.loader.entity.plan.EntityLoader - Static select for entity com.stackroute.activitystream.model.User [UPGRADE_SKIPLOCKED]: select user0_.username as username1_2_0_, user0_.name as name2_2_0_, user0_.password as password3_2_0_ from user user0_ where user0_.username=? for update
2017-12-27 12:48:23 [main] DEBUG o.h.l.p.b.i.spaces.QuerySpacesImpl - Adding QuerySpace : uid = <gen:0> -> org.hibernate.loader.plan.build.internal.spaces.EntityQuerySpaceImpl@7a55f148]
2017-12-27 12:48:23 [main] DEBUG o.h.p.w.spi.MetamodelGraphWalker - Visiting attribute path : name
2017-12-27 12:48:23 [main] DEBUG o.h.p.w.spi.MetamodelGraphWalker - Visiting attribute path : password
2017-12-27 12:48:23 [main] DEBUG o.h.l.p.b.i.FetchStyleLoadPlanBuildingAssociationVisitationStrategy - Building LoadPlan...
2017-12-27 12:48:23 [main] DEBUG o.h.l.p.e.i.LoadQueryJoinAndFetchProcessor - processing queryspace <gen:0>
2017-12-27 12:48:23 [main] DEBUG o.h.l.p.b.spi.LoadPlanTreePrinter - LoadPlan(entity=com.stackroute.activitystream.model.User)
    - Returns
       - EntityReturnImpl(entity=com.stackroute.activitystream.model.User, querySpaceUid=<gen:0>, path=com.stackroute.activitystream.model.User)
    - QuerySpaces
       - EntityQuerySpaceImpl(uid=<gen:0>, entity=com.stackroute.activitystream.model.User)
          - SQL table alias mapping - user0_
          - alias suffix - 0_
          - suffixed key columns - {username1_2_0_}

2017-12-27 12:48:23 [main] DEBUG o.h.loader.entity.plan.EntityLoader - Static select for entity com.stackroute.activitystream.model.User [FORCE]: select user0_.username as username1_2_0_, user0_.name as name2_2_0_, user0_.password as password3_2_0_ from user user0_ where user0_.username=? for update
2017-12-27 12:48:23 [main] DEBUG o.h.l.p.b.i.spaces.QuerySpacesImpl - Adding QuerySpace : uid = <gen:0> -> org.hibernate.loader.plan.build.internal.spaces.EntityQuerySpaceImpl@3ae2ed38]
2017-12-27 12:48:23 [main] DEBUG o.h.p.w.spi.MetamodelGraphWalker - Visiting attribute path : name
2017-12-27 12:48:23 [main] DEBUG o.h.p.w.spi.MetamodelGraphWalker - Visiting attribute path : password
2017-12-27 12:48:23 [main] DEBUG o.h.l.p.b.i.FetchStyleLoadPlanBuildingAssociationVisitationStrategy - Building LoadPlan...
2017-12-27 12:48:23 [main] DEBUG o.h.l.p.e.i.LoadQueryJoinAndFetchProcessor - processing queryspace <gen:0>
2017-12-27 12:48:23 [main] DEBUG o.h.l.p.b.spi.LoadPlanTreePrinter - LoadPlan(entity=com.stackroute.activitystream.model.User)
    - Returns
       - EntityReturnImpl(entity=com.stackroute.activitystream.model.User, querySpaceUid=<gen:0>, path=com.stackroute.activitystream.model.User)
    - QuerySpaces
       - EntityQuerySpaceImpl(uid=<gen:0>, entity=com.stackroute.activitystream.model.User)
          - SQL table alias mapping - user0_
          - alias suffix - 0_
          - suffixed key columns - {username1_2_0_}

2017-12-27 12:48:23 [main] DEBUG o.h.loader.entity.plan.EntityLoader - Static select for entity com.stackroute.activitystream.model.User [PESSIMISTIC_READ]: select user0_.username as username1_2_0_, user0_.name as name2_2_0_, user0_.password as password3_2_0_ from user user0_ where user0_.username=? lock in share mode
2017-12-27 12:48:23 [main] DEBUG o.h.l.p.b.i.spaces.QuerySpacesImpl - Adding QuerySpace : uid = <gen:0> -> org.hibernate.loader.plan.build.internal.spaces.EntityQuerySpaceImpl@2add4d24]
2017-12-27 12:48:23 [main] DEBUG o.h.p.w.spi.MetamodelGraphWalker - Visiting attribute path : name
2017-12-27 12:48:23 [main] DEBUG o.h.p.w.spi.MetamodelGraphWalker - Visiting attribute path : password
2017-12-27 12:48:23 [main] DEBUG o.h.l.p.b.i.FetchStyleLoadPlanBuildingAssociationVisitationStrategy - Building LoadPlan...
2017-12-27 12:48:23 [main] DEBUG o.h.l.p.e.i.LoadQueryJoinAndFetchProcessor - processing queryspace <gen:0>
2017-12-27 12:48:23 [main] DEBUG o.h.l.p.b.spi.LoadPlanTreePrinter - LoadPlan(entity=com.stackroute.activitystream.model.User)
    - Returns
       - EntityReturnImpl(entity=com.stackroute.activitystream.model.User, querySpaceUid=<gen:0>, path=com.stackroute.activitystream.model.User)
    - QuerySpaces
       - EntityQuerySpaceImpl(uid=<gen:0>, entity=com.stackroute.activitystream.model.User)
          - SQL table alias mapping - user0_
          - alias suffix - 0_
          - suffixed key columns - {username1_2_0_}

2017-12-27 12:48:23 [main] DEBUG o.h.loader.entity.plan.EntityLoader - Static select for entity com.stackroute.activitystream.model.User [PESSIMISTIC_WRITE]: select user0_.username as username1_2_0_, user0_.name as name2_2_0_, user0_.password as password3_2_0_ from user user0_ where user0_.username=? for update
2017-12-27 12:48:23 [main] DEBUG o.h.l.p.b.i.spaces.QuerySpacesImpl - Adding QuerySpace : uid = <gen:0> -> org.hibernate.loader.plan.build.internal.spaces.EntityQuerySpaceImpl@12b5454f]
2017-12-27 12:48:23 [main] DEBUG o.h.p.w.spi.MetamodelGraphWalker - Visiting attribute path : name
2017-12-27 12:48:23 [main] DEBUG o.h.p.w.spi.MetamodelGraphWalker - Visiting attribute path : password
2017-12-27 12:48:23 [main] DEBUG o.h.l.p.b.i.FetchStyleLoadPlanBuildingAssociationVisitationStrategy - Building LoadPlan...
2017-12-27 12:48:23 [main] DEBUG o.h.l.p.e.i.LoadQueryJoinAndFetchProcessor - processing queryspace <gen:0>
2017-12-27 12:48:23 [main] DEBUG o.h.l.p.b.spi.LoadPlanTreePrinter - LoadPlan(entity=com.stackroute.activitystream.model.User)
    - Returns
       - EntityReturnImpl(entity=com.stackroute.activitystream.model.User, querySpaceUid=<gen:0>, path=com.stackroute.activitystream.model.User)
    - QuerySpaces
       - EntityQuerySpaceImpl(uid=<gen:0>, entity=com.stackroute.activitystream.model.User)
          - SQL table alias mapping - user0_
          - alias suffix - 0_
          - suffixed key columns - {username1_2_0_}

2017-12-27 12:48:23 [main] DEBUG o.h.loader.entity.plan.EntityLoader - Static select for entity com.stackroute.activitystream.model.User [PESSIMISTIC_FORCE_INCREMENT]: select user0_.username as username1_2_0_, user0_.name as name2_2_0_, user0_.password as password3_2_0_ from user user0_ where user0_.username=? for update
2017-12-27 12:48:23 [main] DEBUG o.h.l.p.b.i.spaces.QuerySpacesImpl - Adding QuerySpace : uid = <gen:0> -> org.hibernate.loader.plan.build.internal.spaces.EntityQuerySpaceImpl@1431267b]
2017-12-27 12:48:23 [main] DEBUG o.h.p.w.spi.MetamodelGraphWalker - Visiting attribute path : name
2017-12-27 12:48:23 [main] DEBUG o.h.p.w.spi.MetamodelGraphWalker - Visiting attribute path : password
2017-12-27 12:48:23 [main] DEBUG o.h.l.p.b.i.FetchStyleLoadPlanBuildingAssociationVisitationStrategy - Building LoadPlan...
2017-12-27 12:48:23 [main] DEBUG o.h.l.p.e.i.LoadQueryJoinAndFetchProcessor - processing queryspace <gen:0>
2017-12-27 12:48:23 [main] DEBUG o.h.l.p.b.spi.LoadPlanTreePrinter - LoadPlan(entity=com.stackroute.activitystream.model.User)
    - Returns
       - EntityReturnImpl(entity=com.stackroute.activitystream.model.User, querySpaceUid=<gen:0>, path=com.stackroute.activitystream.model.User)
    - QuerySpaces
       - EntityQuerySpaceImpl(uid=<gen:0>, entity=com.stackroute.activitystream.model.User)
          - SQL table alias mapping - user0_
          - alias suffix - 0_
          - suffixed key columns - {username1_2_0_}

2017-12-27 12:48:23 [main] DEBUG o.h.loader.entity.plan.EntityLoader - Static select for entity com.stackroute.activitystream.model.User [OPTIMISTIC]: select user0_.username as username1_2_0_, user0_.name as name2_2_0_, user0_.password as password3_2_0_ from user user0_ where user0_.username=?
2017-12-27 12:48:23 [main] DEBUG o.h.l.p.b.i.spaces.QuerySpacesImpl - Adding QuerySpace : uid = <gen:0> -> org.hibernate.loader.plan.build.internal.spaces.EntityQuerySpaceImpl@c808207]
2017-12-27 12:48:23 [main] DEBUG o.h.p.w.spi.MetamodelGraphWalker - Visiting attribute path : name
2017-12-27 12:48:23 [main] DEBUG o.h.p.w.spi.MetamodelGraphWalker - Visiting attribute path : password
2017-12-27 12:48:23 [main] DEBUG o.h.l.p.b.i.FetchStyleLoadPlanBuildingAssociationVisitationStrategy - Building LoadPlan...
2017-12-27 12:48:23 [main] DEBUG o.h.l.p.e.i.LoadQueryJoinAndFetchProcessor - processing queryspace <gen:0>
2017-12-27 12:48:23 [main] DEBUG o.h.l.p.b.spi.LoadPlanTreePrinter - LoadPlan(entity=com.stackroute.activitystream.model.User)
    - Returns
       - EntityReturnImpl(entity=com.stackroute.activitystream.model.User, querySpaceUid=<gen:0>, path=com.stackroute.activitystream.model.User)
    - QuerySpaces
       - EntityQuerySpaceImpl(uid=<gen:0>, entity=com.stackroute.activitystream.model.User)
          - SQL table alias mapping - user0_
          - alias suffix - 0_
          - suffixed key columns - {username1_2_0_}

2017-12-27 12:48:23 [main] DEBUG o.h.loader.entity.plan.EntityLoader - Static select for entity com.stackroute.activitystream.model.User [OPTIMISTIC_FORCE_INCREMENT]: select user0_.username as username1_2_0_, user0_.name as name2_2_0_, user0_.password as password3_2_0_ from user user0_ where user0_.username=?
2017-12-27 12:48:23 [main] DEBUG org.hibernate.loader.Loader - Static select for action ACTION_MERGE on entity com.stackroute.activitystream.model.User: select user0_.username as username1_2_0_, user0_.name as name2_2_0_, user0_.password as password3_2_0_ from user user0_ where user0_.username=?
2017-12-27 12:48:23 [main] DEBUG org.hibernate.loader.Loader - Static select for action ACTION_REFRESH on entity com.stackroute.activitystream.model.User: select user0_.username as username1_2_0_, user0_.name as name2_2_0_, user0_.password as password3_2_0_ from user user0_ where user0_.username=?
2017-12-27 12:48:23 [main] DEBUG o.h.p.entity.AbstractEntityPersister - Static SQL for entity: com.stackroute.activitystream.model.UserCircle
2017-12-27 12:48:23 [main] DEBUG o.h.p.entity.AbstractEntityPersister -  Version select: select userCircleId from user_circle where userCircleId =?
2017-12-27 12:48:23 [main] DEBUG o.h.p.entity.AbstractEntityPersister -  Snapshot select: select usercircle_.userCircleId, usercircle_.circleName as circleNa2_3_, usercircle_.username as username3_3_ from user_circle usercircle_ where usercircle_.userCircleId=?
2017-12-27 12:48:23 [main] DEBUG o.h.p.entity.AbstractEntityPersister -  Insert 0: insert into user_circle (circleName, username, userCircleId) values (?, ?, ?)
2017-12-27 12:48:23 [main] DEBUG o.h.p.entity.AbstractEntityPersister -  Update 0: update user_circle set circleName=?, username=? where userCircleId=?
2017-12-27 12:48:23 [main] DEBUG o.h.p.entity.AbstractEntityPersister -  Delete 0: delete from user_circle where userCircleId=?
2017-12-27 12:48:23 [main] DEBUG o.h.l.p.b.i.spaces.QuerySpacesImpl - Adding QuerySpace : uid = <gen:0> -> org.hibernate.loader.plan.build.internal.spaces.EntityQuerySpaceImpl@6a0cbc6f]
2017-12-27 12:48:23 [main] DEBUG o.h.p.w.spi.MetamodelGraphWalker - Visiting attribute path : circleName
2017-12-27 12:48:23 [main] DEBUG o.h.p.w.spi.MetamodelGraphWalker - Visiting attribute path : username
2017-12-27 12:48:23 [main] DEBUG o.h.l.p.b.i.FetchStyleLoadPlanBuildingAssociationVisitationStrategy - Building LoadPlan...
2017-12-27 12:48:23 [main] DEBUG o.h.l.p.e.i.LoadQueryJoinAndFetchProcessor - processing queryspace <gen:0>
2017-12-27 12:48:23 [main] DEBUG o.h.l.p.b.spi.LoadPlanTreePrinter - LoadPlan(entity=com.stackroute.activitystream.model.UserCircle)
    - Returns
       - EntityReturnImpl(entity=com.stackroute.activitystream.model.UserCircle, querySpaceUid=<gen:0>, path=com.stackroute.activitystream.model.UserCircle)
    - QuerySpaces
       - EntityQuerySpaceImpl(uid=<gen:0>, entity=com.stackroute.activitystream.model.UserCircle)
          - SQL table alias mapping - usercircle0_
          - alias suffix - 0_
          - suffixed key columns - {userCirc1_3_0_}

2017-12-27 12:48:23 [main] DEBUG o.h.loader.entity.plan.EntityLoader - Static select for entity com.stackroute.activitystream.model.UserCircle [NONE]: select usercircle0_.userCircleId as userCirc1_3_0_, usercircle0_.circleName as circleNa2_3_0_, usercircle0_.username as username3_3_0_ from user_circle usercircle0_ where usercircle0_.userCircleId=?
2017-12-27 12:48:23 [main] DEBUG o.h.l.p.b.i.spaces.QuerySpacesImpl - Adding QuerySpace : uid = <gen:0> -> org.hibernate.loader.plan.build.internal.spaces.EntityQuerySpaceImpl@6f89292e]
2017-12-27 12:48:23 [main] DEBUG o.h.p.w.spi.MetamodelGraphWalker - Visiting attribute path : circleName
2017-12-27 12:48:23 [main] DEBUG o.h.p.w.spi.MetamodelGraphWalker - Visiting attribute path : username
2017-12-27 12:48:23 [main] DEBUG o.h.l.p.b.i.FetchStyleLoadPlanBuildingAssociationVisitationStrategy - Building LoadPlan...
2017-12-27 12:48:23 [main] DEBUG o.h.l.p.e.i.LoadQueryJoinAndFetchProcessor - processing queryspace <gen:0>
2017-12-27 12:48:23 [main] DEBUG o.h.l.p.b.spi.LoadPlanTreePrinter - LoadPlan(entity=com.stackroute.activitystream.model.UserCircle)
    - Returns
       - EntityReturnImpl(entity=com.stackroute.activitystream.model.UserCircle, querySpaceUid=<gen:0>, path=com.stackroute.activitystream.model.UserCircle)
    - QuerySpaces
       - EntityQuerySpaceImpl(uid=<gen:0>, entity=com.stackroute.activitystream.model.UserCircle)
          - SQL table alias mapping - usercircle0_
          - alias suffix - 0_
          - suffixed key columns - {userCirc1_3_0_}

2017-12-27 12:48:23 [main] DEBUG o.h.loader.entity.plan.EntityLoader - Static select for entity com.stackroute.activitystream.model.UserCircle [READ]: select usercircle0_.userCircleId as userCirc1_3_0_, usercircle0_.circleName as circleNa2_3_0_, usercircle0_.username as username3_3_0_ from user_circle usercircle0_ where usercircle0_.userCircleId=?
2017-12-27 12:48:23 [main] DEBUG o.h.l.p.b.i.spaces.QuerySpacesImpl - Adding QuerySpace : uid = <gen:0> -> org.hibernate.loader.plan.build.internal.spaces.EntityQuerySpaceImpl@de77232]
2017-12-27 12:48:23 [main] DEBUG o.h.p.w.spi.MetamodelGraphWalker - Visiting attribute path : circleName
2017-12-27 12:48:23 [main] DEBUG o.h.p.w.spi.MetamodelGraphWalker - Visiting attribute path : username
2017-12-27 12:48:23 [main] DEBUG o.h.l.p.b.i.FetchStyleLoadPlanBuildingAssociationVisitationStrategy - Building LoadPlan...
2017-12-27 12:48:23 [main] DEBUG o.h.l.p.e.i.LoadQueryJoinAndFetchProcessor - processing queryspace <gen:0>
2017-12-27 12:48:23 [main] DEBUG o.h.l.p.b.spi.LoadPlanTreePrinter - LoadPlan(entity=com.stackroute.activitystream.model.UserCircle)
    - Returns
       - EntityReturnImpl(entity=com.stackroute.activitystream.model.UserCircle, querySpaceUid=<gen:0>, path=com.stackroute.activitystream.model.UserCircle)
    - QuerySpaces
       - EntityQuerySpaceImpl(uid=<gen:0>, entity=com.stackroute.activitystream.model.UserCircle)
          - SQL table alias mapping - usercircle0_
          - alias suffix - 0_
          - suffixed key columns - {userCirc1_3_0_}

2017-12-27 12:48:23 [main] DEBUG o.h.loader.entity.plan.EntityLoader - Static select for entity com.stackroute.activitystream.model.UserCircle [UPGRADE]: select usercircle0_.userCircleId as userCirc1_3_0_, usercircle0_.circleName as circleNa2_3_0_, usercircle0_.username as username3_3_0_ from user_circle usercircle0_ where usercircle0_.userCircleId=? for update
2017-12-27 12:48:23 [main] DEBUG o.h.l.p.b.i.spaces.QuerySpacesImpl - Adding QuerySpace : uid = <gen:0> -> org.hibernate.loader.plan.build.internal.spaces.EntityQuerySpaceImpl@44841b43]
2017-12-27 12:48:23 [main] DEBUG o.h.p.w.spi.MetamodelGraphWalker - Visiting attribute path : circleName
2017-12-27 12:48:23 [main] DEBUG o.h.p.w.spi.MetamodelGraphWalker - Visiting attribute path : username
2017-12-27 12:48:23 [main] DEBUG o.h.l.p.b.i.FetchStyleLoadPlanBuildingAssociationVisitationStrategy - Building LoadPlan...
2017-12-27 12:48:23 [main] DEBUG o.h.l.p.e.i.LoadQueryJoinAndFetchProcessor - processing queryspace <gen:0>
2017-12-27 12:48:23 [main] DEBUG o.h.l.p.b.spi.LoadPlanTreePrinter - LoadPlan(entity=com.stackroute.activitystream.model.UserCircle)
    - Returns
       - EntityReturnImpl(entity=com.stackroute.activitystream.model.UserCircle, querySpaceUid=<gen:0>, path=com.stackroute.activitystream.model.UserCircle)
    - QuerySpaces
       - EntityQuerySpaceImpl(uid=<gen:0>, entity=com.stackroute.activitystream.model.UserCircle)
          - SQL table alias mapping - usercircle0_
          - alias suffix - 0_
          - suffixed key columns - {userCirc1_3_0_}

