2017-12-27 12:12:59 [main] DEBUG o.h.p.entity.AbstractEntityPersister -  Version select: select username from user where username =?
2017-12-27 12:12:59 [main] DEBUG o.h.p.entity.AbstractEntityPersister -  Snapshot select: select user_.username, user_.name as name2_2_, user_.password as password3_2_ from user user_ where user_.username=?
2017-12-27 12:12:59 [main] DEBUG o.h.p.entity.AbstractEntityPersister -  Insert 0: insert into user (name, password, username) values (?, ?, ?)
2017-12-27 12:12:59 [main] DEBUG o.h.p.entity.AbstractEntityPersister -  Update 0: update user set name=?, password=? where username=?
2017-12-27 12:12:59 [main] DEBUG o.h.p.entity.AbstractEntityPersister -  Delete 0: delete from user where username=?
2017-12-27 12:13:00 [main] DEBUG o.h.l.p.b.i.spaces.QuerySpacesImpl - Adding QuerySpace : uid = <gen:0> -> org.hibernate.loader.plan.build.internal.spaces.EntityQuerySpaceImpl@385ef531]
2017-12-27 12:13:00 [main] DEBUG o.h.p.w.spi.MetamodelGraphWalker - Visiting attribute path : name
2017-12-27 12:13:00 [main] DEBUG o.h.p.w.spi.MetamodelGraphWalker - Visiting attribute path : password
2017-12-27 12:13:00 [main] DEBUG o.h.l.p.b.i.FetchStyleLoadPlanBuildingAssociationVisitationStrategy - Building LoadPlan...
2017-12-27 12:13:00 [main] DEBUG o.h.l.p.e.i.LoadQueryJoinAndFetchProcessor - processing queryspace <gen:0>
2017-12-27 12:13:00 [main] DEBUG o.h.l.p.b.spi.LoadPlanTreePrinter - LoadPlan(entity=com.stackroute.activitystream.model.User)
    - Returns
       - EntityReturnImpl(entity=com.stackroute.activitystream.model.User, querySpaceUid=<gen:0>, path=com.stackroute.activitystream.model.User)
    - QuerySpaces
       - EntityQuerySpaceImpl(uid=<gen:0>, entity=com.stackroute.activitystream.model.User)
          - SQL table alias mapping - user0_
          - alias suffix - 0_
          - suffixed key columns - {username1_2_0_}

2017-12-27 12:13:00 [main] DEBUG o.h.loader.entity.plan.EntityLoader - Static select for entity com.stackroute.activitystream.model.User [NONE]: select user0_.username as username1_2_0_, user0_.name as name2_2_0_, user0_.password as password3_2_0_ from user user0_ where user0_.username=?
2017-12-27 12:13:00 [main] DEBUG o.h.l.p.b.i.spaces.QuerySpacesImpl - Adding QuerySpace : uid = <gen:0> -> org.hibernate.loader.plan.build.internal.spaces.EntityQuerySpaceImpl@205b132e]
2017-12-27 12:13:00 [main] DEBUG o.h.p.w.spi.MetamodelGraphWalker - Visiting attribute path : name
2017-12-27 12:13:00 [main] DEBUG o.h.p.w.spi.MetamodelGraphWalker - Visiting attribute path : password
2017-12-27 12:13:00 [main] DEBUG o.h.l.p.b.i.FetchStyleLoadPlanBuildingAssociationVisitationStrategy - Building LoadPlan...
2017-12-27 12:13:00 [main] DEBUG o.h.l.p.e.i.LoadQueryJoinAndFetchProcessor - processing queryspace <gen:0>
2017-12-27 12:13:00 [main] DEBUG o.h.l.p.b.spi.LoadPlanTreePrinter - LoadPlan(entity=com.stackroute.activitystream.model.User)
    - Returns
       - EntityReturnImpl(entity=com.stackroute.activitystream.model.User, querySpaceUid=<gen:0>, path=com.stackroute.activitystream.model.User)
    - QuerySpaces
       - EntityQuerySpaceImpl(uid=<gen:0>, entity=com.stackroute.activitystream.model.User)
          - SQL table alias mapping - user0_
          - alias suffix - 0_
          - suffixed key columns - {username1_2_0_}

2017-12-27 12:13:00 [main] DEBUG o.h.loader.entity.plan.EntityLoader - Static select for entity com.stackroute.activitystream.model.User [READ]: select user0_.username as username1_2_0_, user0_.name as name2_2_0_, user0_.password as password3_2_0_ from user user0_ where user0_.username=?
2017-12-27 12:13:00 [main] DEBUG o.h.l.p.b.i.spaces.QuerySpacesImpl - Adding QuerySpace : uid = <gen:0> -> org.hibernate.loader.plan.build.internal.spaces.EntityQuerySpaceImpl@3cbcd8f3]
2017-12-27 12:13:00 [main] DEBUG o.h.p.w.spi.MetamodelGraphWalker - Visiting attribute path : name
2017-12-27 12:13:00 [main] DEBUG o.h.p.w.spi.MetamodelGraphWalker - Visiting attribute path : password
2017-12-27 12:13:00 [main] DEBUG o.h.l.p.b.i.FetchStyleLoadPlanBuildingAssociationVisitationStrategy - Building LoadPlan...
2017-12-27 12:13:00 [main] DEBUG o.h.l.p.e.i.LoadQueryJoinAndFetchProcessor - processing queryspace <gen:0>
2017-12-27 12:13:00 [main] DEBUG o.h.l.p.b.spi.LoadPlanTreePrinter - LoadPlan(entity=com.stackroute.activitystream.model.User)
    - Returns
       - EntityReturnImpl(entity=com.stackroute.activitystream.model.User, querySpaceUid=<gen:0>, path=com.stackroute.activitystream.model.User)
    - QuerySpaces
       - EntityQuerySpaceImpl(uid=<gen:0>, entity=com.stackroute.activitystream.model.User)
          - SQL table alias mapping - user0_
          - alias suffix - 0_
          - suffixed key columns - {username1_2_0_}

2017-12-27 12:13:00 [main] DEBUG o.h.loader.entity.plan.EntityLoader - Static select for entity com.stackroute.activitystream.model.User [UPGRADE]: select user0_.username as username1_2_0_, user0_.name as name2_2_0_, user0_.password as password3_2_0_ from user user0_ where user0_.username=? for update
2017-12-27 12:13:00 [main] DEBUG o.h.l.p.b.i.spaces.QuerySpacesImpl - Adding QuerySpace : uid = <gen:0> -> org.hibernate.loader.plan.build.internal.spaces.EntityQuerySpaceImpl@9a2ec9b]
2017-12-27 12:13:00 [main] DEBUG o.h.p.w.spi.MetamodelGraphWalker - Visiting attribute path : name
2017-12-27 12:13:00 [main] DEBUG o.h.p.w.spi.MetamodelGraphWalker - Visiting attribute path : password
2017-12-27 12:13:00 [main] DEBUG o.h.l.p.b.i.FetchStyleLoadPlanBuildingAssociationVisitationStrategy - Building LoadPlan...
2017-12-27 12:13:00 [main] DEBUG o.h.l.p.e.i.LoadQueryJoinAndFetchProcessor - processing queryspace <gen:0>
2017-12-27 12:13:00 [main] DEBUG o.h.l.p.b.spi.LoadPlanTreePrinter - LoadPlan(entity=com.stackroute.activitystream.model.User)
    - Returns
       - EntityReturnImpl(entity=com.stackroute.activitystream.model.User, querySpaceUid=<gen:0>, path=com.stackroute.activitystream.model.User)
    - QuerySpaces
       - EntityQuerySpaceImpl(uid=<gen:0>, entity=com.stackroute.activitystream.model.User)
          - SQL table alias mapping - user0_
          - alias suffix - 0_
          - suffixed key columns - {username1_2_0_}

2017-12-27 12:13:00 [main] DEBUG o.h.loader.entity.plan.EntityLoader - Static select for entity com.stackroute.activitystream.model.User [UPGRADE_NOWAIT]: select user0_.username as username1_2_0_, user0_.name as name2_2_0_, user0_.password as password3_2_0_ from user user0_ where user0_.username=? for update
2017-12-27 12:13:00 [main] DEBUG o.h.l.p.b.i.spaces.QuerySpacesImpl - Adding QuerySpace : uid = <gen:0> -> org.hibernate.loader.plan.build.internal.spaces.EntityQuerySpaceImpl@2301b75]
2017-12-27 12:13:00 [main] DEBUG o.h.p.w.spi.MetamodelGraphWalker - Visiting attribute path : name
2017-12-27 12:13:00 [main] DEBUG o.h.p.w.spi.MetamodelGraphWalker - Visiting attribute path : password
2017-12-27 12:13:00 [main] DEBUG o.h.l.p.b.i.FetchStyleLoadPlanBuildingAssociationVisitationStrategy - Building LoadPlan...
2017-12-27 12:13:00 [main] DEBUG o.h.l.p.e.i.LoadQueryJoinAndFetchProcessor - processing queryspace <gen:0>
2017-12-27 12:13:00 [main] DEBUG o.h.l.p.b.spi.LoadPlanTreePrinter - LoadPlan(entity=com.stackroute.activitystream.model.User)
    - Returns
       - EntityReturnImpl(entity=com.stackroute.activitystream.model.User, querySpaceUid=<gen:0>, path=com.stackroute.activitystream.model.User)
    - QuerySpaces
       - EntityQuerySpaceImpl(uid=<gen:0>, entity=com.stackroute.activitystream.model.User)
          - SQL table alias mapping - user0_
          - alias suffix - 0_
          - suffixed key columns - {username1_2_0_}

2017-12-27 12:13:00 [main] DEBUG o.h.loader.entity.plan.EntityLoader - Static select for entity com.stackroute.activitystream.model.User [UPGRADE_SKIPLOCKED]: select user0_.username as username1_2_0_, user0_.name as name2_2_0_, user0_.password as password3_2_0_ from user user0_ where user0_.username=? for update
2017-12-27 12:13:00 [main] DEBUG o.h.l.p.b.i.spaces.QuerySpacesImpl - Adding QuerySpace : uid = <gen:0> -> org.hibernate.loader.plan.build.internal.spaces.EntityQuerySpaceImpl@2f5c1332]
2017-12-27 12:13:00 [main] DEBUG o.h.p.w.spi.MetamodelGraphWalker - Visiting attribute path : name
2017-12-27 12:13:00 [main] DEBUG o.h.p.w.spi.MetamodelGraphWalker - Visiting attribute path : password
2017-12-27 12:13:00 [main] DEBUG o.h.l.p.b.i.FetchStyleLoadPlanBuildingAssociationVisitationStrategy - Building LoadPlan...
2017-12-27 12:13:00 [main] DEBUG o.h.l.p.e.i.LoadQueryJoinAndFetchProcessor - processing queryspace <gen:0>
2017-12-27 12:13:00 [main] DEBUG o.h.l.p.b.spi.LoadPlanTreePrinter - LoadPlan(entity=com.stackroute.activitystream.model.User)
    - Returns
       - EntityReturnImpl(entity=com.stackroute.activitystream.model.User, querySpaceUid=<gen:0>, path=com.stackroute.activitystream.model.User)
    - QuerySpaces
       - EntityQuerySpaceImpl(uid=<gen:0>, entity=com.stackroute.activitystream.model.User)
          - SQL table alias mapping - user0_
          - alias suffix - 0_
          - suffixed key columns - {username1_2_0_}

2017-12-27 12:13:00 [main] DEBUG o.h.loader.entity.plan.EntityLoader - Static select for entity com.stackroute.activitystream.model.User [FORCE]: select user0_.username as username1_2_0_, user0_.name as name2_2_0_, user0_.password as password3_2_0_ from user user0_ where user0_.username=? for update
2017-12-27 12:13:00 [main] DEBUG o.h.l.p.b.i.spaces.QuerySpacesImpl - Adding QuerySpace : uid = <gen:0> -> org.hibernate.loader.plan.build.internal.spaces.EntityQuerySpaceImpl@7cab1508]
2017-12-27 12:13:00 [main] DEBUG o.h.p.w.spi.MetamodelGraphWalker - Visiting attribute path : name
2017-12-27 12:13:00 [main] DEBUG o.h.p.w.spi.MetamodelGraphWalker - Visiting attribute path : password
2017-12-27 12:13:00 [main] DEBUG o.h.l.p.b.i.FetchStyleLoadPlanBuildingAssociationVisitationStrategy - Building LoadPlan...
2017-12-27 12:13:00 [main] DEBUG o.h.l.p.e.i.LoadQueryJoinAndFetchProcessor - processing queryspace <gen:0>
2017-12-27 12:13:00 [main] DEBUG o.h.l.p.b.spi.LoadPlanTreePrinter - LoadPlan(entity=com.stackroute.activitystream.model.User)
    - Returns
       - EntityReturnImpl(entity=com.stackroute.activitystream.model.User, querySpaceUid=<gen:0>, path=com.stackroute.activitystream.model.User)
    - QuerySpaces
       - EntityQuerySpaceImpl(uid=<gen:0>, entity=com.stackroute.activitystream.model.User)
          - SQL table alias mapping - user0_
          - alias suffix - 0_
          - suffixed key columns - {username1_2_0_}

2017-12-27 12:13:00 [main] DEBUG o.h.loader.entity.plan.EntityLoader - Static select for entity com.stackroute.activitystream.model.User [PESSIMISTIC_READ]: select user0_.username as username1_2_0_, user0_.name as name2_2_0_, user0_.password as password3_2_0_ from user user0_ where user0_.username=? lock in share mode
2017-12-27 12:13:00 [main] DEBUG o.h.l.p.b.i.spaces.QuerySpacesImpl - Adding QuerySpace : uid = <gen:0> -> org.hibernate.loader.plan.build.internal.spaces.EntityQuerySpaceImpl@258ee7de]
2017-12-27 12:13:00 [main] DEBUG o.h.p.w.spi.MetamodelGraphWalker - Visiting attribute path : name
2017-12-27 12:13:00 [main] DEBUG o.h.p.w.spi.MetamodelGraphWalker - Visiting attribute path : password
2017-12-27 12:13:00 [main] DEBUG o.h.l.p.b.i.FetchStyleLoadPlanBuildingAssociationVisitationStrategy - Building LoadPlan...
2017-12-27 12:13:00 [main] DEBUG o.h.l.p.e.i.LoadQueryJoinAndFetchProcessor - processing queryspace <gen:0>
2017-12-27 12:13:00 [main] DEBUG o.h.l.p.b.spi.LoadPlanTreePrinter - LoadPlan(entity=com.stackroute.activitystream.model.User)
    - Returns
       - EntityReturnImpl(entity=com.stackroute.activitystream.model.User, querySpaceUid=<gen:0>, path=com.stackroute.activitystream.model.User)
    - QuerySpaces
       - EntityQuerySpaceImpl(uid=<gen:0>, entity=com.stackroute.activitystream.model.User)
          - SQL table alias mapping - user0_
          - alias suffix - 0_
          - suffixed key columns - {username1_2_0_}

2017-12-27 12:13:00 [main] DEBUG o.h.loader.entity.plan.EntityLoader - Static select for entity com.stackroute.activitystream.model.User [PESSIMISTIC_WRITE]: select user0_.username as username1_2_0_, user0_.name as name2_2_0_, user0_.password as password3_2_0_ from user user0_ where user0_.username=? for update
2017-12-27 12:13:00 [main] DEBUG o.h.l.p.b.i.spaces.QuerySpacesImpl - Adding QuerySpace : uid = <gen:0> -> org.hibernate.loader.plan.build.internal.spaces.EntityQuerySpaceImpl@6d171ce0]
2017-12-27 12:13:00 [main] DEBUG o.h.p.w.spi.MetamodelGraphWalker - Visiting attribute path : name
2017-12-27 12:13:00 [main] DEBUG o.h.p.w.spi.MetamodelGraphWalker - Visiting attribute path : password
2017-12-27 12:13:00 [main] DEBUG o.h.l.p.b.i.FetchStyleLoadPlanBuildingAssociationVisitationStrategy - Building LoadPlan...
2017-12-27 12:13:00 [main] DEBUG o.h.l.p.e.i.LoadQueryJoinAndFetchProcessor - processing queryspace <gen:0>
2017-12-27 12:13:00 [main] DEBUG o.h.l.p.b.spi.LoadPlanTreePrinter - LoadPlan(entity=com.stackroute.activitystream.model.User)
    - Returns
       - EntityReturnImpl(entity=com.stackroute.activitystream.model.User, querySpaceUid=<gen:0>, path=com.stackroute.activitystream.model.User)
    - QuerySpaces
       - EntityQuerySpaceImpl(uid=<gen:0>, entity=com.stackroute.activitystream.model.User)
          - SQL table alias mapping - user0_
          - alias suffix - 0_
          - suffixed key columns - {username1_2_0_}

2017-12-27 12:13:00 [main] DEBUG o.h.loader.entity.plan.EntityLoader - Static select for entity com.stackroute.activitystream.model.User [PESSIMISTIC_FORCE_INCREMENT]: select user0_.username as username1_2_0_, user0_.name as name2_2_0_, user0_.password as password3_2_0_ from user user0_ where user0_.username=? for update
2017-12-27 12:13:00 [main] DEBUG o.h.l.p.b.i.spaces.QuerySpacesImpl - Adding QuerySpace : uid = <gen:0> -> org.hibernate.loader.plan.build.internal.spaces.EntityQuerySpaceImpl@705f83a7]
2017-12-27 12:13:00 [main] DEBUG o.h.p.w.spi.MetamodelGraphWalker - Visiting attribute path : name
2017-12-27 12:13:00 [main] DEBUG o.h.p.w.spi.MetamodelGraphWalker - Visiting attribute path : password
2017-12-27 12:13:00 [main] DEBUG o.h.l.p.b.i.FetchStyleLoadPlanBuildingAssociationVisitationStrategy - Building LoadPlan...
2017-12-27 12:13:00 [main] DEBUG o.h.l.p.e.i.LoadQueryJoinAndFetchProcessor - processing queryspace <gen:0>
2017-12-27 12:13:00 [main] DEBUG o.h.l.p.b.spi.LoadPlanTreePrinter - LoadPlan(entity=com.stackroute.activitystream.model.User)
    - Returns
       - EntityReturnImpl(entity=com.stackroute.activitystream.model.User, querySpaceUid=<gen:0>, path=com.stackroute.activitystream.model.User)
    - QuerySpaces
       - EntityQuerySpaceImpl(uid=<gen:0>, entity=com.stackroute.activitystream.model.User)
          - SQL table alias mapping - user0_
          - alias suffix - 0_
          - suffixed key columns - {username1_2_0_}

2017-12-27 12:13:00 [main] DEBUG o.h.loader.entity.plan.EntityLoader - Static select for entity com.stackroute.activitystream.model.User [OPTIMISTIC]: select user0_.username as username1_2_0_, user0_.name as name2_2_0_, user0_.password as password3_2_0_ from user user0_ where user0_.username=?
2017-12-27 12:13:00 [main] DEBUG o.h.l.p.b.i.spaces.QuerySpacesImpl - Adding QuerySpace : uid = <gen:0> -> org.hibernate.loader.plan.build.internal.spaces.EntityQuerySpaceImpl@6e1d4137]
2017-12-27 12:13:00 [main] DEBUG o.h.p.w.spi.MetamodelGraphWalker - Visiting attribute path : name
2017-12-27 12:13:00 [main] DEBUG o.h.p.w.spi.MetamodelGraphWalker - Visiting attribute path : password
2017-12-27 12:13:00 [main] DEBUG o.h.l.p.b.i.FetchStyleLoadPlanBuildingAssociationVisitationStrategy - Building LoadPlan...
2017-12-27 12:13:00 [main] DEBUG o.h.l.p.e.i.LoadQueryJoinAndFetchProcessor - processing queryspace <gen:0>
2017-12-27 12:13:00 [main] DEBUG o.h.l.p.b.spi.LoadPlanTreePrinter - LoadPlan(entity=com.stackroute.activitystream.model.User)
    - Returns
       - EntityReturnImpl(entity=com.stackroute.activitystream.model.User, querySpaceUid=<gen:0>, path=com.stackroute.activitystream.model.User)
    - QuerySpaces
       - EntityQuerySpaceImpl(uid=<gen:0>, entity=com.stackroute.activitystream.model.User)
          - SQL table alias mapping - user0_
          - alias suffix - 0_
          - suffixed key columns - {username1_2_0_}

2017-12-27 12:13:00 [main] DEBUG o.h.loader.entity.plan.EntityLoader - Static select for entity com.stackroute.activitystream.model.User [OPTIMISTIC_FORCE_INCREMENT]: select user0_.username as username1_2_0_, user0_.name as name2_2_0_, user0_.password as password3_2_0_ from user user0_ where user0_.username=?
2017-12-27 12:13:00 [main] DEBUG org.hibernate.loader.Loader - Static select for action ACTION_MERGE on entity com.stackroute.activitystream.model.User: select user0_.username as username1_2_0_, user0_.name as name2_2_0_, user0_.password as password3_2_0_ from user user0_ where user0_.username=?
2017-12-27 12:13:00 [main] DEBUG org.hibernate.loader.Loader - Static select for action ACTION_REFRESH on entity com.stackroute.activitystream.model.User: select user0_.username as username1_2_0_, user0_.name as name2_2_0_, user0_.password as password3_2_0_ from user user0_ where user0_.username=?
2017-12-27 12:13:00 [main] DEBUG o.h.p.entity.AbstractEntityPersister - Static SQL for entity: com.stackroute.activitystream.model.UserCircle
2017-12-27 12:13:00 [main] DEBUG o.h.p.entity.AbstractEntityPersister -  Version select: select userCircleId from user_circle where userCircleId =?
2017-12-27 12:13:00 [main] DEBUG o.h.p.entity.AbstractEntityPersister -  Snapshot select: select usercircle_.userCircleId, usercircle_.circleName as circleNa2_3_, usercircle_.username as username3_3_ from user_circle usercircle_ where usercircle_.userCircleId=?
2017-12-27 12:13:00 [main] DEBUG o.h.p.entity.AbstractEntityPersister -  Insert 0: insert into user_circle (circleName, username, userCircleId) values (?, ?, ?)
2017-12-27 12:13:00 [main] DEBUG o.h.p.entity.AbstractEntityPersister -  Update 0: update user_circle set circleName=?, username=? where userCircleId=?
2017-12-27 12:13:00 [main] DEBUG o.h.p.entity.AbstractEntityPersister -  Delete 0: delete from user_circle where userCircleId=?
2017-12-27 12:13:00 [main] DEBUG o.h.l.p.b.i.spaces.QuerySpacesImpl - Adding QuerySpace : uid = <gen:0> -> org.hibernate.loader.plan.build.internal.spaces.EntityQuerySpaceImpl@29a4f594]
2017-12-27 12:13:00 [main] DEBUG o.h.p.w.spi.MetamodelGraphWalker - Visiting attribute path : circleName
2017-12-27 12:13:00 [main] DEBUG o.h.p.w.spi.MetamodelGraphWalker - Visiting attribute path : username
2017-12-27 12:13:00 [main] DEBUG o.h.l.p.b.i.FetchStyleLoadPlanBuildingAssociationVisitationStrategy - Building LoadPlan...
2017-12-27 12:13:00 [main] DEBUG o.h.l.p.e.i.LoadQueryJoinAndFetchProcessor - processing queryspace <gen:0>
2017-12-27 12:13:00 [main] DEBUG o.h.l.p.b.spi.LoadPlanTreePrinter - LoadPlan(entity=com.stackroute.activitystream.model.UserCircle)
    - Returns
       - EntityReturnImpl(entity=com.stackroute.activitystream.model.UserCircle, querySpaceUid=<gen:0>, path=com.stackroute.activitystream.model.UserCircle)
    - QuerySpaces
       - EntityQuerySpaceImpl(uid=<gen:0>, entity=com.stackroute.activitystream.model.UserCircle)
          - SQL table alias mapping - usercircle0_
          - alias suffix - 0_
          - suffixed key columns - {userCirc1_3_0_}

2017-12-27 12:13:00 [main] DEBUG o.h.loader.entity.plan.EntityLoader - Static select for entity com.stackroute.activitystream.model.UserCircle [NONE]: select usercircle0_.userCircleId as userCirc1_3_0_, usercircle0_.circleName as circleNa2_3_0_, usercircle0_.username as username3_3_0_ from user_circle usercircle0_ where usercircle0_.userCircleId=?
2017-12-27 12:13:00 [main] DEBUG o.h.l.p.b.i.spaces.QuerySpacesImpl - Adding QuerySpace : uid = <gen:0> -> org.hibernate.loader.plan.build.internal.spaces.EntityQuerySpaceImpl@5327a06e]
2017-12-27 12:13:00 [main] DEBUG o.h.p.w.spi.MetamodelGraphWalker - Visiting attribute path : circleName
2017-12-27 12:13:00 [main] DEBUG o.h.p.w.spi.MetamodelGraphWalker - Visiting attribute path : username
2017-12-27 12:13:00 [main] DEBUG o.h.l.p.b.i.FetchStyleLoadPlanBuildingAssociationVisitationStrategy - Building LoadPlan...
2017-12-27 12:13:00 [main] DEBUG o.h.l.p.e.i.LoadQueryJoinAndFetchProcessor - processing queryspace <gen:0>
2017-12-27 12:13:00 [main] DEBUG o.h.l.p.b.spi.LoadPlanTreePrinter - LoadPlan(entity=com.stackroute.activitystream.model.UserCircle)
    - Returns
       - EntityReturnImpl(entity=com.stackroute.activitystream.model.UserCircle, querySpaceUid=<gen:0>, path=com.stackroute.activitystream.model.UserCircle)
    - QuerySpaces
       - EntityQuerySpaceImpl(uid=<gen:0>, entity=com.stackroute.activitystream.model.UserCircle)
          - SQL table alias mapping - usercircle0_
          - alias suffix - 0_
          - suffixed key columns - {userCirc1_3_0_}

2017-12-27 12:13:00 [main] DEBUG o.h.loader.entity.plan.EntityLoader - Static select for entity com.stackroute.activitystream.model.UserCircle [READ]: select usercircle0_.userCircleId as userCirc1_3_0_, usercircle0_.circleName as circleNa2_3_0_, usercircle0_.username as username3_3_0_ from user_circle usercircle0_ where usercircle0_.userCircleId=?
2017-12-27 12:13:00 [main] DEBUG o.h.l.p.b.i.spaces.QuerySpacesImpl - Adding QuerySpace : uid = <gen:0> -> org.hibernate.loader.plan.build.internal.spaces.EntityQuerySpaceImpl@287f7811]
2017-12-27 12:13:00 [main] DEBUG o.h.p.w.spi.MetamodelGraphWalker - Visiting attribute path : circleName
2017-12-27 12:13:00 [main] DEBUG o.h.p.w.spi.MetamodelGraphWalker - Visiting attribute path : username
2017-12-27 12:13:00 [main] DEBUG o.h.l.p.b.i.FetchStyleLoadPlanBuildingAssociationVisitationStrategy - Building LoadPlan...
2017-12-27 12:13:00 [main] DEBUG o.h.l.p.e.i.LoadQueryJoinAndFetchProcessor - processing queryspace <gen:0>
2017-12-27 12:13:00 [main] DEBUG o.h.l.p.b.spi.LoadPlanTreePrinter - LoadPlan(entity=com.stackroute.activitystream.model.UserCircle)
    - Returns
       - EntityReturnImpl(entity=com.stackroute.activitystream.model.UserCircle, querySpaceUid=<gen:0>, path=com.stackroute.activitystream.model.UserCircle)
    - QuerySpaces
       - EntityQuerySpaceImpl(uid=<gen:0>, entity=com.stackroute.activitystream.model.UserCircle)
          - SQL table alias mapping - usercircle0_
          - alias suffix - 0_
          - suffixed key columns - {userCirc1_3_0_}

2017-12-27 12:13:00 [main] DEBUG o.h.loader.entity.plan.EntityLoader - Static select for entity com.stackroute.activitystream.model.UserCircle [UPGRADE]: select usercircle0_.userCircleId as userCirc1_3_0_, usercircle0_.circleName as circleNa2_3_0_, usercircle0_.username as username3_3_0_ from user_circle usercircle0_ where usercircle0_.userCircleId=? for update
2017-12-27 12:13:00 [main] DEBUG o.h.l.p.b.i.spaces.QuerySpacesImpl - Adding QuerySpace : uid = <gen:0> -> org.hibernate.loader.plan.build.internal.spaces.EntityQuerySpaceImpl@2b556bb2]
2017-12-27 12:13:00 [main] DEBUG o.h.p.w.spi.MetamodelGraphWalker - Visiting attribute path : circleName
2017-12-27 12:13:00 [main] DEBUG o.h.p.w.spi.MetamodelGraphWalker - Visiting attribute path : username
2017-12-27 12:13:00 [main] DEBUG o.h.l.p.b.i.FetchStyleLoadPlanBuildingAssociationVisitationStrategy - Building LoadPlan...
2017-12-27 12:13:00 [main] DEBUG o.h.l.p.e.i.LoadQueryJoinAndFetchProcessor - processing queryspace <gen:0>
2017-12-27 12:13:00 [main] DEBUG o.h.l.p.b.spi.LoadPlanTreePrinter - LoadPlan(entity=com.stackroute.activitystream.model.UserCircle)
    - Returns
       - EntityReturnImpl(entity=com.stackroute.activitystream.model.UserCircle, querySpaceUid=<gen:0>, path=com.stackroute.activitystream.model.UserCircle)
    - QuerySpaces
       - EntityQuerySpaceImpl(uid=<gen:0>, entity=com.stackroute.activitystream.model.UserCircle)
          - SQL table alias mapping - usercircle0_
          - alias suffix - 0_
          - suffixed key columns - {userCirc1_3_0_}

2017-12-27 12:13:00 [main] DEBUG o.h.loader.entity.plan.EntityLoader - Static select for entity com.stackroute.activitystream.model.UserCircle [UPGRADE_NOWAIT]: select usercircle0_.userCircleId as userCirc1_3_0_, usercircle0_.circleName as circleNa2_3_0_, usercircle0_.username as username3_3_0_ from user_circle usercircle0_ where usercircle0_.userCircleId=? for update
2017-12-27 12:13:00 [main] DEBUG o.h.l.p.b.i.spaces.QuerySpacesImpl - Adding QuerySpace : uid = <gen:0> -> org.hibernate.loader.plan.build.internal.spaces.EntityQuerySpaceImpl@17271176]
2017-12-27 12:13:00 [main] DEBUG o.h.p.w.spi.MetamodelGraphWalker - Visiting attribute path : circleName
2017-12-27 12:13:00 [main] DEBUG o.h.p.w.spi.MetamodelGraphWalker - Visiting attribute path : username
2017-12-27 12:13:00 [main] DEBUG o.h.l.p.b.i.FetchStyleLoadPlanBuildingAssociationVisitationStrategy - Building LoadPlan...
2017-12-27 12:13:00 [main] DEBUG o.h.l.p.e.i.LoadQueryJoinAndFetchProcessor - processing queryspace <gen:0>
2017-12-27 12:13:00 [main] DEBUG o.h.l.p.b.spi.LoadPlanTreePrinter - LoadPlan(entity=com.stackroute.activitystream.model.UserCircle)
    - Returns
       - EntityReturnImpl(entity=com.stackroute.activitystream.model.UserCircle, querySpaceUid=<gen:0>, path=com.stackroute.activitystream.model.UserCircle)
    - QuerySpaces
       - EntityQuerySpaceImpl(uid=<gen:0>, entity=com.stackroute.activitystream.model.UserCircle)
          - SQL table alias mapping - usercircle0_
          - alias suffix - 0_
          - suffixed key columns - {userCirc1_3_0_}

2017-12-27 12:13:00 [main] DEBUG o.h.loader.entity.plan.EntityLoader - Static select for entity com.stackroute.activitystream.model.UserCircle [UPGRADE_SKIPLOCKED]: select usercircle0_.userCircleId as userCirc1_3_0_, usercircle0_.circleName as circleNa2_3_0_, usercircle0_.username as username3_3_0_ from user_circle usercircle0_ where usercircle0_.userCircleId=? for update
2017-12-27 12:13:00 [main] DEBUG o.h.l.p.b.i.spaces.QuerySpacesImpl - Adding QuerySpace : uid = <gen:0> -> org.hibernate.loader.plan.build.internal.spaces.EntityQuerySpaceImpl@2e34384c]
2017-12-27 12:13:00 [main] DEBUG o.h.p.w.spi.MetamodelGraphWalker - Visiting attribute path : circleName
2017-12-27 12:13:00 [main] DEBUG o.h.p.w.spi.MetamodelGraphWalker - Visiting attribute path : username
