2017-12-27 00:05:46 [main] DEBUG o.h.internal.util.EntityPrinter - com.stackroute.activitystream.model.UserCircle{userCircleId=51716948-e574-42c1-a163-adde6e36d5dd, circleName=Java, username=will}
2017-12-27 00:05:46 [main] DEBUG org.hibernate.SQL - insert into user_circle (circleName, username, userCircleId) values (?, ?, ?)
2017-12-27 00:05:46 [main] DEBUG o.s.t.a.AnnotationTransactionAttributeSource - Adding transactional method 'com.stackroute.activitystream.daoimpl.MessageDAOImpl.sendMessageToCircle' with attribute: PROPAGATION_REQUIRED,ISOLATION_DEFAULT
2017-12-27 00:05:46 [main] DEBUG o.s.o.h.HibernateTransactionManager - Found thread-bound Session [SessionImpl(PersistenceContext[entityKeys=[EntityKey[com.stackroute.activitystream.model.UserCircle#51716948-e574-42c1-a163-adde6e36d5dd]],collectionKeys=[]];ActionQueue[insertions=ExecutableList{size=0} updates=ExecutableList{size=0} deletions=ExecutableList{size=0} orphanRemovals=ExecutableList{size=0} collectionCreations=ExecutableList{size=0} collectionRemovals=ExecutableList{size=0} collectionUpdates=ExecutableList{size=0} collectionQueuedOps=ExecutableList{size=0} unresolvedInsertDependencies=null])] for Hibernate transaction
2017-12-27 00:05:46 [main] DEBUG o.s.o.h.HibernateTransactionManager - Participating in existing transaction
2017-12-27 00:05:46 [main] DEBUG o.s.o.h.HibernateTransactionManager - Found thread-bound Session [SessionImpl(PersistenceContext[entityKeys=[EntityKey[com.stackroute.activitystream.model.UserCircle#51716948-e574-42c1-a163-adde6e36d5dd]],collectionKeys=[]];ActionQueue[insertions=ExecutableList{size=0} updates=ExecutableList{size=0} deletions=ExecutableList{size=0} orphanRemovals=ExecutableList{size=0} collectionCreations=ExecutableList{size=0} collectionRemovals=ExecutableList{size=0} collectionUpdates=ExecutableList{size=0} collectionQueuedOps=ExecutableList{size=0} unresolvedInsertDependencies=null])] for Hibernate transaction
2017-12-27 00:05:46 [main] DEBUG o.s.o.h.HibernateTransactionManager - Participating in existing transaction
2017-12-27 00:05:46 [main] DEBUG o.h.e.i.AbstractFlushingEventListener - Processing flush-time cascades
2017-12-27 00:05:46 [main] DEBUG o.h.e.i.AbstractFlushingEventListener - Dirty checking collections
2017-12-27 00:05:46 [main] DEBUG o.h.e.i.AbstractFlushingEventListener - Flushed: 0 insertions, 0 updates, 0 deletions to 1 objects
2017-12-27 00:05:46 [main] DEBUG o.h.e.i.AbstractFlushingEventListener - Flushed: 0 (re)creations, 0 updates, 0 removals to 0 collections
2017-12-27 00:05:46 [main] DEBUG o.h.internal.util.EntityPrinter - Listing entities:
2017-12-27 00:05:46 [main] DEBUG o.h.internal.util.EntityPrinter - com.stackroute.activitystream.model.UserCircle{userCircleId=51716948-e574-42c1-a163-adde6e36d5dd, circleName=Java, username=will}
2017-12-27 00:05:46 [main] DEBUG org.hibernate.SQL - select user0_.username as username1_2_, user0_.name as name2_2_, user0_.password as password3_2_ from user user0_ where user0_.username=?
2017-12-27 00:05:46 [main] DEBUG org.hibernate.loader.Loader - Result set row: 0
2017-12-27 00:05:46 [main] DEBUG org.hibernate.loader.Loader - Result row: EntityKey[com.stackroute.activitystream.model.User#john]
2017-12-27 00:05:46 [main] DEBUG o.h.engine.internal.TwoPhaseLoad - Resolving associations for [com.stackroute.activitystream.model.User#john]
2017-12-27 00:05:46 [main] DEBUG o.h.engine.internal.TwoPhaseLoad - Done materializing entity [com.stackroute.activitystream.model.User#john]
2017-12-27 00:05:46 [main] DEBUG o.s.o.h.HibernateTransactionManager - Found thread-bound Session [SessionImpl(PersistenceContext[entityKeys=[EntityKey[com.stackroute.activitystream.model.UserCircle#51716948-e574-42c1-a163-adde6e36d5dd], EntityKey[com.stackroute.activitystream.model.User#john]],collectionKeys=[]];ActionQueue[insertions=ExecutableList{size=0} updates=ExecutableList{size=0} deletions=ExecutableList{size=0} orphanRemovals=ExecutableList{size=0} collectionCreations=ExecutableList{size=0} collectionRemovals=ExecutableList{size=0} collectionUpdates=ExecutableList{size=0} collectionQueuedOps=ExecutableList{size=0} unresolvedInsertDependencies=null])] for Hibernate transaction
2017-12-27 00:05:46 [main] DEBUG o.s.o.h.HibernateTransactionManager - Participating in existing transaction
2017-12-27 00:05:46 [main] DEBUG o.h.e.i.AbstractFlushingEventListener - Processing flush-time cascades
2017-12-27 00:05:46 [main] DEBUG o.h.e.i.AbstractFlushingEventListener - Dirty checking collections
2017-12-27 00:05:46 [main] DEBUG o.h.e.i.AbstractFlushingEventListener - Flushed: 0 insertions, 0 updates, 0 deletions to 2 objects
2017-12-27 00:05:46 [main] DEBUG o.h.e.i.AbstractFlushingEventListener - Flushed: 0 (re)creations, 0 updates, 0 removals to 0 collections
2017-12-27 00:05:46 [main] DEBUG o.h.internal.util.EntityPrinter - Listing entities:
2017-12-27 00:05:46 [main] DEBUG o.h.internal.util.EntityPrinter - com.stackroute.activitystream.model.UserCircle{userCircleId=51716948-e574-42c1-a163-adde6e36d5dd, circleName=Java, username=will}
2017-12-27 00:05:46 [main] DEBUG o.h.internal.util.EntityPrinter - com.stackroute.activitystream.model.User{password=password, name=John, username=john}
2017-12-27 00:05:46 [main] DEBUG org.hibernate.SQL - select circle0_.circleName as circleNa1_0_, circle0_.createdDate as createdD2_0_, circle0_.creatorId as creatorI3_0_ from circle circle0_ where circle0_.circleName=?
2017-12-27 00:05:46 [main] DEBUG org.hibernate.loader.Loader - Result set row: 0
2017-12-27 00:05:46 [main] DEBUG org.hibernate.loader.Loader - Result row: EntityKey[com.stackroute.activitystream.model.Circle#Java]
2017-12-27 00:05:46 [main] DEBUG o.h.engine.internal.TwoPhaseLoad - Resolving associations for [com.stackroute.activitystream.model.Circle#Java]
2017-12-27 00:05:46 [main] DEBUG o.h.engine.internal.TwoPhaseLoad - Done materializing entity [com.stackroute.activitystream.model.Circle#Java]
2017-12-27 00:05:46 [main] DEBUG org.hibernate.SQL - select next_val as id_val from hibernate_sequence for update
2017-12-27 00:05:46 [main] DEBUG org.hibernate.SQL - update hibernate_sequence set next_val= ? where next_val=?
2017-12-27 00:05:46 [main] DEBUG o.h.e.i.AbstractSaveEventListener - Generated identifier: 29, using strategy: org.hibernate.id.enhanced.SequenceStyleGenerator
2017-12-27 00:05:46 [main] DEBUG o.h.e.i.AbstractFlushingEventListener - Processing flush-time cascades
2017-12-27 00:05:46 [main] DEBUG o.h.e.i.AbstractFlushingEventListener - Dirty checking collections
2017-12-27 00:05:46 [main] DEBUG o.h.e.i.AbstractFlushingEventListener - Flushed: 1 insertions, 0 updates, 0 deletions to 1 objects
2017-12-27 00:05:46 [main] DEBUG o.h.e.i.AbstractFlushingEventListener - Flushed: 0 (re)creations, 0 updates, 0 removals to 0 collections
2017-12-27 00:05:46 [main] DEBUG o.h.internal.util.EntityPrinter - Listing entities:
2017-12-27 00:05:46 [main] DEBUG o.h.internal.util.EntityPrinter - com.stackroute.activitystream.model.Message{receiverId=null, streamType=text, sender=john, messageId=29, tag=null, message=Sample Message, circleName=Java, postedDate=null}
2017-12-27 00:05:46 [main] DEBUG org.hibernate.SQL - insert into message (circleName, message, postedDate, receiverId, senderName, streamType, tag, messageId) values (?, ?, ?, ?, ?, ?, ?, ?)
2017-12-27 00:05:46 [main] DEBUG o.s.o.h.HibernateTransactionManager - Found thread-bound Session [SessionImpl(PersistenceContext[entityKeys=[EntityKey[com.stackroute.activitystream.model.Message#29]],collectionKeys=[]];ActionQueue[insertions=ExecutableList{size=0} updates=ExecutableList{size=0} deletions=ExecutableList{size=0} orphanRemovals=ExecutableList{size=0} collectionCreations=ExecutableList{size=0} collectionRemovals=ExecutableList{size=0} collectionUpdates=ExecutableList{size=0} collectionQueuedOps=ExecutableList{size=0} unresolvedInsertDependencies=null])] for Hibernate transaction
2017-12-27 00:05:46 [main] DEBUG o.s.o.h.HibernateTransactionManager - Participating in existing transaction
2017-12-27 00:05:46 [main] DEBUG o.h.e.i.AbstractFlushingEventListener - Processing flush-time cascades
2017-12-27 00:05:46 [main] DEBUG o.h.e.i.AbstractFlushingEventListener - Dirty checking collections
2017-12-27 00:05:46 [main] DEBUG o.h.e.i.AbstractFlushingEventListener - Flushed: 0 insertions, 0 updates, 0 deletions to 1 objects
2017-12-27 00:05:46 [main] DEBUG o.h.e.i.AbstractFlushingEventListener - Flushed: 0 (re)creations, 0 updates, 0 removals to 0 collections
2017-12-27 00:05:46 [main] DEBUG o.h.internal.util.EntityPrinter - Listing entities:
2017-12-27 00:05:46 [main] DEBUG o.h.internal.util.EntityPrinter - com.stackroute.activitystream.model.Message{receiverId=null, streamType=text, sender=john, messageId=29, tag=null, message=Sample Message, circleName=Java, postedDate=null}
2017-12-27 00:05:46 [main] DEBUG org.hibernate.SQL - select user0_.username as username1_2_, user0_.name as name2_2_, user0_.password as password3_2_ from user user0_ where user0_.username=?
2017-12-27 00:05:46 [main] DEBUG org.hibernate.loader.Loader - Result set row: 0
2017-12-27 00:05:46 [main] DEBUG org.hibernate.loader.Loader - Result row: EntityKey[com.stackroute.activitystream.model.User#john]
2017-12-27 00:05:46 [main] DEBUG o.h.engine.internal.TwoPhaseLoad - Resolving associations for [com.stackroute.activitystream.model.User#john]
2017-12-27 00:05:46 [main] DEBUG o.h.engine.internal.TwoPhaseLoad - Done materializing entity [com.stackroute.activitystream.model.User#john]
2017-12-27 00:05:46 [main] DEBUG o.s.o.h.HibernateTransactionManager - Found thread-bound Session [SessionImpl(PersistenceContext[entityKeys=[EntityKey[com.stackroute.activitystream.model.Message#29], EntityKey[com.stackroute.activitystream.model.User#john]],collectionKeys=[]];ActionQueue[insertions=ExecutableList{size=0} updates=ExecutableList{size=0} deletions=ExecutableList{size=0} orphanRemovals=ExecutableList{size=0} collectionCreations=ExecutableList{size=0} collectionRemovals=ExecutableList{size=0} collectionUpdates=ExecutableList{size=0} collectionQueuedOps=ExecutableList{size=0} unresolvedInsertDependencies=null])] for Hibernate transaction
2017-12-27 00:05:46 [main] DEBUG o.s.o.h.HibernateTransactionManager - Participating in existing transaction
2017-12-27 00:05:46 [main] DEBUG o.h.e.i.AbstractFlushingEventListener - Processing flush-time cascades
2017-12-27 00:05:46 [main] DEBUG o.h.e.i.AbstractFlushingEventListener - Dirty checking collections
2017-12-27 00:05:46 [main] DEBUG o.h.e.i.AbstractFlushingEventListener - Flushed: 0 insertions, 0 updates, 0 deletions to 2 objects
2017-12-27 00:05:46 [main] DEBUG o.h.e.i.AbstractFlushingEventListener - Flushed: 0 (re)creations, 0 updates, 0 removals to 0 collections
2017-12-27 00:05:46 [main] DEBUG o.h.internal.util.EntityPrinter - Listing entities:
2017-12-27 00:05:46 [main] DEBUG o.h.internal.util.EntityPrinter - com.stackroute.activitystream.model.Message{receiverId=null, streamType=text, sender=john, messageId=29, tag=null, message=Sample Message, circleName=Java, postedDate=null}
2017-12-27 00:05:46 [main] DEBUG o.h.internal.util.EntityPrinter - com.stackroute.activitystream.model.User{password=password, name=John, username=john}
2017-12-27 00:05:46 [main] DEBUG org.hibernate.SQL - select user0_.username as username1_2_, user0_.name as name2_2_, user0_.password as password3_2_ from user user0_ where user0_.username=?
2017-12-27 00:05:46 [main] DEBUG org.hibernate.loader.Loader - Result set row: 0
2017-12-27 00:05:46 [main] DEBUG org.hibernate.loader.Loader - Result row: EntityKey[com.stackroute.activitystream.model.User#john]
2017-12-27 00:05:46 [main] DEBUG o.s.t.a.AnnotationTransactionAttributeSource - Adding transactional method 'com.stackroute.activitystream.daoimpl.UserDAOImpl.delete' with attribute: PROPAGATION_REQUIRED,ISOLATION_DEFAULT
2017-12-27 00:05:46 [main] DEBUG o.s.o.h.HibernateTransactionManager - Found thread-bound Session [SessionImpl(PersistenceContext[entityKeys=[EntityKey[com.stackroute.activitystream.model.Message#29], EntityKey[com.stackroute.activitystream.model.User#john]],collectionKeys=[]];ActionQueue[insertions=ExecutableList{size=0} updates=ExecutableList{size=0} deletions=ExecutableList{size=0} orphanRemovals=ExecutableList{size=0} collectionCreations=ExecutableList{size=0} collectionRemovals=ExecutableList{size=0} collectionUpdates=ExecutableList{size=0} collectionQueuedOps=ExecutableList{size=0} unresolvedInsertDependencies=null])] for Hibernate transaction
2017-12-27 00:05:46 [main] DEBUG o.s.o.h.HibernateTransactionManager - Participating in existing transaction
2017-12-27 00:05:46 [main] DEBUG o.s.o.h.HibernateTransactionManager - Found thread-bound Session [SessionImpl(PersistenceContext[entityKeys=[EntityKey[com.stackroute.activitystream.model.Message#29], EntityKey[com.stackroute.activitystream.model.User#john]],collectionKeys=[]];ActionQueue[insertions=ExecutableList{size=0} updates=ExecutableList{size=0} deletions=ExecutableList{size=1} orphanRemovals=ExecutableList{size=0} collectionCreations=ExecutableList{size=0} collectionRemovals=ExecutableList{size=0} collectionUpdates=ExecutableList{size=0} collectionQueuedOps=ExecutableList{size=0} unresolvedInsertDependencies=null])] for Hibernate transaction
2017-12-27 00:05:46 [main] DEBUG o.s.o.h.HibernateTransactionManager - Participating in existing transaction
2017-12-27 00:05:46 [main] DEBUG o.h.e.i.AbstractFlushingEventListener - Processing flush-time cascades
2017-12-27 00:05:46 [main] DEBUG o.h.e.i.AbstractFlushingEventListener - Dirty checking collections
2017-12-27 00:05:46 [main] DEBUG o.h.e.i.AbstractFlushingEventListener - Flushed: 0 insertions, 0 updates, 1 deletions to 2 objects
2017-12-27 00:05:46 [main] DEBUG o.h.e.i.AbstractFlushingEventListener - Flushed: 0 (re)creations, 0 updates, 0 removals to 0 collections
2017-12-27 00:05:46 [main] DEBUG o.h.internal.util.EntityPrinter - Listing entities:
2017-12-27 00:05:46 [main] DEBUG o.h.internal.util.EntityPrinter - com.stackroute.activitystream.model.Message{receiverId=null, streamType=text, sender=john, messageId=29, tag=null, message=Sample Message, circleName=Java, postedDate=null}
2017-12-27 00:05:46 [main] DEBUG o.h.internal.util.EntityPrinter - com.stackroute.activitystream.model.User{password=password, name=John, username=john}
2017-12-27 00:05:46 [main] DEBUG org.hibernate.engine.spi.ActionQueue - Changes must be flushed to space: user
2017-12-27 00:05:46 [main] DEBUG org.hibernate.SQL - delete from user where username=?
2017-12-27 00:05:46 [main] DEBUG o.h.e.jdbc.spi.SqlExceptionHelper - could not execute statement [n/a]
com.mysql.jdbc.exceptions.jdbc4.MySQLIntegrityConstraintViolationException: Cannot delete or update a parent row: a foreign key constraint fails (`activitystream_step3`.`circle`, CONSTRAINT `circle_ibfk_1` FOREIGN KEY (`creatorId`) REFERENCES `user` (`username`))
	at sun.reflect.NativeConstructorAccessorImpl.newInstance0(Native Method)
	at sun.reflect.NativeConstructorAccessorImpl.newInstance(Unknown Source)
	at sun.reflect.DelegatingConstructorAccessorImpl.newInstance(Unknown Source)
	at java.lang.reflect.Constructor.newInstance(Unknown Source)
	at com.mysql.jdbc.Util.handleNewInstance(Util.java:409)
	at com.mysql.jdbc.Util.getInstance(Util.java:384)
	at com.mysql.jdbc.SQLError.createSQLException(SQLError.java:1039)
	at com.mysql.jdbc.MysqlIO.checkErrorPacket(MysqlIO.java:4232)
	at com.mysql.jdbc.MysqlIO.checkErrorPacket(MysqlIO.java:4164)
	at com.mysql.jdbc.MysqlIO.sendCommand(MysqlIO.java:2615)
	at com.mysql.jdbc.MysqlIO.sqlQueryDirect(MysqlIO.java:2776)
	at com.mysql.jdbc.ConnectionImpl.execSQL(ConnectionImpl.java:2838)
	at com.mysql.jdbc.PreparedStatement.executeInternal(PreparedStatement.java:2082)
	at com.mysql.jdbc.PreparedStatement.executeUpdate(PreparedStatement.java:2334)
	at com.mysql.jdbc.PreparedStatement.executeUpdate(PreparedStatement.java:2262)
	at com.mysql.jdbc.PreparedStatement.executeUpdate(PreparedStatement.java:2246)
	at org.apache.commons.dbcp2.DelegatingPreparedStatement.executeUpdate(DelegatingPreparedStatement.java:98)
	at org.apache.commons.dbcp2.DelegatingPreparedStatement.executeUpdate(DelegatingPreparedStatement.java:98)
	at org.hibernate.engine.jdbc.internal.ResultSetReturnImpl.executeUpdate(ResultSetReturnImpl.java:205)
	at org.hibernate.engine.jdbc.batch.internal.NonBatchingBatch.addToBatch(NonBatchingBatch.java:45)
	at org.hibernate.persister.entity.AbstractEntityPersister.delete(AbstractEntityPersister.java:3315)
	at org.hibernate.persister.entity.AbstractEntityPersister.delete(AbstractEntityPersister.java:3552)
	at org.hibernate.action.internal.EntityDeleteAction.execute(EntityDeleteAction.java:99)
	at org.hibernate.engine.spi.ActionQueue.executeActions(ActionQueue.java:589)
	at org.hibernate.engine.spi.ActionQueue.executeActions(ActionQueue.java:463)
	at org.hibernate.event.internal.AbstractFlushingEventListener.performExecutions(AbstractFlushingEventListener.java:337)
	at org.hibernate.event.internal.DefaultAutoFlushEventListener.onAutoFlush(DefaultAutoFlushEventListener.java:50)
	at org.hibernate.internal.SessionImpl.autoFlushIfRequired(SessionImpl.java:1396)
	at org.hibernate.internal.SessionImpl.list(SessionImpl.java:1481)
	at org.hibernate.query.internal.AbstractProducedQuery.doList(AbstractProducedQuery.java:1445)
	at org.hibernate.query.internal.AbstractProducedQuery.list(AbstractProducedQuery.java:1414)
	at org.hibernate.query.internal.AbstractProducedQuery.getSingleResult(AbstractProducedQuery.java:1463)
	at com.stackroute.activitystream.daoimpl.UserDAOImpl.get(UserDAOImpl.java:116)
	at sun.reflect.NativeMethodAccessorImpl.invoke0(Native Method)
	at sun.reflect.NativeMethodAccessorImpl.invoke(Unknown Source)
	at sun.reflect.DelegatingMethodAccessorImpl.invoke(Unknown Source)
	at java.lang.reflect.Method.invoke(Unknown Source)
	at org.springframework.aop.support.AopUtils.invokeJoinpointUsingReflection(AopUtils.java:338)
	at org.springframework.aop.framework.ReflectiveMethodInvocation.invokeJoinpoint(ReflectiveMethodInvocation.java:197)
	at org.springframework.aop.framework.ReflectiveMethodInvocation.proceed(ReflectiveMethodInvocation.java:163)
	at org.springframework.transaction.interceptor.TransactionInterceptor$1.proceedWithInvocation(TransactionInterceptor.java:99)
	at org.springframework.transaction.interceptor.TransactionAspectSupport.invokeWithinTransaction(TransactionAspectSupport.java:282)
	at org.springframework.transaction.interceptor.TransactionInterceptor.invoke(TransactionInterceptor.java:96)
	at org.springframework.aop.framework.ReflectiveMethodInvocation.proceed(ReflectiveMethodInvocation.java:185)
	at org.springframework.aop.framework.JdkDynamicAopProxy.invoke(JdkDynamicAopProxy.java:212)
	at com.sun.proxy.$Proxy48.get(Unknown Source)
	at com.stackroute.activitystream.test.MessageTest.teardown(MessageTest.java:103)
	at sun.reflect.NativeMethodAccessorImpl.invoke0(Native Method)
	at sun.reflect.NativeMethodAccessorImpl.invoke(Unknown Source)
	at sun.reflect.DelegatingMethodAccessorImpl.invoke(Unknown Source)
	at java.lang.reflect.Method.invoke(Unknown Source)
	at org.junit.runners.model.FrameworkMethod$1.runReflectiveCall(FrameworkMethod.java:50)
	at org.junit.internal.runners.model.ReflectiveCallable.run(ReflectiveCallable.java:12)
	at org.junit.runners.model.FrameworkMethod.invokeExplosively(FrameworkMethod.java:47)
	at org.junit.internal.runners.statements.RunAfters.evaluate(RunAfters.java:33)
	at org.springframework.test.context.junit4.statements.RunAfterTestMethodCallbacks.evaluate(RunAfterTestMethodCallbacks.java:86)
	at org.springframework.test.context.junit4.statements.SpringRepeat.evaluate(SpringRepeat.java:84)
	at org.junit.runners.ParentRunner.runLeaf(ParentRunner.java:325)
	at org.springframework.test.context.junit4.SpringJUnit4ClassRunner.runChild(SpringJUnit4ClassRunner.java:252)
	at org.springframework.test.context.junit4.SpringJUnit4ClassRunner.runChild(SpringJUnit4ClassRunner.java:94)
	at org.junit.runners.ParentRunner$3.run(ParentRunner.java:290)
	at org.junit.runners.ParentRunner$1.schedule(ParentRunner.java:71)
	at org.junit.runners.ParentRunner.runChildren(ParentRunner.java:288)
	at org.junit.runners.ParentRunner.access$000(ParentRunner.java:58)
	at org.junit.runners.ParentRunner$2.evaluate(ParentRunner.java:268)
	at org.springframework.test.context.junit4.statements.RunBeforeTestClassCallbacks.evaluate(RunBeforeTestClassCallbacks.java:61)
	at org.springframework.test.context.junit4.statements.RunAfterTestClassCallbacks.evaluate(RunAfterTestClassCallbacks.java:70)
	at org.junit.runners.ParentRunner.run(ParentRunner.java:363)
	at org.springframework.test.context.junit4.SpringJUnit4ClassRunner.run(SpringJUnit4ClassRunner.java:191)
	at org.eclipse.jdt.internal.junit4.runner.JUnit4TestReference.run(JUnit4TestReference.java:86)
	at org.eclipse.jdt.internal.junit.runner.TestExecution.run(TestExecution.java:38)
	at org.eclipse.jdt.internal.junit.runner.RemoteTestRunner.runTests(RemoteTestRunner.java:539)
	at org.eclipse.jdt.internal.junit.runner.RemoteTestRunner.runTests(RemoteTestRunner.java:761)
	at org.eclipse.jdt.internal.junit.runner.RemoteTestRunner.run(RemoteTestRunner.java:461)
	at org.eclipse.jdt.internal.junit.runner.RemoteTestRunner.main(RemoteTestRunner.java:207)
2017-12-27 00:05:46 [main] WARN  o.h.e.jdbc.spi.SqlExceptionHelper - SQL Error: 1451, SQLState: 23000
2017-12-27 00:05:46 [main] ERROR o.h.e.jdbc.spi.SqlExceptionHelper - Cannot delete or update a parent row: a foreign key constraint fails (`activitystream_step3`.`circle`, CONSTRAINT `circle_ibfk_1` FOREIGN KEY (`creatorId`) REFERENCES `user` (`username`))
2017-12-27 00:05:46 [main] INFO  o.h.e.j.b.internal.AbstractBatchImpl - HHH000010: On release of batch it still contained JDBC statements
2017-12-27 00:05:46 [main] DEBUG o.h.r.t.b.j.i.JdbcResourceLocalTransactionCoordinatorImpl - JDBC transaction marked for rollback-only (exception provided for stack trace)
java.lang.Exception: exception just for purpose of providing stack trace
	at org.hibernate.resource.transaction.backend.jdbc.internal.JdbcResourceLocalTransactionCoordinatorImpl$TransactionDriverControlImpl.markRollbackOnly(JdbcResourceLocalTransactionCoordinatorImpl.java:255)
	at org.hibernate.engine.transaction.internal.TransactionImpl.setRollbackOnly(TransactionImpl.java:143)
	at org.hibernate.Transaction.markRollbackOnly(Transaction.java:68)
	at org.hibernate.internal.AbstractSharedSessionContract.markForRollbackOnly(AbstractSharedSessionContract.java:357)
	at org.hibernate.internal.ExceptionConverterImpl.handlePersistenceException(ExceptionConverterImpl.java:271)
	at org.hibernate.internal.ExceptionConverterImpl.convert(ExceptionConverterImpl.java:148)
	at org.hibernate.internal.ExceptionConverterImpl.convert(ExceptionConverterImpl.java:155)
	at org.hibernate.query.internal.AbstractProducedQuery.list(AbstractProducedQuery.java:1423)
	at org.hibernate.query.internal.AbstractProducedQuery.getSingleResult(AbstractProducedQuery.java:1463)
	at com.stackroute.activitystream.daoimpl.UserDAOImpl.get(UserDAOImpl.java:116)
	at sun.reflect.NativeMethodAccessorImpl.invoke0(Native Method)
	at sun.reflect.NativeMethodAccessorImpl.invoke(Unknown Source)
	at sun.reflect.DelegatingMethodAccessorImpl.invoke(Unknown Source)
	at java.lang.reflect.Method.invoke(Unknown Source)
	at org.springframework.aop.support.AopUtils.invokeJoinpointUsingReflection(AopUtils.java:338)
	at org.springframework.aop.framework.ReflectiveMethodInvocation.invokeJoinpoint(ReflectiveMethodInvocation.java:197)
	at org.springframework.aop.framework.ReflectiveMethodInvocation.proceed(ReflectiveMethodInvocation.java:163)
	at org.springframework.transaction.interceptor.TransactionInterceptor$1.proceedWithInvocation(TransactionInterceptor.java:99)
	at org.springframework.transaction.interceptor.TransactionAspectSupport.invokeWithinTransaction(TransactionAspectSupport.java:282)
	at org.springframework.transaction.interceptor.TransactionInterceptor.invoke(TransactionInterceptor.java:96)
	at org.springframework.aop.framework.ReflectiveMethodInvocation.proceed(ReflectiveMethodInvocation.java:185)
	at org.springframework.aop.framework.JdkDynamicAopProxy.invoke(JdkDynamicAopProxy.java:212)
	at com.sun.proxy.$Proxy48.get(Unknown Source)
	at com.stackroute.activitystream.test.MessageTest.teardown(MessageTest.java:103)
	at sun.reflect.NativeMethodAccessorImpl.invoke0(Native Method)
	at sun.reflect.NativeMethodAccessorImpl.invoke(Unknown Source)
	at sun.reflect.DelegatingMethodAccessorImpl.invoke(Unknown Source)
	at java.lang.reflect.Method.invoke(Unknown Source)
	at org.junit.runners.model.FrameworkMethod$1.runReflectiveCall(FrameworkMethod.java:50)
	at org.junit.internal.runners.model.ReflectiveCallable.run(ReflectiveCallable.java:12)
	at org.junit.runners.model.FrameworkMethod.invokeExplosively(FrameworkMethod.java:47)
	at org.junit.internal.runners.statements.RunAfters.evaluate(RunAfters.java:33)
	at org.springframework.test.context.junit4.statements.RunAfterTestMethodCallbacks.evaluate(RunAfterTestMethodCallbacks.java:86)
	at org.springframework.test.context.junit4.statements.SpringRepeat.evaluate(SpringRepeat.java:84)
	at org.junit.runners.ParentRunner.runLeaf(ParentRunner.java:325)
	at org.springframework.test.context.junit4.SpringJUnit4ClassRunner.runChild(SpringJUnit4ClassRunner.java:252)
	at org.springframework.test.context.junit4.SpringJUnit4ClassRunner.runChild(SpringJUnit4ClassRunner.java:94)
	at org.junit.runners.ParentRunner$3.run(ParentRunner.java:290)
	at org.junit.runners.ParentRunner$1.schedule(ParentRunner.java:71)
	at org.junit.runners.ParentRunner.runChildren(ParentRunner.java:288)
	at org.junit.runners.ParentRunner.access$000(ParentRunner.java:58)
	at org.junit.runners.ParentRunner$2.evaluate(ParentRunner.java:268)
	at org.springframework.test.context.junit4.statements.RunBeforeTestClassCallbacks.evaluate(RunBeforeTestClassCallbacks.java:61)
	at org.springframework.test.context.junit4.statements.RunAfterTestClassCallbacks.evaluate(RunAfterTestClassCallbacks.java:70)
	at org.junit.runners.ParentRunner.run(ParentRunner.java:363)
	at org.springframework.test.context.junit4.SpringJUnit4ClassRunner.run(SpringJUnit4ClassRunner.java:191)
	at org.eclipse.jdt.internal.junit4.runner.JUnit4TestReference.run(JUnit4TestReference.java:86)
	at org.eclipse.jdt.internal.junit.runner.TestExecution.run(TestExecution.java:38)
	at org.eclipse.jdt.internal.junit.runner.RemoteTestRunner.runTests(RemoteTestRunner.java:539)
	at org.eclipse.jdt.internal.junit.runner.RemoteTestRunner.runTests(RemoteTestRunner.java:761)
	at org.eclipse.jdt.internal.junit.runner.RemoteTestRunner.run(RemoteTestRunner.java:461)
	at org.eclipse.jdt.internal.junit.runner.RemoteTestRunner.main(RemoteTestRunner.java:207)
2017-12-27 00:05:46 [main] DEBUG o.s.o.h.HibernateTransactionManager - Found thread-bound Session [SessionImpl(PersistenceContext[entityKeys=[EntityKey[com.stackroute.activitystream.model.Message#29], EntityKey[com.stackroute.activitystream.model.User#john]],collectionKeys=[]];ActionQueue[insertions=ExecutableList{size=0} updates=ExecutableList{size=0} deletions=ExecutableList{size=1} orphanRemovals=ExecutableList{size=0} collectionCreations=ExecutableList{size=0} collectionRemovals=ExecutableList{size=0} collectionUpdates=ExecutableList{size=0} collectionQueuedOps=ExecutableList{size=0} unresolvedInsertDependencies=null])] for Hibernate transaction
2017-12-27 00:05:46 [main] DEBUG o.s.o.h.HibernateTransactionManager - Participating in existing transaction
2017-12-27 00:05:46 [main] DEBUG o.h.e.i.AbstractFlushingEventListener - Processing flush-time cascades
2017-12-27 00:05:46 [main] DEBUG o.h.e.i.AbstractFlushingEventListener - Dirty checking collections
2017-12-27 00:05:46 [main] DEBUG o.h.e.i.AbstractFlushingEventListener - Flushed: 0 insertions, 0 updates, 1 deletions to 2 objects
2017-12-27 00:05:46 [main] DEBUG o.h.e.i.AbstractFlushingEventListener - Flushed: 0 (re)creations, 0 updates, 0 removals to 0 collections
2017-12-27 00:05:46 [main] DEBUG o.h.internal.util.EntityPrinter - Listing entities:
2017-12-27 00:05:46 [main] DEBUG o.h.internal.util.EntityPrinter - com.stackroute.activitystream.model.Message{receiverId=null, streamType=text, sender=john, messageId=29, tag=null, message=Sample Message, circleName=Java, postedDate=null}
2017-12-27 00:05:46 [main] DEBUG o.h.internal.util.EntityPrinter - com.stackroute.activitystream.model.User{password=password, name=John, username=john}
2017-12-27 00:05:46 [main] DEBUG org.hibernate.SQL - select circle0_.circleName as circleNa1_0_, circle0_.createdDate as createdD2_0_, circle0_.creatorId as creatorI3_0_ from circle circle0_ where circle0_.circleName=?
2017-12-27 00:05:46 [main] DEBUG org.hibernate.loader.Loader - Result set row: 0
2017-12-27 00:05:46 [main] DEBUG org.hibernate.loader.Loader - Result row: EntityKey[com.stackroute.activitystream.model.Circle#Java]
2017-12-27 00:05:46 [main] DEBUG o.h.engine.internal.TwoPhaseLoad - Resolving associations for [com.stackroute.activitystream.model.Circle#Java]
2017-12-27 00:05:46 [main] DEBUG o.h.engine.internal.TwoPhaseLoad - Done materializing entity [com.stackroute.activitystream.model.Circle#Java]
2017-12-27 00:05:46 [main] DEBUG o.s.o.h.HibernateTransactionManager - Found thread-bound Session [SessionImpl(PersistenceContext[entityKeys=[EntityKey[com.stackroute.activitystream.model.Circle#Java], EntityKey[com.stackroute.activitystream.model.Message#29], EntityKey[com.stackroute.activitystream.model.User#john]],collectionKeys=[]];ActionQueue[insertions=ExecutableList{size=0} updates=ExecutableList{size=0} deletions=ExecutableList{size=1} orphanRemovals=ExecutableList{size=0} collectionCreations=ExecutableList{size=0} collectionRemovals=ExecutableList{size=0} collectionUpdates=ExecutableList{size=0} collectionQueuedOps=ExecutableList{size=0} unresolvedInsertDependencies=null])] for Hibernate transaction
2017-12-27 00:05:46 [main] DEBUG o.s.o.h.HibernateTransactionManager - Participating in existing transaction
2017-12-27 00:05:46 [main] DEBUG o.h.e.i.AbstractFlushingEventListener - Processing flush-time cascades
2017-12-27 00:05:46 [main] DEBUG o.h.e.i.AbstractFlushingEventListener - Dirty checking collections
2017-12-27 00:05:46 [main] DEBUG o.h.e.i.AbstractFlushingEventListener - Flushed: 0 insertions, 0 updates, 1 deletions to 3 objects
2017-12-27 00:05:46 [main] DEBUG o.h.e.i.AbstractFlushingEventListener - Flushed: 0 (re)creations, 0 updates, 0 removals to 0 collections
2017-12-27 00:05:46 [main] DEBUG o.h.internal.util.EntityPrinter - Listing entities:
2017-12-27 00:05:46 [main] DEBUG o.h.internal.util.EntityPrinter - com.stackroute.activitystream.model.Circle{createdDate=2017-12-27 00:05:46.0, creatorId=John, circleName=Java}
2017-12-27 00:05:46 [main] DEBUG o.h.internal.util.EntityPrinter - com.stackroute.activitystream.model.Message{receiverId=null, streamType=text, sender=john, messageId=29, tag=null, message=Sample Message, circleName=Java, postedDate=null}
2017-12-27 00:05:46 [main] DEBUG o.h.internal.util.EntityPrinter - com.stackroute.activitystream.model.User{password=password, name=John, username=john}
2017-12-27 00:05:46 [main] DEBUG org.hibernate.SQL - select circle0_.circleName as circleNa1_0_, circle0_.createdDate as createdD2_0_, circle0_.creatorId as creatorI3_0_ from circle circle0_ where circle0_.circleName=?
2017-12-27 00:05:46 [main] DEBUG org.hibernate.loader.Loader - Result set row: 0
2017-12-27 00:05:46 [main] DEBUG org.hibernate.loader.Loader - Result row: EntityKey[com.stackroute.activitystream.model.Circle#Java]
2017-12-27 00:05:46 [main] DEBUG o.s.t.a.AnnotationTransactionAttributeSource - Adding transactional method 'com.stackroute.activitystream.daoimpl.CircleDAOImpl.delete' with attribute: PROPAGATION_REQUIRED,ISOLATION_DEFAULT; ''
2017-12-27 00:05:46 [main] DEBUG o.s.o.h.HibernateTransactionManager - Found thread-bound Session [SessionImpl(PersistenceContext[entityKeys=[EntityKey[com.stackroute.activitystream.model.Circle#Java], EntityKey[com.stackroute.activitystream.model.Message#29], EntityKey[com.stackroute.activitystream.model.User#john]],collectionKeys=[]];ActionQueue[insertions=ExecutableList{size=0} updates=ExecutableList{size=0} deletions=ExecutableList{size=1} orphanRemovals=ExecutableList{size=0} collectionCreations=ExecutableList{size=0} collectionRemovals=ExecutableList{size=0} collectionUpdates=ExecutableList{size=0} collectionQueuedOps=ExecutableList{size=0} unresolvedInsertDependencies=null])] for Hibernate transaction
2017-12-27 00:05:46 [main] DEBUG o.s.o.h.HibernateTransactionManager - Participating in existing transaction
2017-12-27 00:05:46 [main] DEBUG o.s.o.h.HibernateTransactionManager - Found thread-bound Session [SessionImpl(PersistenceContext[entityKeys=[EntityKey[com.stackroute.activitystream.model.Circle#Java], EntityKey[com.stackroute.activitystream.model.Message#29], EntityKey[com.stackroute.activitystream.model.User#john]],collectionKeys=[]];ActionQueue[insertions=ExecutableList{size=0} updates=ExecutableList{size=0} deletions=ExecutableList{size=2} orphanRemovals=ExecutableList{size=0} collectionCreations=ExecutableList{size=0} collectionRemovals=ExecutableList{size=0} collectionUpdates=ExecutableList{size=0} collectionQueuedOps=ExecutableList{size=0} unresolvedInsertDependencies=null])] for Hibernate transaction
2017-12-27 00:05:46 [main] DEBUG o.s.o.h.HibernateTransactionManager - Participating in existing transaction
2017-12-27 00:05:46 [main] DEBUG o.h.h.i.ast.QueryTranslatorImpl - parse() - HQL: from com.stackroute.activitystream.model.UserCircle where userName = :userName and circleName = :circleName
2017-12-27 00:05:46 [main] DEBUG o.h.h.i.ast.QueryTranslatorImpl - --- HQL AST ---
 \-[QUERY] Node: 'query'
    +-[SELECT_FROM] Node: 'SELECT_FROM'
    |  \-[FROM] Node: 'from'
    |     \-[RANGE] Node: 'RANGE'
    |        \-[DOT] Node: '.'
    |           +-[DOT] Node: '.'
    |           |  +-[DOT] Node: '.'
    |           |  |  +-[DOT] Node: '.'
    |           |  |  |  +-[IDENT] Node: 'com'
    |           |  |  |  \-[IDENT] Node: 'stackroute'
    |           |  |  \-[IDENT] Node: 'activitystream'
    |           |  \-[IDENT] Node: 'model'
    |           \-[IDENT] Node: 'UserCircle'
    \-[WHERE] Node: 'where'
       \-[AND] Node: 'and'
          +-[EQ] Node: '='
          |  +-[IDENT] Node: 'userName'
          |  \-[COLON] Node: ':'
          |     \-[IDENT] Node: 'userName'
          \-[EQ] Node: '='
             +-[IDENT] Node: 'circleName'
             \-[COLON] Node: ':'
                \-[IDENT] Node: 'circleName'

2017-12-27 00:05:46 [main] DEBUG o.h.hql.internal.ast.ErrorCounter - throwQueryException() : no errors
2017-12-27 00:05:46 [main] DEBUG o.h.h.i.antlr.HqlSqlBaseWalker - select << begin [level=1, statement=select]
2017-12-27 00:05:46 [main] DEBUG o.h.h.internal.ast.tree.FromElement - FromClause{level=1} : com.stackroute.activitystream.model.UserCircle (<no alias>) -> usercircle0_
2017-12-27 00:05:46 [main] DEBUG o.h.h.i.ast.tree.FromReferenceNode - Resolved : {synthetic-alias} -> {synthetic-alias}
2017-12-27 00:05:46 [main] DEBUG o.h.hql.internal.ast.tree.DotNode - getDataType() : circleName -> org.hibernate.type.StringType@1a45193b
2017-12-27 00:05:46 [main] DEBUG o.h.h.i.ast.tree.FromReferenceNode - Resolved : {synthetic-alias}.circleName -> usercircle0_.circleName
2017-12-27 00:05:46 [main] DEBUG o.h.h.i.antlr.HqlSqlBaseWalker - select : finishing up [level=1, statement=select]
2017-12-27 00:05:46 [main] DEBUG o.h.hql.internal.ast.HqlSqlWalker - processQuery() :  ( SELECT ( FromClause{level=1} user_circle usercircle0_ ) ( where ( and ( = userName ? ) ( = ( usercircle0_.circleName {synthetic-alias} circleName ) ? ) ) ) )
