2017-12-27 00:05:34 [main] DEBUG o.h.c.annotations.SimpleValueBinder - Starting fillSimpleValue for streamType
2017-12-27 00:05:34 [main] DEBUG o.h.c.annotations.SimpleValueBinder - Starting fillSimpleValue for tag
2017-12-27 00:05:34 [main] DEBUG o.h.c.annotations.SimpleValueBinder - Starting fillSimpleValue for circleName
2017-12-27 00:05:34 [main] DEBUG o.h.c.annotations.SimpleValueBinder - Starting fillSimpleValue for createdDate
2017-12-27 00:05:34 [main] DEBUG o.h.c.annotations.SimpleValueBinder - Starting fillSimpleValue for creatorId
2017-12-27 00:05:34 [main] DEBUG o.h.c.annotations.SimpleValueBinder - Starting fillSimpleValue for username
2017-12-27 00:05:34 [main] DEBUG o.h.c.annotations.SimpleValueBinder - Starting fillSimpleValue for name
2017-12-27 00:05:34 [main] DEBUG o.h.c.annotations.SimpleValueBinder - Starting fillSimpleValue for password
2017-12-27 00:05:34 [main] DEBUG o.h.c.annotations.SimpleValueBinder - Starting fillSimpleValue for userCircleId
2017-12-27 00:05:34 [main] DEBUG o.h.c.annotations.SimpleValueBinder - Starting fillSimpleValue for circleName
2017-12-27 00:05:34 [main] DEBUG o.h.c.annotations.SimpleValueBinder - Starting fillSimpleValue for username
2017-12-27 00:05:34 [main] DEBUG o.h.c.annotations.SimpleValueBinder - Starting fillSimpleValue for userTagId
2017-12-27 00:05:34 [main] DEBUG o.h.c.annotations.SimpleValueBinder - Starting fillSimpleValue for tag
2017-12-27 00:05:34 [main] DEBUG o.h.c.annotations.SimpleValueBinder - Starting fillSimpleValue for username
2017-12-27 00:05:34 [main] DEBUG org.hibernate.mapping.PrimaryKey - Forcing column [messageid] to be non-null as it is part of the primary key for table [message]
2017-12-27 00:05:34 [main] DEBUG org.hibernate.mapping.PrimaryKey - Forcing column [circlename] to be non-null as it is part of the primary key for table [circle]
2017-12-27 00:05:34 [main] DEBUG org.hibernate.mapping.PrimaryKey - Forcing column [username] to be non-null as it is part of the primary key for table [user]
2017-12-27 00:05:34 [main] DEBUG org.hibernate.mapping.PrimaryKey - Forcing column [usercircleid] to be non-null as it is part of the primary key for table [user_circle]
2017-12-27 00:05:34 [main] DEBUG org.hibernate.mapping.PrimaryKey - Forcing column [usertagid] to be non-null as it is part of the primary key for table [user_tag]
2017-12-27 00:05:35 [main] DEBUG o.h.internal.SessionFactoryImpl - Building session factory
2017-12-27 00:05:35 [main] DEBUG org.hibernate.cfg.Settings - SessionFactory name : null
2017-12-27 00:05:35 [main] DEBUG org.hibernate.cfg.Settings - Automatic flush during beforeCompletion(): enabled
2017-12-27 00:05:35 [main] DEBUG org.hibernate.cfg.Settings - Automatic session close at end of transaction: disabled
2017-12-27 00:05:35 [main] DEBUG org.hibernate.cfg.Settings - Statistics: disabled
2017-12-27 00:05:35 [main] DEBUG org.hibernate.cfg.Settings - Deleted entity synthetic identifier rollback: disabled
2017-12-27 00:05:35 [main] DEBUG org.hibernate.cfg.Settings - Default entity-mode: pojo
2017-12-27 00:05:35 [main] DEBUG org.hibernate.cfg.Settings - Check Nullability in Core (should be disabled when Bean Validation is on): enabled
2017-12-27 00:05:35 [main] DEBUG org.hibernate.cfg.Settings - Allow initialization of lazy state outside session : disabled
2017-12-27 00:05:35 [main] DEBUG org.hibernate.cfg.Settings - Using BatchFetchStyle : LEGACY
2017-12-27 00:05:35 [main] DEBUG org.hibernate.cfg.Settings - Default batch fetch size: -1
2017-12-27 00:05:35 [main] DEBUG org.hibernate.cfg.Settings - Maximum outer join fetch depth: 2
2017-12-27 00:05:35 [main] DEBUG org.hibernate.cfg.Settings - Default null ordering: NONE
2017-12-27 00:05:35 [main] DEBUG org.hibernate.cfg.Settings - Order SQL updates by primary key: disabled
2017-12-27 00:05:35 [main] DEBUG org.hibernate.cfg.Settings - Order SQL inserts for batching: disabled
2017-12-27 00:05:35 [main] DEBUG org.hibernate.cfg.Settings - multi-tenancy strategy : NONE
2017-12-27 00:05:35 [main] DEBUG org.hibernate.cfg.Settings - JTA Track by Thread: enabled
2017-12-27 00:05:35 [main] DEBUG org.hibernate.cfg.Settings - Query language substitutions: {}
2017-12-27 00:05:35 [main] DEBUG org.hibernate.cfg.Settings - JPA query language strict compliance: disabled
2017-12-27 00:05:35 [main] DEBUG org.hibernate.cfg.Settings - Named query checking : enabled
2017-12-27 00:05:35 [main] DEBUG org.hibernate.cfg.Settings - Second-level cache: enabled
2017-12-27 00:05:35 [main] DEBUG org.hibernate.cfg.Settings - Second-level query cache: disabled
2017-12-27 00:05:35 [main] DEBUG org.hibernate.cfg.Settings - Second-level query cache factory: org.hibernate.cache.internal.StandardQueryCacheFactory@1adb7478
2017-12-27 00:05:35 [main] DEBUG org.hibernate.cfg.Settings - Second-level cache region prefix: null
2017-12-27 00:05:35 [main] DEBUG org.hibernate.cfg.Settings - Optimize second-level cache for minimal puts: disabled
2017-12-27 00:05:35 [main] DEBUG org.hibernate.cfg.Settings - Structured second-level cache entries: disabled
2017-12-27 00:05:35 [main] DEBUG org.hibernate.cfg.Settings - Second-level cache direct-reference entries: disabled
2017-12-27 00:05:35 [main] DEBUG org.hibernate.cfg.Settings - Automatic eviction of collection cache: disabled
2017-12-27 00:05:35 [main] DEBUG org.hibernate.cfg.Settings - JDBC batch size: 15
2017-12-27 00:05:35 [main] DEBUG org.hibernate.cfg.Settings - JDBC batch updates for versioned data: enabled
2017-12-27 00:05:35 [main] DEBUG org.hibernate.cfg.Settings - Scrollable result sets: enabled
2017-12-27 00:05:35 [main] DEBUG org.hibernate.cfg.Settings - Wrap result sets: disabled
2017-12-27 00:05:35 [main] DEBUG org.hibernate.cfg.Settings - JDBC3 getGeneratedKeys(): enabled
2017-12-27 00:05:35 [main] DEBUG org.hibernate.cfg.Settings - JDBC result set fetch size: null
2017-12-27 00:05:35 [main] DEBUG org.hibernate.cfg.Settings - Connection release mode: ON_CLOSE
2017-12-27 00:05:35 [main] DEBUG org.hibernate.cfg.Settings - Generate SQL with comments: disabled
2017-12-27 00:05:35 [main] DEBUG o.h.internal.SessionFactoryImpl - Session factory constructed with filter configurations : {}
2017-12-27 00:05:35 [main] DEBUG o.h.internal.SessionFactoryImpl - Instantiating session factory with properties: {sun.desktop=windows, awt.toolkit=sun.awt.windows.WToolkit, file.encoding.pkg=sun.io, java.specification.version=1.8, hibernate.connection.handling_mode=DELAYED_ACQUISITION_AND_HOLD, sun.cpu.isalist=amd64, sun.jnu.encoding=Cp1252, hibernate.dialect=org.hibernate.dialect.MySQL5Dialect, java.class.path=C:\Program Files\Java\jre1.8.0_152\lib\resources.jar;C:\Program Files\Java\jre1.8.0_152\lib\rt.jar;C:\Program Files\Java\jre1.8.0_152\lib\jsse.jar;C:\Program Files\Java\jre1.8.0_152\lib\jce.jar;C:\Program Files\Java\jre1.8.0_152\lib\charsets.jar;C:\Program Files\Java\jre1.8.0_152\lib\jfr.jar;C:\Program Files\Java\jre1.8.0_152\lib\ext\access-bridge-64.jar;C:\Program Files\Java\jre1.8.0_152\lib\ext\cldrdata.jar;C:\Program Files\Java\jre1.8.0_152\lib\ext\dnsns.jar;C:\Program Files\Java\jre1.8.0_152\lib\ext\jaccess.jar;C:\Program Files\Java\jre1.8.0_152\lib\ext\jfxrt.jar;C:\Program Files\Java\jre1.8.0_152\lib\ext\localedata.jar;C:\Program Files\Java\jre1.8.0_152\lib\ext\nashorn.jar;C:\Program Files\Java\jre1.8.0_152\lib\ext\sunec.jar;C:\Program Files\Java\jre1.8.0_152\lib\ext\sunjce_provider.jar;C:\Program Files\Java\jre1.8.0_152\lib\ext\sunmscapi.jar;C:\Program Files\Java\jre1.8.0_152\lib\ext\sunpkcs11.jar;C:\Program Files\Java\jre1.8.0_152\lib\ext\zipfs.jar;D:\Training\Activity Stream\assignment-solution-step3\target\test-classes;D:\Training\Activity Stream\assignment-solution-step3\target\classes;D:\Software\Apache\apache-tomcat-9.0.1\lib\annotations-api.jar;D:\Software\Apache\apache-tomcat-9.0.1\lib\catalina-ant.jar;D:\Software\Apache\apache-tomcat-9.0.1\lib\catalina-ha.jar;D:\Software\Apache\apache-tomcat-9.0.1\lib\catalina-storeconfig.jar;D:\Software\Apache\apache-tomcat-9.0.1\lib\catalina-tribes.jar;D:\Software\Apache\apache-tomcat-9.0.1\lib\catalina.jar;D:\Software\Apache\apache-tomcat-9.0.1\lib\ecj-4.6.3.jar;D:\Software\Apache\apache-tomcat-9.0.1\lib\el-api.jar;D:\Software\Apache\apache-tomcat-9.0.1\lib\jasper-el.jar;D:\Software\Apache\apache-tomcat-9.0.1\lib\jasper.jar;D:\Software\Apache\apache-tomcat-9.0.1\lib\jaspic-api.jar;D:\Software\Apache\apache-tomcat-9.0.1\lib\jsp-api.jar;D:\Software\Apache\apache-tomcat-9.0.1\lib\servlet-api.jar;D:\Software\Apache\apache-tomcat-9.0.1\lib\tomcat-api.jar;D:\Software\Apache\apache-tomcat-9.0.1\lib\tomcat-coyote.jar;D:\Software\Apache\apache-tomcat-9.0.1\lib\tomcat-dbcp.jar;D:\Software\Apache\apache-tomcat-9.0.1\lib\tomcat-i18n-es.jar;D:\Software\Apache\apache-tomcat-9.0.1\lib\tomcat-i18n-fr.jar;D:\Software\Apache\apache-tomcat-9.0.1\lib\tomcat-i18n-ja.jar;D:\Software\Apache\apache-tomcat-9.0.1\lib\tomcat-jdbc.jar;D:\Software\Apache\apache-tomcat-9.0.1\lib\tomcat-jni.jar;D:\Software\Apache\apache-tomcat-9.0.1\lib\tomcat-util-scan.jar;D:\Software\Apache\apache-tomcat-9.0.1\lib\tomcat-util.jar;D:\Software\Apache\apache-tomcat-9.0.1\lib\tomcat-websocket.jar;D:\Software\Apache\apache-tomcat-9.0.1\lib\websocket-api.jar;C:\Users\PRATIK\.m2\repository\junit\junit\4.12\junit-4.12.jar;C:\Users\PRATIK\.m2\repository\org\hamcrest\hamcrest-core\1.3\hamcrest-core-1.3.jar;C:\Users\PRATIK\.m2\repository\org\hibernate\hibernate-entitymanager\5.2.10.Final\hibernate-entitymanager-5.2.10.Final.jar;C:\Users\PRATIK\.m2\repository\org\jboss\logging\jboss-logging\3.3.0.Final\jboss-logging-3.3.0.Final.jar;C:\Users\PRATIK\.m2\repository\org\hibernate\hibernate-core\5.2.10.Final\hibernate-core-5.2.10.Final.jar;C:\Users\PRATIK\.m2\repository\antlr\antlr\2.7.7\antlr-2.7.7.jar;C:\Users\PRATIK\.m2\repository\org\jboss\jandex\2.0.3.Final\jandex-2.0.3.Final.jar;C:\Users\PRATIK\.m2\repository\com\fasterxml\classmate\1.3.0\classmate-1.3.0.jar;C:\Users\PRATIK\.m2\repository\dom4j\dom4j\1.6.1\dom4j-1.6.1.jar;C:\Users\PRATIK\.m2\repository\org\hibernate\common\hibernate-commons-annotations\5.0.1.Final\hibernate-commons-annotations-5.0.1.Final.jar;C:\Users\PRATIK\.m2\repository\org\hibernate\javax\persistence\hibernate-jpa-2.1-api\1.0.0.Final\hibernate-jpa-2.1-api-1.0.0.Final.jar;C:\Users\PRATIK\.m2\repository\org\javassist\javassist\3.20.0-GA\javassist-3.20.0-GA.jar;C:\Users\PRATIK\.m2\repository\net\bytebuddy\byte-buddy\1.6.6\byte-buddy-1.6.6.jar;C:\Users\PRATIK\.m2\repository\org\jboss\spec\javax\transaction\jboss-transaction-api_1.2_spec\1.0.1.Final\jboss-transaction-api_1.2_spec-1.0.1.Final.jar;C:\Users\PRATIK\.m2\repository\org\springframework\spring-context\5.0.2.RELEASE\spring-context-5.0.2.RELEASE.jar;C:\Users\PRATIK\.m2\repository\org\springframework\spring-aop\5.0.2.RELEASE\spring-aop-5.0.2.RELEASE.jar;C:\Users\PRATIK\.m2\repository\org\springframework\spring-beans\5.0.2.RELEASE\spring-beans-5.0.2.RELEASE.jar;C:\Users\PRATIK\.m2\repository\org\springframework\spring-core\5.0.2.RELEASE\spring-core-5.0.2.RELEASE.jar;C:\Users\PRATIK\.m2\repository\org\springframework\spring-jcl\5.0.2.RELEASE\spring-jcl-5.0.2.RELEASE.jar;C:\Users\PRATIK\.m2\repository\org\springframework\spring-expression\5.0.2.RELEASE\spring-expression-5.0.2.RELEASE.jar;C:\Users\PRATIK\.m2\repository\org\springframework\spring-webmvc\4.3.10.RELEASE\spring-webmvc-4.3.10.RELEASE.jar;C:\Users\PRATIK\.m2\repository\org\springframework\spring-web\4.3.10.RELEASE\spring-web-4.3.10.RELEASE.jar;C:\Users\PRATIK\.m2\repository\org\springframework\spring-orm\4.3.10.RELEASE\spring-orm-4.3.10.RELEASE.jar;C:\Users\PRATIK\.m2\repository\org\springframework\spring-jdbc\4.3.10.RELEASE\spring-jdbc-4.3.10.RELEASE.jar;C:\Users\PRATIK\.m2\repository\org\springframework\spring-tx\4.3.10.RELEASE\spring-tx-4.3.10.RELEASE.jar;C:\Users\PRATIK\.m2\repository\org\springframework\spring-test\4.3.10.RELEASE\spring-test-4.3.10.RELEASE.jar;C:\Users\PRATIK\.m2\repository\org\apache\commons\commons-dbcp2\2.1.1\commons-dbcp2-2.1.1.jar;C:\Users\PRATIK\.m2\repository\org\apache\commons\commons-pool2\2.4.2\commons-pool2-2.4.2.jar;C:\Users\PRATIK\.m2\repository\commons-logging\commons-logging\1.2\commons-logging-1.2.jar;C:\Users\PRATIK\.m2\repository\javax\servlet\javax.servlet-api\4.0.0\javax.servlet-api-4.0.0.jar;C:\Users\PRATIK\.m2\repository\mysql\mysql-connector-java\5.1.30\mysql-connector-java-5.1.30.jar;C:\Users\PRATIK\.m2\repository\com\fasterxml\jackson\core\jackson-databind\2.9.1\jackson-databind-2.9.1.jar;C:\Users\PRATIK\.m2\repository\com\fasterxml\jackson\core\jackson-annotations\2.9.0\jackson-annotations-2.9.0.jar;C:\Users\PRATIK\.m2\repository\com\fasterxml\jackson\core\jackson-core\2.9.1\jackson-core-2.9.1.jar;C:\Users\PRATIK\.m2\repository\javax\xml\bind\jaxb-api\2.1\jaxb-api-2.1.jar;C:\Users\PRATIK\.m2\repository\javax\xml\stream\stax-api\1.0-2\stax-api-1.0-2.jar;C:\Users\PRATIK\.m2\repository\javax\activation\activation\1.1\activation-1.1.jar;C:\Users\PRATIK\.m2\repository\com\sun\xml\bind\jaxb-impl\2.1.3\jaxb-impl-2.1.3.jar;C:\Users\PRATIK\.m2\repository\org\mockito\mockito-all\1.8.4\mockito-all-1.8.4.jar;C:\Users\PRATIK\.m2\repository\org\hamcrest\hamcrest-all\1.3\hamcrest-all-1.3.jar;C:\Users\PRATIK\.m2\repository\com\jayway\jsonpath\json-path-assert\2.4.0\json-path-assert-2.4.0.jar;C:\Users\PRATIK\.m2\repository\com\jayway\jsonpath\json-path\2.4.0\json-path-2.4.0.jar;C:\Users\PRATIK\.m2\repository\net\minidev\json-smart\2.3\json-smart-2.3.jar;C:\Users\PRATIK\.m2\repository\net\minidev\accessors-smart\1.2\accessors-smart-1.2.jar;C:\Users\PRATIK\.m2\repository\org\ow2\asm\asm\5.0.4\asm-5.0.4.jar;C:\Users\PRATIK\.m2\repository\org\hamcrest\hamcrest-library\1.3\hamcrest-library-1.3.jar;C:\Users\PRATIK\.m2\repository\org\aspectj\aspectjweaver\1.8.13\aspectjweaver-1.8.13.jar;C:\Users\PRATIK\.m2\repository\org\slf4j\slf4j-api\1.7.25\slf4j-api-1.7.25.jar;C:\Users\PRATIK\.m2\repository\ch\qos\logback\logback-classic\1.2.3\logback-classic-1.2.3.jar;C:\Users\PRATIK\.m2\repository\ch\qos\logback\logback-core\1.2.3\logback-core-1.2.3.jar;D:\Software\SpringToolSuite\sts-bundle\sts-3.9.1.RELEASE\configuration\org.eclipse.osgi\309\0\.cp;D:\Software\SpringToolSuite\sts-bundle\sts-3.9.1.RELEASE\configuration\org.eclipse.osgi\308\0\.cp, java.vm.vendor=Oracle Corporation, sun.arch.data.model=64, user.variant=, java.vendor.url=http://java.oracle.com/, user.timezone=Asia/Calcutta, os.name=Windows 10, java.vm.specification.version=1.8, user.country=US, sun.java.launcher=SUN_STANDARD, sun.boot.library.path=C:\Program Files\Java\jre1.8.0_152\bin, sun.java.command=org.eclipse.jdt.internal.junit.runner.RemoteTestRunner -version 3 -port 54733 -testLoaderClass org.eclipse.jdt.internal.junit4.runner.JUnit4TestLoader -loaderpluginname org.eclipse.jdt.junit4.runtime -testNameFile C:\Users\PRATIK\AppData\Local\Temp\testNames1937847954776487456.txt, sun.cpu.endian=little, user.home=C:\Users\PRATIK, user.language=en, java.specification.vendor=Oracle Corporation, java.home=C:\Program Files\Java\jre1.8.0_152, file.separator=\, line.separator=
, java.vm.specification.vendor=Oracle Corporation, java.specification.name=Java Platform API Specification, java.awt.graphicsenv=sun.awt.Win32GraphicsEnvironment, sun.boot.class.path=C:\Program Files\Java\jre1.8.0_152\lib\resources.jar;C:\Program Files\Java\jre1.8.0_152\lib\rt.jar;C:\Program Files\Java\jre1.8.0_152\lib\sunrsasign.jar;C:\Program Files\Java\jre1.8.0_152\lib\jsse.jar;C:\Program Files\Java\jre1.8.0_152\lib\jce.jar;C:\Program Files\Java\jre1.8.0_152\lib\charsets.jar;C:\Program Files\Java\jre1.8.0_152\lib\jfr.jar;C:\Program Files\Java\jre1.8.0_152\classes, hibernate.hbm2ddl.auto=update, user.script=, sun.management.compiler=HotSpot 64-Bit Tiered Compilers, java.runtime.version=1.8.0_152-b16, user.name=PRATIK, path.separator=;, os.version=10.0, java.endorsed.dirs=C:\Program Files\Java\jre1.8.0_152\lib\endorsed, java.runtime.name=Java(TM) SE Runtime Environment, file.encoding=Cp1252, java.vm.name=Java HotSpot(TM) 64-Bit Server VM, hibernate.show_sql=true, hibernate.classLoaders=[sun.misc.Launcher$AppClassLoader@7b23ec81], hibernate.current_session_context_class=org.springframework.orm.hibernate5.SpringSessionContext, java.vendor.url.bug=http://bugreport.sun.com/bugreport/, java.io.tmpdir=C:\Users\PRATIK\AppData\Local\Temp\, java.version=1.8.0_152, user.dir=D:\Training\Activity Stream\assignment-solution-step3, os.arch=amd64, java.vm.specification.name=Java Virtual Machine Specification, java.awt.printerjob=sun.awt.windows.WPrinterJob, sun.os.patch.level=, hibernate.boot.CfgXmlAccessService.key=org.hibernate.boot.cfgxml.spi.LoadedConfig@5b5caf08, java.library.path=C:\Program Files\Java\jre1.8.0_152\bin;C:\Windows\Sun\Java\bin;C:\Windows\system32;C:\Windows;C:/Program Files/Java/jre1.8.0_152/bin/server;C:/Program Files/Java/jre1.8.0_152/bin;C:/Program Files/Java/jre1.8.0_152/lib/amd64;C:\ProgramData\Oracle\Java\javapath;C:\Windows\system32;C:\Windows;C:\Windows\System32\Wbem;C:\Windows\System32\WindowsPowerShell\v1.0\;C:\Strawberry\c\bin;C:\Strawberry\perl\site\bin;C:\Strawberry\perl\bin;C:\Users\PRATIK\AppData\Local\Microsoft\WindowsApps;C:\adb;C:\Program Files (x86)\Git\cmd;C:\Program Files\MySQL\MySQL Utilities 1.6\;D:\Software\MAVEN\apache-maven-3.5.2\bin;%CATALINA_HOME%\bin;C:\Users\PRATIK\AppData\Local\Microsoft\WindowsApps;;D:\Software\SpringToolSuite\sts-bundle\sts-3.9.1.RELEASE;;., java.vm.info=mixed mode, java.vendor=Oracle Corporation, java.vm.version=25.152-b16, hibernate.bytecode.use_reflection_optimizer=false, hibernate.connection.datasource=org.apache.commons.dbcp2.BasicDataSource@37e4d7bb, java.ext.dirs=C:\Program Files\Java\jre1.8.0_152\lib\ext;C:\Windows\Sun\Java\lib\ext, sun.io.unicode.encoding=UnicodeLittle, java.class.version=52.0}
2017-12-27 00:05:35 [main] DEBUG o.h.secure.spi.JaccIntegrator - Skipping JACC integration as it was not enabled
2017-12-27 00:05:35 [main] DEBUG o.h.internal.SessionFactoryImpl - Instantiated session factory
2017-12-27 00:05:35 [main] DEBUG o.h.b.internal.ClassLoaderAccessImpl - Not known whether passed class name [com.stackroute.activitystream.model.Circle] is safe
2017-12-27 00:05:35 [main] DEBUG o.h.b.internal.ClassLoaderAccessImpl - No temp ClassLoader provided; using live ClassLoader for loading potentially unsafe class : com.stackroute.activitystream.model.Circle
2017-12-27 00:05:35 [main] DEBUG o.h.b.internal.ClassLoaderAccessImpl - Not known whether passed class name [com.stackroute.activitystream.model.Circle] is safe
2017-12-27 00:05:35 [main] DEBUG o.h.b.internal.ClassLoaderAccessImpl - No temp ClassLoader provided; using live ClassLoader for loading potentially unsafe class : com.stackroute.activitystream.model.Circle
2017-12-27 00:05:35 [main] DEBUG o.h.b.internal.ClassLoaderAccessImpl - Not known whether passed class name [com.stackroute.activitystream.model.Message] is safe
