2017-12-27 19:07:10 [main] DEBUG o.s.t.c.w.ServletTestExecutionListener - Setting up MockHttpServletRequest, MockHttpServletResponse, ServletWebRequest, and RequestContextHolder for test context [DefaultTestContext@4a9b92c6 testClass = CircleTest, testInstance = com.stackroute.activitystream.test.CircleTest@4d20616a, testMethod = [null], testException = [null], mergedContextConfiguration = [WebMergedContextConfiguration@6eed46e9 testClass = CircleTest, locations = '{}', classes = '{class com.stackroute.activitystream.config.ApplicationContextConfig}', contextInitializerClasses = '[]', activeProfiles = '{}', propertySourceLocations = '{}', propertySourceProperties = '{}', contextCustomizers = set[org.springframework.test.context.web.socket.MockServerContainerContextCustomizer@33b37288], resourceBasePath = 'src/main/webapp', contextLoader = 'org.springframework.test.context.web.WebDelegatingSmartContextLoader', parent = [null]]].
2017-12-27 19:07:10 [main] DEBUG o.s.t.c.s.DependencyInjectionTestExecutionListener - Performing dependency injection for test context [[DefaultTestContext@4a9b92c6 testClass = CircleTest, testInstance = com.stackroute.activitystream.test.CircleTest@4d20616a, testMethod = [null], testException = [null], mergedContextConfiguration = [WebMergedContextConfiguration@6eed46e9 testClass = CircleTest, locations = '{}', classes = '{class com.stackroute.activitystream.config.ApplicationContextConfig}', contextInitializerClasses = '[]', activeProfiles = '{}', propertySourceLocations = '{}', propertySourceProperties = '{}', contextCustomizers = set[org.springframework.test.context.web.socket.MockServerContainerContextCustomizer@33b37288], resourceBasePath = 'src/main/webapp', contextLoader = 'org.springframework.test.context.web.WebDelegatingSmartContextLoader', parent = [null]]]].
2017-12-27 19:07:10 [main] DEBUG o.s.t.c.c.DefaultCacheAwareContextLoaderDelegate - Retrieved ApplicationContext from cache with key [[WebMergedContextConfiguration@6eed46e9 testClass = CircleTest, locations = '{}', classes = '{class com.stackroute.activitystream.config.ApplicationContextConfig}', contextInitializerClasses = '[]', activeProfiles = '{}', propertySourceLocations = '{}', propertySourceProperties = '{}', contextCustomizers = set[org.springframework.test.context.web.socket.MockServerContainerContextCustomizer@33b37288], resourceBasePath = 'src/main/webapp', contextLoader = 'org.springframework.test.context.web.WebDelegatingSmartContextLoader', parent = [null]]]
2017-12-27 19:07:10 [main] DEBUG o.springframework.test.context.cache - Spring test ApplicationContext cache statistics: [DefaultContextCache@5922d3e9 size = 1, maxSize = 32, parentContextCount = 0, hitCount = 122, missCount = 1]
2017-12-27 19:07:10 [main] DEBUG o.s.b.f.annotation.InjectionMetadata - Processing injected element of bean 'com.stackroute.activitystream.test.CircleTest': AutowiredFieldElement for private com.stackroute.activitystream.dao.UserDAO com.stackroute.activitystream.test.CircleTest.userDAO
2017-12-27 19:07:10 [main] DEBUG o.s.core.annotation.AnnotationUtils - Failed to meta-introspect annotation [interface org.springframework.beans.factory.annotation.Autowired]: java.lang.IllegalArgumentException: Annotation must not be null
2017-12-27 19:07:10 [main] DEBUG o.s.b.f.s.DefaultListableBeanFactory - Returning cached instance of singleton bean 'userDAO'
2017-12-27 19:07:10 [main] DEBUG o.s.b.f.a.AutowiredAnnotationBeanPostProcessor - Autowiring by type from bean name 'com.stackroute.activitystream.test.CircleTest' to bean named 'userDAO'
2017-12-27 19:07:10 [main] DEBUG o.s.b.f.annotation.InjectionMetadata - Processing injected element of bean 'com.stackroute.activitystream.test.CircleTest': AutowiredFieldElement for private com.stackroute.activitystream.dao.CircleDAO com.stackroute.activitystream.test.CircleTest.circleDAO
2017-12-27 19:07:10 [main] DEBUG o.s.core.annotation.AnnotationUtils - Failed to meta-introspect annotation [interface org.springframework.beans.factory.annotation.Autowired]: java.lang.IllegalArgumentException: Annotation must not be null
2017-12-27 19:07:10 [main] DEBUG o.s.b.f.s.DefaultListableBeanFactory - Returning cached instance of singleton bean 'circleDAO'
2017-12-27 19:07:10 [main] DEBUG o.s.b.f.a.AutowiredAnnotationBeanPostProcessor - Autowiring by type from bean name 'com.stackroute.activitystream.test.CircleTest' to bean named 'circleDAO'
2017-12-27 19:07:10 [main] DEBUG o.s.b.f.annotation.InjectionMetadata - Processing injected element of bean 'com.stackroute.activitystream.test.CircleTest': AutowiredFieldElement for private com.stackroute.activitystream.model.Circle com.stackroute.activitystream.test.CircleTest.circle
2017-12-27 19:07:10 [main] DEBUG o.s.core.annotation.AnnotationUtils - Failed to meta-introspect annotation [interface org.springframework.beans.factory.annotation.Autowired]: java.lang.IllegalArgumentException: Annotation must not be null
2017-12-27 19:07:10 [main] DEBUG o.s.b.f.s.DefaultListableBeanFactory - Returning cached instance of singleton bean 'circle'
2017-12-27 19:07:10 [main] DEBUG o.s.b.f.a.AutowiredAnnotationBeanPostProcessor - Autowiring by type from bean name 'com.stackroute.activitystream.test.CircleTest' to bean named 'circle'
2017-12-27 19:07:10 [main] DEBUG o.s.b.f.s.DefaultListableBeanFactory - Returning cached instance of singleton bean 'org.springframework.transaction.config.internalTransactionAdvisor'
2017-12-27 19:07:10 [main] DEBUG o.s.b.f.s.DefaultListableBeanFactory - Returning cached instance of singleton bean 'org.springframework.transaction.config.internalTransactionAdvisor'
2017-12-27 19:07:10 [main] DEBUG o.s.t.a.AnnotationTransactionAttributeSource - Adding transactional method 'com.stackroute.activitystream.test.CircleTest.setup' with attribute: PROPAGATION_REQUIRED,ISOLATION_DEFAULT
2017-12-27 19:07:10 [main] DEBUG o.s.a.a.a.AnnotationAwareAspectJAutoProxyCreator - Creating implicit proxy for bean 'com.stackroute.activitystream.test.CircleTest' with 0 common interceptors and 1 specific interceptors
2017-12-27 19:07:10 [main] DEBUG o.s.aop.framework.CglibAopProxy - Creating CGLIB proxy: target source is SingletonTargetSource for target object [com.stackroute.activitystream.test.CircleTest@4d20616a]
2017-12-27 19:07:10 [main] DEBUG o.s.aop.framework.CglibAopProxy - Unable to apply any optimizations to advised method: public void com.stackroute.activitystream.test.CircleTest.setup()
2017-12-27 19:07:10 [main] DEBUG o.s.t.a.AnnotationTransactionAttributeSource - Adding transactional method 'com.stackroute.activitystream.test.CircleTest.teardown' with attribute: PROPAGATION_REQUIRED,ISOLATION_DEFAULT
2017-12-27 19:07:10 [main] DEBUG o.s.aop.framework.CglibAopProxy - Unable to apply any optimizations to advised method: public void com.stackroute.activitystream.test.CircleTest.teardown()
2017-12-27 19:07:10 [main] DEBUG o.s.t.a.AnnotationTransactionAttributeSource - Adding transactional method 'com.stackroute.activitystream.test.CircleTest.testCreateCircle' with attribute: PROPAGATION_REQUIRED,ISOLATION_DEFAULT
2017-12-27 19:07:10 [main] DEBUG o.s.aop.framework.CglibAopProxy - Unable to apply any optimizations to advised method: public void com.stackroute.activitystream.test.CircleTest.testCreateCircle()
2017-12-27 19:07:10 [main] DEBUG o.s.t.a.AnnotationTransactionAttributeSource - Adding transactional method 'com.stackroute.activitystream.test.CircleTest.testGetAllCircles' with attribute: PROPAGATION_REQUIRED,ISOLATION_DEFAULT
2017-12-27 19:07:10 [main] DEBUG o.s.aop.framework.CglibAopProxy - Unable to apply any optimizations to advised method: public void com.stackroute.activitystream.test.CircleTest.testGetAllCircles()
2017-12-27 19:07:10 [main] DEBUG o.s.t.a.AnnotationTransactionAttributeSource - Adding transactional method 'com.stackroute.activitystream.test.CircleTest.testCreateCircleDuplicateFailure' with attribute: PROPAGATION_REQUIRED,ISOLATION_DEFAULT
2017-12-27 19:07:10 [main] DEBUG o.s.aop.framework.CglibAopProxy - Unable to apply any optimizations to advised method: public void com.stackroute.activitystream.test.CircleTest.testCreateCircleDuplicateFailure()
2017-12-27 19:07:10 [main] DEBUG o.s.t.a.AnnotationTransactionAttributeSource - Adding transactional method 'com.stackroute.activitystream.test.CircleTest.testGetAllCirclesWithSearchString' with attribute: PROPAGATION_REQUIRED,ISOLATION_DEFAULT
2017-12-27 19:07:10 [main] DEBUG o.s.aop.framework.CglibAopProxy - Unable to apply any optimizations to advised method: public void com.stackroute.activitystream.test.CircleTest.testGetAllCirclesWithSearchString()
2017-12-27 19:07:10 [main] DEBUG o.s.t.a.AnnotationTransactionAttributeSource - Adding transactional method 'com.stackroute.activitystream.test.CircleTest.testCreateCircleInvalidCreatorFailure' with attribute: PROPAGATION_REQUIRED,ISOLATION_DEFAULT
2017-12-27 19:07:10 [main] DEBUG o.s.aop.framework.CglibAopProxy - Unable to apply any optimizations to advised method: public void com.stackroute.activitystream.test.CircleTest.testCreateCircleInvalidCreatorFailure()
2017-12-27 19:07:10 [main] DEBUG o.s.t.a.AnnotationTransactionAttributeSource - Adding transactional method 'com.stackroute.activitystream.test.CircleTest.testGetAllCirclesWithSearchStringFailure' with attribute: PROPAGATION_REQUIRED,ISOLATION_DEFAULT
2017-12-27 19:07:10 [main] DEBUG o.s.aop.framework.CglibAopProxy - Unable to apply any optimizations to advised method: public void com.stackroute.activitystream.test.CircleTest.testGetAllCirclesWithSearchStringFailure()
2017-12-27 19:07:10 [main] DEBUG o.s.aop.framework.CglibAopProxy - Found 'equals' method: public boolean java.lang.Object.equals(java.lang.Object)
2017-12-27 19:07:10 [main] DEBUG o.s.aop.framework.CglibAopProxy - Unable to apply any optimizations to advised method: public java.lang.String java.lang.Object.toString()
2017-12-27 19:07:10 [main] DEBUG o.s.aop.framework.CglibAopProxy - Found 'hashCode' method: public native int java.lang.Object.hashCode()
2017-12-27 19:07:10 [main] DEBUG o.s.aop.framework.CglibAopProxy - Unable to apply any optimizations to advised method: protected native java.lang.Object java.lang.Object.clone() throws java.lang.CloneNotSupportedException
2017-12-27 19:07:10 [main] DEBUG o.s.aop.framework.CglibAopProxy - Method is declared on Advised interface: public abstract int org.springframework.aop.framework.Advised.indexOf(org.springframework.aop.Advisor)
2017-12-27 19:07:10 [main] DEBUG o.s.aop.framework.CglibAopProxy - Method is declared on Advised interface: public abstract int org.springframework.aop.framework.Advised.indexOf(org.aopalliance.aop.Advice)
2017-12-27 19:07:10 [main] DEBUG o.s.aop.framework.CglibAopProxy - Method is declared on Advised interface: public abstract boolean org.springframework.aop.framework.Advised.isFrozen()
2017-12-27 19:07:10 [main] DEBUG o.s.aop.framework.CglibAopProxy - Method is declared on Advised interface: public abstract void org.springframework.aop.framework.Advised.setTargetSource(org.springframework.aop.TargetSource)
2017-12-27 19:07:10 [main] DEBUG o.s.aop.framework.CglibAopProxy - Method is declared on Advised interface: public abstract void org.springframework.aop.framework.Advised.setExposeProxy(boolean)
2017-12-27 19:07:10 [main] DEBUG o.s.aop.framework.CglibAopProxy - Method is declared on Advised interface: public abstract org.springframework.aop.TargetSource org.springframework.aop.framework.Advised.getTargetSource()
2017-12-27 19:07:10 [main] DEBUG o.s.aop.framework.CglibAopProxy - Method is declared on Advised interface: public abstract void org.springframework.aop.framework.Advised.setPreFiltered(boolean)
2017-12-27 19:07:10 [main] DEBUG o.s.aop.framework.CglibAopProxy - Method is declared on Advised interface: public abstract boolean org.springframework.aop.framework.Advised.isExposeProxy()
2017-12-27 19:07:10 [main] DEBUG o.s.aop.framework.CglibAopProxy - Method is declared on Advised interface: public abstract void org.springframework.aop.framework.Advised.addAdvice(int,org.aopalliance.aop.Advice) throws org.springframework.aop.framework.AopConfigException
2017-12-27 19:07:10 [main] DEBUG o.s.aop.framework.CglibAopProxy - Method is declared on Advised interface: public abstract void org.springframework.aop.framework.Advised.addAdvice(org.aopalliance.aop.Advice) throws org.springframework.aop.framework.AopConfigException
2017-12-27 19:07:10 [main] DEBUG o.s.aop.framework.CglibAopProxy - Method is declared on Advised interface: public abstract boolean org.springframework.aop.framework.Advised.removeAdvice(org.aopalliance.aop.Advice)
2017-12-27 19:07:10 [main] DEBUG o.s.aop.framework.CglibAopProxy - Method is declared on Advised interface: public abstract boolean org.springframework.aop.framework.Advised.isPreFiltered()
2017-12-27 19:07:10 [main] DEBUG o.s.aop.framework.CglibAopProxy - Method is declared on Advised interface: public abstract boolean org.springframework.aop.framework.Advised.replaceAdvisor(org.springframework.aop.Advisor,org.springframework.aop.Advisor) throws org.springframework.aop.framework.AopConfigException
2017-12-27 19:07:10 [main] DEBUG o.s.aop.framework.CglibAopProxy - Method is declared on Advised interface: public abstract void org.springframework.aop.framework.Advised.addAdvisor(int,org.springframework.aop.Advisor) throws org.springframework.aop.framework.AopConfigException
2017-12-27 19:07:10 [main] DEBUG o.s.aop.framework.CglibAopProxy - Method is declared on Advised interface: public abstract void org.springframework.aop.framework.Advised.addAdvisor(org.springframework.aop.Advisor) throws org.springframework.aop.framework.AopConfigException
2017-12-27 19:07:10 [main] DEBUG o.s.aop.framework.CglibAopProxy - Method is declared on Advised interface: public abstract boolean org.springframework.aop.framework.Advised.removeAdvisor(org.springframework.aop.Advisor)
2017-12-27 19:07:10 [main] DEBUG o.s.aop.framework.CglibAopProxy - Method is declared on Advised interface: public abstract void org.springframework.aop.framework.Advised.removeAdvisor(int) throws org.springframework.aop.framework.AopConfigException
2017-12-27 19:07:10 [main] DEBUG o.s.aop.framework.CglibAopProxy - Method is declared on Advised interface: public abstract org.springframework.aop.Advisor[] org.springframework.aop.framework.Advised.getAdvisors()
2017-12-27 19:07:10 [main] DEBUG o.s.aop.framework.CglibAopProxy - Method is declared on Advised interface: public abstract java.lang.Class[] org.springframework.aop.framework.Advised.getProxiedInterfaces()
2017-12-27 19:07:10 [main] DEBUG o.s.aop.framework.CglibAopProxy - Method is declared on Advised interface: public abstract boolean org.springframework.aop.framework.Advised.isInterfaceProxied(java.lang.Class)
2017-12-27 19:07:10 [main] DEBUG o.s.aop.framework.CglibAopProxy - Method is declared on Advised interface: public abstract java.lang.String org.springframework.aop.framework.Advised.toProxyConfigString()
2017-12-27 19:07:10 [main] DEBUG o.s.aop.framework.CglibAopProxy - Method is declared on Advised interface: public abstract boolean org.springframework.aop.framework.Advised.isProxyTargetClass()
2017-12-27 19:07:10 [main] DEBUG o.s.aop.framework.CglibAopProxy - Method is declared on Advised interface: public abstract java.lang.Class org.springframework.aop.TargetClassAware.getTargetClass()
2017-12-27 19:07:10 [main] DEBUG o.s.t.c.s.AbstractDirtiesContextTestExecutionListener - Before test method: context [DefaultTestContext@4a9b92c6 testClass = CircleTest, testInstance = com.stackroute.activitystream.test.CircleTest@4d20616a, testMethod = testGetAllCirclesWithSearchString@CircleTest, testException = [null], mergedContextConfiguration = [WebMergedContextConfiguration@6eed46e9 testClass = CircleTest, locations = '{}', classes = '{class com.stackroute.activitystream.config.ApplicationContextConfig}', contextInitializerClasses = '[]', activeProfiles = '{}', propertySourceLocations = '{}', propertySourceProperties = '{}', contextCustomizers = set[org.springframework.test.context.web.socket.MockServerContainerContextCustomizer@33b37288], resourceBasePath = 'src/main/webapp', contextLoader = 'org.springframework.test.context.web.WebDelegatingSmartContextLoader', parent = [null]]], class annotated with @DirtiesContext [false] with mode [null], method annotated with @DirtiesContext [false] with mode [null].
2017-12-27 19:07:10 [main] DEBUG o.s.t.a.AnnotationTransactionAttributeSource - Adding transactional method 'com.stackroute.activitystream.test.CircleTest.testGetAllCirclesWithSearchString' with attribute: PROPAGATION_REQUIRED,ISOLATION_DEFAULT
2017-12-27 19:07:10 [main] DEBUG o.s.t.c.t.TransactionalTestExecutionListener - Explicit transaction definition [PROPAGATION_REQUIRED,ISOLATION_DEFAULT] found for test context [DefaultTestContext@4a9b92c6 testClass = CircleTest, testInstance = com.stackroute.activitystream.test.CircleTest@4d20616a, testMethod = testGetAllCirclesWithSearchString@CircleTest, testException = [null], mergedContextConfiguration = [WebMergedContextConfiguration@6eed46e9 testClass = CircleTest, locations = '{}', classes = '{class com.stackroute.activitystream.config.ApplicationContextConfig}', contextInitializerClasses = '[]', activeProfiles = '{}', propertySourceLocations = '{}', propertySourceProperties = '{}', contextCustomizers = set[org.springframework.test.context.web.socket.MockServerContainerContextCustomizer@33b37288], resourceBasePath = 'src/main/webapp', contextLoader = 'org.springframework.test.context.web.WebDelegatingSmartContextLoader', parent = [null]]]
2017-12-27 19:07:10 [main] DEBUG o.s.t.c.t.TransactionalTestExecutionListener - Retrieved @TransactionConfiguration [null] for test class [com.stackroute.activitystream.test.CircleTest].
2017-12-27 19:07:10 [main] DEBUG o.s.t.c.t.TransactionalTestExecutionListener - Using TransactionConfigurationAttributes [TransactionConfigurationAttributes@2bab618 transactionManagerName = '', defaultRollback = true] for test class [com.stackroute.activitystream.test.CircleTest].
2017-12-27 19:07:10 [main] DEBUG o.s.t.c.c.DefaultCacheAwareContextLoaderDelegate - Retrieved ApplicationContext from cache with key [[WebMergedContextConfiguration@6eed46e9 testClass = CircleTest, locations = '{}', classes = '{class com.stackroute.activitystream.config.ApplicationContextConfig}', contextInitializerClasses = '[]', activeProfiles = '{}', propertySourceLocations = '{}', propertySourceProperties = '{}', contextCustomizers = set[org.springframework.test.context.web.socket.MockServerContainerContextCustomizer@33b37288], resourceBasePath = 'src/main/webapp', contextLoader = 'org.springframework.test.context.web.WebDelegatingSmartContextLoader', parent = [null]]]
2017-12-27 19:07:10 [main] DEBUG o.springframework.test.context.cache - Spring test ApplicationContext cache statistics: [DefaultContextCache@5922d3e9 size = 1, maxSize = 32, parentContextCount = 0, hitCount = 123, missCount = 1]
2017-12-27 19:07:10 [main] DEBUG o.s.b.f.s.DefaultListableBeanFactory - Returning cached instance of singleton bean 'transactionManager'
2017-12-27 19:07:10 [main] DEBUG o.s.t.c.t.TransactionalTestExecutionListener - No method-level @Rollback override: using default rollback [true] for test context [DefaultTestContext@4a9b92c6 testClass = CircleTest, testInstance = com.stackroute.activitystream.test.CircleTest@4d20616a, testMethod = testGetAllCirclesWithSearchString@CircleTest, testException = [null], mergedContextConfiguration = [WebMergedContextConfiguration@6eed46e9 testClass = CircleTest, locations = '{}', classes = '{class com.stackroute.activitystream.config.ApplicationContextConfig}', contextInitializerClasses = '[]', activeProfiles = '{}', propertySourceLocations = '{}', propertySourceProperties = '{}', contextCustomizers = set[org.springframework.test.context.web.socket.MockServerContainerContextCustomizer@33b37288], resourceBasePath = 'src/main/webapp', contextLoader = 'org.springframework.test.context.web.WebDelegatingSmartContextLoader', parent = [null]]].
2017-12-27 19:07:10 [main] DEBUG o.s.o.h.HibernateTransactionManager - Creating new transaction with name [com.stackroute.activitystream.test.CircleTest.testGetAllCirclesWithSearchString]: PROPAGATION_REQUIRED,ISOLATION_DEFAULT
2017-12-27 19:07:10 [main] DEBUG o.s.o.h.HibernateTransactionManager - Opened new Session [SessionImpl(PersistenceContext[entityKeys=[],collectionKeys=[]];ActionQueue[insertions=ExecutableList{size=0} updates=ExecutableList{size=0} deletions=ExecutableList{size=0} orphanRemovals=ExecutableList{size=0} collectionCreations=ExecutableList{size=0} collectionRemovals=ExecutableList{size=0} collectionUpdates=ExecutableList{size=0} collectionQueuedOps=ExecutableList{size=0} unresolvedInsertDependencies=null])] for Hibernate transaction
2017-12-27 19:07:10 [main] DEBUG o.s.o.h.HibernateTransactionManager - Preparing JDBC Connection of Hibernate Session [SessionImpl(PersistenceContext[entityKeys=[],collectionKeys=[]];ActionQueue[insertions=ExecutableList{size=0} updates=ExecutableList{size=0} deletions=ExecutableList{size=0} orphanRemovals=ExecutableList{size=0} collectionCreations=ExecutableList{size=0} collectionRemovals=ExecutableList{size=0} collectionUpdates=ExecutableList{size=0} collectionQueuedOps=ExecutableList{size=0} unresolvedInsertDependencies=null])]
2017-12-27 19:07:10 [main] DEBUG o.s.o.h.HibernateTransactionManager - Exposing Hibernate transaction as JDBC transaction [2109182431, URL=jdbc:mysql://localhost:3306/activitystream_step3, UserName=root@localhost, MySQL Connector Java]
2017-12-27 19:07:10 [main] INFO  o.s.t.c.t.TransactionContext - Began transaction (1) for test context [DefaultTestContext@4a9b92c6 testClass = CircleTest, testInstance = com.stackroute.activitystream.test.CircleTest@4d20616a, testMethod = testGetAllCirclesWithSearchString@CircleTest, testException = [null], mergedContextConfiguration = [WebMergedContextConfiguration@6eed46e9 testClass = CircleTest, locations = '{}', classes = '{class com.stackroute.activitystream.config.ApplicationContextConfig}', contextInitializerClasses = '[]', activeProfiles = '{}', propertySourceLocations = '{}', propertySourceProperties = '{}', contextCustomizers = set[org.springframework.test.context.web.socket.MockServerContainerContextCustomizer@33b37288], resourceBasePath = 'src/main/webapp', contextLoader = 'org.springframework.test.context.web.WebDelegatingSmartContextLoader', parent = [null]]]; transaction manager [org.springframework.orm.hibernate5.HibernateTransactionManager@3206174f]; rollback [true]
2017-12-27 19:07:10 [main] DEBUG o.s.o.h.HibernateTransactionManager - Found thread-bound Session [SessionImpl(PersistenceContext[entityKeys=[],collectionKeys=[]];ActionQueue[insertions=ExecutableList{size=0} updates=ExecutableList{size=0} deletions=ExecutableList{size=0} orphanRemovals=ExecutableList{size=0} collectionCreations=ExecutableList{size=0} collectionRemovals=ExecutableList{size=0} collectionUpdates=ExecutableList{size=0} collectionQueuedOps=ExecutableList{size=0} unresolvedInsertDependencies=null])] for Hibernate transaction
2017-12-27 19:07:10 [main] DEBUG o.s.o.h.HibernateTransactionManager - Participating in existing transaction
2017-12-27 19:07:10 [main] DEBUG c.s.a.aspect.DAOLoggingAspect - Method Name : get
2017-12-27 19:07:10 [main] DEBUG c.s.a.aspect.DAOLoggingAspect - Method arguments : [john]
2017-12-27 19:07:10 [main] DEBUG c.s.a.aspect.DAOLoggingAspect - Method Name : get
2017-12-27 19:07:10 [main] DEBUG c.s.a.aspect.DAOLoggingAspect - Method arguments : [john]
2017-12-27 19:07:10 [main] DEBUG o.s.o.h.HibernateTransactionManager - Found thread-bound Session [SessionImpl(PersistenceContext[entityKeys=[],collectionKeys=[]];ActionQueue[insertions=ExecutableList{size=0} updates=ExecutableList{size=0} deletions=ExecutableList{size=0} orphanRemovals=ExecutableList{size=0} collectionCreations=ExecutableList{size=0} collectionRemovals=ExecutableList{size=0} collectionUpdates=ExecutableList{size=0} collectionQueuedOps=ExecutableList{size=0} unresolvedInsertDependencies=null])] for Hibernate transaction
2017-12-27 19:07:10 [main] DEBUG o.s.o.h.HibernateTransactionManager - Participating in existing transaction
2017-12-27 19:07:10 [main] DEBUG c.s.a.aspect.DAOLoggingAspect - Method Name : get
2017-12-27 19:07:10 [main] DEBUG c.s.a.aspect.DAOLoggingAspect - Method arguments : [Java]
2017-12-27 19:07:10 [main] DEBUG c.s.a.aspect.DAOLoggingAspect - Method Name : get
2017-12-27 19:07:10 [main] DEBUG c.s.a.aspect.DAOLoggingAspect - Method arguments : [Java]
2017-12-27 19:07:10 [main] DEBUG o.s.o.h.HibernateTransactionManager - Found thread-bound Session [SessionImpl(PersistenceContext[entityKeys=[],collectionKeys=[]];ActionQueue[insertions=ExecutableList{size=0} updates=ExecutableList{size=0} deletions=ExecutableList{size=0} orphanRemovals=ExecutableList{size=0} collectionCreations=ExecutableList{size=0} collectionRemovals=ExecutableList{size=0} collectionUpdates=ExecutableList{size=0} collectionQueuedOps=ExecutableList{size=0} unresolvedInsertDependencies=null])] for Hibernate transaction
2017-12-27 19:07:10 [main] DEBUG o.s.o.h.HibernateTransactionManager - Participating in existing transaction
2017-12-27 19:07:10 [main] DEBUG c.s.a.aspect.DAOLoggingAspect - Method Name : save
2017-12-27 19:07:10 [main] DEBUG c.s.a.aspect.DAOLoggingAspect - Method arguments : [com.stackroute.activitystream.model.User@5f935d49]
2017-12-27 19:07:10 [main] DEBUG c.s.a.aspect.DAOLoggingAspect - Method Name : save
2017-12-27 19:07:10 [main] DEBUG c.s.a.aspect.DAOLoggingAspect - Method arguments : [com.stackroute.activitystream.model.User@5f935d49]
2017-12-27 19:07:10 [main] DEBUG o.s.o.h.HibernateTransactionManager - Found thread-bound Session [SessionImpl(PersistenceContext[entityKeys=[EntityKey[com.stackroute.activitystream.model.User#john]],collectionKeys=[]];ActionQueue[insertions=ExecutableList{size=0} updates=ExecutableList{size=0} deletions=ExecutableList{size=0} orphanRemovals=ExecutableList{size=0} collectionCreations=ExecutableList{size=0} collectionRemovals=ExecutableList{size=0} collectionUpdates=ExecutableList{size=0} collectionQueuedOps=ExecutableList{size=0} unresolvedInsertDependencies=null])] for Hibernate transaction
2017-12-27 19:07:10 [main] DEBUG o.s.o.h.HibernateTransactionManager - Participating in existing transaction
2017-12-27 19:07:10 [main] DEBUG c.s.a.aspect.DAOLoggingAspect - Method Name : save
2017-12-27 19:07:10 [main] DEBUG c.s.a.aspect.DAOLoggingAspect - Method arguments : [com.stackroute.activitystream.model.Circle@30d5e37c]
2017-12-27 19:07:10 [main] DEBUG c.s.a.aspect.DAOLoggingAspect - Method Name : save
2017-12-27 19:07:10 [main] DEBUG c.s.a.aspect.DAOLoggingAspect - Method arguments : [com.stackroute.activitystream.model.Circle@30d5e37c]
2017-12-27 19:07:10 [main] DEBUG o.s.o.h.HibernateTransactionManager - Found thread-bound Session [SessionImpl(PersistenceContext[entityKeys=[EntityKey[com.stackroute.activitystream.model.User#john]],collectionKeys=[]];ActionQueue[insertions=ExecutableList{size=0} updates=ExecutableList{size=0} deletions=ExecutableList{size=0} orphanRemovals=ExecutableList{size=0} collectionCreations=ExecutableList{size=0} collectionRemovals=ExecutableList{size=0} collectionUpdates=ExecutableList{size=0} collectionQueuedOps=ExecutableList{size=0} unresolvedInsertDependencies=null])] for Hibernate transaction
2017-12-27 19:07:10 [main] DEBUG o.s.o.h.HibernateTransactionManager - Participating in existing transaction
2017-12-27 19:07:10 [main] DEBUG c.s.a.aspect.DAOLoggingAspect - Method Name : get
2017-12-27 19:07:10 [main] DEBUG c.s.a.aspect.DAOLoggingAspect - Method arguments : [John]
2017-12-27 19:07:10 [main] DEBUG c.s.a.aspect.DAOLoggingAspect - Method Name : get
2017-12-27 19:07:10 [main] DEBUG c.s.a.aspect.DAOLoggingAspect - Method arguments : [John]
2017-12-27 19:07:10 [main] DEBUG o.s.o.h.HibernateTransactionManager - Found thread-bound Session [SessionImpl(PersistenceContext[entityKeys=[EntityKey[com.stackroute.activitystream.model.User#john]],collectionKeys=[]];ActionQueue[insertions=ExecutableList{size=0} updates=ExecutableList{size=0} deletions=ExecutableList{size=0} orphanRemovals=ExecutableList{size=0} collectionCreations=ExecutableList{size=0} collectionRemovals=ExecutableList{size=0} collectionUpdates=ExecutableList{size=0} collectionQueuedOps=ExecutableList{size=0} unresolvedInsertDependencies=null])] for Hibernate transaction
2017-12-27 19:07:10 [main] DEBUG o.s.o.h.HibernateTransactionManager - Participating in existing transaction
2017-12-27 19:07:10 [main] DEBUG c.s.a.aspect.DAOLoggingAspect - Method Name : get
2017-12-27 19:07:10 [main] DEBUG c.s.a.aspect.DAOLoggingAspect - Method arguments : [Java]
2017-12-27 19:07:10 [main] DEBUG c.s.a.aspect.DAOLoggingAspect - Method Name : get
2017-12-27 19:07:10 [main] DEBUG c.s.a.aspect.DAOLoggingAspect - Method arguments : [Java]
2017-12-27 19:07:10 [main] DEBUG o.s.o.h.HibernateTransactionManager - Found thread-bound Session [SessionImpl(PersistenceContext[entityKeys=[EntityKey[com.stackroute.activitystream.model.Circle#Java]],collectionKeys=[]];ActionQueue[insertions=ExecutableList{size=0} updates=ExecutableList{size=0} deletions=ExecutableList{size=0} orphanRemovals=ExecutableList{size=0} collectionCreations=ExecutableList{size=0} collectionRemovals=ExecutableList{size=0} collectionUpdates=ExecutableList{size=0} collectionQueuedOps=ExecutableList{size=0} unresolvedInsertDependencies=null])] for Hibernate transaction
2017-12-27 19:07:10 [main] DEBUG o.s.o.h.HibernateTransactionManager - Participating in existing transaction
2017-12-27 19:07:10 [main] DEBUG c.s.a.aspect.DAOLoggingAspect - Method Name : getAllCircles
2017-12-27 19:07:10 [main] DEBUG c.s.a.aspect.DAOLoggingAspect - Method arguments : [Java]
2017-12-27 19:07:10 [main] DEBUG c.s.a.aspect.DAOLoggingAspect - Method Name : getAllCircles
2017-12-27 19:07:10 [main] DEBUG c.s.a.aspect.DAOLoggingAspect - Method arguments : [Java]
2017-12-27 19:07:10 [main] DEBUG o.s.o.h.HibernateTransactionManager - Found thread-bound Session [SessionImpl(PersistenceContext[entityKeys=[EntityKey[com.stackroute.activitystream.model.Circle#Java]],collectionKeys=[]];ActionQueue[insertions=ExecutableList{size=0} updates=ExecutableList{size=0} deletions=ExecutableList{size=0} orphanRemovals=ExecutableList{size=0} collectionCreations=ExecutableList{size=0} collectionRemovals=ExecutableList{size=0} collectionUpdates=ExecutableList{size=0} collectionQueuedOps=ExecutableList{size=0} unresolvedInsertDependencies=null])] for Hibernate transaction
2017-12-27 19:07:10 [main] DEBUG o.s.o.h.HibernateTransactionManager - Participating in existing transaction
2017-12-27 19:07:10 [main] DEBUG c.s.a.aspect.DAOLoggingAspect - Method Name : get
2017-12-27 19:07:10 [main] DEBUG c.s.a.aspect.DAOLoggingAspect - Method arguments : [john]
2017-12-27 19:07:10 [main] DEBUG c.s.a.aspect.DAOLoggingAspect - Method Name : get
2017-12-27 19:07:10 [main] DEBUG c.s.a.aspect.DAOLoggingAspect - Method arguments : [john]
2017-12-27 19:07:10 [main] DEBUG o.s.o.h.HibernateTransactionManager - Found thread-bound Session [SessionImpl(PersistenceContext[entityKeys=[EntityKey[com.stackroute.activitystream.model.Circle#Java], EntityKey[com.stackroute.activitystream.model.User#john]],collectionKeys=[]];ActionQueue[insertions=ExecutableList{size=0} updates=ExecutableList{size=0} deletions=ExecutableList{size=0} orphanRemovals=ExecutableList{size=0} collectionCreations=ExecutableList{size=0} collectionRemovals=ExecutableList{size=0} collectionUpdates=ExecutableList{size=0} collectionQueuedOps=ExecutableList{size=0} unresolvedInsertDependencies=null])] for Hibernate transaction
2017-12-27 19:07:10 [main] DEBUG o.s.o.h.HibernateTransactionManager - Participating in existing transaction
2017-12-27 19:07:10 [main] DEBUG c.s.a.aspect.DAOLoggingAspect - Method Name : get
