2017-12-27 12:48:24 [main] DEBUG o.s.b.f.s.DefaultListableBeanFactory - Returning cached instance of singleton bean 'org.springframework.transaction.config.internalTransactionAdvisor'
2017-12-27 12:48:24 [main] DEBUG o.s.b.f.s.DefaultListableBeanFactory - Returning cached instance of singleton bean 'org.springframework.transaction.config.internalTransactionAdvisor'
2017-12-27 12:48:24 [main] DEBUG o.s.b.f.s.DefaultListableBeanFactory - Finished creating instance of bean 'userTag'
2017-12-27 12:48:24 [main] DEBUG o.s.b.f.s.DefaultListableBeanFactory - Creating shared instance of singleton bean 'org.springframework.web.servlet.config.annotation.DelegatingWebMvcConfiguration'
2017-12-27 12:48:24 [main] DEBUG o.s.b.f.s.DefaultListableBeanFactory - Creating instance of bean 'org.springframework.web.servlet.config.annotation.DelegatingWebMvcConfiguration'
2017-12-27 12:48:24 [main] DEBUG o.s.b.f.s.DefaultListableBeanFactory - Returning cached instance of singleton bean 'org.springframework.transaction.config.internalTransactionAdvisor'
2017-12-27 12:48:24 [main] DEBUG o.s.b.f.annotation.InjectionMetadata - Registered injected element on class [org.springframework.web.servlet.config.annotation.DelegatingWebMvcConfiguration$$EnhancerBySpringCGLIB$$31a201a7]: AutowiredMethodElement for public void org.springframework.web.servlet.config.annotation.DelegatingWebMvcConfiguration.setConfigurers(java.util.List)
2017-12-27 12:48:24 [main] DEBUG o.s.b.f.s.DefaultListableBeanFactory - Eagerly caching bean 'org.springframework.web.servlet.config.annotation.DelegatingWebMvcConfiguration' to allow for resolving potential circular references
2017-12-27 12:48:24 [main] DEBUG o.s.b.f.annotation.InjectionMetadata - Processing injected element of bean 'org.springframework.web.servlet.config.annotation.DelegatingWebMvcConfiguration': AutowiredMethodElement for public void org.springframework.web.servlet.config.annotation.DelegatingWebMvcConfiguration.setConfigurers(java.util.List)
2017-12-27 12:48:24 [main] DEBUG o.s.b.f.s.DefaultListableBeanFactory - Returning cached instance of singleton bean 'org.springframework.transaction.config.internalTransactionAdvisor'
2017-12-27 12:48:24 [main] DEBUG o.s.b.f.s.DefaultListableBeanFactory - Returning cached instance of singleton bean 'org.springframework.transaction.config.internalTransactionAdvisor'
2017-12-27 12:48:24 [main] DEBUG o.s.b.f.s.DefaultListableBeanFactory - Finished creating instance of bean 'org.springframework.web.servlet.config.annotation.DelegatingWebMvcConfiguration'
2017-12-27 12:48:24 [main] DEBUG o.s.b.f.s.DefaultListableBeanFactory - Creating shared instance of singleton bean 'requestMappingHandlerMapping'
2017-12-27 12:48:24 [main] DEBUG o.s.b.f.s.DefaultListableBeanFactory - Creating instance of bean 'requestMappingHandlerMapping'
2017-12-27 12:48:24 [main] DEBUG o.s.b.f.s.DefaultListableBeanFactory - Returning cached instance of singleton bean 'org.springframework.transaction.config.internalTransactionAdvisor'
2017-12-27 12:48:24 [main] DEBUG o.s.b.f.s.DefaultListableBeanFactory - Returning cached instance of singleton bean 'org.springframework.web.servlet.config.annotation.DelegatingWebMvcConfiguration'
2017-12-27 12:48:24 [main] DEBUG o.s.b.f.s.DefaultListableBeanFactory - Creating shared instance of singleton bean 'mvcConversionService'
2017-12-27 12:48:24 [main] DEBUG o.s.b.f.s.DefaultListableBeanFactory - Creating instance of bean 'mvcConversionService'
2017-12-27 12:48:24 [main] DEBUG o.s.b.f.s.DefaultListableBeanFactory - Returning cached instance of singleton bean 'org.springframework.transaction.config.internalTransactionAdvisor'
2017-12-27 12:48:24 [main] DEBUG o.s.b.f.s.DefaultListableBeanFactory - Returning cached instance of singleton bean 'org.springframework.web.servlet.config.annotation.DelegatingWebMvcConfiguration'
2017-12-27 12:48:24 [main] DEBUG o.s.b.f.s.DefaultListableBeanFactory - Eagerly caching bean 'mvcConversionService' to allow for resolving potential circular references
2017-12-27 12:48:24 [main] DEBUG o.s.b.f.s.DefaultListableBeanFactory - Returning cached instance of singleton bean 'org.springframework.transaction.config.internalTransactionAdvisor'
2017-12-27 12:48:24 [main] DEBUG o.s.b.f.s.DefaultListableBeanFactory - Returning cached instance of singleton bean 'org.springframework.transaction.config.internalTransactionAdvisor'
2017-12-27 12:48:24 [main] DEBUG o.s.b.f.s.DefaultListableBeanFactory - Finished creating instance of bean 'mvcConversionService'
2017-12-27 12:48:24 [main] DEBUG o.s.b.f.s.DefaultListableBeanFactory - Creating shared instance of singleton bean 'mvcResourceUrlProvider'
2017-12-27 12:48:24 [main] DEBUG o.s.b.f.s.DefaultListableBeanFactory - Creating instance of bean 'mvcResourceUrlProvider'
2017-12-27 12:48:24 [main] DEBUG o.s.b.f.s.DefaultListableBeanFactory - Returning cached instance of singleton bean 'org.springframework.transaction.config.internalTransactionAdvisor'
2017-12-27 12:48:24 [main] DEBUG o.s.b.f.s.DefaultListableBeanFactory - Returning cached instance of singleton bean 'org.springframework.web.servlet.config.annotation.DelegatingWebMvcConfiguration'
2017-12-27 12:48:24 [main] DEBUG o.s.b.f.s.DefaultListableBeanFactory - Eagerly caching bean 'mvcResourceUrlProvider' to allow for resolving potential circular references
2017-12-27 12:48:24 [main] DEBUG o.s.b.f.s.DefaultListableBeanFactory - Returning cached instance of singleton bean 'org.springframework.transaction.config.internalTransactionAdvisor'
2017-12-27 12:48:24 [main] DEBUG o.s.b.f.s.DefaultListableBeanFactory - Returning cached instance of singleton bean 'org.springframework.transaction.config.internalTransactionAdvisor'
2017-12-27 12:48:24 [main] DEBUG o.s.b.f.s.DefaultListableBeanFactory - Finished creating instance of bean 'mvcResourceUrlProvider'
2017-12-27 12:48:24 [main] DEBUG o.s.b.f.s.DefaultListableBeanFactory - Creating shared instance of singleton bean 'mvcContentNegotiationManager'
2017-12-27 12:48:24 [main] DEBUG o.s.b.f.s.DefaultListableBeanFactory - Creating instance of bean 'mvcContentNegotiationManager'
2017-12-27 12:48:24 [main] DEBUG o.s.b.f.s.DefaultListableBeanFactory - Returning cached instance of singleton bean 'org.springframework.transaction.config.internalTransactionAdvisor'
2017-12-27 12:48:24 [main] DEBUG o.s.b.f.s.DefaultListableBeanFactory - Returning cached instance of singleton bean 'org.springframework.web.servlet.config.annotation.DelegatingWebMvcConfiguration'
2017-12-27 12:48:24 [main] DEBUG o.s.b.f.s.DefaultListableBeanFactory - Eagerly caching bean 'mvcContentNegotiationManager' to allow for resolving potential circular references
2017-12-27 12:48:24 [main] DEBUG o.s.b.f.s.DefaultListableBeanFactory - Returning cached instance of singleton bean 'org.springframework.transaction.config.internalTransactionAdvisor'
2017-12-27 12:48:24 [main] DEBUG o.s.b.f.s.DefaultListableBeanFactory - Returning cached instance of singleton bean 'org.springframework.transaction.config.internalTransactionAdvisor'
2017-12-27 12:48:24 [main] DEBUG o.s.b.f.s.DefaultListableBeanFactory - Finished creating instance of bean 'mvcContentNegotiationManager'
2017-12-27 12:48:24 [main] DEBUG o.s.b.f.s.DefaultListableBeanFactory - Eagerly caching bean 'requestMappingHandlerMapping' to allow for resolving potential circular references
2017-12-27 12:48:24 [main] DEBUG o.s.b.f.s.DefaultListableBeanFactory - Invoking afterPropertiesSet() on bean with name 'requestMappingHandlerMapping'
2017-12-27 12:48:24 [main] DEBUG o.s.w.s.m.m.a.RequestMappingHandlerMapping - Looking for request mappings in application context: org.springframework.web.context.support.GenericWebApplicationContext@47542153: startup date [Wed Dec 27 12:48:16 IST 2017]; root of context hierarchy
2017-12-27 12:48:24 [main] DEBUG o.s.w.s.m.m.a.RequestMappingHandlerMapping - 3 request handler methods found on class com.stackroute.activitystream.controller.CircleController: {public org.springframework.http.ResponseEntity com.stackroute.activitystream.controller.CircleController.getAllCircles(javax.servlet.http.HttpSession)={[/api/circle],methods=[GET]}, public org.springframework.http.ResponseEntity com.stackroute.activitystream.controller.CircleController.getAllCirclesBasedOnSearchCriteria(java.lang.String,javax.servlet.http.HttpSession)={[/api/circle/search/{searchString}],methods=[GET]}, public org.springframework.http.ResponseEntity com.stackroute.activitystream.controller.CircleController.createCircle(com.stackroute.activitystream.model.Circle,javax.servlet.http.HttpSession)={[/api/circle],methods=[POST],produces=[application/json;charset=UTF-8]}}
2017-12-27 12:48:24 [main] INFO  o.s.w.s.m.m.a.RequestMappingHandlerMapping - Mapped "{[/api/circle],methods=[GET]}" onto public org.springframework.http.ResponseEntity<java.util.List<com.stackroute.activitystream.model.Circle>> com.stackroute.activitystream.controller.CircleController.getAllCircles(javax.servlet.http.HttpSession)
2017-12-27 12:48:24 [main] INFO  o.s.w.s.m.m.a.RequestMappingHandlerMapping - Mapped "{[/api/circle/search/{searchString}],methods=[GET]}" onto public org.springframework.http.ResponseEntity<java.util.List<com.stackroute.activitystream.model.Circle>> com.stackroute.activitystream.controller.CircleController.getAllCirclesBasedOnSearchCriteria(java.lang.String,javax.servlet.http.HttpSession)
2017-12-27 12:48:24 [main] INFO  o.s.w.s.m.m.a.RequestMappingHandlerMapping - Mapped "{[/api/circle],methods=[POST],produces=[application/json;charset=UTF-8]}" onto public org.springframework.http.ResponseEntity<com.stackroute.activitystream.model.Circle> com.stackroute.activitystream.controller.CircleController.createCircle(com.stackroute.activitystream.model.Circle,javax.servlet.http.HttpSession)
2017-12-27 12:48:24 [main] DEBUG o.s.w.s.m.m.a.RequestMappingHandlerMapping - 9 request handler methods found on class com.stackroute.activitystream.controller.MessageController: {private org.springframework.http.ResponseEntity com.stackroute.activitystream.controller.MessageController.sendMessageToCircle(java.lang.String,com.stackroute.activitystream.model.Message,javax.servlet.http.HttpSession)={[/api/message/sendMessageToCircle/{circleName}],methods=[POST]}, private org.springframework.http.ResponseEntity com.stackroute.activitystream.controller.MessageController.sendMessageToUser(java.lang.String,com.stackroute.activitystream.model.Message,javax.servlet.http.HttpSession)={[/api/message/sendMessageToUser/{receiverId}],methods=[POST]}, private org.springframework.http.ResponseEntity com.stackroute.activitystream.controller.MessageController.showMessagesWithTag(java.lang.String,int,javax.servlet.http.HttpSession)={[/api/message/showMessagesWithTag/{tag}/{pageNumber}],methods=[GET]}, private org.springframework.http.ResponseEntity com.stackroute.activitystream.controller.MessageController.listAllTags(javax.servlet.http.HttpSession)={[/api/message/listAllTags],methods=[GET]}, private org.springframework.http.ResponseEntity com.stackroute.activitystream.controller.MessageController.subscribe(java.lang.String,java.lang.String,javax.servlet.http.HttpSession)={[/api/message/subscribe/{username}/{tag}],methods=[PUT]}, private org.springframework.http.ResponseEntity com.stackroute.activitystream.controller.MessageController.searchTag(java.lang.String,javax.servlet.http.HttpSession)={[/api/message/tags/search/user/{username}],methods=[GET]}, private org.springframework.http.ResponseEntity com.stackroute.activitystream.controller.MessageController.unsubscribe(java.lang.String,java.lang.String,javax.servlet.http.HttpSession)={[/api/message/unsubscribe/{username}/{tag}],methods=[PUT]}, private org.springframework.http.ResponseEntity com.stackroute.activitystream.controller.MessageController.getMessagesByUser(java.lang.String,java.lang.String,int,javax.servlet.http.HttpSession)={[/api/message/getMessagesByUser/{senderUsername}/{receiverUserName}/{pageNumber}],methods=[GET]}, private org.springframework.http.ResponseEntity com.stackroute.activitystream.controller.MessageController.getMessagesByCircle(java.lang.String,int,javax.servlet.http.HttpSession)={[/api/message/getMessagesByCircle/{circleName}/{pageNumber}],methods=[GET]}}
2017-12-27 12:48:24 [main] INFO  o.s.w.s.m.m.a.RequestMappingHandlerMapping - Mapped "{[/api/message/sendMessageToCircle/{circleName}],methods=[POST]}" onto private org.springframework.http.ResponseEntity<com.stackroute.activitystream.model.Message> com.stackroute.activitystream.controller.MessageController.sendMessageToCircle(java.lang.String,com.stackroute.activitystream.model.Message,javax.servlet.http.HttpSession)
2017-12-27 12:48:24 [main] INFO  o.s.w.s.m.m.a.RequestMappingHandlerMapping - Mapped "{[/api/message/sendMessageToUser/{receiverId}],methods=[POST]}" onto private org.springframework.http.ResponseEntity<com.stackroute.activitystream.model.Message> com.stackroute.activitystream.controller.MessageController.sendMessageToUser(java.lang.String,com.stackroute.activitystream.model.Message,javax.servlet.http.HttpSession)
2017-12-27 12:48:24 [main] INFO  o.s.w.s.m.m.a.RequestMappingHandlerMapping - Mapped "{[/api/message/showMessagesWithTag/{tag}/{pageNumber}],methods=[GET]}" onto private org.springframework.http.ResponseEntity<java.util.List<com.stackroute.activitystream.model.Message>> com.stackroute.activitystream.controller.MessageController.showMessagesWithTag(java.lang.String,int,javax.servlet.http.HttpSession)
2017-12-27 12:48:24 [main] INFO  o.s.w.s.m.m.a.RequestMappingHandlerMapping - Mapped "{[/api/message/listAllTags],methods=[GET]}" onto private org.springframework.http.ResponseEntity<java.util.List<java.lang.String>> com.stackroute.activitystream.controller.MessageController.listAllTags(javax.servlet.http.HttpSession)
2017-12-27 12:48:24 [main] INFO  o.s.w.s.m.m.a.RequestMappingHandlerMapping - Mapped "{[/api/message/subscribe/{username}/{tag}],methods=[PUT]}" onto private org.springframework.http.ResponseEntity<com.stackroute.activitystream.model.UserTag> com.stackroute.activitystream.controller.MessageController.subscribe(java.lang.String,java.lang.String,javax.servlet.http.HttpSession)
2017-12-27 12:48:24 [main] INFO  o.s.w.s.m.m.a.RequestMappingHandlerMapping - Mapped "{[/api/message/tags/search/user/{username}],methods=[GET]}" onto private org.springframework.http.ResponseEntity<java.util.List<java.lang.String>> com.stackroute.activitystream.controller.MessageController.searchTag(java.lang.String,javax.servlet.http.HttpSession)
2017-12-27 12:48:24 [main] INFO  o.s.w.s.m.m.a.RequestMappingHandlerMapping - Mapped "{[/api/message/unsubscribe/{username}/{tag}],methods=[PUT]}" onto private org.springframework.http.ResponseEntity<com.stackroute.activitystream.model.UserTag> com.stackroute.activitystream.controller.MessageController.unsubscribe(java.lang.String,java.lang.String,javax.servlet.http.HttpSession)
2017-12-27 12:48:24 [main] INFO  o.s.w.s.m.m.a.RequestMappingHandlerMapping - Mapped "{[/api/message/getMessagesByUser/{senderUsername}/{receiverUserName}/{pageNumber}],methods=[GET]}" onto private org.springframework.http.ResponseEntity<java.util.List<com.stackroute.activitystream.model.Message>> com.stackroute.activitystream.controller.MessageController.getMessagesByUser(java.lang.String,java.lang.String,int,javax.servlet.http.HttpSession)
2017-12-27 12:48:24 [main] INFO  o.s.w.s.m.m.a.RequestMappingHandlerMapping - Mapped "{[/api/message/getMessagesByCircle/{circleName}/{pageNumber}],methods=[GET]}" onto private org.springframework.http.ResponseEntity<java.util.List<com.stackroute.activitystream.model.Message>> com.stackroute.activitystream.controller.MessageController.getMessagesByCircle(java.lang.String,int,javax.servlet.http.HttpSession)
2017-12-27 12:48:24 [main] DEBUG o.s.w.s.m.m.a.RequestMappingHandlerMapping - 2 request handler methods found on class com.stackroute.activitystream.controller.UserAuthController: {public org.springframework.http.ResponseEntity com.stackroute.activitystream.controller.UserAuthController.validate(com.stackroute.activitystream.model.User,javax.servlet.http.HttpSession)={[/api/authenticate],methods=[POST]}, public org.springframework.http.ResponseEntity com.stackroute.activitystream.controller.UserAuthController.logout(javax.servlet.http.HttpSession)={[/api/logout],methods=[PUT]}}
2017-12-27 12:48:24 [main] INFO  o.s.w.s.m.m.a.RequestMappingHandlerMapping - Mapped "{[/api/authenticate],methods=[POST]}" onto public org.springframework.http.ResponseEntity<com.stackroute.activitystream.model.User> com.stackroute.activitystream.controller.UserAuthController.validate(com.stackroute.activitystream.model.User,javax.servlet.http.HttpSession)
2017-12-27 12:48:24 [main] INFO  o.s.w.s.m.m.a.RequestMappingHandlerMapping - Mapped "{[/api/logout],methods=[PUT]}" onto public org.springframework.http.ResponseEntity<com.stackroute.activitystream.model.User> com.stackroute.activitystream.controller.UserAuthController.logout(javax.servlet.http.HttpSession)
2017-12-27 12:48:24 [main] DEBUG o.s.w.s.m.m.a.RequestMappingHandlerMapping - 3 request handler methods found on class com.stackroute.activitystream.controller.UserCircleController: {private org.springframework.http.ResponseEntity com.stackroute.activitystream.controller.UserCircleController.searchByUser(java.lang.String,javax.servlet.http.HttpSession)={[/api/usercircle/searchByUser/{username}],methods=[GET]}, private org.springframework.http.ResponseEntity com.stackroute.activitystream.controller.UserCircleController.addToCircle(java.lang.String,java.lang.String,javax.servlet.http.HttpSession)={[/api/usercircle/addToCircle/{username}/{circleName}],methods=[PUT]}, private org.springframework.http.ResponseEntity com.stackroute.activitystream.controller.UserCircleController.removeFromCircle(java.lang.String,java.lang.String,javax.servlet.http.HttpSession)={[/api/usercircle/removeFromCircle/{username}/{circleName}],methods=[PUT]}}
2017-12-27 12:48:24 [main] INFO  o.s.w.s.m.m.a.RequestMappingHandlerMapping - Mapped "{[/api/usercircle/searchByUser/{username}],methods=[GET]}" onto private org.springframework.http.ResponseEntity<java.util.List<java.lang.String>> com.stackroute.activitystream.controller.UserCircleController.searchByUser(java.lang.String,javax.servlet.http.HttpSession)
2017-12-27 12:48:24 [main] INFO  o.s.w.s.m.m.a.RequestMappingHandlerMapping - Mapped "{[/api/usercircle/addToCircle/{username}/{circleName}],methods=[PUT]}" onto private org.springframework.http.ResponseEntity<com.stackroute.activitystream.model.UserCircle> com.stackroute.activitystream.controller.UserCircleController.addToCircle(java.lang.String,java.lang.String,javax.servlet.http.HttpSession)
2017-12-27 12:48:24 [main] INFO  o.s.w.s.m.m.a.RequestMappingHandlerMapping - Mapped "{[/api/usercircle/removeFromCircle/{username}/{circleName}],methods=[PUT]}" onto private org.springframework.http.ResponseEntity<com.stackroute.activitystream.model.UserCircle> com.stackroute.activitystream.controller.UserCircleController.removeFromCircle(java.lang.String,java.lang.String,javax.servlet.http.HttpSession)
2017-12-27 12:48:24 [main] DEBUG o.s.w.s.m.m.a.RequestMappingHandlerMapping - 4 request handler methods found on class com.stackroute.activitystream.controller.UserController: {public org.springframework.http.ResponseEntity com.stackroute.activitystream.controller.UserController.registerUser(com.stackroute.activitystream.model.User)={[/api/user],methods=[POST]}, public org.springframework.http.ResponseEntity com.stackroute.activitystream.controller.UserController.updateUser(java.lang.String,com.stackroute.activitystream.model.User,javax.servlet.http.HttpSession)={[/api/user/{username}],methods=[PUT]}, public org.springframework.http.ResponseEntity com.stackroute.activitystream.controller.UserController.getUser(java.lang.String,javax.servlet.http.HttpSession)={[/api/user/{username}],methods=[GET],produces=[application/json;charset=UTF-8]}, public org.springframework.http.ResponseEntity com.stackroute.activitystream.controller.UserController.getAllUsers(javax.servlet.http.HttpSession)={[/api/user],methods=[GET]}}
2017-12-27 12:48:24 [main] INFO  o.s.w.s.m.m.a.RequestMappingHandlerMapping - Mapped "{[/api/user],methods=[POST]}" onto public org.springframework.http.ResponseEntity<com.stackroute.activitystream.model.User> com.stackroute.activitystream.controller.UserController.registerUser(com.stackroute.activitystream.model.User)
2017-12-27 12:48:24 [main] INFO  o.s.w.s.m.m.a.RequestMappingHandlerMapping - Mapped "{[/api/user/{username}],methods=[PUT]}" onto public org.springframework.http.ResponseEntity<com.stackroute.activitystream.model.User> com.stackroute.activitystream.controller.UserController.updateUser(java.lang.String,com.stackroute.activitystream.model.User,javax.servlet.http.HttpSession)
2017-12-27 12:48:24 [main] INFO  o.s.w.s.m.m.a.RequestMappingHandlerMapping - Mapped "{[/api/user/{username}],methods=[GET],produces=[application/json;charset=UTF-8]}" onto public org.springframework.http.ResponseEntity<com.stackroute.activitystream.model.User> com.stackroute.activitystream.controller.UserController.getUser(java.lang.String,javax.servlet.http.HttpSession)
2017-12-27 12:48:24 [main] INFO  o.s.w.s.m.m.a.RequestMappingHandlerMapping - Mapped "{[/api/user],methods=[GET]}" onto public org.springframework.http.ResponseEntity<java.util.List<com.stackroute.activitystream.model.User>> com.stackroute.activitystream.controller.UserController.getAllUsers(javax.servlet.http.HttpSession)
2017-12-27 12:48:25 [main] DEBUG o.s.b.f.s.DefaultListableBeanFactory - Returning cached instance of singleton bean 'org.springframework.transaction.config.internalTransactionAdvisor'
2017-12-27 12:48:25 [main] DEBUG o.s.b.f.s.DefaultListableBeanFactory - Returning cached instance of singleton bean 'org.springframework.transaction.config.internalTransactionAdvisor'
2017-12-27 12:48:25 [main] DEBUG o.s.b.f.s.DefaultListableBeanFactory - Finished creating instance of bean 'requestMappingHandlerMapping'
2017-12-27 12:48:25 [main] DEBUG o.s.b.f.s.DefaultListableBeanFactory - Creating shared instance of singleton bean 'mvcPathMatcher'
2017-12-27 12:48:25 [main] DEBUG o.s.b.f.s.DefaultListableBeanFactory - Creating instance of bean 'mvcPathMatcher'
2017-12-27 12:48:25 [main] DEBUG o.s.b.f.s.DefaultListableBeanFactory - Returning cached instance of singleton bean 'org.springframework.transaction.config.internalTransactionAdvisor'
2017-12-27 12:48:25 [main] DEBUG o.s.b.f.s.DefaultListableBeanFactory - Returning cached instance of singleton bean 'org.springframework.web.servlet.config.annotation.DelegatingWebMvcConfiguration'
2017-12-27 12:48:25 [main] DEBUG o.s.b.f.s.DefaultListableBeanFactory - Eagerly caching bean 'mvcPathMatcher' to allow for resolving potential circular references
2017-12-27 12:48:25 [main] DEBUG o.s.b.f.s.DefaultListableBeanFactory - Returning cached instance of singleton bean 'org.springframework.transaction.config.internalTransactionAdvisor'
2017-12-27 12:48:25 [main] DEBUG o.s.b.f.s.DefaultListableBeanFactory - Returning cached instance of singleton bean 'org.springframework.transaction.config.internalTransactionAdvisor'
2017-12-27 12:48:25 [main] DEBUG o.s.b.f.s.DefaultListableBeanFactory - Finished creating instance of bean 'mvcPathMatcher'
2017-12-27 12:48:25 [main] DEBUG o.s.b.f.s.DefaultListableBeanFactory - Creating shared instance of singleton bean 'mvcUrlPathHelper'
2017-12-27 12:48:25 [main] DEBUG o.s.b.f.s.DefaultListableBeanFactory - Creating instance of bean 'mvcUrlPathHelper'
2017-12-27 12:48:25 [main] DEBUG o.s.b.f.s.DefaultListableBeanFactory - Returning cached instance of singleton bean 'org.springframework.transaction.config.internalTransactionAdvisor'
2017-12-27 12:48:25 [main] DEBUG o.s.b.f.s.DefaultListableBeanFactory - Returning cached instance of singleton bean 'org.springframework.web.servlet.config.annotation.DelegatingWebMvcConfiguration'
2017-12-27 12:48:25 [main] DEBUG o.s.b.f.s.DefaultListableBeanFactory - Eagerly caching bean 'mvcUrlPathHelper' to allow for resolving potential circular references
2017-12-27 12:48:25 [main] DEBUG o.s.b.f.s.DefaultListableBeanFactory - Returning cached instance of singleton bean 'org.springframework.transaction.config.internalTransactionAdvisor'
2017-12-27 12:48:25 [main] DEBUG o.s.b.f.s.DefaultListableBeanFactory - Returning cached instance of singleton bean 'org.springframework.transaction.config.internalTransactionAdvisor'
2017-12-27 12:48:25 [main] DEBUG o.s.b.f.s.DefaultListableBeanFactory - Finished creating instance of bean 'mvcUrlPathHelper'
2017-12-27 12:48:25 [main] DEBUG o.s.b.f.s.DefaultListableBeanFactory - Returning cached instance of singleton bean 'mvcContentNegotiationManager'
2017-12-27 12:48:25 [main] DEBUG o.s.b.f.s.DefaultListableBeanFactory - Creating shared instance of singleton bean 'viewControllerHandlerMapping'
2017-12-27 12:48:25 [main] DEBUG o.s.b.f.s.DefaultListableBeanFactory - Creating instance of bean 'viewControllerHandlerMapping'
2017-12-27 12:48:25 [main] DEBUG o.s.b.f.s.DefaultListableBeanFactory - Returning cached instance of singleton bean 'org.springframework.transaction.config.internalTransactionAdvisor'
2017-12-27 12:48:25 [main] DEBUG o.s.b.f.s.DefaultListableBeanFactory - Returning cached instance of singleton bean 'org.springframework.web.servlet.config.annotation.DelegatingWebMvcConfiguration'
2017-12-27 12:48:25 [main] DEBUG o.s.b.f.s.DefaultListableBeanFactory - Returning cached instance of singleton bean 'mvcPathMatcher'
2017-12-27 12:48:25 [main] DEBUG o.s.b.f.s.DefaultListableBeanFactory - Returning cached instance of singleton bean 'mvcUrlPathHelper'
2017-12-27 12:48:25 [main] DEBUG o.s.b.f.s.DefaultListableBeanFactory - Eagerly caching bean 'viewControllerHandlerMapping' to allow for resolving potential circular references
2017-12-27 12:48:25 [main] DEBUG o.s.b.f.s.DefaultListableBeanFactory - Returning cached instance of singleton bean 'org.springframework.transaction.config.internalTransactionAdvisor'
2017-12-27 12:48:25 [main] DEBUG o.s.b.f.s.DefaultListableBeanFactory - Returning cached instance of singleton bean 'org.springframework.transaction.config.internalTransactionAdvisor'
2017-12-27 12:48:25 [main] DEBUG o.s.b.f.s.DefaultListableBeanFactory - Finished creating instance of bean 'viewControllerHandlerMapping'
2017-12-27 12:48:25 [main] DEBUG o.s.b.f.s.DefaultListableBeanFactory - Creating shared instance of singleton bean 'beanNameHandlerMapping'
2017-12-27 12:48:25 [main] DEBUG o.s.b.f.s.DefaultListableBeanFactory - Creating instance of bean 'beanNameHandlerMapping'
2017-12-27 12:48:25 [main] DEBUG o.s.b.f.s.DefaultListableBeanFactory - Returning cached instance of singleton bean 'org.springframework.transaction.config.internalTransactionAdvisor'
2017-12-27 12:48:25 [main] DEBUG o.s.b.f.s.DefaultListableBeanFactory - Returning cached instance of singleton bean 'org.springframework.web.servlet.config.annotation.DelegatingWebMvcConfiguration'
2017-12-27 12:48:25 [main] DEBUG o.s.b.f.s.DefaultListableBeanFactory - Eagerly caching bean 'beanNameHandlerMapping' to allow for resolving potential circular references
2017-12-27 12:48:25 [main] DEBUG o.s.w.s.h.BeanNameUrlHandlerMapping - Looking for URL mappings in application context: org.springframework.web.context.support.GenericWebApplicationContext@47542153: startup date [Wed Dec 27 12:48:16 IST 2017]; root of context hierarchy
2017-12-27 12:48:25 [main] DEBUG o.s.w.s.h.BeanNameUrlHandlerMapping - Rejected bean name 'org.springframework.context.annotation.internalConfigurationAnnotationProcessor': no URL paths identified
2017-12-27 12:48:25 [main] DEBUG o.s.w.s.h.BeanNameUrlHandlerMapping - Rejected bean name 'org.springframework.context.annotation.internalAutowiredAnnotationProcessor': no URL paths identified
2017-12-27 12:48:25 [main] DEBUG o.s.w.s.h.BeanNameUrlHandlerMapping - Rejected bean name 'org.springframework.context.annotation.internalRequiredAnnotationProcessor': no URL paths identified
2017-12-27 12:48:25 [main] DEBUG o.s.w.s.h.BeanNameUrlHandlerMapping - Rejected bean name 'org.springframework.context.annotation.internalCommonAnnotationProcessor': no URL paths identified
2017-12-27 12:48:25 [main] DEBUG o.s.w.s.h.BeanNameUrlHandlerMapping - Rejected bean name 'org.springframework.context.annotation.internalPersistenceAnnotationProcessor': no URL paths identified
2017-12-27 12:48:25 [main] DEBUG o.s.w.s.h.BeanNameUrlHandlerMapping - Rejected bean name 'org.springframework.context.event.internalEventListenerProcessor': no URL paths identified
2017-12-27 12:48:25 [main] DEBUG o.s.w.s.h.BeanNameUrlHandlerMapping - Rejected bean name 'org.springframework.context.event.internalEventListenerFactory': no URL paths identified
2017-12-27 12:48:25 [main] DEBUG o.s.w.s.h.BeanNameUrlHandlerMapping - Rejected bean name 'applicationContextConfig': no URL paths identified
2017-12-27 12:48:25 [main] DEBUG o.s.w.s.h.BeanNameUrlHandlerMapping - Rejected bean name 'circleController': no URL paths identified
2017-12-27 12:48:25 [main] DEBUG o.s.w.s.h.BeanNameUrlHandlerMapping - Rejected bean name 'messageController': no URL paths identified
2017-12-27 12:48:25 [main] DEBUG o.s.w.s.h.BeanNameUrlHandlerMapping - Rejected bean name 'userAuthController': no URL paths identified
2017-12-27 12:48:25 [main] DEBUG o.s.w.s.h.BeanNameUrlHandlerMapping - Rejected bean name 'userCircleController': no URL paths identified
2017-12-27 12:48:25 [main] DEBUG o.s.w.s.h.BeanNameUrlHandlerMapping - Rejected bean name 'userController': no URL paths identified
2017-12-27 12:48:25 [main] DEBUG o.s.w.s.h.BeanNameUrlHandlerMapping - Rejected bean name 'circleDAO': no URL paths identified
2017-12-27 12:48:25 [main] DEBUG o.s.w.s.h.BeanNameUrlHandlerMapping - Rejected bean name 'messageDAO': no URL paths identified
2017-12-27 12:48:25 [main] DEBUG o.s.w.s.h.BeanNameUrlHandlerMapping - Rejected bean name 'userCircleDAO': no URL paths identified
2017-12-27 12:48:25 [main] DEBUG o.s.w.s.h.BeanNameUrlHandlerMapping - Rejected bean name 'userDAO': no URL paths identified
2017-12-27 12:48:25 [main] DEBUG o.s.w.s.h.BeanNameUrlHandlerMapping - Rejected bean name 'circle': no URL paths identified
2017-12-27 12:48:25 [main] DEBUG o.s.w.s.h.BeanNameUrlHandlerMapping - Rejected bean name 'message': no URL paths identified
2017-12-27 12:48:25 [main] DEBUG o.s.w.s.h.BeanNameUrlHandlerMapping - Rejected bean name 'user': no URL paths identified
2017-12-27 12:48:25 [main] DEBUG o.s.w.s.h.BeanNameUrlHandlerMapping - Rejected bean name 'userCircle': no URL paths identified
2017-12-27 12:48:25 [main] DEBUG o.s.w.s.h.BeanNameUrlHandlerMapping - Rejected bean name 'userTag': no URL paths identified
2017-12-27 12:48:25 [main] DEBUG o.s.w.s.h.BeanNameUrlHandlerMapping - Rejected bean name 'org.springframework.web.servlet.config.annotation.DelegatingWebMvcConfiguration': no URL paths identified
2017-12-27 12:48:25 [main] DEBUG o.s.w.s.h.BeanNameUrlHandlerMapping - Rejected bean name 'requestMappingHandlerMapping': no URL paths identified
2017-12-27 12:48:25 [main] DEBUG o.s.w.s.h.BeanNameUrlHandlerMapping - Rejected bean name 'mvcPathMatcher': no URL paths identified
2017-12-27 12:48:25 [main] DEBUG o.s.w.s.h.BeanNameUrlHandlerMapping - Rejected bean name 'mvcUrlPathHelper': no URL paths identified
2017-12-27 12:48:25 [main] DEBUG o.s.w.s.h.BeanNameUrlHandlerMapping - Rejected bean name 'mvcContentNegotiationManager': no URL paths identified
2017-12-27 12:48:25 [main] DEBUG o.s.w.s.h.BeanNameUrlHandlerMapping - Rejected bean name 'viewControllerHandlerMapping': no URL paths identified
2017-12-27 12:48:25 [main] DEBUG o.s.w.s.h.BeanNameUrlHandlerMapping - Rejected bean name 'beanNameHandlerMapping': no URL paths identified
2017-12-27 12:48:25 [main] DEBUG o.s.w.s.h.BeanNameUrlHandlerMapping - Rejected bean name 'resourceHandlerMapping': no URL paths identified
2017-12-27 12:48:25 [main] DEBUG o.s.w.s.h.BeanNameUrlHandlerMapping - Rejected bean name 'mvcResourceUrlProvider': no URL paths identified
2017-12-27 12:48:25 [main] DEBUG o.s.w.s.h.BeanNameUrlHandlerMapping - Rejected bean name 'defaultServletHandlerMapping': no URL paths identified
2017-12-27 12:48:25 [main] DEBUG o.s.w.s.h.BeanNameUrlHandlerMapping - Rejected bean name 'requestMappingHandlerAdapter': no URL paths identified
2017-12-27 12:48:25 [main] DEBUG o.s.w.s.h.BeanNameUrlHandlerMapping - Rejected bean name 'mvcConversionService': no URL paths identified
2017-12-27 12:48:25 [main] DEBUG o.s.w.s.h.BeanNameUrlHandlerMapping - Rejected bean name 'mvcValidator': no URL paths identified
2017-12-27 12:48:25 [main] DEBUG o.s.w.s.h.BeanNameUrlHandlerMapping - Rejected bean name 'mvcUriComponentsContributor': no URL paths identified
2017-12-27 12:48:25 [main] DEBUG o.s.w.s.h.BeanNameUrlHandlerMapping - Rejected bean name 'httpRequestHandlerAdapter': no URL paths identified
2017-12-27 12:48:25 [main] DEBUG o.s.w.s.h.BeanNameUrlHandlerMapping - Rejected bean name 'simpleControllerHandlerAdapter': no URL paths identified
2017-12-27 12:48:25 [main] DEBUG o.s.w.s.h.BeanNameUrlHandlerMapping - Rejected bean name 'handlerExceptionResolver': no URL paths identified
2017-12-27 12:48:25 [main] DEBUG o.s.w.s.h.BeanNameUrlHandlerMapping - Rejected bean name 'mvcViewResolver': no URL paths identified
2017-12-27 12:48:25 [main] DEBUG o.s.w.s.h.BeanNameUrlHandlerMapping - Rejected bean name 'org.springframework.transaction.annotation.ProxyTransactionManagementConfiguration': no URL paths identified
2017-12-27 12:48:25 [main] DEBUG o.s.w.s.h.BeanNameUrlHandlerMapping - Rejected bean name 'org.springframework.transaction.config.internalTransactionAdvisor': no URL paths identified
2017-12-27 12:48:25 [main] DEBUG o.s.w.s.h.BeanNameUrlHandlerMapping - Rejected bean name 'transactionAttributeSource': no URL paths identified
2017-12-27 12:48:25 [main] DEBUG o.s.w.s.h.BeanNameUrlHandlerMapping - Rejected bean name 'transactionInterceptor': no URL paths identified
2017-12-27 12:48:25 [main] DEBUG o.s.w.s.h.BeanNameUrlHandlerMapping - Rejected bean name 'org.springframework.transaction.config.internalTransactionalEventListenerFactory': no URL paths identified
2017-12-27 12:48:25 [main] DEBUG o.s.w.s.h.BeanNameUrlHandlerMapping - Rejected bean name 'dataSource': no URL paths identified
2017-12-27 12:48:25 [main] DEBUG o.s.w.s.h.BeanNameUrlHandlerMapping - Rejected bean name 'sessionFactory': no URL paths identified
2017-12-27 12:48:25 [main] DEBUG o.s.w.s.h.BeanNameUrlHandlerMapping - Rejected bean name 'transactionManager': no URL paths identified
2017-12-27 12:48:25 [main] DEBUG o.s.w.s.h.BeanNameUrlHandlerMapping - Rejected bean name 'daoLoggingAspect': no URL paths identified
2017-12-27 12:48:25 [main] DEBUG o.s.w.s.h.BeanNameUrlHandlerMapping - Rejected bean name 'loggingAspect': no URL paths identified
2017-12-27 12:48:25 [main] DEBUG o.s.w.s.h.BeanNameUrlHandlerMapping - Rejected bean name 'org.springframework.aop.config.internalAutoProxyCreator': no URL paths identified
2017-12-27 12:48:25 [main] DEBUG o.s.w.s.h.BeanNameUrlHandlerMapping - Rejected bean name 'environment': no URL paths identified
2017-12-27 12:48:25 [main] DEBUG o.s.w.s.h.BeanNameUrlHandlerMapping - Rejected bean name 'systemProperties': no URL paths identified
2017-12-27 12:48:25 [main] DEBUG o.s.w.s.h.BeanNameUrlHandlerMapping - Rejected bean name 'systemEnvironment': no URL paths identified
2017-12-27 12:48:25 [main] DEBUG o.s.w.s.h.BeanNameUrlHandlerMapping - Rejected bean name 'servletContext': no URL paths identified
2017-12-27 12:48:25 [main] DEBUG o.s.w.s.h.BeanNameUrlHandlerMapping - Rejected bean name 'contextParameters': no URL paths identified
2017-12-27 12:48:25 [main] DEBUG o.s.w.s.h.BeanNameUrlHandlerMapping - Rejected bean name 'contextAttributes': no URL paths identified
2017-12-27 12:48:25 [main] DEBUG o.s.w.s.h.BeanNameUrlHandlerMapping - Rejected bean name 'org.springframework.context.annotation.ConfigurationClassPostProcessor.importRegistry': no URL paths identified
2017-12-27 12:48:25 [main] DEBUG o.s.w.s.h.BeanNameUrlHandlerMapping - Rejected bean name 'messageSource': no URL paths identified
2017-12-27 12:48:25 [main] DEBUG o.s.w.s.h.BeanNameUrlHandlerMapping - Rejected bean name 'applicationEventMulticaster': no URL paths identified
2017-12-27 12:48:25 [main] DEBUG o.s.b.f.s.DefaultListableBeanFactory - Returning cached instance of singleton bean 'org.springframework.transaction.config.internalTransactionAdvisor'
2017-12-27 12:48:25 [main] DEBUG o.s.b.f.s.DefaultListableBeanFactory - Returning cached instance of singleton bean 'org.springframework.transaction.config.internalTransactionAdvisor'
2017-12-27 12:48:25 [main] DEBUG o.s.b.f.s.DefaultListableBeanFactory - Finished creating instance of bean 'beanNameHandlerMapping'
2017-12-27 12:48:25 [main] DEBUG o.s.b.f.s.DefaultListableBeanFactory - Creating shared instance of singleton bean 'resourceHandlerMapping'
2017-12-27 12:48:25 [main] DEBUG o.s.b.f.s.DefaultListableBeanFactory - Creating instance of bean 'resourceHandlerMapping'
2017-12-27 12:48:25 [main] DEBUG o.s.b.f.s.DefaultListableBeanFactory - Returning cached instance of singleton bean 'org.springframework.transaction.config.internalTransactionAdvisor'
2017-12-27 12:48:25 [main] DEBUG o.s.b.f.s.DefaultListableBeanFactory - Returning cached instance of singleton bean 'org.springframework.web.servlet.config.annotation.DelegatingWebMvcConfiguration'
2017-12-27 12:48:25 [main] DEBUG o.s.b.f.s.DefaultListableBeanFactory - Returning cached instance of singleton bean 'mvcContentNegotiationManager'
2017-12-27 12:48:25 [main] DEBUG o.s.b.f.s.DefaultListableBeanFactory - Eagerly caching bean 'resourceHandlerMapping' to allow for resolving potential circular references
2017-12-27 12:48:25 [main] DEBUG o.s.b.f.s.DefaultListableBeanFactory - Returning cached instance of singleton bean 'org.springframework.transaction.config.internalTransactionAdvisor'
2017-12-27 12:48:25 [main] DEBUG o.s.b.f.s.DefaultListableBeanFactory - Returning cached instance of singleton bean 'org.springframework.transaction.config.internalTransactionAdvisor'
2017-12-27 12:48:25 [main] DEBUG o.s.b.f.s.DefaultListableBeanFactory - Finished creating instance of bean 'resourceHandlerMapping'
2017-12-27 12:48:25 [main] DEBUG o.s.b.f.s.DefaultListableBeanFactory - Returning cached instance of singleton bean 'mvcResourceUrlProvider'
2017-12-27 12:48:25 [main] DEBUG o.s.b.f.s.DefaultListableBeanFactory - Creating shared instance of singleton bean 'defaultServletHandlerMapping'
2017-12-27 12:48:25 [main] DEBUG o.s.b.f.s.DefaultListableBeanFactory - Creating instance of bean 'defaultServletHandlerMapping'
2017-12-27 12:48:25 [main] DEBUG o.s.b.f.s.DefaultListableBeanFactory - Returning cached instance of singleton bean 'org.springframework.transaction.config.internalTransactionAdvisor'
2017-12-27 12:48:25 [main] DEBUG o.s.b.f.s.DefaultListableBeanFactory - Returning cached instance of singleton bean 'org.springframework.web.servlet.config.annotation.DelegatingWebMvcConfiguration'
2017-12-27 12:48:25 [main] DEBUG o.s.b.f.s.DefaultListableBeanFactory - Eagerly caching bean 'defaultServletHandlerMapping' to allow for resolving potential circular references
2017-12-27 12:48:25 [main] DEBUG o.s.b.f.s.DefaultListableBeanFactory - Returning cached instance of singleton bean 'org.springframework.transaction.config.internalTransactionAdvisor'
2017-12-27 12:48:25 [main] DEBUG o.s.b.f.s.DefaultListableBeanFactory - Returning cached instance of singleton bean 'org.springframework.transaction.config.internalTransactionAdvisor'
2017-12-27 12:48:25 [main] DEBUG o.s.b.f.s.DefaultListableBeanFactory - Finished creating instance of bean 'defaultServletHandlerMapping'
2017-12-27 12:48:25 [main] DEBUG o.s.b.f.s.DefaultListableBeanFactory - Creating shared instance of singleton bean 'requestMappingHandlerAdapter'
2017-12-27 12:48:25 [main] DEBUG o.s.b.f.s.DefaultListableBeanFactory - Creating instance of bean 'requestMappingHandlerAdapter'
2017-12-27 12:48:25 [main] DEBUG o.s.b.f.s.DefaultListableBeanFactory - Returning cached instance of singleton bean 'org.springframework.transaction.config.internalTransactionAdvisor'
2017-12-27 12:48:25 [main] DEBUG o.s.b.f.s.DefaultListableBeanFactory - Returning cached instance of singleton bean 'org.springframework.web.servlet.config.annotation.DelegatingWebMvcConfiguration'
