2017-12-27 19:06:47 [main] DEBUG o.s.t.a.AnnotationTransactionAttributeSource - Adding transactional method 'com.stackroute.activitystream.daoimpl.UserCircleDAOImpl.getMyCircles' with attribute: PROPAGATION_REQUIRED,ISOLATION_DEFAULT
2017-12-27 19:06:47 [main] DEBUG o.s.aop.framework.CglibAopProxy - Unable to apply any optimizations to advised method: public java.util.List com.stackroute.activitystream.daoimpl.UserCircleDAOImpl.getMyCircles(java.lang.String)
2017-12-27 19:06:47 [main] DEBUG o.s.aop.framework.CglibAopProxy - Found 'equals' method: public boolean java.lang.Object.equals(java.lang.Object)
2017-12-27 19:06:47 [main] DEBUG o.s.aop.framework.CglibAopProxy - Unable to apply any optimizations to advised method: public java.lang.String java.lang.Object.toString()
2017-12-27 19:06:47 [main] DEBUG o.s.aop.framework.CglibAopProxy - Found 'hashCode' method: public native int java.lang.Object.hashCode()
2017-12-27 19:06:47 [main] DEBUG o.s.aop.framework.CglibAopProxy - Unable to apply any optimizations to advised method: protected native java.lang.Object java.lang.Object.clone() throws java.lang.CloneNotSupportedException
2017-12-27 19:06:47 [main] DEBUG o.s.aop.framework.CglibAopProxy - Method is declared on Advised interface: public abstract int org.springframework.aop.framework.Advised.indexOf(org.springframework.aop.Advisor)
2017-12-27 19:06:47 [main] DEBUG o.s.aop.framework.CglibAopProxy - Method is declared on Advised interface: public abstract int org.springframework.aop.framework.Advised.indexOf(org.aopalliance.aop.Advice)
2017-12-27 19:06:47 [main] DEBUG o.s.aop.framework.CglibAopProxy - Method is declared on Advised interface: public abstract boolean org.springframework.aop.framework.Advised.isFrozen()
2017-12-27 19:06:47 [main] DEBUG o.s.aop.framework.CglibAopProxy - Method is declared on Advised interface: public abstract void org.springframework.aop.framework.Advised.setTargetSource(org.springframework.aop.TargetSource)
2017-12-27 19:06:47 [main] DEBUG o.s.aop.framework.CglibAopProxy - Method is declared on Advised interface: public abstract void org.springframework.aop.framework.Advised.setExposeProxy(boolean)
2017-12-27 19:06:47 [main] DEBUG o.s.aop.framework.CglibAopProxy - Method is declared on Advised interface: public abstract org.springframework.aop.TargetSource org.springframework.aop.framework.Advised.getTargetSource()
2017-12-27 19:06:47 [main] DEBUG o.s.aop.framework.CglibAopProxy - Method is declared on Advised interface: public abstract void org.springframework.aop.framework.Advised.setPreFiltered(boolean)
2017-12-27 19:06:47 [main] DEBUG o.s.aop.framework.CglibAopProxy - Method is declared on Advised interface: public abstract boolean org.springframework.aop.framework.Advised.isExposeProxy()
2017-12-27 19:06:47 [main] DEBUG o.s.aop.framework.CglibAopProxy - Method is declared on Advised interface: public abstract void org.springframework.aop.framework.Advised.addAdvice(int,org.aopalliance.aop.Advice) throws org.springframework.aop.framework.AopConfigException
2017-12-27 19:06:47 [main] DEBUG o.s.aop.framework.CglibAopProxy - Method is declared on Advised interface: public abstract void org.springframework.aop.framework.Advised.addAdvice(org.aopalliance.aop.Advice) throws org.springframework.aop.framework.AopConfigException
2017-12-27 19:06:47 [main] DEBUG o.s.aop.framework.CglibAopProxy - Method is declared on Advised interface: public abstract boolean org.springframework.aop.framework.Advised.removeAdvice(org.aopalliance.aop.Advice)
2017-12-27 19:06:47 [main] DEBUG o.s.aop.framework.CglibAopProxy - Method is declared on Advised interface: public abstract boolean org.springframework.aop.framework.Advised.isPreFiltered()
2017-12-27 19:06:47 [main] DEBUG o.s.aop.framework.CglibAopProxy - Method is declared on Advised interface: public abstract boolean org.springframework.aop.framework.Advised.replaceAdvisor(org.springframework.aop.Advisor,org.springframework.aop.Advisor) throws org.springframework.aop.framework.AopConfigException
2017-12-27 19:06:47 [main] DEBUG o.s.aop.framework.CglibAopProxy - Method is declared on Advised interface: public abstract void org.springframework.aop.framework.Advised.addAdvisor(int,org.springframework.aop.Advisor) throws org.springframework.aop.framework.AopConfigException
2017-12-27 19:06:47 [main] DEBUG o.s.aop.framework.CglibAopProxy - Method is declared on Advised interface: public abstract void org.springframework.aop.framework.Advised.addAdvisor(org.springframework.aop.Advisor) throws org.springframework.aop.framework.AopConfigException
2017-12-27 19:06:47 [main] DEBUG o.s.aop.framework.CglibAopProxy - Method is declared on Advised interface: public abstract boolean org.springframework.aop.framework.Advised.removeAdvisor(org.springframework.aop.Advisor)
2017-12-27 19:06:47 [main] DEBUG o.s.aop.framework.CglibAopProxy - Method is declared on Advised interface: public abstract void org.springframework.aop.framework.Advised.removeAdvisor(int) throws org.springframework.aop.framework.AopConfigException
2017-12-27 19:06:47 [main] DEBUG o.s.aop.framework.CglibAopProxy - Method is declared on Advised interface: public abstract org.springframework.aop.Advisor[] org.springframework.aop.framework.Advised.getAdvisors()
2017-12-27 19:06:47 [main] DEBUG o.s.aop.framework.CglibAopProxy - Method is declared on Advised interface: public abstract java.lang.Class[] org.springframework.aop.framework.Advised.getProxiedInterfaces()
2017-12-27 19:06:47 [main] DEBUG o.s.aop.framework.CglibAopProxy - Method is declared on Advised interface: public abstract boolean org.springframework.aop.framework.Advised.isInterfaceProxied(java.lang.Class)
2017-12-27 19:06:47 [main] DEBUG o.s.aop.framework.CglibAopProxy - Method is declared on Advised interface: public abstract java.lang.String org.springframework.aop.framework.Advised.toProxyConfigString()
2017-12-27 19:06:47 [main] DEBUG o.s.aop.framework.CglibAopProxy - Method is declared on Advised interface: public abstract boolean org.springframework.aop.framework.Advised.isProxyTargetClass()
2017-12-27 19:06:47 [main] DEBUG o.s.aop.framework.CglibAopProxy - Method is declared on Advised interface: public abstract java.lang.Class org.springframework.aop.TargetClassAware.getTargetClass()
2017-12-27 19:06:47 [main] DEBUG o.s.b.f.s.DefaultListableBeanFactory - Finished creating instance of bean 'userCircleDAO'
2017-12-27 19:06:47 [main] DEBUG o.s.b.f.a.AutowiredAnnotationBeanPostProcessor - Autowiring by type from bean name 'messageDAO' to bean named 'userCircleDAO'
2017-12-27 19:06:47 [main] DEBUG o.s.b.f.s.DefaultListableBeanFactory - Returning cached instance of singleton bean 'org.springframework.transaction.config.internalTransactionAdvisor'
2017-12-27 19:06:47 [main] DEBUG o.s.b.f.s.DefaultListableBeanFactory - Returning cached instance of singleton bean 'org.springframework.transaction.config.internalTransactionAdvisor'
2017-12-27 19:06:47 [main] DEBUG o.s.t.a.AnnotationTransactionAttributeSource - Adding transactional method 'com.stackroute.activitystream.daoimpl.MessageDAOImpl.listMyTags' with attribute: PROPAGATION_REQUIRED,ISOLATION_DEFAULT
2017-12-27 19:06:47 [main] DEBUG o.s.a.a.a.AnnotationAwareAspectJAutoProxyCreator - Creating implicit proxy for bean 'messageDAO' with 0 common interceptors and 4 specific interceptors
2017-12-27 19:06:47 [main] DEBUG o.s.aop.framework.CglibAopProxy - Creating CGLIB proxy: target source is SingletonTargetSource for target object [com.stackroute.activitystream.daoimpl.MessageDAOImpl@ad3324b]
2017-12-27 19:06:47 [main] DEBUG o.s.t.a.AnnotationTransactionAttributeSource - Adding transactional method 'com.stackroute.activitystream.daoimpl.MessageDAOImpl.listMyTags' with attribute: PROPAGATION_REQUIRED,ISOLATION_DEFAULT
2017-12-27 19:06:47 [main] DEBUG o.s.aop.framework.CglibAopProxy - Unable to apply any optimizations to advised method: public java.util.List com.stackroute.activitystream.daoimpl.MessageDAOImpl.listMyTags(java.lang.String)
2017-12-27 19:06:47 [main] DEBUG o.s.t.a.AnnotationTransactionAttributeSource - Adding transactional method 'com.stackroute.activitystream.daoimpl.MessageDAOImpl.listTags' with attribute: PROPAGATION_REQUIRED,ISOLATION_DEFAULT
2017-12-27 19:06:47 [main] DEBUG o.s.aop.framework.CglibAopProxy - Unable to apply any optimizations to advised method: public java.util.List com.stackroute.activitystream.daoimpl.MessageDAOImpl.listTags()
2017-12-27 19:06:47 [main] DEBUG o.s.t.a.AnnotationTransactionAttributeSource - Adding transactional method 'com.stackroute.activitystream.daoimpl.MessageDAOImpl.sendMessageToCircle' with attribute: PROPAGATION_REQUIRED,ISOLATION_DEFAULT
2017-12-27 19:06:47 [main] DEBUG o.s.aop.framework.CglibAopProxy - Unable to apply any optimizations to advised method: public boolean com.stackroute.activitystream.daoimpl.MessageDAOImpl.sendMessageToCircle(java.lang.String,com.stackroute.activitystream.model.Message)
2017-12-27 19:06:47 [main] DEBUG o.s.t.a.AnnotationTransactionAttributeSource - Adding transactional method 'com.stackroute.activitystream.daoimpl.MessageDAOImpl.sendMessageToUser' with attribute: PROPAGATION_REQUIRED,ISOLATION_DEFAULT
2017-12-27 19:06:47 [main] DEBUG o.s.aop.framework.CglibAopProxy - Unable to apply any optimizations to advised method: public boolean com.stackroute.activitystream.daoimpl.MessageDAOImpl.sendMessageToUser(java.lang.String,com.stackroute.activitystream.model.Message)
2017-12-27 19:06:47 [main] DEBUG o.s.t.a.AnnotationTransactionAttributeSource - Adding transactional method 'com.stackroute.activitystream.daoimpl.MessageDAOImpl.subscribeUserToTag' with attribute: PROPAGATION_REQUIRED,ISOLATION_DEFAULT
2017-12-27 19:06:47 [main] DEBUG o.s.aop.framework.CglibAopProxy - Unable to apply any optimizations to advised method: public boolean com.stackroute.activitystream.daoimpl.MessageDAOImpl.subscribeUserToTag(java.lang.String,java.lang.String)
2017-12-27 19:06:47 [main] DEBUG o.s.t.a.AnnotationTransactionAttributeSource - Adding transactional method 'com.stackroute.activitystream.daoimpl.MessageDAOImpl.showMessagesWithTag' with attribute: PROPAGATION_REQUIRED,ISOLATION_DEFAULT
2017-12-27 19:06:47 [main] DEBUG o.s.aop.framework.CglibAopProxy - Unable to apply any optimizations to advised method: public java.util.List com.stackroute.activitystream.daoimpl.MessageDAOImpl.showMessagesWithTag(java.lang.String,int)
2017-12-27 19:06:47 [main] DEBUG o.s.t.a.AnnotationTransactionAttributeSource - Adding transactional method 'com.stackroute.activitystream.daoimpl.MessageDAOImpl.unsubscribeUserToTag' with attribute: PROPAGATION_REQUIRED,ISOLATION_DEFAULT
2017-12-27 19:06:47 [main] DEBUG o.s.aop.framework.CglibAopProxy - Unable to apply any optimizations to advised method: public boolean com.stackroute.activitystream.daoimpl.MessageDAOImpl.unsubscribeUserToTag(java.lang.String,java.lang.String)
2017-12-27 19:06:47 [main] DEBUG o.s.t.a.AnnotationTransactionAttributeSource - Adding transactional method 'com.stackroute.activitystream.daoimpl.MessageDAOImpl.getMessagesFromCircle' with attribute: PROPAGATION_REQUIRED,ISOLATION_DEFAULT
2017-12-27 19:06:47 [main] DEBUG o.s.aop.framework.CglibAopProxy - Unable to apply any optimizations to advised method: public java.util.List com.stackroute.activitystream.daoimpl.MessageDAOImpl.getMessagesFromCircle(java.lang.String,int)
2017-12-27 19:06:47 [main] DEBUG o.s.t.a.AnnotationTransactionAttributeSource - Adding transactional method 'com.stackroute.activitystream.daoimpl.MessageDAOImpl.getMessagesFromUser' with attribute: PROPAGATION_REQUIRED,ISOLATION_DEFAULT
2017-12-27 19:06:47 [main] DEBUG o.s.aop.framework.CglibAopProxy - Unable to apply any optimizations to advised method: public java.util.List com.stackroute.activitystream.daoimpl.MessageDAOImpl.getMessagesFromUser(java.lang.String,java.lang.String,int)
2017-12-27 19:06:47 [main] DEBUG o.s.t.a.AnnotationTransactionAttributeSource - Adding transactional method 'com.stackroute.activitystream.daoimpl.MessageDAOImpl.getMessages' with attribute: PROPAGATION_REQUIRED,ISOLATION_DEFAULT
2017-12-27 19:06:47 [main] DEBUG o.s.aop.framework.CglibAopProxy - Unable to apply any optimizations to advised method: public java.util.List com.stackroute.activitystream.daoimpl.MessageDAOImpl.getMessages(java.lang.String,int)
2017-12-27 19:06:47 [main] DEBUG o.s.t.a.AnnotationTransactionAttributeSource - Adding transactional method 'com.stackroute.activitystream.daoimpl.MessageDAOImpl.getUserTag' with attribute: PROPAGATION_REQUIRED,ISOLATION_DEFAULT
2017-12-27 19:06:47 [main] DEBUG o.s.aop.framework.CglibAopProxy - Unable to apply any optimizations to advised method: public com.stackroute.activitystream.model.UserTag com.stackroute.activitystream.daoimpl.MessageDAOImpl.getUserTag(java.lang.String,java.lang.String)
2017-12-27 19:06:47 [main] DEBUG o.s.aop.framework.CglibAopProxy - Found 'equals' method: public boolean java.lang.Object.equals(java.lang.Object)
2017-12-27 19:06:47 [main] DEBUG o.s.aop.framework.CglibAopProxy - Unable to apply any optimizations to advised method: public java.lang.String java.lang.Object.toString()
2017-12-27 19:06:47 [main] DEBUG o.s.aop.framework.CglibAopProxy - Found 'hashCode' method: public native int java.lang.Object.hashCode()
2017-12-27 19:06:47 [main] DEBUG o.s.aop.framework.CglibAopProxy - Unable to apply any optimizations to advised method: protected native java.lang.Object java.lang.Object.clone() throws java.lang.CloneNotSupportedException
2017-12-27 19:06:47 [main] DEBUG o.s.aop.framework.CglibAopProxy - Method is declared on Advised interface: public abstract int org.springframework.aop.framework.Advised.indexOf(org.springframework.aop.Advisor)
2017-12-27 19:06:47 [main] DEBUG o.s.aop.framework.CglibAopProxy - Method is declared on Advised interface: public abstract int org.springframework.aop.framework.Advised.indexOf(org.aopalliance.aop.Advice)
