2017-12-27 00:35:29 [main] DEBUG o.h.e.i.AbstractFlushingEventListener - Processing flush-time cascades
2017-12-27 00:35:29 [main] DEBUG o.h.e.i.AbstractFlushingEventListener - Dirty checking collections
2017-12-27 00:35:29 [main] DEBUG o.h.e.i.AbstractFlushingEventListener - Flushed: 0 insertions, 0 updates, 0 deletions to 1 objects
2017-12-27 00:35:29 [main] DEBUG o.h.e.i.AbstractFlushingEventListener - Flushed: 0 (re)creations, 0 updates, 0 removals to 0 collections
2017-12-27 00:35:29 [main] DEBUG o.h.internal.util.EntityPrinter - Listing entities:
2017-12-27 00:35:29 [main] DEBUG o.h.internal.util.EntityPrinter - com.stackroute.activitystream.model.User{password=password, name=John, username=john}
2017-12-27 00:35:29 [main] DEBUG org.hibernate.SQL - select user0_.username as username1_2_, user0_.name as name2_2_, user0_.password as password3_2_ from user user0_ where user0_.username=?
2017-12-27 00:35:29 [main] DEBUG org.hibernate.loader.Loader - Result set row: 0
2017-12-27 00:35:29 [main] DEBUG org.hibernate.loader.Loader - Result row: EntityKey[com.stackroute.activitystream.model.User#john]
2017-12-27 00:35:29 [main] DEBUG o.s.o.h.HibernateTransactionManager - Found thread-bound Session [SessionImpl(PersistenceContext[entityKeys=[EntityKey[com.stackroute.activitystream.model.User#john]],collectionKeys=[]];ActionQueue[insertions=ExecutableList{size=0} updates=ExecutableList{size=0} deletions=ExecutableList{size=0} orphanRemovals=ExecutableList{size=0} collectionCreations=ExecutableList{size=0} collectionRemovals=ExecutableList{size=0} collectionUpdates=ExecutableList{size=0} collectionQueuedOps=ExecutableList{size=0} unresolvedInsertDependencies=null])] for Hibernate transaction
2017-12-27 00:35:29 [main] DEBUG o.s.o.h.HibernateTransactionManager - Participating in existing transaction
2017-12-27 00:35:29 [main] DEBUG o.h.e.i.AbstractFlushingEventListener - Processing flush-time cascades
2017-12-27 00:35:29 [main] DEBUG o.h.e.i.AbstractFlushingEventListener - Dirty checking collections
2017-12-27 00:35:29 [main] DEBUG o.h.e.i.AbstractFlushingEventListener - Flushed: 0 insertions, 0 updates, 0 deletions to 1 objects
2017-12-27 00:35:29 [main] DEBUG o.h.e.i.AbstractFlushingEventListener - Flushed: 0 (re)creations, 0 updates, 0 removals to 0 collections
2017-12-27 00:35:29 [main] DEBUG o.h.internal.util.EntityPrinter - Listing entities:
2017-12-27 00:35:29 [main] DEBUG o.h.internal.util.EntityPrinter - com.stackroute.activitystream.model.User{password=password, name=John, username=john}
2017-12-27 00:35:29 [main] DEBUG org.hibernate.SQL - select circle0_.circleName as circleNa1_0_, circle0_.createdDate as createdD2_0_, circle0_.creatorId as creatorI3_0_ from circle circle0_ where circle0_.circleName=?
2017-12-27 00:35:29 [main] DEBUG o.h.e.i.AbstractSaveEventListener - Generated identifier: Java, using strategy: org.hibernate.id.Assigned
2017-12-27 00:35:29 [main] DEBUG o.h.e.i.AbstractFlushingEventListener - Processing flush-time cascades
2017-12-27 00:35:29 [main] DEBUG o.h.e.i.AbstractFlushingEventListener - Dirty checking collections
2017-12-27 00:35:29 [main] DEBUG o.h.e.i.AbstractFlushingEventListener - Flushed: 1 insertions, 0 updates, 0 deletions to 1 objects
2017-12-27 00:35:29 [main] DEBUG o.h.e.i.AbstractFlushingEventListener - Flushed: 0 (re)creations, 0 updates, 0 removals to 0 collections
2017-12-27 00:35:29 [main] DEBUG o.h.internal.util.EntityPrinter - Listing entities:
2017-12-27 00:35:29 [main] DEBUG o.h.internal.util.EntityPrinter - com.stackroute.activitystream.model.Circle{createdDate=2017-12-27 00:35:29.813, creatorId=John, circleName=Java}
2017-12-27 00:35:29 [main] DEBUG org.hibernate.SQL - insert into circle (createdDate, creatorId, circleName) values (?, ?, ?)
2017-12-27 00:35:29 [main] DEBUG o.s.o.h.HibernateTransactionManager - Found thread-bound Session [SessionImpl(PersistenceContext[entityKeys=[EntityKey[com.stackroute.activitystream.model.Circle#Java]],collectionKeys=[]];ActionQueue[insertions=ExecutableList{size=0} updates=ExecutableList{size=0} deletions=ExecutableList{size=0} orphanRemovals=ExecutableList{size=0} collectionCreations=ExecutableList{size=0} collectionRemovals=ExecutableList{size=0} collectionUpdates=ExecutableList{size=0} collectionQueuedOps=ExecutableList{size=0} unresolvedInsertDependencies=null])] for Hibernate transaction
2017-12-27 00:35:29 [main] DEBUG o.s.o.h.HibernateTransactionManager - Participating in existing transaction
2017-12-27 00:35:29 [main] DEBUG o.s.o.h.HibernateTransactionManager - Found thread-bound Session [SessionImpl(PersistenceContext[entityKeys=[EntityKey[com.stackroute.activitystream.model.Circle#Java]],collectionKeys=[]];ActionQueue[insertions=ExecutableList{size=0} updates=ExecutableList{size=0} deletions=ExecutableList{size=0} orphanRemovals=ExecutableList{size=0} collectionCreations=ExecutableList{size=0} collectionRemovals=ExecutableList{size=0} collectionUpdates=ExecutableList{size=0} collectionQueuedOps=ExecutableList{size=0} unresolvedInsertDependencies=null])] for Hibernate transaction
2017-12-27 00:35:29 [main] DEBUG o.s.o.h.HibernateTransactionManager - Participating in existing transaction
2017-12-27 00:35:29 [main] DEBUG o.h.e.i.AbstractFlushingEventListener - Processing flush-time cascades
2017-12-27 00:35:29 [main] DEBUG o.h.e.i.AbstractFlushingEventListener - Dirty checking collections
2017-12-27 00:35:29 [main] DEBUG o.h.e.i.AbstractFlushingEventListener - Flushed: 0 insertions, 0 updates, 0 deletions to 1 objects
2017-12-27 00:35:29 [main] DEBUG o.h.e.i.AbstractFlushingEventListener - Flushed: 0 (re)creations, 0 updates, 0 removals to 0 collections
2017-12-27 00:35:29 [main] DEBUG o.h.internal.util.EntityPrinter - Listing entities:
2017-12-27 00:35:29 [main] DEBUG o.h.internal.util.EntityPrinter - com.stackroute.activitystream.model.Circle{createdDate=2017-12-27 00:35:29.813, creatorId=John, circleName=Java}
2017-12-27 00:35:29 [main] DEBUG org.hibernate.SQL - select user0_.username as username1_2_, user0_.name as name2_2_, user0_.password as password3_2_ from user user0_ where user0_.username=?
2017-12-27 00:35:29 [main] DEBUG org.hibernate.loader.Loader - Result set row: 0
2017-12-27 00:35:29 [main] DEBUG org.hibernate.loader.Loader - Result row: EntityKey[com.stackroute.activitystream.model.User#john]
2017-12-27 00:35:29 [main] DEBUG o.h.engine.internal.TwoPhaseLoad - Resolving associations for [com.stackroute.activitystream.model.User#john]
2017-12-27 00:35:29 [main] DEBUG o.h.engine.internal.TwoPhaseLoad - Done materializing entity [com.stackroute.activitystream.model.User#john]
2017-12-27 00:35:29 [main] DEBUG o.s.o.h.HibernateTransactionManager - Found thread-bound Session [SessionImpl(PersistenceContext[entityKeys=[EntityKey[com.stackroute.activitystream.model.Circle#Java], EntityKey[com.stackroute.activitystream.model.User#john]],collectionKeys=[]];ActionQueue[insertions=ExecutableList{size=0} updates=ExecutableList{size=0} deletions=ExecutableList{size=0} orphanRemovals=ExecutableList{size=0} collectionCreations=ExecutableList{size=0} collectionRemovals=ExecutableList{size=0} collectionUpdates=ExecutableList{size=0} collectionQueuedOps=ExecutableList{size=0} unresolvedInsertDependencies=null])] for Hibernate transaction
2017-12-27 00:35:29 [main] DEBUG o.s.o.h.HibernateTransactionManager - Participating in existing transaction
2017-12-27 00:35:29 [main] DEBUG o.h.e.i.AbstractFlushingEventListener - Processing flush-time cascades
2017-12-27 00:35:29 [main] DEBUG o.h.e.i.AbstractFlushingEventListener - Dirty checking collections
2017-12-27 00:35:29 [main] DEBUG o.h.e.i.AbstractFlushingEventListener - Flushed: 0 insertions, 0 updates, 0 deletions to 2 objects
2017-12-27 00:35:29 [main] DEBUG o.h.e.i.AbstractFlushingEventListener - Flushed: 0 (re)creations, 0 updates, 0 removals to 0 collections
2017-12-27 00:35:29 [main] DEBUG o.h.internal.util.EntityPrinter - Listing entities:
2017-12-27 00:35:29 [main] DEBUG o.h.internal.util.EntityPrinter - com.stackroute.activitystream.model.Circle{createdDate=2017-12-27 00:35:29.813, creatorId=John, circleName=Java}
2017-12-27 00:35:29 [main] DEBUG o.h.internal.util.EntityPrinter - com.stackroute.activitystream.model.User{password=password, name=John, username=john}
2017-12-27 00:35:29 [main] DEBUG org.hibernate.SQL - select circle0_.circleName as circleNa1_0_, circle0_.createdDate as createdD2_0_, circle0_.creatorId as creatorI3_0_ from circle circle0_ where circle0_.circleName=?
2017-12-27 00:35:29 [main] DEBUG o.s.o.h.HibernateTransactionManager - Found thread-bound Session [SessionImpl(PersistenceContext[entityKeys=[EntityKey[com.stackroute.activitystream.model.Circle#Java], EntityKey[com.stackroute.activitystream.model.User#john]],collectionKeys=[]];ActionQueue[insertions=ExecutableList{size=0} updates=ExecutableList{size=0} deletions=ExecutableList{size=0} orphanRemovals=ExecutableList{size=0} collectionCreations=ExecutableList{size=0} collectionRemovals=ExecutableList{size=0} collectionUpdates=ExecutableList{size=0} collectionQueuedOps=ExecutableList{size=0} unresolvedInsertDependencies=null])] for Hibernate transaction
2017-12-27 00:35:29 [main] DEBUG o.s.o.h.HibernateTransactionManager - Participating in existing transaction
2017-12-27 00:35:29 [main] DEBUG o.h.e.i.AbstractFlushingEventListener - Processing flush-time cascades
2017-12-27 00:35:29 [main] DEBUG o.h.e.i.AbstractFlushingEventListener - Dirty checking collections
2017-12-27 00:35:29 [main] DEBUG o.h.e.i.AbstractFlushingEventListener - Flushed: 0 insertions, 0 updates, 0 deletions to 2 objects
2017-12-27 00:35:29 [main] DEBUG o.h.e.i.AbstractFlushingEventListener - Flushed: 0 (re)creations, 0 updates, 0 removals to 0 collections
2017-12-27 00:35:29 [main] DEBUG o.h.internal.util.EntityPrinter - Listing entities:
2017-12-27 00:35:29 [main] DEBUG o.h.internal.util.EntityPrinter - com.stackroute.activitystream.model.Circle{createdDate=2017-12-27 00:35:29.813, creatorId=John, circleName=Java}
2017-12-27 00:35:29 [main] DEBUG o.h.internal.util.EntityPrinter - com.stackroute.activitystream.model.User{password=password, name=John, username=john}
2017-12-27 00:35:29 [main] DEBUG org.hibernate.SQL - select user0_.username as username1_2_, user0_.name as name2_2_, user0_.password as password3_2_ from user user0_ where user0_.username=?
2017-12-27 00:35:29 [main] DEBUG org.hibernate.loader.Loader - Result set row: 0
2017-12-27 00:35:29 [main] DEBUG org.hibernate.loader.Loader - Result row: EntityKey[com.stackroute.activitystream.model.User#john]
2017-12-27 00:35:29 [main] DEBUG o.s.o.h.HibernateTransactionManager - Found thread-bound Session [SessionImpl(PersistenceContext[entityKeys=[EntityKey[com.stackroute.activitystream.model.Circle#Java], EntityKey[com.stackroute.activitystream.model.User#john]],collectionKeys=[]];ActionQueue[insertions=ExecutableList{size=0} updates=ExecutableList{size=0} deletions=ExecutableList{size=0} orphanRemovals=ExecutableList{size=0} collectionCreations=ExecutableList{size=0} collectionRemovals=ExecutableList{size=0} collectionUpdates=ExecutableList{size=0} collectionQueuedOps=ExecutableList{size=0} unresolvedInsertDependencies=null])] for Hibernate transaction
2017-12-27 00:35:29 [main] DEBUG o.s.o.h.HibernateTransactionManager - Participating in existing transaction
2017-12-27 00:35:29 [main] DEBUG o.h.e.i.AbstractFlushingEventListener - Processing flush-time cascades
2017-12-27 00:35:29 [main] DEBUG o.h.e.i.AbstractFlushingEventListener - Dirty checking collections
2017-12-27 00:35:29 [main] DEBUG o.h.e.i.AbstractFlushingEventListener - Flushed: 0 insertions, 0 updates, 0 deletions to 2 objects
2017-12-27 00:35:29 [main] DEBUG o.h.e.i.AbstractFlushingEventListener - Flushed: 0 (re)creations, 0 updates, 0 removals to 0 collections
2017-12-27 00:35:29 [main] DEBUG o.h.internal.util.EntityPrinter - Listing entities:
2017-12-27 00:35:29 [main] DEBUG o.h.internal.util.EntityPrinter - com.stackroute.activitystream.model.Circle{createdDate=2017-12-27 00:35:29.813, creatorId=John, circleName=Java}
2017-12-27 00:35:29 [main] DEBUG o.h.internal.util.EntityPrinter - com.stackroute.activitystream.model.User{password=password, name=John, username=john}
2017-12-27 00:35:29 [main] DEBUG org.hibernate.SQL - select user0_.username as username1_2_, user0_.name as name2_2_, user0_.password as password3_2_ from user user0_ where user0_.username=?
2017-12-27 00:35:29 [main] DEBUG org.hibernate.loader.Loader - Result set row: 0
2017-12-27 00:35:29 [main] DEBUG org.hibernate.loader.Loader - Result row: EntityKey[com.stackroute.activitystream.model.User#john]
2017-12-27 00:35:29 [main] DEBUG o.s.o.h.HibernateTransactionManager - Found thread-bound Session [SessionImpl(PersistenceContext[entityKeys=[EntityKey[com.stackroute.activitystream.model.Circle#Java], EntityKey[com.stackroute.activitystream.model.User#john]],collectionKeys=[]];ActionQueue[insertions=ExecutableList{size=0} updates=ExecutableList{size=0} deletions=ExecutableList{size=0} orphanRemovals=ExecutableList{size=0} collectionCreations=ExecutableList{size=0} collectionRemovals=ExecutableList{size=0} collectionUpdates=ExecutableList{size=0} collectionQueuedOps=ExecutableList{size=0} unresolvedInsertDependencies=null])] for Hibernate transaction
2017-12-27 00:35:29 [main] DEBUG o.s.o.h.HibernateTransactionManager - Participating in existing transaction
2017-12-27 00:35:29 [main] DEBUG o.s.o.h.HibernateTransactionManager - Found thread-bound Session [SessionImpl(PersistenceContext[entityKeys=[EntityKey[com.stackroute.activitystream.model.Circle#Java], EntityKey[com.stackroute.activitystream.model.User#john]],collectionKeys=[]];ActionQueue[insertions=ExecutableList{size=0} updates=ExecutableList{size=0} deletions=ExecutableList{size=1} orphanRemovals=ExecutableList{size=0} collectionCreations=ExecutableList{size=0} collectionRemovals=ExecutableList{size=0} collectionUpdates=ExecutableList{size=0} collectionQueuedOps=ExecutableList{size=0} unresolvedInsertDependencies=null])] for Hibernate transaction
2017-12-27 00:35:29 [main] DEBUG o.s.o.h.HibernateTransactionManager - Participating in existing transaction
2017-12-27 00:35:29 [main] DEBUG o.h.e.i.AbstractFlushingEventListener - Processing flush-time cascades
2017-12-27 00:35:29 [main] DEBUG o.h.e.i.AbstractFlushingEventListener - Dirty checking collections
2017-12-27 00:35:29 [main] DEBUG o.h.e.i.AbstractFlushingEventListener - Flushed: 0 insertions, 0 updates, 1 deletions to 2 objects
2017-12-27 00:35:29 [main] DEBUG o.h.e.i.AbstractFlushingEventListener - Flushed: 0 (re)creations, 0 updates, 0 removals to 0 collections
2017-12-27 00:35:29 [main] DEBUG o.h.internal.util.EntityPrinter - Listing entities:
2017-12-27 00:35:29 [main] DEBUG o.h.internal.util.EntityPrinter - com.stackroute.activitystream.model.Circle{createdDate=2017-12-27 00:35:29.813, creatorId=John, circleName=Java}
2017-12-27 00:35:29 [main] DEBUG o.h.internal.util.EntityPrinter - com.stackroute.activitystream.model.User{password=password, name=John, username=john}
2017-12-27 00:35:29 [main] DEBUG org.hibernate.SQL - select circle0_.circleName as circleNa1_0_, circle0_.createdDate as createdD2_0_, circle0_.creatorId as creatorI3_0_ from circle circle0_ where circle0_.circleName=?
2017-12-27 00:35:29 [main] DEBUG org.hibernate.loader.Loader - Result set row: 0
2017-12-27 00:35:29 [main] DEBUG org.hibernate.loader.Loader - Result row: EntityKey[com.stackroute.activitystream.model.Circle#Java]
2017-12-27 00:35:29 [main] DEBUG o.s.o.h.HibernateTransactionManager - Found thread-bound Session [SessionImpl(PersistenceContext[entityKeys=[EntityKey[com.stackroute.activitystream.model.Circle#Java], EntityKey[com.stackroute.activitystream.model.User#john]],collectionKeys=[]];ActionQueue[insertions=ExecutableList{size=0} updates=ExecutableList{size=0} deletions=ExecutableList{size=1} orphanRemovals=ExecutableList{size=0} collectionCreations=ExecutableList{size=0} collectionRemovals=ExecutableList{size=0} collectionUpdates=ExecutableList{size=0} collectionQueuedOps=ExecutableList{size=0} unresolvedInsertDependencies=null])] for Hibernate transaction
2017-12-27 00:35:29 [main] DEBUG o.s.o.h.HibernateTransactionManager - Participating in existing transaction
2017-12-27 00:35:29 [main] DEBUG o.h.e.i.AbstractFlushingEventListener - Processing flush-time cascades
2017-12-27 00:35:29 [main] DEBUG o.h.e.i.AbstractFlushingEventListener - Dirty checking collections
2017-12-27 00:35:29 [main] DEBUG o.h.e.i.AbstractFlushingEventListener - Flushed: 0 insertions, 0 updates, 1 deletions to 2 objects
2017-12-27 00:35:29 [main] DEBUG o.h.e.i.AbstractFlushingEventListener - Flushed: 0 (re)creations, 0 updates, 0 removals to 0 collections
2017-12-27 00:35:29 [main] DEBUG o.h.internal.util.EntityPrinter - Listing entities:
2017-12-27 00:35:29 [main] DEBUG o.h.internal.util.EntityPrinter - com.stackroute.activitystream.model.Circle{createdDate=2017-12-27 00:35:29.813, creatorId=John, circleName=Java}
2017-12-27 00:35:29 [main] DEBUG o.h.internal.util.EntityPrinter - com.stackroute.activitystream.model.User{password=password, name=John, username=john}
2017-12-27 00:35:29 [main] DEBUG org.hibernate.SQL - select circle0_.circleName as circleNa1_0_, circle0_.createdDate as createdD2_0_, circle0_.creatorId as creatorI3_0_ from circle circle0_ where circle0_.circleName=?
2017-12-27 00:35:29 [main] DEBUG org.hibernate.loader.Loader - Result set row: 0
2017-12-27 00:35:29 [main] DEBUG org.hibernate.loader.Loader - Result row: EntityKey[com.stackroute.activitystream.model.Circle#Java]
2017-12-27 00:35:29 [main] DEBUG o.s.o.h.HibernateTransactionManager - Found thread-bound Session [SessionImpl(PersistenceContext[entityKeys=[EntityKey[com.stackroute.activitystream.model.Circle#Java], EntityKey[com.stackroute.activitystream.model.User#john]],collectionKeys=[]];ActionQueue[insertions=ExecutableList{size=0} updates=ExecutableList{size=0} deletions=ExecutableList{size=1} orphanRemovals=ExecutableList{size=0} collectionCreations=ExecutableList{size=0} collectionRemovals=ExecutableList{size=0} collectionUpdates=ExecutableList{size=0} collectionQueuedOps=ExecutableList{size=0} unresolvedInsertDependencies=null])] for Hibernate transaction
2017-12-27 00:35:29 [main] DEBUG o.s.o.h.HibernateTransactionManager - Participating in existing transaction
2017-12-27 00:35:29 [main] DEBUG o.s.o.h.HibernateTransactionManager - Initiating transaction rollback
2017-12-27 00:35:29 [main] DEBUG o.s.o.h.HibernateTransactionManager - Rolling back Hibernate transaction on Session [SessionImpl(PersistenceContext[entityKeys=[EntityKey[com.stackroute.activitystream.model.Circle#Java], EntityKey[com.stackroute.activitystream.model.User#john]],collectionKeys=[]];ActionQueue[insertions=ExecutableList{size=0} updates=ExecutableList{size=0} deletions=ExecutableList{size=2} orphanRemovals=ExecutableList{size=0} collectionCreations=ExecutableList{size=0} collectionRemovals=ExecutableList{size=0} collectionUpdates=ExecutableList{size=0} collectionQueuedOps=ExecutableList{size=0} unresolvedInsertDependencies=null])]
2017-12-27 00:35:29 [main] DEBUG o.h.e.t.internal.TransactionImpl - rolling back
2017-12-27 00:35:29 [main] DEBUG o.s.o.h.HibernateTransactionManager - Closing Hibernate Session [SessionImpl(PersistenceContext[entityKeys=[],collectionKeys=[]];ActionQueue[insertions=ExecutableList{size=0} updates=ExecutableList{size=0} deletions=ExecutableList{size=0} orphanRemovals=ExecutableList{size=0} collectionCreations=ExecutableList{size=0} collectionRemovals=ExecutableList{size=0} collectionUpdates=ExecutableList{size=0} collectionQueuedOps=ExecutableList{size=0} unresolvedInsertDependencies=null])] after transaction
2017-12-27 00:35:29 [main] DEBUG o.h.e.j.internal.JdbcCoordinatorImpl - HHH000420: Closing un-released batch
2017-12-27 00:35:29 [main] INFO  o.s.t.c.t.TransactionContext - Rolled back transaction for test context [DefaultTestContext@7f42b194 testClass = UserCircleTest, testInstance = com.stackroute.activitystream.test.UserCircleTest@7b3cbe6e, testMethod = testRemoveUserFromCircleInvalidCircleFailure@UserCircleTest, testException = [null], mergedContextConfiguration = [WebMergedContextConfiguration@8eb6f9a testClass = UserCircleTest, locations = '{}', classes = '{class com.stackroute.activitystream.config.ApplicationContextConfig}', contextInitializerClasses = '[]', activeProfiles = '{}', propertySourceLocations = '{}', propertySourceProperties = '{}', contextCustomizers = set[org.springframework.test.context.web.socket.MockServerContainerContextCustomizer@166fa74d], resourceBasePath = 'src/main/webapp', contextLoader = 'org.springframework.test.context.web.WebDelegatingSmartContextLoader', parent = [null]]].
2017-12-27 00:35:29 [main] DEBUG o.s.t.c.s.AbstractDirtiesContextTestExecutionListener - After test method: context [DefaultTestContext@7f42b194 testClass = UserCircleTest, testInstance = com.stackroute.activitystream.test.UserCircleTest@7b3cbe6e, testMethod = testRemoveUserFromCircleInvalidCircleFailure@UserCircleTest, testException = [null], mergedContextConfiguration = [WebMergedContextConfiguration@8eb6f9a testClass = UserCircleTest, locations = '{}', classes = '{class com.stackroute.activitystream.config.ApplicationContextConfig}', contextInitializerClasses = '[]', activeProfiles = '{}', propertySourceLocations = '{}', propertySourceProperties = '{}', contextCustomizers = set[org.springframework.test.context.web.socket.MockServerContainerContextCustomizer@166fa74d], resourceBasePath = 'src/main/webapp', contextLoader = 'org.springframework.test.context.web.WebDelegatingSmartContextLoader', parent = [null]]], class annotated with @DirtiesContext [false] with mode [null], method annotated with @DirtiesContext [false] with mode [null].
2017-12-27 00:35:29 [main] DEBUG o.s.t.c.w.ServletTestExecutionListener - Resetting RequestContextHolder for test context [DefaultTestContext@7f42b194 testClass = UserCircleTest, testInstance = com.stackroute.activitystream.test.UserCircleTest@7b3cbe6e, testMethod = testRemoveUserFromCircleInvalidCircleFailure@UserCircleTest, testException = [null], mergedContextConfiguration = [WebMergedContextConfiguration@8eb6f9a testClass = UserCircleTest, locations = '{}', classes = '{class com.stackroute.activitystream.config.ApplicationContextConfig}', contextInitializerClasses = '[]', activeProfiles = '{}', propertySourceLocations = '{}', propertySourceProperties = '{}', contextCustomizers = set[org.springframework.test.context.web.socket.MockServerContainerContextCustomizer@166fa74d], resourceBasePath = 'src/main/webapp', contextLoader = 'org.springframework.test.context.web.WebDelegatingSmartContextLoader', parent = [null]]].
2017-12-27 00:35:29 [main] DEBUG o.s.t.annotation.ProfileValueUtils - Retrieved @ProfileValueSourceConfiguration [null] for test class [com.stackroute.activitystream.test.UserCircleTest]
2017-12-27 00:35:29 [main] DEBUG o.s.t.annotation.ProfileValueUtils - Retrieved ProfileValueSource type [class org.springframework.test.annotation.SystemProfileValueSource] for class [com.stackroute.activitystream.test.UserCircleTest]
2017-12-27 00:35:29 [main] DEBUG o.s.t.c.c.DefaultCacheAwareContextLoaderDelegate - Retrieved ApplicationContext from cache with key [[WebMergedContextConfiguration@8eb6f9a testClass = UserCircleTest, locations = '{}', classes = '{class com.stackroute.activitystream.config.ApplicationContextConfig}', contextInitializerClasses = '[]', activeProfiles = '{}', propertySourceLocations = '{}', propertySourceProperties = '{}', contextCustomizers = set[org.springframework.test.context.web.socket.MockServerContainerContextCustomizer@166fa74d], resourceBasePath = 'src/main/webapp', contextLoader = 'org.springframework.test.context.web.WebDelegatingSmartContextLoader', parent = [null]]]
2017-12-27 00:35:29 [main] DEBUG o.springframework.test.context.cache - Spring test ApplicationContext cache statistics: [DefaultContextCache@6edcad64 size = 1, maxSize = 32, parentContextCount = 0, hitCount = 106, missCount = 1]
2017-12-27 00:35:29 [main] DEBUG o.s.t.c.w.ServletTestExecutionListener - Setting up MockHttpServletRequest, MockHttpServletResponse, ServletWebRequest, and RequestContextHolder for test context [DefaultTestContext@7f42b194 testClass = UserCircleTest, testInstance = com.stackroute.activitystream.test.UserCircleTest@375084c9, testMethod = [null], testException = [null], mergedContextConfiguration = [WebMergedContextConfiguration@8eb6f9a testClass = UserCircleTest, locations = '{}', classes = '{class com.stackroute.activitystream.config.ApplicationContextConfig}', contextInitializerClasses = '[]', activeProfiles = '{}', propertySourceLocations = '{}', propertySourceProperties = '{}', contextCustomizers = set[org.springframework.test.context.web.socket.MockServerContainerContextCustomizer@166fa74d], resourceBasePath = 'src/main/webapp', contextLoader = 'org.springframework.test.context.web.WebDelegatingSmartContextLoader', parent = [null]]].
2017-12-27 00:35:29 [main] DEBUG o.s.t.c.s.DependencyInjectionTestExecutionListener - Performing dependency injection for test context [[DefaultTestContext@7f42b194 testClass = UserCircleTest, testInstance = com.stackroute.activitystream.test.UserCircleTest@375084c9, testMethod = [null], testException = [null], mergedContextConfiguration = [WebMergedContextConfiguration@8eb6f9a testClass = UserCircleTest, locations = '{}', classes = '{class com.stackroute.activitystream.config.ApplicationContextConfig}', contextInitializerClasses = '[]', activeProfiles = '{}', propertySourceLocations = '{}', propertySourceProperties = '{}', contextCustomizers = set[org.springframework.test.context.web.socket.MockServerContainerContextCustomizer@166fa74d], resourceBasePath = 'src/main/webapp', contextLoader = 'org.springframework.test.context.web.WebDelegatingSmartContextLoader', parent = [null]]]].
2017-12-27 00:35:29 [main] DEBUG o.s.t.c.c.DefaultCacheAwareContextLoaderDelegate - Retrieved ApplicationContext from cache with key [[WebMergedContextConfiguration@8eb6f9a testClass = UserCircleTest, locations = '{}', classes = '{class com.stackroute.activitystream.config.ApplicationContextConfig}', contextInitializerClasses = '[]', activeProfiles = '{}', propertySourceLocations = '{}', propertySourceProperties = '{}', contextCustomizers = set[org.springframework.test.context.web.socket.MockServerContainerContextCustomizer@166fa74d], resourceBasePath = 'src/main/webapp', contextLoader = 'org.springframework.test.context.web.WebDelegatingSmartContextLoader', parent = [null]]]
2017-12-27 00:35:29 [main] DEBUG o.springframework.test.context.cache - Spring test ApplicationContext cache statistics: [DefaultContextCache@6edcad64 size = 1, maxSize = 32, parentContextCount = 0, hitCount = 107, missCount = 1]
2017-12-27 00:35:29 [main] DEBUG o.s.b.f.annotation.InjectionMetadata - Processing injected element of bean 'com.stackroute.activitystream.test.UserCircleTest': AutowiredFieldElement for private com.stackroute.activitystream.dao.UserDAO com.stackroute.activitystream.test.UserCircleTest.userDAO
2017-12-27 00:35:29 [main] DEBUG o.s.core.annotation.AnnotationUtils - Failed to meta-introspect annotation [interface org.springframework.beans.factory.annotation.Autowired]: java.lang.IllegalArgumentException: Annotation must not be null
2017-12-27 00:35:29 [main] DEBUG o.s.b.f.s.DefaultListableBeanFactory - Returning cached instance of singleton bean 'userDAO'
2017-12-27 00:35:29 [main] DEBUG o.s.b.f.annotation.InjectionMetadata - Processing injected element of bean 'com.stackroute.activitystream.test.UserCircleTest': AutowiredFieldElement for com.stackroute.activitystream.dao.UserCircleDAO com.stackroute.activitystream.test.UserCircleTest.userCircleDAO
2017-12-27 00:35:29 [main] DEBUG o.s.core.annotation.AnnotationUtils - Failed to meta-introspect annotation [interface org.springframework.beans.factory.annotation.Autowired]: java.lang.IllegalArgumentException: Annotation must not be null
2017-12-27 00:35:29 [main] DEBUG o.s.b.f.s.DefaultListableBeanFactory - Returning cached instance of singleton bean 'userCircleDAO'
2017-12-27 00:35:29 [main] DEBUG o.s.b.f.annotation.InjectionMetadata - Processing injected element of bean 'com.stackroute.activitystream.test.UserCircleTest': AutowiredFieldElement for private com.stackroute.activitystream.dao.CircleDAO com.stackroute.activitystream.test.UserCircleTest.circleDAO
2017-12-27 00:35:29 [main] DEBUG o.s.core.annotation.AnnotationUtils - Failed to meta-introspect annotation [interface org.springframework.beans.factory.annotation.Autowired]: java.lang.IllegalArgumentException: Annotation must not be null
2017-12-27 00:35:29 [main] DEBUG o.s.b.f.s.DefaultListableBeanFactory - Returning cached instance of singleton bean 'circleDAO'
2017-12-27 00:35:29 [main] DEBUG o.s.b.f.s.DefaultListableBeanFactory - Returning cached instance of singleton bean 'org.springframework.transaction.config.internalTransactionAdvisor'
2017-12-27 00:35:29 [main] DEBUG o.s.a.f.a.InfrastructureAdvisorAutoProxyCreator - Creating implicit proxy for bean 'com.stackroute.activitystream.test.UserCircleTest' with 0 common interceptors and 1 specific interceptors
2017-12-27 00:35:29 [main] DEBUG o.s.aop.framework.CglibAopProxy - Creating CGLIB proxy: target source is SingletonTargetSource for target object [com.stackroute.activitystream.test.UserCircleTest@375084c9]
2017-12-27 00:35:29 [main] DEBUG o.s.t.c.s.AbstractDirtiesContextTestExecutionListener - Before test method: context [DefaultTestContext@7f42b194 testClass = UserCircleTest, testInstance = com.stackroute.activitystream.test.UserCircleTest@375084c9, testMethod = testUserSubscriptionToCircle@UserCircleTest, testException = [null], mergedContextConfiguration = [WebMergedContextConfiguration@8eb6f9a testClass = UserCircleTest, locations = '{}', classes = '{class com.stackroute.activitystream.config.ApplicationContextConfig}', contextInitializerClasses = '[]', activeProfiles = '{}', propertySourceLocations = '{}', propertySourceProperties = '{}', contextCustomizers = set[org.springframework.test.context.web.socket.MockServerContainerContextCustomizer@166fa74d], resourceBasePath = 'src/main/webapp', contextLoader = 'org.springframework.test.context.web.WebDelegatingSmartContextLoader', parent = [null]]], class annotated with @DirtiesContext [false] with mode [null], method annotated with @DirtiesContext [false] with mode [null].
2017-12-27 00:35:29 [main] DEBUG o.s.t.a.AnnotationTransactionAttributeSource - Adding transactional method 'com.stackroute.activitystream.test.UserCircleTest.testUserSubscriptionToCircle' with attribute: PROPAGATION_REQUIRED,ISOLATION_DEFAULT
2017-12-27 00:35:29 [main] DEBUG o.s.t.c.t.TransactionalTestExecutionListener - Explicit transaction definition [PROPAGATION_REQUIRED,ISOLATION_DEFAULT] found for test context [DefaultTestContext@7f42b194 testClass = UserCircleTest, testInstance = com.stackroute.activitystream.test.UserCircleTest@375084c9, testMethod = testUserSubscriptionToCircle@UserCircleTest, testException = [null], mergedContextConfiguration = [WebMergedContextConfiguration@8eb6f9a testClass = UserCircleTest, locations = '{}', classes = '{class com.stackroute.activitystream.config.ApplicationContextConfig}', contextInitializerClasses = '[]', activeProfiles = '{}', propertySourceLocations = '{}', propertySourceProperties = '{}', contextCustomizers = set[org.springframework.test.context.web.socket.MockServerContainerContextCustomizer@166fa74d], resourceBasePath = 'src/main/webapp', contextLoader = 'org.springframework.test.context.web.WebDelegatingSmartContextLoader', parent = [null]]]
2017-12-27 00:35:29 [main] DEBUG o.s.t.c.c.DefaultCacheAwareContextLoaderDelegate - Retrieved ApplicationContext from cache with key [[WebMergedContextConfiguration@8eb6f9a testClass = UserCircleTest, locations = '{}', classes = '{class com.stackroute.activitystream.config.ApplicationContextConfig}', contextInitializerClasses = '[]', activeProfiles = '{}', propertySourceLocations = '{}', propertySourceProperties = '{}', contextCustomizers = set[org.springframework.test.context.web.socket.MockServerContainerContextCustomizer@166fa74d], resourceBasePath = 'src/main/webapp', contextLoader = 'org.springframework.test.context.web.WebDelegatingSmartContextLoader', parent = [null]]]
2017-12-27 00:35:29 [main] DEBUG o.springframework.test.context.cache - Spring test ApplicationContext cache statistics: [DefaultContextCache@6edcad64 size = 1, maxSize = 32, parentContextCount = 0, hitCount = 108, missCount = 1]
2017-12-27 00:35:29 [main] DEBUG o.s.b.f.s.DefaultListableBeanFactory - Returning cached instance of singleton bean 'transactionManager'
2017-12-27 00:35:29 [main] DEBUG o.s.t.c.t.TransactionalTestExecutionListener - No method-level @Rollback override: using default rollback [true] for test context [DefaultTestContext@7f42b194 testClass = UserCircleTest, testInstance = com.stackroute.activitystream.test.UserCircleTest@375084c9, testMethod = testUserSubscriptionToCircle@UserCircleTest, testException = [null], mergedContextConfiguration = [WebMergedContextConfiguration@8eb6f9a testClass = UserCircleTest, locations = '{}', classes = '{class com.stackroute.activitystream.config.ApplicationContextConfig}', contextInitializerClasses = '[]', activeProfiles = '{}', propertySourceLocations = '{}', propertySourceProperties = '{}', contextCustomizers = set[org.springframework.test.context.web.socket.MockServerContainerContextCustomizer@166fa74d], resourceBasePath = 'src/main/webapp', contextLoader = 'org.springframework.test.context.web.WebDelegatingSmartContextLoader', parent = [null]]].
2017-12-27 00:35:29 [main] DEBUG o.s.o.h.HibernateTransactionManager - Creating new transaction with name [com.stackroute.activitystream.test.UserCircleTest.testUserSubscriptionToCircle]: PROPAGATION_REQUIRED,ISOLATION_DEFAULT
2017-12-27 00:35:29 [main] DEBUG o.s.o.h.HibernateTransactionManager - Opened new Session [SessionImpl(PersistenceContext[entityKeys=[],collectionKeys=[]];ActionQueue[insertions=ExecutableList{size=0} updates=ExecutableList{size=0} deletions=ExecutableList{size=0} orphanRemovals=ExecutableList{size=0} collectionCreations=ExecutableList{size=0} collectionRemovals=ExecutableList{size=0} collectionUpdates=ExecutableList{size=0} collectionQueuedOps=ExecutableList{size=0} unresolvedInsertDependencies=null])] for Hibernate transaction
2017-12-27 00:35:29 [main] DEBUG o.s.o.h.HibernateTransactionManager - Preparing JDBC Connection of Hibernate Session [SessionImpl(PersistenceContext[entityKeys=[],collectionKeys=[]];ActionQueue[insertions=ExecutableList{size=0} updates=ExecutableList{size=0} deletions=ExecutableList{size=0} orphanRemovals=ExecutableList{size=0} collectionCreations=ExecutableList{size=0} collectionRemovals=ExecutableList{size=0} collectionUpdates=ExecutableList{size=0} collectionQueuedOps=ExecutableList{size=0} unresolvedInsertDependencies=null])]
2017-12-27 00:35:29 [main] DEBUG o.h.e.t.internal.TransactionImpl - begin
2017-12-27 00:35:29 [main] DEBUG o.s.o.h.HibernateTransactionManager - Exposing Hibernate transaction as JDBC transaction [198785987, URL=jdbc:mysql://localhost:3306/activitystream_step3, UserName=root@localhost, MySQL Connector Java]
2017-12-27 00:35:29 [main] INFO  o.s.t.c.t.TransactionContext - Began transaction (1) for test context [DefaultTestContext@7f42b194 testClass = UserCircleTest, testInstance = com.stackroute.activitystream.test.UserCircleTest@375084c9, testMethod = testUserSubscriptionToCircle@UserCircleTest, testException = [null], mergedContextConfiguration = [WebMergedContextConfiguration@8eb6f9a testClass = UserCircleTest, locations = '{}', classes = '{class com.stackroute.activitystream.config.ApplicationContextConfig}', contextInitializerClasses = '[]', activeProfiles = '{}', propertySourceLocations = '{}', propertySourceProperties = '{}', contextCustomizers = set[org.springframework.test.context.web.socket.MockServerContainerContextCustomizer@166fa74d], resourceBasePath = 'src/main/webapp', contextLoader = 'org.springframework.test.context.web.WebDelegatingSmartContextLoader', parent = [null]]]; transaction manager [org.springframework.orm.hibernate5.HibernateTransactionManager@6ede46f6]; rollback [true]
2017-12-27 00:35:29 [main] DEBUG o.s.o.h.HibernateTransactionManager - Found thread-bound Session [SessionImpl(PersistenceContext[entityKeys=[],collectionKeys=[]];ActionQueue[insertions=ExecutableList{size=0} updates=ExecutableList{size=0} deletions=ExecutableList{size=0} orphanRemovals=ExecutableList{size=0} collectionCreations=ExecutableList{size=0} collectionRemovals=ExecutableList{size=0} collectionUpdates=ExecutableList{size=0} collectionQueuedOps=ExecutableList{size=0} unresolvedInsertDependencies=null])] for Hibernate transaction
2017-12-27 00:35:29 [main] DEBUG o.s.o.h.HibernateTransactionManager - Participating in existing transaction
2017-12-27 00:35:29 [main] DEBUG org.hibernate.SQL - select user0_.username as username1_2_, user0_.name as name2_2_, user0_.password as password3_2_ from user user0_ where user0_.username=?
2017-12-27 00:35:29 [main] DEBUG o.s.o.h.HibernateTransactionManager - Found thread-bound Session [SessionImpl(PersistenceContext[entityKeys=[],collectionKeys=[]];ActionQueue[insertions=ExecutableList{size=0} updates=ExecutableList{size=0} deletions=ExecutableList{size=0} orphanRemovals=ExecutableList{size=0} collectionCreations=ExecutableList{size=0} collectionRemovals=ExecutableList{size=0} collectionUpdates=ExecutableList{size=0} collectionQueuedOps=ExecutableList{size=0} unresolvedInsertDependencies=null])] for Hibernate transaction
2017-12-27 00:35:29 [main] DEBUG o.s.o.h.HibernateTransactionManager - Participating in existing transaction
2017-12-27 00:35:29 [main] DEBUG org.hibernate.SQL - select circle0_.circleName as circleNa1_0_, circle0_.createdDate as createdD2_0_, circle0_.creatorId as creatorI3_0_ from circle circle0_ where circle0_.circleName=?
2017-12-27 00:35:29 [main] DEBUG o.s.o.h.HibernateTransactionManager - Found thread-bound Session [SessionImpl(PersistenceContext[entityKeys=[],collectionKeys=[]];ActionQueue[insertions=ExecutableList{size=0} updates=ExecutableList{size=0} deletions=ExecutableList{size=0} orphanRemovals=ExecutableList{size=0} collectionCreations=ExecutableList{size=0} collectionRemovals=ExecutableList{size=0} collectionUpdates=ExecutableList{size=0} collectionQueuedOps=ExecutableList{size=0} unresolvedInsertDependencies=null])] for Hibernate transaction
2017-12-27 00:35:29 [main] DEBUG o.s.o.h.HibernateTransactionManager - Participating in existing transaction
2017-12-27 00:35:29 [main] DEBUG org.hibernate.SQL - select user_.username, user_.name as name2_2_, user_.password as password3_2_ from user user_ where user_.username=?
2017-12-27 00:35:29 [main] DEBUG o.h.r.j.i.ResourceRegistryStandardImpl - HHH000387: ResultSet's statement was not registered
2017-12-27 00:35:29 [main] DEBUG o.h.e.i.AbstractSaveEventListener - Generated identifier: john, using strategy: org.hibernate.id.Assigned
2017-12-27 00:35:29 [main] DEBUG o.h.e.i.AbstractFlushingEventListener - Processing flush-time cascades
2017-12-27 00:35:29 [main] DEBUG o.h.e.i.AbstractFlushingEventListener - Dirty checking collections
2017-12-27 00:35:29 [main] DEBUG o.h.e.i.AbstractFlushingEventListener - Flushed: 1 insertions, 0 updates, 0 deletions to 1 objects
2017-12-27 00:35:29 [main] DEBUG o.h.e.i.AbstractFlushingEventListener - Flushed: 0 (re)creations, 0 updates, 0 removals to 0 collections
2017-12-27 00:35:29 [main] DEBUG o.h.internal.util.EntityPrinter - Listing entities:
2017-12-27 00:35:29 [main] DEBUG o.h.internal.util.EntityPrinter - com.stackroute.activitystream.model.User{password=password, name=John, username=john}
2017-12-27 00:35:29 [main] DEBUG org.hibernate.SQL - insert into user (name, password, username) values (?, ?, ?)
2017-12-27 00:35:29 [main] DEBUG o.s.o.h.HibernateTransactionManager - Found thread-bound Session [SessionImpl(PersistenceContext[entityKeys=[EntityKey[com.stackroute.activitystream.model.User#john]],collectionKeys=[]];ActionQueue[insertions=ExecutableList{size=0} updates=ExecutableList{size=0} deletions=ExecutableList{size=0} orphanRemovals=ExecutableList{size=0} collectionCreations=ExecutableList{size=0} collectionRemovals=ExecutableList{size=0} collectionUpdates=ExecutableList{size=0} collectionQueuedOps=ExecutableList{size=0} unresolvedInsertDependencies=null])] for Hibernate transaction
2017-12-27 00:35:29 [main] DEBUG o.s.o.h.HibernateTransactionManager - Participating in existing transaction
2017-12-27 00:35:29 [main] DEBUG o.s.o.h.HibernateTransactionManager - Found thread-bound Session [SessionImpl(PersistenceContext[entityKeys=[EntityKey[com.stackroute.activitystream.model.User#john]],collectionKeys=[]];ActionQueue[insertions=ExecutableList{size=0} updates=ExecutableList{size=0} deletions=ExecutableList{size=0} orphanRemovals=ExecutableList{size=0} collectionCreations=ExecutableList{size=0} collectionRemovals=ExecutableList{size=0} collectionUpdates=ExecutableList{size=0} collectionQueuedOps=ExecutableList{size=0} unresolvedInsertDependencies=null])] for Hibernate transaction
2017-12-27 00:35:29 [main] DEBUG o.s.o.h.HibernateTransactionManager - Participating in existing transaction
2017-12-27 00:35:29 [main] DEBUG o.h.e.i.AbstractFlushingEventListener - Processing flush-time cascades
2017-12-27 00:35:29 [main] DEBUG o.h.e.i.AbstractFlushingEventListener - Dirty checking collections
2017-12-27 00:35:29 [main] DEBUG o.h.e.i.AbstractFlushingEventListener - Flushed: 0 insertions, 0 updates, 0 deletions to 1 objects
2017-12-27 00:35:29 [main] DEBUG o.h.e.i.AbstractFlushingEventListener - Flushed: 0 (re)creations, 0 updates, 0 removals to 0 collections
2017-12-27 00:35:29 [main] DEBUG o.h.internal.util.EntityPrinter - Listing entities:
2017-12-27 00:35:29 [main] DEBUG o.h.internal.util.EntityPrinter - com.stackroute.activitystream.model.User{password=password, name=John, username=john}
2017-12-27 00:35:29 [main] DEBUG org.hibernate.SQL - select user0_.username as username1_2_, user0_.name as name2_2_, user0_.password as password3_2_ from user user0_ where user0_.username=?
2017-12-27 00:35:29 [main] DEBUG org.hibernate.loader.Loader - Result set row: 0
2017-12-27 00:35:29 [main] DEBUG org.hibernate.loader.Loader - Result row: EntityKey[com.stackroute.activitystream.model.User#john]
2017-12-27 00:35:29 [main] DEBUG o.s.o.h.HibernateTransactionManager - Found thread-bound Session [SessionImpl(PersistenceContext[entityKeys=[EntityKey[com.stackroute.activitystream.model.User#john]],collectionKeys=[]];ActionQueue[insertions=ExecutableList{size=0} updates=ExecutableList{size=0} deletions=ExecutableList{size=0} orphanRemovals=ExecutableList{size=0} collectionCreations=ExecutableList{size=0} collectionRemovals=ExecutableList{size=0} collectionUpdates=ExecutableList{size=0} collectionQueuedOps=ExecutableList{size=0} unresolvedInsertDependencies=null])] for Hibernate transaction
2017-12-27 00:35:29 [main] DEBUG o.s.o.h.HibernateTransactionManager - Participating in existing transaction
2017-12-27 00:35:29 [main] DEBUG o.h.e.i.AbstractFlushingEventListener - Processing flush-time cascades
2017-12-27 00:35:29 [main] DEBUG o.h.e.i.AbstractFlushingEventListener - Dirty checking collections
2017-12-27 00:35:29 [main] DEBUG o.h.e.i.AbstractFlushingEventListener - Flushed: 0 insertions, 0 updates, 0 deletions to 1 objects
2017-12-27 00:35:29 [main] DEBUG o.h.e.i.AbstractFlushingEventListener - Flushed: 0 (re)creations, 0 updates, 0 removals to 0 collections
2017-12-27 00:35:29 [main] DEBUG o.h.internal.util.EntityPrinter - Listing entities:
2017-12-27 00:35:29 [main] DEBUG o.h.internal.util.EntityPrinter - com.stackroute.activitystream.model.User{password=password, name=John, username=john}
2017-12-27 00:35:29 [main] DEBUG org.hibernate.SQL - select circle0_.circleName as circleNa1_0_, circle0_.createdDate as createdD2_0_, circle0_.creatorId as creatorI3_0_ from circle circle0_ where circle0_.circleName=?
2017-12-27 00:35:29 [main] DEBUG o.h.e.i.AbstractSaveEventListener - Generated identifier: Java, using strategy: org.hibernate.id.Assigned
2017-12-27 00:35:29 [main] DEBUG o.h.e.i.AbstractFlushingEventListener - Processing flush-time cascades
2017-12-27 00:35:29 [main] DEBUG o.h.e.i.AbstractFlushingEventListener - Dirty checking collections
2017-12-27 00:35:29 [main] DEBUG o.h.e.i.AbstractFlushingEventListener - Flushed: 1 insertions, 0 updates, 0 deletions to 1 objects
2017-12-27 00:35:29 [main] DEBUG o.h.e.i.AbstractFlushingEventListener - Flushed: 0 (re)creations, 0 updates, 0 removals to 0 collections
2017-12-27 00:35:29 [main] DEBUG o.h.internal.util.EntityPrinter - Listing entities:
2017-12-27 00:35:29 [main] DEBUG o.h.internal.util.EntityPrinter - com.stackroute.activitystream.model.Circle{createdDate=2017-12-27 00:35:29.906, creatorId=John, circleName=Java}
2017-12-27 00:35:29 [main] DEBUG org.hibernate.SQL - insert into circle (createdDate, creatorId, circleName) values (?, ?, ?)
2017-12-27 00:35:29 [main] DEBUG o.s.o.h.HibernateTransactionManager - Found thread-bound Session [SessionImpl(PersistenceContext[entityKeys=[EntityKey[com.stackroute.activitystream.model.Circle#Java]],collectionKeys=[]];ActionQueue[insertions=ExecutableList{size=0} updates=ExecutableList{size=0} deletions=ExecutableList{size=0} orphanRemovals=ExecutableList{size=0} collectionCreations=ExecutableList{size=0} collectionRemovals=ExecutableList{size=0} collectionUpdates=ExecutableList{size=0} collectionQueuedOps=ExecutableList{size=0} unresolvedInsertDependencies=null])] for Hibernate transaction
2017-12-27 00:35:29 [main] DEBUG o.s.o.h.HibernateTransactionManager - Participating in existing transaction
2017-12-27 00:35:29 [main] DEBUG o.s.o.h.HibernateTransactionManager - Found thread-bound Session [SessionImpl(PersistenceContext[entityKeys=[EntityKey[com.stackroute.activitystream.model.Circle#Java]],collectionKeys=[]];ActionQueue[insertions=ExecutableList{size=0} updates=ExecutableList{size=0} deletions=ExecutableList{size=0} orphanRemovals=ExecutableList{size=0} collectionCreations=ExecutableList{size=0} collectionRemovals=ExecutableList{size=0} collectionUpdates=ExecutableList{size=0} collectionQueuedOps=ExecutableList{size=0} unresolvedInsertDependencies=null])] for Hibernate transaction
2017-12-27 00:35:29 [main] DEBUG o.s.o.h.HibernateTransactionManager - Participating in existing transaction
2017-12-27 00:35:29 [main] DEBUG o.h.e.i.AbstractFlushingEventListener - Processing flush-time cascades
2017-12-27 00:35:29 [main] DEBUG o.h.e.i.AbstractFlushingEventListener - Dirty checking collections
2017-12-27 00:35:29 [main] DEBUG o.h.e.i.AbstractFlushingEventListener - Flushed: 0 insertions, 0 updates, 0 deletions to 1 objects
2017-12-27 00:35:29 [main] DEBUG o.h.e.i.AbstractFlushingEventListener - Flushed: 0 (re)creations, 0 updates, 0 removals to 0 collections
2017-12-27 00:35:29 [main] DEBUG o.h.internal.util.EntityPrinter - Listing entities:
2017-12-27 00:35:29 [main] DEBUG o.h.internal.util.EntityPrinter - com.stackroute.activitystream.model.Circle{createdDate=2017-12-27 00:35:29.906, creatorId=John, circleName=Java}
2017-12-27 00:35:29 [main] DEBUG org.hibernate.SQL - select user0_.username as username1_2_, user0_.name as name2_2_, user0_.password as password3_2_ from user user0_ where user0_.username=?
2017-12-27 00:35:29 [main] DEBUG org.hibernate.loader.Loader - Result set row: 0
2017-12-27 00:35:29 [main] DEBUG org.hibernate.loader.Loader - Result row: EntityKey[com.stackroute.activitystream.model.User#john]
2017-12-27 00:35:29 [main] DEBUG o.h.engine.internal.TwoPhaseLoad - Resolving associations for [com.stackroute.activitystream.model.User#john]
2017-12-27 00:35:29 [main] DEBUG o.h.engine.internal.TwoPhaseLoad - Done materializing entity [com.stackroute.activitystream.model.User#john]
2017-12-27 00:35:29 [main] DEBUG o.s.o.h.HibernateTransactionManager - Found thread-bound Session [SessionImpl(PersistenceContext[entityKeys=[EntityKey[com.stackroute.activitystream.model.Circle#Java], EntityKey[com.stackroute.activitystream.model.User#john]],collectionKeys=[]];ActionQueue[insertions=ExecutableList{size=0} updates=ExecutableList{size=0} deletions=ExecutableList{size=0} orphanRemovals=ExecutableList{size=0} collectionCreations=ExecutableList{size=0} collectionRemovals=ExecutableList{size=0} collectionUpdates=ExecutableList{size=0} collectionQueuedOps=ExecutableList{size=0} unresolvedInsertDependencies=null])] for Hibernate transaction
2017-12-27 00:35:29 [main] DEBUG o.s.o.h.HibernateTransactionManager - Participating in existing transaction
2017-12-27 00:35:29 [main] DEBUG o.h.e.i.AbstractFlushingEventListener - Processing flush-time cascades
2017-12-27 00:35:29 [main] DEBUG o.h.e.i.AbstractFlushingEventListener - Dirty checking collections
2017-12-27 00:35:29 [main] DEBUG o.h.e.i.AbstractFlushingEventListener - Flushed: 0 insertions, 0 updates, 0 deletions to 2 objects
2017-12-27 00:35:29 [main] DEBUG o.h.e.i.AbstractFlushingEventListener - Flushed: 0 (re)creations, 0 updates, 0 removals to 0 collections
2017-12-27 00:35:29 [main] DEBUG o.h.internal.util.EntityPrinter - Listing entities:
2017-12-27 00:35:29 [main] DEBUG o.h.internal.util.EntityPrinter - com.stackroute.activitystream.model.Circle{createdDate=2017-12-27 00:35:29.906, creatorId=John, circleName=Java}
2017-12-27 00:35:29 [main] DEBUG o.h.internal.util.EntityPrinter - com.stackroute.activitystream.model.User{password=password, name=John, username=john}
2017-12-27 00:35:29 [main] DEBUG org.hibernate.SQL - select circle0_.circleName as circleNa1_0_, circle0_.createdDate as createdD2_0_, circle0_.creatorId as creatorI3_0_ from circle circle0_ where circle0_.circleName=?
2017-12-27 00:35:29 [main] DEBUG org.hibernate.loader.Loader - Result set row: 0
2017-12-27 00:35:29 [main] DEBUG org.hibernate.loader.Loader - Result row: EntityKey[com.stackroute.activitystream.model.Circle#Java]
2017-12-27 00:35:29 [main] DEBUG o.h.e.i.AbstractSaveEventListener - Generated identifier: 81e2d8d6-541b-4379-958c-b297cc32fd6a, using strategy: org.hibernate.id.UUIDGenerator
2017-12-27 00:35:29 [main] DEBUG o.h.e.i.AbstractFlushingEventListener - Processing flush-time cascades
2017-12-27 00:35:29 [main] DEBUG o.h.e.i.AbstractFlushingEventListener - Dirty checking collections
2017-12-27 00:35:29 [main] DEBUG o.h.e.i.AbstractFlushingEventListener - Flushed: 1 insertions, 0 updates, 0 deletions to 1 objects
2017-12-27 00:35:29 [main] DEBUG o.h.e.i.AbstractFlushingEventListener - Flushed: 0 (re)creations, 0 updates, 0 removals to 0 collections
2017-12-27 00:35:29 [main] DEBUG o.h.internal.util.EntityPrinter - Listing entities:
2017-12-27 00:35:29 [main] DEBUG o.h.internal.util.EntityPrinter - com.stackroute.activitystream.model.UserCircle{userCircleId=81e2d8d6-541b-4379-958c-b297cc32fd6a, circleName=Java, username=john}
2017-12-27 00:35:29 [main] DEBUG org.hibernate.SQL - insert into user_circle (circleName, username, userCircleId) values (?, ?, ?)
2017-12-27 00:35:29 [main] DEBUG o.s.t.a.AnnotationTransactionAttributeSource - Adding transactional method 'com.stackroute.activitystream.daoimpl.UserCircleDAOImpl.getMyCircles' with attribute: PROPAGATION_REQUIRED,ISOLATION_DEFAULT
2017-12-27 00:35:29 [main] DEBUG o.s.o.h.HibernateTransactionManager - Found thread-bound Session [SessionImpl(PersistenceContext[entityKeys=[EntityKey[com.stackroute.activitystream.model.UserCircle#81e2d8d6-541b-4379-958c-b297cc32fd6a]],collectionKeys=[]];ActionQueue[insertions=ExecutableList{size=0} updates=ExecutableList{size=0} deletions=ExecutableList{size=0} orphanRemovals=ExecutableList{size=0} collectionCreations=ExecutableList{size=0} collectionRemovals=ExecutableList{size=0} collectionUpdates=ExecutableList{size=0} collectionQueuedOps=ExecutableList{size=0} unresolvedInsertDependencies=null])] for Hibernate transaction
2017-12-27 00:35:29 [main] DEBUG o.s.o.h.HibernateTransactionManager - Participating in existing transaction
2017-12-27 00:35:29 [main] DEBUG o.s.o.h.HibernateTransactionManager - Found thread-bound Session [SessionImpl(PersistenceContext[entityKeys=[EntityKey[com.stackroute.activitystream.model.UserCircle#81e2d8d6-541b-4379-958c-b297cc32fd6a]],collectionKeys=[]];ActionQueue[insertions=ExecutableList{size=0} updates=ExecutableList{size=0} deletions=ExecutableList{size=0} orphanRemovals=ExecutableList{size=0} collectionCreations=ExecutableList{size=0} collectionRemovals=ExecutableList{size=0} collectionUpdates=ExecutableList{size=0} collectionQueuedOps=ExecutableList{size=0} unresolvedInsertDependencies=null])] for Hibernate transaction
2017-12-27 00:35:29 [main] DEBUG o.s.o.h.HibernateTransactionManager - Participating in existing transaction
2017-12-27 00:35:29 [main] DEBUG o.h.e.i.AbstractFlushingEventListener - Processing flush-time cascades
2017-12-27 00:35:29 [main] DEBUG o.h.e.i.AbstractFlushingEventListener - Dirty checking collections
2017-12-27 00:35:29 [main] DEBUG o.h.e.i.AbstractFlushingEventListener - Flushed: 0 insertions, 0 updates, 0 deletions to 1 objects
2017-12-27 00:35:29 [main] DEBUG o.h.e.i.AbstractFlushingEventListener - Flushed: 0 (re)creations, 0 updates, 0 removals to 0 collections
2017-12-27 00:35:29 [main] DEBUG o.h.internal.util.EntityPrinter - Listing entities:
2017-12-27 00:35:29 [main] DEBUG o.h.internal.util.EntityPrinter - com.stackroute.activitystream.model.UserCircle{userCircleId=81e2d8d6-541b-4379-958c-b297cc32fd6a, circleName=Java, username=john}
2017-12-27 00:35:29 [main] DEBUG org.hibernate.SQL - select user0_.username as username1_2_, user0_.name as name2_2_, user0_.password as password3_2_ from user user0_ where user0_.username=?
2017-12-27 00:35:29 [main] DEBUG org.hibernate.loader.Loader - Result set row: 0
2017-12-27 00:35:29 [main] DEBUG org.hibernate.loader.Loader - Result row: EntityKey[com.stackroute.activitystream.model.User#john]
2017-12-27 00:35:29 [main] DEBUG o.h.engine.internal.TwoPhaseLoad - Resolving associations for [com.stackroute.activitystream.model.User#john]
2017-12-27 00:35:29 [main] DEBUG o.h.engine.internal.TwoPhaseLoad - Done materializing entity [com.stackroute.activitystream.model.User#john]
2017-12-27 00:35:29 [main] DEBUG o.h.h.i.ast.QueryTranslatorImpl - parse() - HQL: select uc.circleName from com.stackroute.activitystream.model.UserCircle uc where uc.username = :userName
2017-12-27 00:35:29 [main] DEBUG o.h.h.i.ast.QueryTranslatorImpl - --- HQL AST ---
 \-[QUERY] Node: 'query'
    +-[SELECT_FROM] Node: 'SELECT_FROM'
    |  +-[FROM] Node: 'from'
    |  |  \-[RANGE] Node: 'RANGE'
    |  |     +-[DOT] Node: '.'
    |  |     |  +-[DOT] Node: '.'
    |  |     |  |  +-[DOT] Node: '.'
    |  |     |  |  |  +-[DOT] Node: '.'
    |  |     |  |  |  |  +-[IDENT] Node: 'com'
    |  |     |  |  |  |  \-[IDENT] Node: 'stackroute'
    |  |     |  |  |  \-[IDENT] Node: 'activitystream'
    |  |     |  |  \-[IDENT] Node: 'model'
    |  |     |  \-[IDENT] Node: 'UserCircle'
    |  |     \-[ALIAS] Node: 'uc'
    |  \-[SELECT] Node: 'select'
    |     \-[DOT] Node: '.'
    |        +-[IDENT] Node: 'uc'
    |        \-[IDENT] Node: 'circleName'
    \-[WHERE] Node: 'where'
       \-[EQ] Node: '='
          +-[DOT] Node: '.'
          |  +-[IDENT] Node: 'uc'
          |  \-[IDENT] Node: 'username'
          \-[COLON] Node: ':'
             \-[IDENT] Node: 'userName'

2017-12-27 00:35:29 [main] DEBUG o.h.hql.internal.ast.ErrorCounter - throwQueryException() : no errors
2017-12-27 00:35:29 [main] DEBUG o.h.h.i.antlr.HqlSqlBaseWalker - select << begin [level=1, statement=select]
2017-12-27 00:35:29 [main] DEBUG o.h.h.internal.ast.tree.FromElement - FromClause{level=1} : com.stackroute.activitystream.model.UserCircle (uc) -> usercircle0_
2017-12-27 00:35:29 [main] DEBUG o.h.h.i.ast.tree.FromReferenceNode - Resolved : uc -> usercircle0_.userCircleId
2017-12-27 00:35:29 [main] DEBUG o.h.hql.internal.ast.tree.DotNode - getDataType() : circleName -> org.hibernate.type.StringType@c5ee75e
2017-12-27 00:35:29 [main] DEBUG o.h.h.i.ast.tree.FromReferenceNode - Resolved : uc.circleName -> usercircle0_.circleName
2017-12-27 00:35:29 [main] DEBUG o.h.h.i.ast.tree.FromReferenceNode - Resolved : uc -> usercircle0_.userCircleId
2017-12-27 00:35:29 [main] DEBUG o.h.hql.internal.ast.tree.DotNode - getDataType() : username -> org.hibernate.type.StringType@c5ee75e
2017-12-27 00:35:29 [main] DEBUG o.h.h.i.ast.tree.FromReferenceNode - Resolved : uc.username -> usercircle0_.username
2017-12-27 00:35:29 [main] DEBUG o.h.h.i.antlr.HqlSqlBaseWalker - select : finishing up [level=1, statement=select]
2017-12-27 00:35:29 [main] DEBUG o.h.hql.internal.ast.HqlSqlWalker - processQuery() :  ( SELECT ( {select clause} ( usercircle0_.circleName usercircle0_.userCircleId circleName ) ) ( FromClause{level=1} user_circle usercircle0_ ) ( where ( = ( usercircle0_.username usercircle0_.userCircleId username ) ? ) ) )
