2017-12-27 19:07:09 [main] DEBUG c.s.a.aspect.DAOLoggingAspect - Method Name : get
2017-12-27 19:07:09 [main] DEBUG c.s.a.aspect.DAOLoggingAspect - Method arguments : [Java]
2017-12-27 19:07:09 [main] DEBUG c.s.a.aspect.DAOLoggingAspect - Method Name : get
2017-12-27 19:07:09 [main] DEBUG c.s.a.aspect.DAOLoggingAspect - Method arguments : [Java]
2017-12-27 19:07:09 [main] DEBUG o.s.o.h.HibernateTransactionManager - Found thread-bound Session [SessionImpl(PersistenceContext[entityKeys=[],collectionKeys=[]];ActionQueue[insertions=ExecutableList{size=0} updates=ExecutableList{size=0} deletions=ExecutableList{size=0} orphanRemovals=ExecutableList{size=0} collectionCreations=ExecutableList{size=0} collectionRemovals=ExecutableList{size=0} collectionUpdates=ExecutableList{size=0} collectionQueuedOps=ExecutableList{size=0} unresolvedInsertDependencies=null])] for Hibernate transaction
2017-12-27 19:07:09 [main] DEBUG o.s.o.h.HibernateTransactionManager - Participating in existing transaction
2017-12-27 19:07:09 [main] DEBUG c.s.a.aspect.DAOLoggingAspect - Method Name : save
2017-12-27 19:07:09 [main] DEBUG c.s.a.aspect.DAOLoggingAspect - Method arguments : [com.stackroute.activitystream.model.User@2ae3235e]
2017-12-27 19:07:09 [main] DEBUG c.s.a.aspect.DAOLoggingAspect - Method Name : save
2017-12-27 19:07:09 [main] DEBUG c.s.a.aspect.DAOLoggingAspect - Method arguments : [com.stackroute.activitystream.model.User@2ae3235e]
2017-12-27 19:07:09 [main] DEBUG o.s.o.h.HibernateTransactionManager - Found thread-bound Session [SessionImpl(PersistenceContext[entityKeys=[EntityKey[com.stackroute.activitystream.model.User#john]],collectionKeys=[]];ActionQueue[insertions=ExecutableList{size=0} updates=ExecutableList{size=0} deletions=ExecutableList{size=0} orphanRemovals=ExecutableList{size=0} collectionCreations=ExecutableList{size=0} collectionRemovals=ExecutableList{size=0} collectionUpdates=ExecutableList{size=0} collectionQueuedOps=ExecutableList{size=0} unresolvedInsertDependencies=null])] for Hibernate transaction
2017-12-27 19:07:09 [main] DEBUG o.s.o.h.HibernateTransactionManager - Participating in existing transaction
2017-12-27 19:07:09 [main] DEBUG c.s.a.aspect.DAOLoggingAspect - Method Name : save
2017-12-27 19:07:09 [main] DEBUG c.s.a.aspect.DAOLoggingAspect - Method arguments : [com.stackroute.activitystream.model.Circle@77ce88c4]
2017-12-27 19:07:09 [main] DEBUG c.s.a.aspect.DAOLoggingAspect - Method Name : save
2017-12-27 19:07:09 [main] DEBUG c.s.a.aspect.DAOLoggingAspect - Method arguments : [com.stackroute.activitystream.model.Circle@77ce88c4]
2017-12-27 19:07:09 [main] DEBUG o.s.o.h.HibernateTransactionManager - Found thread-bound Session [SessionImpl(PersistenceContext[entityKeys=[EntityKey[com.stackroute.activitystream.model.User#john]],collectionKeys=[]];ActionQueue[insertions=ExecutableList{size=0} updates=ExecutableList{size=0} deletions=ExecutableList{size=0} orphanRemovals=ExecutableList{size=0} collectionCreations=ExecutableList{size=0} collectionRemovals=ExecutableList{size=0} collectionUpdates=ExecutableList{size=0} collectionQueuedOps=ExecutableList{size=0} unresolvedInsertDependencies=null])] for Hibernate transaction
2017-12-27 19:07:09 [main] DEBUG o.s.o.h.HibernateTransactionManager - Participating in existing transaction
2017-12-27 19:07:09 [main] DEBUG c.s.a.aspect.DAOLoggingAspect - Method Name : get
2017-12-27 19:07:09 [main] DEBUG c.s.a.aspect.DAOLoggingAspect - Method arguments : [John]
2017-12-27 19:07:09 [main] DEBUG c.s.a.aspect.DAOLoggingAspect - Method Name : get
2017-12-27 19:07:09 [main] DEBUG c.s.a.aspect.DAOLoggingAspect - Method arguments : [John]
2017-12-27 19:07:09 [main] DEBUG o.s.o.h.HibernateTransactionManager - Found thread-bound Session [SessionImpl(PersistenceContext[entityKeys=[EntityKey[com.stackroute.activitystream.model.User#john]],collectionKeys=[]];ActionQueue[insertions=ExecutableList{size=0} updates=ExecutableList{size=0} deletions=ExecutableList{size=0} orphanRemovals=ExecutableList{size=0} collectionCreations=ExecutableList{size=0} collectionRemovals=ExecutableList{size=0} collectionUpdates=ExecutableList{size=0} collectionQueuedOps=ExecutableList{size=0} unresolvedInsertDependencies=null])] for Hibernate transaction
2017-12-27 19:07:09 [main] DEBUG o.s.o.h.HibernateTransactionManager - Participating in existing transaction
2017-12-27 19:07:09 [main] DEBUG c.s.a.aspect.DAOLoggingAspect - Method Name : get
2017-12-27 19:07:09 [main] DEBUG c.s.a.aspect.DAOLoggingAspect - Method arguments : [Java]
2017-12-27 19:07:09 [main] DEBUG c.s.a.aspect.DAOLoggingAspect - Method Name : get
2017-12-27 19:07:09 [main] DEBUG c.s.a.aspect.DAOLoggingAspect - Method arguments : [Java]
2017-12-27 19:07:09 [main] DEBUG o.s.o.h.HibernateTransactionManager - Found thread-bound Session [SessionImpl(PersistenceContext[entityKeys=[EntityKey[com.stackroute.activitystream.model.Circle#Java]],collectionKeys=[]];ActionQueue[insertions=ExecutableList{size=0} updates=ExecutableList{size=0} deletions=ExecutableList{size=0} orphanRemovals=ExecutableList{size=0} collectionCreations=ExecutableList{size=0} collectionRemovals=ExecutableList{size=0} collectionUpdates=ExecutableList{size=0} collectionQueuedOps=ExecutableList{size=0} unresolvedInsertDependencies=null])] for Hibernate transaction
2017-12-27 19:07:09 [main] DEBUG o.s.o.h.HibernateTransactionManager - Participating in existing transaction
2017-12-27 19:07:09 [main] DEBUG c.s.a.aspect.DAOLoggingAspect - Method Name : addUser
2017-12-27 19:07:09 [main] DEBUG c.s.a.aspect.DAOLoggingAspect - Method arguments : [john, Java]
2017-12-27 19:07:09 [main] DEBUG c.s.a.aspect.DAOLoggingAspect - Method Name : addUser
2017-12-27 19:07:09 [main] DEBUG c.s.a.aspect.DAOLoggingAspect - Method arguments : [john, Java]
2017-12-27 19:07:09 [main] DEBUG o.s.o.h.HibernateTransactionManager - Found thread-bound Session [SessionImpl(PersistenceContext[entityKeys=[EntityKey[com.stackroute.activitystream.model.Circle#Java]],collectionKeys=[]];ActionQueue[insertions=ExecutableList{size=0} updates=ExecutableList{size=0} deletions=ExecutableList{size=0} orphanRemovals=ExecutableList{size=0} collectionCreations=ExecutableList{size=0} collectionRemovals=ExecutableList{size=0} collectionUpdates=ExecutableList{size=0} collectionQueuedOps=ExecutableList{size=0} unresolvedInsertDependencies=null])] for Hibernate transaction
2017-12-27 19:07:09 [main] DEBUG o.s.o.h.HibernateTransactionManager - Participating in existing transaction
2017-12-27 19:07:09 [main] DEBUG c.s.a.aspect.DAOLoggingAspect - Method Name : get
2017-12-27 19:07:09 [main] DEBUG c.s.a.aspect.DAOLoggingAspect - Method arguments : [john]
2017-12-27 19:07:09 [main] DEBUG c.s.a.aspect.DAOLoggingAspect - Method Name : get
2017-12-27 19:07:09 [main] DEBUG c.s.a.aspect.DAOLoggingAspect - Method arguments : [john]
2017-12-27 19:07:09 [main] DEBUG o.s.o.h.HibernateTransactionManager - Found thread-bound Session [SessionImpl(PersistenceContext[entityKeys=[EntityKey[com.stackroute.activitystream.model.Circle#Java], EntityKey[com.stackroute.activitystream.model.User#john]],collectionKeys=[]];ActionQueue[insertions=ExecutableList{size=0} updates=ExecutableList{size=0} deletions=ExecutableList{size=0} orphanRemovals=ExecutableList{size=0} collectionCreations=ExecutableList{size=0} collectionRemovals=ExecutableList{size=0} collectionUpdates=ExecutableList{size=0} collectionQueuedOps=ExecutableList{size=0} unresolvedInsertDependencies=null])] for Hibernate transaction
2017-12-27 19:07:09 [main] DEBUG o.s.o.h.HibernateTransactionManager - Participating in existing transaction
2017-12-27 19:07:09 [main] DEBUG c.s.a.aspect.DAOLoggingAspect - Method Name : get
2017-12-27 19:07:09 [main] DEBUG c.s.a.aspect.DAOLoggingAspect - Method arguments : [Java]
2017-12-27 19:07:09 [main] DEBUG c.s.a.aspect.DAOLoggingAspect - Method Name : get
2017-12-27 19:07:09 [main] DEBUG c.s.a.aspect.DAOLoggingAspect - Method arguments : [Java]
2017-12-27 19:07:09 [main] DEBUG o.s.o.h.HibernateTransactionManager - Found thread-bound Session [SessionImpl(PersistenceContext[entityKeys=[EntityKey[com.stackroute.activitystream.model.UserCircle#5c609c17-588c-4ee0-ae59-c71a1a597bbd]],collectionKeys=[]];ActionQueue[insertions=ExecutableList{size=0} updates=ExecutableList{size=0} deletions=ExecutableList{size=0} orphanRemovals=ExecutableList{size=0} collectionCreations=ExecutableList{size=0} collectionRemovals=ExecutableList{size=0} collectionUpdates=ExecutableList{size=0} collectionQueuedOps=ExecutableList{size=0} unresolvedInsertDependencies=null])] for Hibernate transaction
2017-12-27 19:07:09 [main] DEBUG o.s.o.h.HibernateTransactionManager - Participating in existing transaction
2017-12-27 19:07:09 [main] DEBUG c.s.a.aspect.DAOLoggingAspect - Method Name : getMyCircles
2017-12-27 19:07:09 [main] DEBUG c.s.a.aspect.DAOLoggingAspect - Method arguments : [john]
2017-12-27 19:07:09 [main] DEBUG c.s.a.aspect.DAOLoggingAspect - Method Name : getMyCircles
2017-12-27 19:07:09 [main] DEBUG c.s.a.aspect.DAOLoggingAspect - Method arguments : [john]
2017-12-27 19:07:09 [main] DEBUG o.s.o.h.HibernateTransactionManager - Found thread-bound Session [SessionImpl(PersistenceContext[entityKeys=[EntityKey[com.stackroute.activitystream.model.UserCircle#5c609c17-588c-4ee0-ae59-c71a1a597bbd]],collectionKeys=[]];ActionQueue[insertions=ExecutableList{size=0} updates=ExecutableList{size=0} deletions=ExecutableList{size=0} orphanRemovals=ExecutableList{size=0} collectionCreations=ExecutableList{size=0} collectionRemovals=ExecutableList{size=0} collectionUpdates=ExecutableList{size=0} collectionQueuedOps=ExecutableList{size=0} unresolvedInsertDependencies=null])] for Hibernate transaction
2017-12-27 19:07:09 [main] DEBUG o.s.o.h.HibernateTransactionManager - Participating in existing transaction
2017-12-27 19:07:09 [main] DEBUG c.s.a.aspect.DAOLoggingAspect - Method Name : get
2017-12-27 19:07:09 [main] DEBUG c.s.a.aspect.DAOLoggingAspect - Method arguments : [john]
2017-12-27 19:07:09 [main] DEBUG c.s.a.aspect.DAOLoggingAspect - Method Name : get
2017-12-27 19:07:09 [main] DEBUG c.s.a.aspect.DAOLoggingAspect - Method arguments : [john]
2017-12-27 19:07:09 [main] DEBUG o.s.o.h.HibernateTransactionManager - Found thread-bound Session [SessionImpl(PersistenceContext[entityKeys=[EntityKey[com.stackroute.activitystream.model.UserCircle#5c609c17-588c-4ee0-ae59-c71a1a597bbd], EntityKey[com.stackroute.activitystream.model.User#john]],collectionKeys=[]];ActionQueue[insertions=ExecutableList{size=0} updates=ExecutableList{size=0} deletions=ExecutableList{size=0} orphanRemovals=ExecutableList{size=0} collectionCreations=ExecutableList{size=0} collectionRemovals=ExecutableList{size=0} collectionUpdates=ExecutableList{size=0} collectionQueuedOps=ExecutableList{size=0} unresolvedInsertDependencies=null])] for Hibernate transaction
2017-12-27 19:07:09 [main] DEBUG o.s.o.h.HibernateTransactionManager - Participating in existing transaction
2017-12-27 19:07:09 [main] DEBUG c.s.a.aspect.DAOLoggingAspect - Method Name : get
2017-12-27 19:07:09 [main] DEBUG c.s.a.aspect.DAOLoggingAspect - Method arguments : [john]
2017-12-27 19:07:09 [main] DEBUG c.s.a.aspect.DAOLoggingAspect - Method Name : get
2017-12-27 19:07:09 [main] DEBUG c.s.a.aspect.DAOLoggingAspect - Method arguments : [john]
2017-12-27 19:07:09 [main] DEBUG o.s.o.h.HibernateTransactionManager - Found thread-bound Session [SessionImpl(PersistenceContext[entityKeys=[EntityKey[com.stackroute.activitystream.model.UserCircle#5c609c17-588c-4ee0-ae59-c71a1a597bbd], EntityKey[com.stackroute.activitystream.model.User#john]],collectionKeys=[]];ActionQueue[insertions=ExecutableList{size=0} updates=ExecutableList{size=0} deletions=ExecutableList{size=0} orphanRemovals=ExecutableList{size=0} collectionCreations=ExecutableList{size=0} collectionRemovals=ExecutableList{size=0} collectionUpdates=ExecutableList{size=0} collectionQueuedOps=ExecutableList{size=0} unresolvedInsertDependencies=null])] for Hibernate transaction
2017-12-27 19:07:09 [main] DEBUG o.s.o.h.HibernateTransactionManager - Participating in existing transaction
2017-12-27 19:07:09 [main] DEBUG c.s.a.aspect.DAOLoggingAspect - Method Name : get
2017-12-27 19:07:09 [main] DEBUG c.s.a.aspect.DAOLoggingAspect - Method arguments : [john]
2017-12-27 19:07:09 [main] DEBUG c.s.a.aspect.DAOLoggingAspect - Method Name : get
2017-12-27 19:07:09 [main] DEBUG c.s.a.aspect.DAOLoggingAspect - Method arguments : [john]
2017-12-27 19:07:09 [main] DEBUG o.s.o.h.HibernateTransactionManager - Found thread-bound Session [SessionImpl(PersistenceContext[entityKeys=[EntityKey[com.stackroute.activitystream.model.UserCircle#5c609c17-588c-4ee0-ae59-c71a1a597bbd], EntityKey[com.stackroute.activitystream.model.User#john]],collectionKeys=[]];ActionQueue[insertions=ExecutableList{size=0} updates=ExecutableList{size=0} deletions=ExecutableList{size=0} orphanRemovals=ExecutableList{size=0} collectionCreations=ExecutableList{size=0} collectionRemovals=ExecutableList{size=0} collectionUpdates=ExecutableList{size=0} collectionQueuedOps=ExecutableList{size=0} unresolvedInsertDependencies=null])] for Hibernate transaction
2017-12-27 19:07:09 [main] DEBUG o.s.o.h.HibernateTransactionManager - Participating in existing transaction
2017-12-27 19:07:09 [main] DEBUG c.s.a.aspect.DAOLoggingAspect - Method Name : delete
2017-12-27 19:07:09 [main] DEBUG c.s.a.aspect.DAOLoggingAspect - Method arguments : [com.stackroute.activitystream.model.User@98637a2]
2017-12-27 19:07:09 [main] DEBUG c.s.a.aspect.DAOLoggingAspect - Method Name : delete
2017-12-27 19:07:09 [main] DEBUG c.s.a.aspect.DAOLoggingAspect - Method arguments : [com.stackroute.activitystream.model.User@98637a2]
2017-12-27 19:07:09 [main] DEBUG o.s.o.h.HibernateTransactionManager - Found thread-bound Session [SessionImpl(PersistenceContext[entityKeys=[EntityKey[com.stackroute.activitystream.model.UserCircle#5c609c17-588c-4ee0-ae59-c71a1a597bbd], EntityKey[com.stackroute.activitystream.model.User#john]],collectionKeys=[]];ActionQueue[insertions=ExecutableList{size=0} updates=ExecutableList{size=0} deletions=ExecutableList{size=1} orphanRemovals=ExecutableList{size=0} collectionCreations=ExecutableList{size=0} collectionRemovals=ExecutableList{size=0} collectionUpdates=ExecutableList{size=0} collectionQueuedOps=ExecutableList{size=0} unresolvedInsertDependencies=null])] for Hibernate transaction
2017-12-27 19:07:09 [main] DEBUG o.s.o.h.HibernateTransactionManager - Participating in existing transaction
2017-12-27 19:07:09 [main] DEBUG c.s.a.aspect.DAOLoggingAspect - Method Name : get
2017-12-27 19:07:09 [main] DEBUG c.s.a.aspect.DAOLoggingAspect - Method arguments : [Java]
2017-12-27 19:07:09 [main] DEBUG c.s.a.aspect.DAOLoggingAspect - Method Name : get
2017-12-27 19:07:09 [main] DEBUG c.s.a.aspect.DAOLoggingAspect - Method arguments : [Java]
2017-12-27 19:07:09 [main] DEBUG o.s.o.h.HibernateTransactionManager - Found thread-bound Session [SessionImpl(PersistenceContext[entityKeys=[EntityKey[com.stackroute.activitystream.model.UserCircle#5c609c17-588c-4ee0-ae59-c71a1a597bbd], EntityKey[com.stackroute.activitystream.model.Circle#Java], EntityKey[com.stackroute.activitystream.model.User#john]],collectionKeys=[]];ActionQueue[insertions=ExecutableList{size=0} updates=ExecutableList{size=0} deletions=ExecutableList{size=1} orphanRemovals=ExecutableList{size=0} collectionCreations=ExecutableList{size=0} collectionRemovals=ExecutableList{size=0} collectionUpdates=ExecutableList{size=0} collectionQueuedOps=ExecutableList{size=0} unresolvedInsertDependencies=null])] for Hibernate transaction
2017-12-27 19:07:09 [main] DEBUG o.s.o.h.HibernateTransactionManager - Participating in existing transaction
2017-12-27 19:07:09 [main] DEBUG c.s.a.aspect.DAOLoggingAspect - Method Name : get
2017-12-27 19:07:09 [main] DEBUG c.s.a.aspect.DAOLoggingAspect - Method arguments : [Java]
2017-12-27 19:07:09 [main] DEBUG c.s.a.aspect.DAOLoggingAspect - Method Name : get
2017-12-27 19:07:09 [main] DEBUG c.s.a.aspect.DAOLoggingAspect - Method arguments : [Java]
2017-12-27 19:07:09 [main] DEBUG o.s.o.h.HibernateTransactionManager - Found thread-bound Session [SessionImpl(PersistenceContext[entityKeys=[EntityKey[com.stackroute.activitystream.model.UserCircle#5c609c17-588c-4ee0-ae59-c71a1a597bbd], EntityKey[com.stackroute.activitystream.model.Circle#Java], EntityKey[com.stackroute.activitystream.model.User#john]],collectionKeys=[]];ActionQueue[insertions=ExecutableList{size=0} updates=ExecutableList{size=0} deletions=ExecutableList{size=1} orphanRemovals=ExecutableList{size=0} collectionCreations=ExecutableList{size=0} collectionRemovals=ExecutableList{size=0} collectionUpdates=ExecutableList{size=0} collectionQueuedOps=ExecutableList{size=0} unresolvedInsertDependencies=null])] for Hibernate transaction
2017-12-27 19:07:09 [main] DEBUG o.s.o.h.HibernateTransactionManager - Participating in existing transaction
2017-12-27 19:07:09 [main] DEBUG c.s.a.aspect.DAOLoggingAspect - Method Name : delete
2017-12-27 19:07:09 [main] DEBUG c.s.a.aspect.DAOLoggingAspect - Method arguments : [com.stackroute.activitystream.model.Circle@376af784]
2017-12-27 19:07:09 [main] DEBUG c.s.a.aspect.DAOLoggingAspect - Method Name : delete
2017-12-27 19:07:09 [main] DEBUG c.s.a.aspect.DAOLoggingAspect - Method arguments : [com.stackroute.activitystream.model.Circle@376af784]
2017-12-27 19:07:09 [main] DEBUG o.s.o.h.HibernateTransactionManager - Initiating transaction rollback
2017-12-27 19:07:09 [main] DEBUG o.s.o.h.HibernateTransactionManager - Rolling back Hibernate transaction on Session [SessionImpl(PersistenceContext[entityKeys=[EntityKey[com.stackroute.activitystream.model.UserCircle#5c609c17-588c-4ee0-ae59-c71a1a597bbd], EntityKey[com.stackroute.activitystream.model.Circle#Java], EntityKey[com.stackroute.activitystream.model.User#john]],collectionKeys=[]];ActionQueue[insertions=ExecutableList{size=0} updates=ExecutableList{size=0} deletions=ExecutableList{size=2} orphanRemovals=ExecutableList{size=0} collectionCreations=ExecutableList{size=0} collectionRemovals=ExecutableList{size=0} collectionUpdates=ExecutableList{size=0} collectionQueuedOps=ExecutableList{size=0} unresolvedInsertDependencies=null])]
2017-12-27 19:07:09 [main] DEBUG o.s.o.h.HibernateTransactionManager - Closing Hibernate Session [SessionImpl(PersistenceContext[entityKeys=[],collectionKeys=[]];ActionQueue[insertions=ExecutableList{size=0} updates=ExecutableList{size=0} deletions=ExecutableList{size=0} orphanRemovals=ExecutableList{size=0} collectionCreations=ExecutableList{size=0} collectionRemovals=ExecutableList{size=0} collectionUpdates=ExecutableList{size=0} collectionQueuedOps=ExecutableList{size=0} unresolvedInsertDependencies=null])] after transaction
2017-12-27 19:07:09 [main] INFO  o.s.t.c.t.TransactionContext - Rolled back transaction for test context [DefaultTestContext@656ec00d testClass = UserCircleTest, testInstance = com.stackroute.activitystream.test.UserCircleTest@1736c1e4, testMethod = testUserSubscriptionToCircle@UserCircleTest, testException = [null], mergedContextConfiguration = [WebMergedContextConfiguration@3b8507df testClass = UserCircleTest, locations = '{}', classes = '{class com.stackroute.activitystream.config.ApplicationContextConfig}', contextInitializerClasses = '[]', activeProfiles = '{}', propertySourceLocations = '{}', propertySourceProperties = '{}', contextCustomizers = set[org.springframework.test.context.web.socket.MockServerContainerContextCustomizer@33b37288], resourceBasePath = 'src/main/webapp', contextLoader = 'org.springframework.test.context.web.WebDelegatingSmartContextLoader', parent = [null]]].
2017-12-27 19:07:09 [main] DEBUG o.s.t.c.s.AbstractDirtiesContextTestExecutionListener - After test method: context [DefaultTestContext@656ec00d testClass = UserCircleTest, testInstance = com.stackroute.activitystream.test.UserCircleTest@1736c1e4, testMethod = testUserSubscriptionToCircle@UserCircleTest, testException = [null], mergedContextConfiguration = [WebMergedContextConfiguration@3b8507df testClass = UserCircleTest, locations = '{}', classes = '{class com.stackroute.activitystream.config.ApplicationContextConfig}', contextInitializerClasses = '[]', activeProfiles = '{}', propertySourceLocations = '{}', propertySourceProperties = '{}', contextCustomizers = set[org.springframework.test.context.web.socket.MockServerContainerContextCustomizer@33b37288], resourceBasePath = 'src/main/webapp', contextLoader = 'org.springframework.test.context.web.WebDelegatingSmartContextLoader', parent = [null]]], class annotated with @DirtiesContext [false] with mode [null], method annotated with @DirtiesContext [false] with mode [null].
2017-12-27 19:07:09 [main] DEBUG o.s.t.c.w.ServletTestExecutionListener - Resetting RequestContextHolder for test context [DefaultTestContext@656ec00d testClass = UserCircleTest, testInstance = com.stackroute.activitystream.test.UserCircleTest@1736c1e4, testMethod = testUserSubscriptionToCircle@UserCircleTest, testException = [null], mergedContextConfiguration = [WebMergedContextConfiguration@3b8507df testClass = UserCircleTest, locations = '{}', classes = '{class com.stackroute.activitystream.config.ApplicationContextConfig}', contextInitializerClasses = '[]', activeProfiles = '{}', propertySourceLocations = '{}', propertySourceProperties = '{}', contextCustomizers = set[org.springframework.test.context.web.socket.MockServerContainerContextCustomizer@33b37288], resourceBasePath = 'src/main/webapp', contextLoader = 'org.springframework.test.context.web.WebDelegatingSmartContextLoader', parent = [null]]].
2017-12-27 19:07:09 [main] DEBUG o.s.t.annotation.ProfileValueUtils - Retrieved @ProfileValueSourceConfiguration [null] for test class [com.stackroute.activitystream.test.UserCircleTest]
2017-12-27 19:07:09 [main] DEBUG o.s.t.annotation.ProfileValueUtils - Retrieved ProfileValueSource type [class org.springframework.test.annotation.SystemProfileValueSource] for class [com.stackroute.activitystream.test.UserCircleTest]
2017-12-27 19:07:09 [main] DEBUG o.s.t.c.c.DefaultCacheAwareContextLoaderDelegate - Retrieved ApplicationContext from cache with key [[WebMergedContextConfiguration@3b8507df testClass = UserCircleTest, locations = '{}', classes = '{class com.stackroute.activitystream.config.ApplicationContextConfig}', contextInitializerClasses = '[]', activeProfiles = '{}', propertySourceLocations = '{}', propertySourceProperties = '{}', contextCustomizers = set[org.springframework.test.context.web.socket.MockServerContainerContextCustomizer@33b37288], resourceBasePath = 'src/main/webapp', contextLoader = 'org.springframework.test.context.web.WebDelegatingSmartContextLoader', parent = [null]]]
2017-12-27 19:07:09 [main] DEBUG o.springframework.test.context.cache - Spring test ApplicationContext cache statistics: [DefaultContextCache@5922d3e9 size = 1, maxSize = 32, parentContextCount = 0, hitCount = 109, missCount = 1]
2017-12-27 19:07:09 [main] DEBUG o.s.t.c.w.ServletTestExecutionListener - Setting up MockHttpServletRequest, MockHttpServletResponse, ServletWebRequest, and RequestContextHolder for test context [DefaultTestContext@656ec00d testClass = UserCircleTest, testInstance = com.stackroute.activitystream.test.UserCircleTest@1b47b7f5, testMethod = [null], testException = [null], mergedContextConfiguration = [WebMergedContextConfiguration@3b8507df testClass = UserCircleTest, locations = '{}', classes = '{class com.stackroute.activitystream.config.ApplicationContextConfig}', contextInitializerClasses = '[]', activeProfiles = '{}', propertySourceLocations = '{}', propertySourceProperties = '{}', contextCustomizers = set[org.springframework.test.context.web.socket.MockServerContainerContextCustomizer@33b37288], resourceBasePath = 'src/main/webapp', contextLoader = 'org.springframework.test.context.web.WebDelegatingSmartContextLoader', parent = [null]]].
2017-12-27 19:07:09 [main] DEBUG o.s.t.c.s.DependencyInjectionTestExecutionListener - Performing dependency injection for test context [[DefaultTestContext@656ec00d testClass = UserCircleTest, testInstance = com.stackroute.activitystream.test.UserCircleTest@1b47b7f5, testMethod = [null], testException = [null], mergedContextConfiguration = [WebMergedContextConfiguration@3b8507df testClass = UserCircleTest, locations = '{}', classes = '{class com.stackroute.activitystream.config.ApplicationContextConfig}', contextInitializerClasses = '[]', activeProfiles = '{}', propertySourceLocations = '{}', propertySourceProperties = '{}', contextCustomizers = set[org.springframework.test.context.web.socket.MockServerContainerContextCustomizer@33b37288], resourceBasePath = 'src/main/webapp', contextLoader = 'org.springframework.test.context.web.WebDelegatingSmartContextLoader', parent = [null]]]].
2017-12-27 19:07:09 [main] DEBUG o.s.t.c.c.DefaultCacheAwareContextLoaderDelegate - Retrieved ApplicationContext from cache with key [[WebMergedContextConfiguration@3b8507df testClass = UserCircleTest, locations = '{}', classes = '{class com.stackroute.activitystream.config.ApplicationContextConfig}', contextInitializerClasses = '[]', activeProfiles = '{}', propertySourceLocations = '{}', propertySourceProperties = '{}', contextCustomizers = set[org.springframework.test.context.web.socket.MockServerContainerContextCustomizer@33b37288], resourceBasePath = 'src/main/webapp', contextLoader = 'org.springframework.test.context.web.WebDelegatingSmartContextLoader', parent = [null]]]
2017-12-27 19:07:09 [main] DEBUG o.springframework.test.context.cache - Spring test ApplicationContext cache statistics: [DefaultContextCache@5922d3e9 size = 1, maxSize = 32, parentContextCount = 0, hitCount = 110, missCount = 1]
2017-12-27 19:07:09 [main] DEBUG o.s.b.f.annotation.InjectionMetadata - Processing injected element of bean 'com.stackroute.activitystream.test.UserCircleTest': AutowiredFieldElement for private com.stackroute.activitystream.dao.UserDAO com.stackroute.activitystream.test.UserCircleTest.userDAO
2017-12-27 19:07:09 [main] DEBUG o.s.core.annotation.AnnotationUtils - Failed to meta-introspect annotation [interface org.springframework.beans.factory.annotation.Autowired]: java.lang.IllegalArgumentException: Annotation must not be null
2017-12-27 19:07:09 [main] DEBUG o.s.b.f.s.DefaultListableBeanFactory - Returning cached instance of singleton bean 'userDAO'
2017-12-27 19:07:09 [main] DEBUG o.s.b.f.annotation.InjectionMetadata - Processing injected element of bean 'com.stackroute.activitystream.test.UserCircleTest': AutowiredFieldElement for com.stackroute.activitystream.dao.UserCircleDAO com.stackroute.activitystream.test.UserCircleTest.userCircleDAO
2017-12-27 19:07:09 [main] DEBUG o.s.core.annotation.AnnotationUtils - Failed to meta-introspect annotation [interface org.springframework.beans.factory.annotation.Autowired]: java.lang.IllegalArgumentException: Annotation must not be null
2017-12-27 19:07:09 [main] DEBUG o.s.b.f.s.DefaultListableBeanFactory - Returning cached instance of singleton bean 'userCircleDAO'
2017-12-27 19:07:09 [main] DEBUG o.s.b.f.annotation.InjectionMetadata - Processing injected element of bean 'com.stackroute.activitystream.test.UserCircleTest': AutowiredFieldElement for private com.stackroute.activitystream.dao.CircleDAO com.stackroute.activitystream.test.UserCircleTest.circleDAO
2017-12-27 19:07:09 [main] DEBUG o.s.core.annotation.AnnotationUtils - Failed to meta-introspect annotation [interface org.springframework.beans.factory.annotation.Autowired]: java.lang.IllegalArgumentException: Annotation must not be null
2017-12-27 19:07:09 [main] DEBUG o.s.b.f.s.DefaultListableBeanFactory - Returning cached instance of singleton bean 'circleDAO'
2017-12-27 19:07:09 [main] DEBUG o.s.b.f.s.DefaultListableBeanFactory - Returning cached instance of singleton bean 'org.springframework.transaction.config.internalTransactionAdvisor'
2017-12-27 19:07:09 [main] DEBUG o.s.b.f.s.DefaultListableBeanFactory - Returning cached instance of singleton bean 'org.springframework.transaction.config.internalTransactionAdvisor'
2017-12-27 19:07:09 [main] DEBUG o.s.a.a.a.AnnotationAwareAspectJAutoProxyCreator - Creating implicit proxy for bean 'com.stackroute.activitystream.test.UserCircleTest' with 0 common interceptors and 1 specific interceptors
2017-12-27 19:07:09 [main] DEBUG o.s.aop.framework.CglibAopProxy - Creating CGLIB proxy: target source is SingletonTargetSource for target object [com.stackroute.activitystream.test.UserCircleTest@1b47b7f5]
2017-12-27 19:07:09 [main] DEBUG o.s.t.c.s.AbstractDirtiesContextTestExecutionListener - Before test method: context [DefaultTestContext@656ec00d testClass = UserCircleTest, testInstance = com.stackroute.activitystream.test.UserCircleTest@1b47b7f5, testMethod = testAddUserToCircle@UserCircleTest, testException = [null], mergedContextConfiguration = [WebMergedContextConfiguration@3b8507df testClass = UserCircleTest, locations = '{}', classes = '{class com.stackroute.activitystream.config.ApplicationContextConfig}', contextInitializerClasses = '[]', activeProfiles = '{}', propertySourceLocations = '{}', propertySourceProperties = '{}', contextCustomizers = set[org.springframework.test.context.web.socket.MockServerContainerContextCustomizer@33b37288], resourceBasePath = 'src/main/webapp', contextLoader = 'org.springframework.test.context.web.WebDelegatingSmartContextLoader', parent = [null]]], class annotated with @DirtiesContext [false] with mode [null], method annotated with @DirtiesContext [false] with mode [null].
2017-12-27 19:07:09 [main] DEBUG o.s.t.a.AnnotationTransactionAttributeSource - Adding transactional method 'com.stackroute.activitystream.test.UserCircleTest.testAddUserToCircle' with attribute: PROPAGATION_REQUIRED,ISOLATION_DEFAULT
2017-12-27 19:07:09 [main] DEBUG o.s.t.c.t.TransactionalTestExecutionListener - Explicit transaction definition [PROPAGATION_REQUIRED,ISOLATION_DEFAULT] found for test context [DefaultTestContext@656ec00d testClass = UserCircleTest, testInstance = com.stackroute.activitystream.test.UserCircleTest@1b47b7f5, testMethod = testAddUserToCircle@UserCircleTest, testException = [null], mergedContextConfiguration = [WebMergedContextConfiguration@3b8507df testClass = UserCircleTest, locations = '{}', classes = '{class com.stackroute.activitystream.config.ApplicationContextConfig}', contextInitializerClasses = '[]', activeProfiles = '{}', propertySourceLocations = '{}', propertySourceProperties = '{}', contextCustomizers = set[org.springframework.test.context.web.socket.MockServerContainerContextCustomizer@33b37288], resourceBasePath = 'src/main/webapp', contextLoader = 'org.springframework.test.context.web.WebDelegatingSmartContextLoader', parent = [null]]]
2017-12-27 19:07:09 [main] DEBUG o.s.t.c.c.DefaultCacheAwareContextLoaderDelegate - Retrieved ApplicationContext from cache with key [[WebMergedContextConfiguration@3b8507df testClass = UserCircleTest, locations = '{}', classes = '{class com.stackroute.activitystream.config.ApplicationContextConfig}', contextInitializerClasses = '[]', activeProfiles = '{}', propertySourceLocations = '{}', propertySourceProperties = '{}', contextCustomizers = set[org.springframework.test.context.web.socket.MockServerContainerContextCustomizer@33b37288], resourceBasePath = 'src/main/webapp', contextLoader = 'org.springframework.test.context.web.WebDelegatingSmartContextLoader', parent = [null]]]
2017-12-27 19:07:09 [main] DEBUG o.springframework.test.context.cache - Spring test ApplicationContext cache statistics: [DefaultContextCache@5922d3e9 size = 1, maxSize = 32, parentContextCount = 0, hitCount = 111, missCount = 1]
2017-12-27 19:07:09 [main] DEBUG o.s.b.f.s.DefaultListableBeanFactory - Returning cached instance of singleton bean 'transactionManager'
2017-12-27 19:07:09 [main] DEBUG o.s.t.c.t.TransactionalTestExecutionListener - No method-level @Rollback override: using default rollback [true] for test context [DefaultTestContext@656ec00d testClass = UserCircleTest, testInstance = com.stackroute.activitystream.test.UserCircleTest@1b47b7f5, testMethod = testAddUserToCircle@UserCircleTest, testException = [null], mergedContextConfiguration = [WebMergedContextConfiguration@3b8507df testClass = UserCircleTest, locations = '{}', classes = '{class com.stackroute.activitystream.config.ApplicationContextConfig}', contextInitializerClasses = '[]', activeProfiles = '{}', propertySourceLocations = '{}', propertySourceProperties = '{}', contextCustomizers = set[org.springframework.test.context.web.socket.MockServerContainerContextCustomizer@33b37288], resourceBasePath = 'src/main/webapp', contextLoader = 'org.springframework.test.context.web.WebDelegatingSmartContextLoader', parent = [null]]].
