2017-12-27 11:57:42 [main] DEBUG o.s.w.s.h.BeanNameUrlHandlerMapping - Rejected bean name 'org.springframework.context.annotation.ConfigurationClassPostProcessor.importRegistry': no URL paths identified
2017-12-27 11:57:42 [main] DEBUG o.s.w.s.h.BeanNameUrlHandlerMapping - Rejected bean name 'messageSource': no URL paths identified
2017-12-27 11:57:42 [main] DEBUG o.s.w.s.h.BeanNameUrlHandlerMapping - Rejected bean name 'applicationEventMulticaster': no URL paths identified
2017-12-27 11:57:42 [main] DEBUG o.s.b.f.s.DefaultListableBeanFactory - Returning cached instance of singleton bean 'org.springframework.transaction.config.internalTransactionAdvisor'
2017-12-27 11:57:42 [main] DEBUG o.s.b.f.s.DefaultListableBeanFactory - Finished creating instance of bean 'beanNameHandlerMapping'
2017-12-27 11:57:42 [main] DEBUG o.s.b.f.s.DefaultListableBeanFactory - Creating shared instance of singleton bean 'resourceHandlerMapping'
2017-12-27 11:57:42 [main] DEBUG o.s.b.f.s.DefaultListableBeanFactory - Creating instance of bean 'resourceHandlerMapping'
2017-12-27 11:57:42 [main] DEBUG o.s.b.f.s.DefaultListableBeanFactory - Returning cached instance of singleton bean 'org.springframework.web.servlet.config.annotation.DelegatingWebMvcConfiguration'
2017-12-27 11:57:42 [main] DEBUG o.s.b.f.s.DefaultListableBeanFactory - Returning cached instance of singleton bean 'mvcContentNegotiationManager'
2017-12-27 11:57:42 [main] DEBUG o.s.b.f.s.DefaultListableBeanFactory - Eagerly caching bean 'resourceHandlerMapping' to allow for resolving potential circular references
2017-12-27 11:57:42 [main] DEBUG o.s.b.f.s.DefaultListableBeanFactory - Returning cached instance of singleton bean 'org.springframework.transaction.config.internalTransactionAdvisor'
2017-12-27 11:57:42 [main] DEBUG o.s.b.f.s.DefaultListableBeanFactory - Finished creating instance of bean 'resourceHandlerMapping'
2017-12-27 11:57:42 [main] DEBUG o.s.b.f.s.DefaultListableBeanFactory - Returning cached instance of singleton bean 'mvcResourceUrlProvider'
2017-12-27 11:57:42 [main] DEBUG o.s.b.f.s.DefaultListableBeanFactory - Creating shared instance of singleton bean 'defaultServletHandlerMapping'
2017-12-27 11:57:42 [main] DEBUG o.s.b.f.s.DefaultListableBeanFactory - Creating instance of bean 'defaultServletHandlerMapping'
2017-12-27 11:57:42 [main] DEBUG o.s.b.f.s.DefaultListableBeanFactory - Returning cached instance of singleton bean 'org.springframework.web.servlet.config.annotation.DelegatingWebMvcConfiguration'
2017-12-27 11:57:42 [main] DEBUG o.s.b.f.s.DefaultListableBeanFactory - Eagerly caching bean 'defaultServletHandlerMapping' to allow for resolving potential circular references
2017-12-27 11:57:42 [main] DEBUG o.s.b.f.s.DefaultListableBeanFactory - Returning cached instance of singleton bean 'org.springframework.transaction.config.internalTransactionAdvisor'
2017-12-27 11:57:42 [main] DEBUG o.s.b.f.s.DefaultListableBeanFactory - Finished creating instance of bean 'defaultServletHandlerMapping'
2017-12-27 11:57:42 [main] DEBUG o.s.b.f.s.DefaultListableBeanFactory - Creating shared instance of singleton bean 'requestMappingHandlerAdapter'
2017-12-27 11:57:42 [main] DEBUG o.s.b.f.s.DefaultListableBeanFactory - Creating instance of bean 'requestMappingHandlerAdapter'
2017-12-27 11:57:42 [main] DEBUG o.s.b.f.s.DefaultListableBeanFactory - Returning cached instance of singleton bean 'org.springframework.web.servlet.config.annotation.DelegatingWebMvcConfiguration'
2017-12-27 11:57:43 [main] DEBUG o.s.b.f.s.DefaultListableBeanFactory - Returning cached instance of singleton bean 'mvcContentNegotiationManager'
2017-12-27 11:57:43 [main] DEBUG o.s.b.f.s.DefaultListableBeanFactory - Returning cached instance of singleton bean 'mvcConversionService'
2017-12-27 11:57:43 [main] DEBUG o.s.b.f.s.DefaultListableBeanFactory - Creating shared instance of singleton bean 'mvcValidator'
2017-12-27 11:57:43 [main] DEBUG o.s.b.f.s.DefaultListableBeanFactory - Creating instance of bean 'mvcValidator'
2017-12-27 11:57:43 [main] DEBUG o.s.b.f.s.DefaultListableBeanFactory - Returning cached instance of singleton bean 'org.springframework.web.servlet.config.annotation.DelegatingWebMvcConfiguration'
2017-12-27 11:57:43 [main] DEBUG o.s.b.f.s.DefaultListableBeanFactory - Eagerly caching bean 'mvcValidator' to allow for resolving potential circular references
2017-12-27 11:57:43 [main] DEBUG o.s.b.f.s.DefaultListableBeanFactory - Returning cached instance of singleton bean 'org.springframework.transaction.config.internalTransactionAdvisor'
2017-12-27 11:57:43 [main] DEBUG o.s.b.f.s.DefaultListableBeanFactory - Finished creating instance of bean 'mvcValidator'
2017-12-27 11:57:43 [main] DEBUG o.s.b.f.s.DefaultListableBeanFactory - Eagerly caching bean 'requestMappingHandlerAdapter' to allow for resolving potential circular references
2017-12-27 11:57:43 [main] DEBUG o.s.b.f.s.DefaultListableBeanFactory - Invoking afterPropertiesSet() on bean with name 'requestMappingHandlerAdapter'
2017-12-27 11:57:43 [main] INFO  o.s.w.s.m.m.a.RequestMappingHandlerAdapter - Looking for @ControllerAdvice: org.springframework.web.context.support.GenericWebApplicationContext@47542153: startup date [Wed Dec 27 11:57:26 IST 2017]; root of context hierarchy
2017-12-27 11:57:43 [main] DEBUG o.s.b.f.s.DefaultListableBeanFactory - Returning cached instance of singleton bean 'org.springframework.transaction.config.internalTransactionAdvisor'
2017-12-27 11:57:43 [main] DEBUG o.s.b.f.s.DefaultListableBeanFactory - Finished creating instance of bean 'requestMappingHandlerAdapter'
2017-12-27 11:57:43 [main] DEBUG o.s.b.f.s.DefaultListableBeanFactory - Returning cached instance of singleton bean 'mvcConversionService'
2017-12-27 11:57:43 [main] DEBUG o.s.b.f.s.DefaultListableBeanFactory - Returning cached instance of singleton bean 'mvcValidator'
2017-12-27 11:57:43 [main] DEBUG o.s.b.f.s.DefaultListableBeanFactory - Creating shared instance of singleton bean 'mvcUriComponentsContributor'
2017-12-27 11:57:43 [main] DEBUG o.s.b.f.s.DefaultListableBeanFactory - Creating instance of bean 'mvcUriComponentsContributor'
2017-12-27 11:57:43 [main] DEBUG o.s.b.f.s.DefaultListableBeanFactory - Returning cached instance of singleton bean 'org.springframework.web.servlet.config.annotation.DelegatingWebMvcConfiguration'
2017-12-27 11:57:43 [main] DEBUG o.s.b.f.s.DefaultListableBeanFactory - Returning cached instance of singleton bean 'requestMappingHandlerAdapter'
2017-12-27 11:57:43 [main] DEBUG o.s.b.f.s.DefaultListableBeanFactory - Returning cached instance of singleton bean 'mvcConversionService'
2017-12-27 11:57:43 [main] DEBUG o.s.b.f.s.DefaultListableBeanFactory - Eagerly caching bean 'mvcUriComponentsContributor' to allow for resolving potential circular references
2017-12-27 11:57:43 [main] DEBUG o.s.b.f.s.DefaultListableBeanFactory - Returning cached instance of singleton bean 'org.springframework.transaction.config.internalTransactionAdvisor'
2017-12-27 11:57:43 [main] DEBUG o.s.b.f.s.DefaultListableBeanFactory - Finished creating instance of bean 'mvcUriComponentsContributor'
2017-12-27 11:57:43 [main] DEBUG o.s.b.f.s.DefaultListableBeanFactory - Creating shared instance of singleton bean 'httpRequestHandlerAdapter'
2017-12-27 11:57:43 [main] DEBUG o.s.b.f.s.DefaultListableBeanFactory - Creating instance of bean 'httpRequestHandlerAdapter'
2017-12-27 11:57:43 [main] DEBUG o.s.b.f.s.DefaultListableBeanFactory - Returning cached instance of singleton bean 'org.springframework.web.servlet.config.annotation.DelegatingWebMvcConfiguration'
2017-12-27 11:57:43 [main] DEBUG o.s.b.f.s.DefaultListableBeanFactory - Eagerly caching bean 'httpRequestHandlerAdapter' to allow for resolving potential circular references
2017-12-27 11:57:43 [main] DEBUG o.s.b.f.s.DefaultListableBeanFactory - Returning cached instance of singleton bean 'org.springframework.transaction.config.internalTransactionAdvisor'
2017-12-27 11:57:43 [main] DEBUG o.s.b.f.s.DefaultListableBeanFactory - Finished creating instance of bean 'httpRequestHandlerAdapter'
2017-12-27 11:57:43 [main] DEBUG o.s.b.f.s.DefaultListableBeanFactory - Creating shared instance of singleton bean 'simpleControllerHandlerAdapter'
2017-12-27 11:57:43 [main] DEBUG o.s.b.f.s.DefaultListableBeanFactory - Creating instance of bean 'simpleControllerHandlerAdapter'
2017-12-27 11:57:43 [main] DEBUG o.s.b.f.s.DefaultListableBeanFactory - Returning cached instance of singleton bean 'org.springframework.web.servlet.config.annotation.DelegatingWebMvcConfiguration'
2017-12-27 11:57:43 [main] DEBUG o.s.b.f.s.DefaultListableBeanFactory - Eagerly caching bean 'simpleControllerHandlerAdapter' to allow for resolving potential circular references
2017-12-27 11:57:43 [main] DEBUG o.s.b.f.s.DefaultListableBeanFactory - Returning cached instance of singleton bean 'org.springframework.transaction.config.internalTransactionAdvisor'
2017-12-27 11:57:43 [main] DEBUG o.s.b.f.s.DefaultListableBeanFactory - Finished creating instance of bean 'simpleControllerHandlerAdapter'
2017-12-27 11:57:43 [main] DEBUG o.s.b.f.s.DefaultListableBeanFactory - Creating shared instance of singleton bean 'handlerExceptionResolver'
2017-12-27 11:57:43 [main] DEBUG o.s.b.f.s.DefaultListableBeanFactory - Creating instance of bean 'handlerExceptionResolver'
2017-12-27 11:57:43 [main] DEBUG o.s.b.f.s.DefaultListableBeanFactory - Returning cached instance of singleton bean 'org.springframework.web.servlet.config.annotation.DelegatingWebMvcConfiguration'
2017-12-27 11:57:43 [main] DEBUG o.s.b.f.s.DefaultListableBeanFactory - Returning cached instance of singleton bean 'mvcContentNegotiationManager'
2017-12-27 11:57:43 [main] DEBUG o.s.w.s.m.m.a.ExceptionHandlerExceptionResolver - Looking for exception mappings: org.springframework.web.context.support.GenericWebApplicationContext@47542153: startup date [Wed Dec 27 11:57:26 IST 2017]; root of context hierarchy
2017-12-27 11:57:43 [main] DEBUG o.s.b.f.s.DefaultListableBeanFactory - Eagerly caching bean 'handlerExceptionResolver' to allow for resolving potential circular references
2017-12-27 11:57:43 [main] DEBUG o.s.b.f.s.DefaultListableBeanFactory - Returning cached instance of singleton bean 'org.springframework.transaction.config.internalTransactionAdvisor'
