2017-12-27 19:06:47 [main] DEBUG o.s.b.f.s.DefaultListableBeanFactory - Returning cached instance of singleton bean 'org.springframework.transaction.config.internalTransactionAdvisor'
2017-12-27 19:06:47 [main] DEBUG o.s.b.f.annotation.InjectionMetadata - Registered injected element on class [com.stackroute.activitystream.controller.MessageController]: AutowiredFieldElement for private com.stackroute.activitystream.dao.MessageDAO com.stackroute.activitystream.controller.MessageController.messageDAO
2017-12-27 19:06:47 [main] DEBUG o.s.b.f.s.DefaultListableBeanFactory - Eagerly caching bean 'messageController' to allow for resolving potential circular references
2017-12-27 19:06:47 [main] DEBUG o.s.b.f.annotation.InjectionMetadata - Processing injected element of bean 'messageController': AutowiredFieldElement for private com.stackroute.activitystream.dao.MessageDAO com.stackroute.activitystream.controller.MessageController.messageDAO
2017-12-27 19:06:47 [main] DEBUG o.s.core.annotation.AnnotationUtils - Failed to meta-introspect annotation [interface org.springframework.beans.factory.annotation.Autowired]: java.lang.IllegalArgumentException: Annotation must not be null
2017-12-27 19:06:47 [main] DEBUG o.s.core.annotation.AnnotationUtils - Failed to meta-introspect annotation [interface org.springframework.beans.factory.annotation.Qualifier]: java.lang.IllegalArgumentException: Annotation must not be null
2017-12-27 19:06:47 [main] DEBUG o.s.b.f.s.DefaultListableBeanFactory - Creating shared instance of singleton bean 'messageDAO'
2017-12-27 19:06:47 [main] DEBUG o.s.b.f.s.DefaultListableBeanFactory - Creating instance of bean 'messageDAO'
2017-12-27 19:06:47 [main] DEBUG o.s.b.f.s.DefaultListableBeanFactory - Returning cached instance of singleton bean 'org.springframework.transaction.config.internalTransactionAdvisor'
2017-12-27 19:06:47 [main] DEBUG o.s.b.f.s.DefaultListableBeanFactory - Returning cached instance of singleton bean 'applicationContextConfig'
2017-12-27 19:06:47 [main] DEBUG o.s.b.f.s.DefaultListableBeanFactory - Returning cached instance of singleton bean 'sessionFactory'
2017-12-27 19:06:47 [main] DEBUG o.s.b.f.s.DefaultListableBeanFactory - Autowiring by type from bean name 'messageDAO' via factory method to bean named 'sessionFactory'
2017-12-27 19:06:47 [main] DEBUG o.s.b.f.annotation.InjectionMetadata - Registered injected element on class [com.stackroute.activitystream.daoimpl.MessageDAOImpl]: AutowiredFieldElement for private org.hibernate.SessionFactory com.stackroute.activitystream.daoimpl.MessageDAOImpl.sessionFactory
2017-12-27 19:06:47 [main] DEBUG o.s.b.f.annotation.InjectionMetadata - Registered injected element on class [com.stackroute.activitystream.daoimpl.MessageDAOImpl]: AutowiredFieldElement for private com.stackroute.activitystream.dao.CircleDAO com.stackroute.activitystream.daoimpl.MessageDAOImpl.circleDAO
2017-12-27 19:06:47 [main] DEBUG o.s.b.f.annotation.InjectionMetadata - Registered injected element on class [com.stackroute.activitystream.daoimpl.MessageDAOImpl]: AutowiredFieldElement for private com.stackroute.activitystream.dao.UserDAO com.stackroute.activitystream.daoimpl.MessageDAOImpl.userDAO
2017-12-27 19:06:47 [main] DEBUG o.s.b.f.annotation.InjectionMetadata - Registered injected element on class [com.stackroute.activitystream.daoimpl.MessageDAOImpl]: AutowiredFieldElement for private com.stackroute.activitystream.dao.UserCircleDAO com.stackroute.activitystream.daoimpl.MessageDAOImpl.userCircleDAO
2017-12-27 19:06:47 [main] DEBUG o.s.b.f.s.DefaultListableBeanFactory - Eagerly caching bean 'messageDAO' to allow for resolving potential circular references
2017-12-27 19:06:47 [main] DEBUG o.s.b.f.annotation.InjectionMetadata - Processing injected element of bean 'messageDAO': AutowiredFieldElement for private org.hibernate.SessionFactory com.stackroute.activitystream.daoimpl.MessageDAOImpl.sessionFactory
2017-12-27 19:06:47 [main] DEBUG o.s.core.annotation.AnnotationUtils - Failed to meta-introspect annotation [interface org.springframework.beans.factory.annotation.Autowired]: java.lang.IllegalArgumentException: Annotation must not be null
2017-12-27 19:06:47 [main] DEBUG o.s.b.f.s.DefaultListableBeanFactory - Returning cached instance of singleton bean 'sessionFactory'
2017-12-27 19:06:47 [main] DEBUG o.s.b.f.a.AutowiredAnnotationBeanPostProcessor - Autowiring by type from bean name 'messageDAO' to bean named 'sessionFactory'
2017-12-27 19:06:47 [main] DEBUG o.s.b.f.annotation.InjectionMetadata - Processing injected element of bean 'messageDAO': AutowiredFieldElement for private com.stackroute.activitystream.dao.CircleDAO com.stackroute.activitystream.daoimpl.MessageDAOImpl.circleDAO
2017-12-27 19:06:47 [main] DEBUG o.s.core.annotation.AnnotationUtils - Failed to meta-introspect annotation [interface org.springframework.beans.factory.annotation.Autowired]: java.lang.IllegalArgumentException: Annotation must not be null
2017-12-27 19:06:47 [main] DEBUG o.s.b.f.s.DefaultListableBeanFactory - Returning cached instance of singleton bean 'circleDAO'
2017-12-27 19:06:47 [main] DEBUG o.s.b.f.a.AutowiredAnnotationBeanPostProcessor - Autowiring by type from bean name 'messageDAO' to bean named 'circleDAO'
2017-12-27 19:06:47 [main] DEBUG o.s.b.f.annotation.InjectionMetadata - Processing injected element of bean 'messageDAO': AutowiredFieldElement for private com.stackroute.activitystream.dao.UserDAO com.stackroute.activitystream.daoimpl.MessageDAOImpl.userDAO
2017-12-27 19:06:47 [main] DEBUG o.s.core.annotation.AnnotationUtils - Failed to meta-introspect annotation [interface org.springframework.beans.factory.annotation.Autowired]: java.lang.IllegalArgumentException: Annotation must not be null
2017-12-27 19:06:47 [main] DEBUG o.s.b.f.s.DefaultListableBeanFactory - Returning cached instance of singleton bean 'userDAO'
2017-12-27 19:06:47 [main] DEBUG o.s.b.f.a.AutowiredAnnotationBeanPostProcessor - Autowiring by type from bean name 'messageDAO' to bean named 'userDAO'
2017-12-27 19:06:47 [main] DEBUG o.s.b.f.annotation.InjectionMetadata - Processing injected element of bean 'messageDAO': AutowiredFieldElement for private com.stackroute.activitystream.dao.UserCircleDAO com.stackroute.activitystream.daoimpl.MessageDAOImpl.userCircleDAO
2017-12-27 19:06:47 [main] DEBUG o.s.core.annotation.AnnotationUtils - Failed to meta-introspect annotation [interface org.springframework.beans.factory.annotation.Autowired]: java.lang.IllegalArgumentException: Annotation must not be null
2017-12-27 19:06:47 [main] DEBUG o.s.b.f.s.DefaultListableBeanFactory - Creating shared instance of singleton bean 'userCircleDAO'
2017-12-27 19:06:47 [main] DEBUG o.s.b.f.s.DefaultListableBeanFactory - Creating instance of bean 'userCircleDAO'
2017-12-27 19:06:47 [main] DEBUG o.s.b.f.s.DefaultListableBeanFactory - Returning cached instance of singleton bean 'org.springframework.transaction.config.internalTransactionAdvisor'
2017-12-27 19:06:47 [main] DEBUG o.s.b.f.s.DefaultListableBeanFactory - Returning cached instance of singleton bean 'applicationContextConfig'
2017-12-27 19:06:47 [main] DEBUG o.s.b.f.s.DefaultListableBeanFactory - Returning cached instance of singleton bean 'sessionFactory'
2017-12-27 19:06:47 [main] DEBUG o.s.b.f.s.DefaultListableBeanFactory - Autowiring by type from bean name 'userCircleDAO' via factory method to bean named 'sessionFactory'
2017-12-27 19:06:47 [main] DEBUG o.s.b.f.annotation.InjectionMetadata - Registered injected element on class [com.stackroute.activitystream.daoimpl.UserCircleDAOImpl]: AutowiredFieldElement for private org.hibernate.SessionFactory com.stackroute.activitystream.daoimpl.UserCircleDAOImpl.sessionFactory
2017-12-27 19:06:47 [main] DEBUG o.s.b.f.annotation.InjectionMetadata - Registered injected element on class [com.stackroute.activitystream.daoimpl.UserCircleDAOImpl]: AutowiredFieldElement for private com.stackroute.activitystream.dao.CircleDAO com.stackroute.activitystream.daoimpl.UserCircleDAOImpl.circleDAO
2017-12-27 19:06:47 [main] DEBUG o.s.b.f.annotation.InjectionMetadata - Registered injected element on class [com.stackroute.activitystream.daoimpl.UserCircleDAOImpl]: AutowiredFieldElement for private com.stackroute.activitystream.dao.UserDAO com.stackroute.activitystream.daoimpl.UserCircleDAOImpl.userDAO
2017-12-27 19:06:47 [main] DEBUG o.s.b.f.s.DefaultListableBeanFactory - Eagerly caching bean 'userCircleDAO' to allow for resolving potential circular references
2017-12-27 19:06:47 [main] DEBUG o.s.b.f.annotation.InjectionMetadata - Processing injected element of bean 'userCircleDAO': AutowiredFieldElement for private org.hibernate.SessionFactory com.stackroute.activitystream.daoimpl.UserCircleDAOImpl.sessionFactory
2017-12-27 19:06:47 [main] DEBUG o.s.core.annotation.AnnotationUtils - Failed to meta-introspect annotation [interface org.springframework.beans.factory.annotation.Autowired]: java.lang.IllegalArgumentException: Annotation must not be null
2017-12-27 19:06:47 [main] DEBUG o.s.b.f.s.DefaultListableBeanFactory - Returning cached instance of singleton bean 'sessionFactory'
2017-12-27 19:06:47 [main] DEBUG o.s.b.f.a.AutowiredAnnotationBeanPostProcessor - Autowiring by type from bean name 'userCircleDAO' to bean named 'sessionFactory'
2017-12-27 19:06:47 [main] DEBUG o.s.b.f.annotation.InjectionMetadata - Processing injected element of bean 'userCircleDAO': AutowiredFieldElement for private com.stackroute.activitystream.dao.CircleDAO com.stackroute.activitystream.daoimpl.UserCircleDAOImpl.circleDAO
2017-12-27 19:06:47 [main] DEBUG o.s.core.annotation.AnnotationUtils - Failed to meta-introspect annotation [interface org.springframework.beans.factory.annotation.Autowired]: java.lang.IllegalArgumentException: Annotation must not be null
2017-12-27 19:06:47 [main] DEBUG o.s.b.f.s.DefaultListableBeanFactory - Returning cached instance of singleton bean 'circleDAO'
2017-12-27 19:06:47 [main] DEBUG o.s.b.f.a.AutowiredAnnotationBeanPostProcessor - Autowiring by type from bean name 'userCircleDAO' to bean named 'circleDAO'
2017-12-27 19:06:47 [main] DEBUG o.s.b.f.annotation.InjectionMetadata - Processing injected element of bean 'userCircleDAO': AutowiredFieldElement for private com.stackroute.activitystream.dao.UserDAO com.stackroute.activitystream.daoimpl.UserCircleDAOImpl.userDAO
2017-12-27 19:06:47 [main] DEBUG o.s.core.annotation.AnnotationUtils - Failed to meta-introspect annotation [interface org.springframework.beans.factory.annotation.Autowired]: java.lang.IllegalArgumentException: Annotation must not be null
2017-12-27 19:06:47 [main] DEBUG o.s.b.f.s.DefaultListableBeanFactory - Returning cached instance of singleton bean 'userDAO'
2017-12-27 19:06:47 [main] DEBUG o.s.b.f.a.AutowiredAnnotationBeanPostProcessor - Autowiring by type from bean name 'userCircleDAO' to bean named 'userDAO'
2017-12-27 19:06:47 [main] DEBUG o.s.b.f.s.DefaultListableBeanFactory - Returning cached instance of singleton bean 'org.springframework.transaction.config.internalTransactionAdvisor'
2017-12-27 19:06:47 [main] DEBUG o.s.b.f.s.DefaultListableBeanFactory - Returning cached instance of singleton bean 'org.springframework.transaction.config.internalTransactionAdvisor'
2017-12-27 19:06:47 [main] DEBUG o.s.t.a.AnnotationTransactionAttributeSource - Adding transactional method 'com.stackroute.activitystream.daoimpl.UserCircleDAOImpl.get' with attribute: PROPAGATION_REQUIRED,ISOLATION_DEFAULT
2017-12-27 19:06:47 [main] DEBUG o.s.a.a.a.AnnotationAwareAspectJAutoProxyCreator - Creating implicit proxy for bean 'userCircleDAO' with 0 common interceptors and 4 specific interceptors
2017-12-27 19:06:47 [main] DEBUG o.s.aop.framework.CglibAopProxy - Creating CGLIB proxy: target source is SingletonTargetSource for target object [com.stackroute.activitystream.daoimpl.UserCircleDAOImpl@764cba]
2017-12-27 19:06:47 [main] DEBUG o.s.t.a.AnnotationTransactionAttributeSource - Adding transactional method 'com.stackroute.activitystream.daoimpl.UserCircleDAOImpl.get' with attribute: PROPAGATION_REQUIRED,ISOLATION_DEFAULT
2017-12-27 19:06:47 [main] DEBUG o.s.aop.framework.CglibAopProxy - Unable to apply any optimizations to advised method: public com.stackroute.activitystream.model.UserCircle com.stackroute.activitystream.daoimpl.UserCircleDAOImpl.get(java.lang.String,java.lang.String)
2017-12-27 19:06:47 [main] DEBUG o.s.t.a.AnnotationTransactionAttributeSource - Adding transactional method 'com.stackroute.activitystream.daoimpl.UserCircleDAOImpl.removeUser' with attribute: PROPAGATION_REQUIRED,ISOLATION_DEFAULT
2017-12-27 19:06:47 [main] DEBUG o.s.aop.framework.CglibAopProxy - Unable to apply any optimizations to advised method: public boolean com.stackroute.activitystream.daoimpl.UserCircleDAOImpl.removeUser(java.lang.String,java.lang.String)
2017-12-27 19:06:47 [main] DEBUG o.s.t.a.AnnotationTransactionAttributeSource - Adding transactional method 'com.stackroute.activitystream.daoimpl.UserCircleDAOImpl.addUser' with attribute: PROPAGATION_REQUIRED,ISOLATION_DEFAULT
2017-12-27 19:06:47 [main] DEBUG o.s.aop.framework.CglibAopProxy - Unable to apply any optimizations to advised method: public boolean com.stackroute.activitystream.daoimpl.UserCircleDAOImpl.addUser(java.lang.String,java.lang.String)
