2018-01-07 18:08:48 [main] DEBUG o.s.b.f.s.DefaultListableBeanFactory - Creating shared instance of singleton bean 'loggingAspect'
2018-01-07 18:08:48 [main] DEBUG o.s.b.f.s.DefaultListableBeanFactory - Creating instance of bean 'loggingAspect'
2018-01-07 18:08:48 [main] DEBUG o.s.b.f.s.DefaultListableBeanFactory - Returning cached instance of singleton bean 'applicationContextConfig'
2018-01-07 18:08:48 [main] DEBUG o.s.b.f.s.DefaultListableBeanFactory - Eagerly caching bean 'loggingAspect' to allow for resolving potential circular references
2018-01-07 18:08:48 [main] DEBUG o.s.b.f.s.DefaultListableBeanFactory - Finished creating instance of bean 'loggingAspect'
2018-01-07 18:08:48 [main] DEBUG o.s.b.f.s.DefaultListableBeanFactory - Creating shared instance of singleton bean 'circleController'
2018-01-07 18:08:48 [main] DEBUG o.s.b.f.s.DefaultListableBeanFactory - Creating instance of bean 'circleController'
2018-01-07 18:08:48 [main] DEBUG o.s.b.f.s.DefaultListableBeanFactory - Returning cached instance of singleton bean 'org.springframework.transaction.config.internalTransactionAdvisor'
2018-01-07 18:08:48 [main] DEBUG o.s.b.f.annotation.InjectionMetadata - Registered injected element on class [com.stackroute.activitystream.controller.CircleController]: AutowiredFieldElement for private com.stackroute.activitystream.dao.CircleDAO com.stackroute.activitystream.controller.CircleController.circleDAO
2018-01-07 18:08:48 [main] DEBUG o.s.b.f.s.DefaultListableBeanFactory - Eagerly caching bean 'circleController' to allow for resolving potential circular references
2018-01-07 18:08:48 [main] DEBUG o.s.b.f.annotation.InjectionMetadata - Processing injected element of bean 'circleController': AutowiredFieldElement for private com.stackroute.activitystream.dao.CircleDAO com.stackroute.activitystream.controller.CircleController.circleDAO
2018-01-07 18:08:48 [main] DEBUG o.s.core.annotation.AnnotationUtils - Failed to meta-introspect annotation [interface org.springframework.beans.factory.annotation.Autowired]: java.lang.IllegalArgumentException: Annotation must not be null
2018-01-07 18:08:48 [main] DEBUG o.s.core.annotation.AnnotationUtils - Failed to meta-introspect annotation [interface org.springframework.beans.factory.annotation.Qualifier]: java.lang.IllegalArgumentException: Annotation must not be null
2018-01-07 18:08:48 [main] DEBUG o.s.b.f.s.DefaultListableBeanFactory - Creating shared instance of singleton bean 'circleDAO'
2018-01-07 18:08:48 [main] DEBUG o.s.b.f.s.DefaultListableBeanFactory - Creating instance of bean 'circleDAO'
2018-01-07 18:08:48 [main] DEBUG o.s.b.f.s.DefaultListableBeanFactory - Returning cached instance of singleton bean 'org.springframework.transaction.config.internalTransactionAdvisor'
2018-01-07 18:08:48 [main] DEBUG o.s.b.f.s.DefaultListableBeanFactory - Returning cached instance of singleton bean 'applicationContextConfig'
2018-01-07 18:08:48 [main] DEBUG o.s.b.f.s.DefaultListableBeanFactory - Creating shared instance of singleton bean 'sessionFactory'
2018-01-07 18:08:48 [main] DEBUG o.s.b.f.s.DefaultListableBeanFactory - Creating instance of bean 'sessionFactory'
2018-01-07 18:08:48 [main] DEBUG o.s.b.f.s.DefaultListableBeanFactory - Returning cached instance of singleton bean 'org.springframework.transaction.config.internalTransactionAdvisor'
2018-01-07 18:08:48 [main] DEBUG o.s.b.f.s.DefaultListableBeanFactory - Returning cached instance of singleton bean 'applicationContextConfig'
2018-01-07 18:08:48 [main] DEBUG o.s.b.f.s.DefaultListableBeanFactory - Creating shared instance of singleton bean 'dataSource'
2018-01-07 18:08:48 [main] DEBUG o.s.b.f.s.DefaultListableBeanFactory - Creating instance of bean 'dataSource'
2018-01-07 18:08:48 [main] DEBUG o.s.b.f.s.DefaultListableBeanFactory - Returning cached instance of singleton bean 'org.springframework.transaction.config.internalTransactionAdvisor'
2018-01-07 18:08:48 [main] DEBUG o.s.b.f.s.DefaultListableBeanFactory - Returning cached instance of singleton bean 'applicationContextConfig'
2018-01-07 18:08:48 [main] DEBUG o.s.b.f.s.DefaultListableBeanFactory - Eagerly caching bean 'dataSource' to allow for resolving potential circular references
2018-01-07 18:08:48 [main] DEBUG o.s.b.f.s.DefaultListableBeanFactory - Returning cached instance of singleton bean 'org.springframework.transaction.config.internalTransactionAdvisor'
2018-01-07 18:08:48 [main] DEBUG o.s.b.f.s.DefaultListableBeanFactory - Returning cached instance of singleton bean 'org.springframework.transaction.config.internalTransactionAdvisor'
2018-01-07 18:08:48 [main] DEBUG o.s.b.f.s.DefaultListableBeanFactory - Finished creating instance of bean 'dataSource'
2018-01-07 18:08:48 [main] DEBUG o.s.b.f.s.DefaultListableBeanFactory - Autowiring by type from bean name 'sessionFactory' via factory method to bean named 'dataSource'
2018-01-07 18:09:58 [main] DEBUG o.s.b.f.s.DefaultListableBeanFactory - Eagerly caching bean 'sessionFactory' to allow for resolving potential circular references
2018-01-07 18:09:58 [main] DEBUG o.s.b.f.s.DefaultListableBeanFactory - Returning cached instance of singleton bean 'org.springframework.transaction.config.internalTransactionAdvisor'
2018-01-07 18:09:58 [main] DEBUG o.s.b.f.s.DefaultListableBeanFactory - Returning cached instance of singleton bean 'org.springframework.transaction.config.internalTransactionAdvisor'
2018-01-07 18:09:58 [main] DEBUG o.s.b.f.s.DefaultListableBeanFactory - Finished creating instance of bean 'sessionFactory'
2018-01-07 18:09:58 [main] DEBUG o.s.b.f.s.DefaultListableBeanFactory - Autowiring by type from bean name 'circleDAO' via factory method to bean named 'sessionFactory'
2018-01-07 18:09:58 [main] DEBUG o.s.b.f.annotation.InjectionMetadata - Registered injected element on class [com.stackroute.activitystream.daoimpl.CircleDAOImpl]: AutowiredFieldElement for private org.hibernate.SessionFactory com.stackroute.activitystream.daoimpl.CircleDAOImpl.sessionFactory
2018-01-07 18:09:58 [main] DEBUG o.s.b.f.annotation.InjectionMetadata - Registered injected element on class [com.stackroute.activitystream.daoimpl.CircleDAOImpl]: AutowiredFieldElement for private com.stackroute.activitystream.dao.UserDAO com.stackroute.activitystream.daoimpl.CircleDAOImpl.userDAO
2018-01-07 18:09:58 [main] DEBUG o.s.b.f.annotation.InjectionMetadata - Registered injected element on class [com.stackroute.activitystream.daoimpl.CircleDAOImpl]: AutowiredFieldElement for private com.stackroute.activitystream.dao.CircleDAO com.stackroute.activitystream.daoimpl.CircleDAOImpl.circleDAO
2018-01-07 18:09:58 [main] DEBUG o.s.b.f.s.DefaultListableBeanFactory - Eagerly caching bean 'circleDAO' to allow for resolving potential circular references
2018-01-07 18:09:58 [main] DEBUG o.s.b.f.annotation.InjectionMetadata - Processing injected element of bean 'circleDAO': AutowiredFieldElement for private org.hibernate.SessionFactory com.stackroute.activitystream.daoimpl.CircleDAOImpl.sessionFactory
2018-01-07 18:09:58 [main] DEBUG o.s.core.annotation.AnnotationUtils - Failed to meta-introspect annotation [interface org.springframework.beans.factory.annotation.Autowired]: java.lang.IllegalArgumentException: Annotation must not be null
2018-01-07 18:09:58 [main] DEBUG o.s.b.f.s.DefaultListableBeanFactory - Returning cached instance of singleton bean 'sessionFactory'
2018-01-07 18:09:58 [main] DEBUG o.s.b.f.a.AutowiredAnnotationBeanPostProcessor - Autowiring by type from bean name 'circleDAO' to bean named 'sessionFactory'
2018-01-07 18:09:58 [main] DEBUG o.s.b.f.annotation.InjectionMetadata - Processing injected element of bean 'circleDAO': AutowiredFieldElement for private com.stackroute.activitystream.dao.UserDAO com.stackroute.activitystream.daoimpl.CircleDAOImpl.userDAO
2018-01-07 18:09:58 [main] DEBUG o.s.core.annotation.AnnotationUtils - Failed to meta-introspect annotation [interface org.springframework.beans.factory.annotation.Autowired]: java.lang.IllegalArgumentException: Annotation must not be null
2018-01-07 18:09:58 [main] DEBUG o.s.b.f.s.DefaultListableBeanFactory - Creating shared instance of singleton bean 'userDAO'
2018-01-07 18:09:58 [main] DEBUG o.s.b.f.s.DefaultListableBeanFactory - Creating instance of bean 'userDAO'
2018-01-07 18:09:58 [main] DEBUG o.s.b.f.s.DefaultListableBeanFactory - Returning cached instance of singleton bean 'org.springframework.transaction.config.internalTransactionAdvisor'
2018-01-07 18:09:58 [main] DEBUG o.s.b.f.s.DefaultListableBeanFactory - Returning cached instance of singleton bean 'applicationContextConfig'
2018-01-07 18:09:58 [main] DEBUG o.s.b.f.s.DefaultListableBeanFactory - Returning cached instance of singleton bean 'sessionFactory'
2018-01-07 18:09:58 [main] DEBUG o.s.b.f.s.DefaultListableBeanFactory - Autowiring by type from bean name 'userDAO' via factory method to bean named 'sessionFactory'
2018-01-07 18:09:58 [main] DEBUG o.s.b.f.annotation.InjectionMetadata - Registered injected element on class [com.stackroute.activitystream.daoimpl.UserDAOImpl]: AutowiredFieldElement for private org.hibernate.SessionFactory com.stackroute.activitystream.daoimpl.UserDAOImpl.sessionFactory
2018-01-07 18:09:58 [main] DEBUG o.s.b.f.s.DefaultListableBeanFactory - Eagerly caching bean 'userDAO' to allow for resolving potential circular references
2018-01-07 18:09:58 [main] DEBUG o.s.b.f.annotation.InjectionMetadata - Processing injected element of bean 'userDAO': AutowiredFieldElement for private org.hibernate.SessionFactory com.stackroute.activitystream.daoimpl.UserDAOImpl.sessionFactory
2018-01-07 18:09:58 [main] DEBUG o.s.core.annotation.AnnotationUtils - Failed to meta-introspect annotation [interface org.springframework.beans.factory.annotation.Autowired]: java.lang.IllegalArgumentException: Annotation must not be null
2018-01-07 18:09:58 [main] DEBUG o.s.b.f.s.DefaultListableBeanFactory - Returning cached instance of singleton bean 'sessionFactory'
2018-01-07 18:09:58 [main] DEBUG o.s.b.f.a.AutowiredAnnotationBeanPostProcessor - Autowiring by type from bean name 'userDAO' to bean named 'sessionFactory'
2018-01-07 18:09:58 [main] DEBUG o.s.b.f.s.DefaultListableBeanFactory - Returning cached instance of singleton bean 'org.springframework.transaction.config.internalTransactionAdvisor'
2018-01-07 18:09:58 [main] DEBUG o.s.b.f.s.DefaultListableBeanFactory - Returning cached instance of singleton bean 'org.springframework.transaction.config.internalTransactionAdvisor'
2018-01-07 18:09:58 [main] DEBUG o.s.t.a.AnnotationTransactionAttributeSource - Adding transactional method 'com.stackroute.activitystream.daoimpl.UserDAOImpl.get' with attribute: PROPAGATION_REQUIRED,ISOLATION_DEFAULT
2018-01-07 18:09:58 [main] DEBUG o.s.a.a.a.AnnotationAwareAspectJAutoProxyCreator - Creating implicit proxy for bean 'userDAO' with 0 common interceptors and 12 specific interceptors
2018-01-07 18:09:58 [main] DEBUG o.s.aop.framework.CglibAopProxy - Creating CGLIB proxy: target source is SingletonTargetSource for target object [com.stackroute.activitystream.daoimpl.UserDAOImpl@3964d79]
2018-01-07 18:09:58 [main] DEBUG o.s.t.a.AnnotationTransactionAttributeSource - Adding transactional method 'com.stackroute.activitystream.daoimpl.UserDAOImpl.get' with attribute: PROPAGATION_REQUIRED,ISOLATION_DEFAULT
2018-01-07 18:09:58 [main] DEBUG o.s.aop.framework.CglibAopProxy - Unable to apply any optimizations to advised method: public com.stackroute.activitystream.model.User com.stackroute.activitystream.daoimpl.UserDAOImpl.get(java.lang.String)
